1   1.43161   0
2   1.43162   1.70227e-05
3   1.43163   1.35004e-05
4   1.4316   3.48255e-05
5   1.4316   2.71071e-05
6   1.43162   2.63621e-05
7   1.43162   2.34785e-05
8   1.43163   2.24166e-05
9   1.43163   2.14461e-05
10   1.43162   1.92902e-05
11   1.43163   1.78311e-05
12   1.43163   1.66867e-05
13   1.43164   2.04138e-05
14   1.43166   2.33603e-05
15   1.43166   2.1999e-05
16   1.43167   2.16793e-05
17   1.43168   2.17267e-05
18   1.43168   2.08155e-05
19   1.43168   1.99129e-05
20   1.43168   1.89196e-05
21   1.43169   2.04955e-05
22   1.4317   1.98501e-05
23   1.4317   1.89766e-05
24   1.43169   1.82679e-05
25   1.43169   1.75396e-05
26   1.4317   1.69725e-05
27   1.4317   1.6391e-05
28   1.43169   1.67811e-05
29   1.43168   1.71686e-05
30   1.43168   1.83959e-05
31   1.43167   1.83307e-05
32   1.43167   1.79324e-05
33   1.43167   1.73878e-05
34   1.43167   1.69274e-05
35   1.43167   1.66299e-05
36   1.43167   1.61856e-05
37   1.43167   1.5745e-05
38   1.43167   1.53711e-05
39   1.43167   1.49795e-05
40   1.43167   1.46062e-05
41   1.43167   1.42817e-05
42   1.43167   1.40555e-05
43   1.43167   1.37415e-05
44   1.43167   1.34326e-05
45   1.43167   1.31368e-05
46   1.43168   1.32364e-05
47   1.43168   1.32784e-05
48   1.43168   1.34439e-05
49   1.43168   1.32145e-05
50   1.43168   1.29736e-05
51   1.43169   1.29815e-05
52   1.43169   1.28102e-05
53   1.43169   1.26123e-05
54   1.43169   1.24287e-05
55   1.43169   1.23022e-05
56   1.43169   1.21421e-05
57   1.43169   1.21304e-05
58   1.43169   1.19194e-05
59   1.43169   1.17157e-05
60   1.43169   1.15343e-05
61   1.43169   1.13486e-05
62   1.43169   1.11724e-05
63   1.43169   1.11084e-05
64   1.43169   1.09425e-05
