1   1.17478   0
2   1.18784   0.0130577
3   1.20127   0.0154045
4   1.21053   0.0142976
5   1.22268   0.0164342
6   1.22676   0.0140259
7   1.23157   0.0127928
8   1.23017   0.0111674
9   1.22962   0.00986383
10   1.23154   0.00902869
11   1.23151   0.00816682
12   1.22813   0.00818229
13   1.22694   0.00762057
14   1.22452   0.00745998
15   1.22231   0.00728581
16   1.21786   0.0081391
17   1.21584   0.00790849
18   1.21308   0.00795208
19   1.21214   0.00758016
20   1.21229   0.00719277
21   1.21256   0.00684715
22   1.21208   0.00654672
23   1.21039   0.00647833
24   1.21088   0.00622178
25   1.21123   0.0059781
26   1.21054   0.0057855
27   1.21037   0.00556959
28   1.21081   0.00538505
29   1.21225   0.0053904
30   1.21403   0.00550473
31   1.21621   0.00575256
32   1.21671   0.00559246
33   1.21735   0.00545818
34   1.21787   0.00532088
35   1.21879   0.00524718
36   1.21955   0.00515579
37   1.2204   0.00508522
38   1.22013   0.00495687
39   1.22084   0.0048807
40   1.22202   0.00490014
41   1.22297   0.00487345
42   1.22359   0.00479563
43   1.22447   0.00476461
44   1.22557   0.00478494
45   1.22667   0.00480505
46   1.22639   0.00470801
47   1.22573   0.00465314
48   1.22549   0.00456173
49   1.22494   0.00450099
50   1.22435   0.00445004
51   1.22355   0.00443507
52   1.22264   0.00444176
53   1.22276   0.00435884
54   1.22263   0.00427934
55   1.22278   0.00420333
56   1.2233   0.00415997
57   1.22362   0.00409942
58   1.22393   0.00403967
59   1.22384   0.00397175
60   1.22372   0.00390675
61   1.22385   0.00384452
62   1.22368   0.00378592
63   1.2236   0.00372615
64   1.22353   0.00366827
