1   1.76217   0
2   1.78176   0.0195866
3   1.80191   0.0231067
4   1.8158   0.0214463
5   1.83401   0.0246513
6   1.84014   0.0210389
7   1.84735   0.0191893
8   1.84525   0.0167511
9   1.84443   0.0147957
10   1.84731   0.013543
11   1.84726   0.0122502
12   1.8422   0.0122734
13   1.84041   0.0114309
14   1.83678   0.01119
15   1.83347   0.0109287
16   1.8268   0.0122087
17   1.82376   0.0118627
18   1.81962   0.0119281
19   1.81821   0.0113702
20   1.81844   0.0107892
21   1.81885   0.0102707
22   1.81811   0.00982008
23   1.81559   0.00971749
24   1.81632   0.00933267
25   1.81685   0.00896716
26   1.81581   0.00867825
27   1.81556   0.00835439
28   1.81622   0.00807758
29   1.81837   0.00808559
30   1.82105   0.00825709
31   1.82431   0.00862884
32   1.82507   0.00838869
33   1.82603   0.00818727
34   1.82681   0.00798132
35   1.82819   0.00787077
36   1.82933   0.00773369
37   1.8306   0.00762784
38   1.83019   0.00743531
39   1.83126   0.00732105
40   1.83303   0.00735021
41   1.83446   0.00731018
42   1.83538   0.00719344
43   1.8367   0.00714692
44   1.83836   0.00717741
45   1.84001   0.00720757
46   1.83958   0.00706202
47   1.8386   0.00697971
48   1.83823   0.0068426
49   1.83741   0.00675149
50   1.83652   0.00667506
51   1.83532   0.00665261
52   1.83396   0.00666265
53   1.83415   0.00653827
54   1.83395   0.00641901
55   1.83417   0.00630499
56   1.83495   0.00623995
57   1.83544   0.00614913
58   1.83589   0.00605951
59   1.83575   0.00595762
60   1.83558   0.00586012
61   1.83578   0.00576677
62   1.83552   0.00567887
63   1.8354   0.00558923
64   1.83529   0.00550241
