64   0   0.064633   0   0
64   0.064633   0.129266   0   0
64   0.129266   0.193899   0   0
64   0.193899   0.258532   0   0
64   0.258532   0.323165   0   0
64   0.323165   0.387798   0   0
64   0.387798   0.452431   0   0
64   0.452431   0.517064   0   0
64   0.517064   0.581697   0   0
64   0.581697   0.64633   0   0
64   0.64633   0.710963   0   0
64   0.710963   0.775596   0   0
64   0.775596   0.84023   0   0
64   0.84023   0.904863   0.000935441   0.000335701
64   0.904863   0.969496   0.159101   0.00682576
64   0.969496   1.03413   1.04597   0.0185175
64   1.03413   1.09876   2.00245   0.0380394
64   1.09876   1.16339   2.16376   0.0503907
64   1.16339   1.22803   2.02199   0.045324
64   1.22803   1.29266   1.82478   0.0361813
64   1.29266   1.35729   1.60021   0.0302599
64   1.35729   1.42193   1.44732   0.0235111
64   1.42193   1.48656   1.31233   0.0220386
64   1.48656   1.55119   1.23629   0.0220149
64   1.55119   1.61583   1.1844   0.0196033
64   1.61583   1.68046   1.14498   0.0187653
64   1.68046   1.74509   1.1089   0.018245
64   1.74509   1.80973   1.08996   0.0181438
64   1.80973   1.87436   1.079   0.0159331
64   1.87436   1.93899   1.08046   0.0154112
64   1.93899   2.00362   1.05439   0.0149648
64   2.00362   2.06826   1.05895   0.0143521
64   2.06826   2.13289   1.03874   0.0142475
64   2.13289   2.19752   1.03655   0.0144064
64   2.19752   2.26216   1.04786   0.0156278
64   2.26216   2.32679   1.03665   0.0151355
64   2.32679   2.39142   1.02496   0.0137625
64   2.39142   2.45606   1.02164   0.0132921
64   2.45606   2.52069   1.0057   0.0114789
64   2.52069   2.58532   1.00672   0.0117953
64   2.58532   2.64995   0.996338   0.0108652
64   2.64995   2.71459   1.00819   0.0104686
64   2.71459   2.77922   1.00525   0.0102674
64   2.77922   2.84385   1.00631   0.00946684
64   2.84385   2.90849   0.995984   0.00928997
64   2.90849   2.97312   1.00161   0.00995735
64   2.97312   3.03775   1.00037   0.00940046
64   3.03775   3.10239   0.998095   0.00925268
64   3.10239   3.16702   0.991652   0.0102501
64   3.16702   3.23165   0.992378   0.00959359
64   3.23165   3.29629   1.00469   0.00917304
64   3.29629   3.36092   0.99845   0.00953198
64   3.36092   3.42555   0.992849   0.00811448
64   3.42555   3.49018   0.986016   0.00737405
64   3.49018   3.55482   0.97939   0.00719345
64   3.55482   3.61945   0.986336   0.0072173
64   3.61945   3.68408   0.983312   0.00739081
64   3.68408   3.74872   0.974952   0.00683384
64   3.74872   3.81335   0.981222   0.00683913
64   3.81335   3.87798   0.983721   0.0066666
64   3.87798   3.94262   0.987006   0.00704323
64   3.94262   4.00725   0.984153   0.00539958
64   4.00725   4.07188   0.976557   0.00542686
64   4.07188   4.13651   0.981452   0.00578286
64   4.13651   4.20115   0.988012   0.00594511
64   4.20115   4.26578   0.987977   0.00564753
64   4.26578   4.33041   0.988376   0.00583508
64   4.33041   4.39505   0.989732   0.00541776
64   4.39505   4.45968   0.999222   0.00555889
64   4.45968   4.52431   0.999249   0.00633423
64   4.52431   4.58895   0.992958   0.00552708
64   4.58895   4.65358   0.992818   0.00606427
64   4.65358   4.71821   0.992335   0.00562129
64   4.71821   4.78285   0.986269   0.00500702
64   4.78285   4.84748   0.980642   0.00502403
64   4.84748   4.91211   0.9803   0.00510237
64   4.91211   4.97674   0.979086   0.00478089
64   4.97674   5.04138   0.983033   0.00570634
64   5.04138   5.10601   0.987736   0.00554653
64   5.10601   5.17064   0.987493   0.00542723
64   5.17064   5.23528   0.987438   0.00558759
64   5.23528   5.29991   0.992792   0.00551841
64   5.29991   5.36454   0.990064   0.00511648
64   5.36454   5.42918   0.991038   0.00526063
64   5.42918   5.49381   0.993278   0.00488853
64   5.49381   5.55844   0.988686   0.0047908
64   5.55844   5.62307   0.99023   0.00519964
64   5.62307   5.68771   0.990741   0.00443967
64   5.68771   5.75234   0.990072   0.00468519
64   5.75234   5.81697   0.987923   0.00491213
64   5.81697   5.88161   0.98697   0.00428258
64   5.88161   5.94624   0.984246   0.00464453
64   5.94624   6.01087   0.985103   0.00409728
64   6.01087   6.07551   0.983608   0.00385029
64   6.07551   6.14014   0.983329   0.00409934
64   6.14014   6.20477   0.983404   0.00404279
64   6.20477   6.2694   0.982316   0.00446099
64   6.2694   6.33404   0.979944   0.00400792
64   6.33404   6.39867   0.978866   0.00423534
64   6.39867   6.4633   0.98513   0.00404365
