1   -0.330564   0
2   -0.350133   0.0195696
3   -0.370274   0.0230938
4   -0.3842   0.0214611
5   -0.40241   0.0246571
6   -0.40852   0.0210392
7   -0.415728   0.0191867
8   -0.413615   0.0167501
9   -0.412804   0.0147944
10   -0.415684   0.0135423
11   -0.41563   0.0122496
12   -0.410569   0.0122744
13   -0.408766   0.0114339
14   -0.405117   0.0111971
15   -0.401809   0.010936
16   -0.395129   0.0122181
17   -0.392086   0.0118733
18   -0.387936   0.0119387
19   -0.386527   0.0113805
20   -0.386755   0.0107989
21   -0.387155   0.0102797
22   -0.38642   0.00982882
23   -0.383893   0.00972571
24   -0.384629   0.00934066
25   -0.385156   0.00897477
26   -0.384111   0.00868576
27   -0.383863   0.00836156
28   -0.38453   0.00808493
29   -0.386687   0.00809395
30   -0.389371   0.00826731
31   -0.392643   0.00863966
32   -0.393398   0.00839935
33   -0.394361   0.00819759
34   -0.395142   0.00799115
35   -0.396514   0.00787973
36   -0.397656   0.00774243
37   -0.398923   0.00763617
38   -0.398519   0.00744347
39   -0.399592   0.00732898
40   -0.401355   0.00735782
41   -0.402785   0.00731725
42   -0.403706   0.00720006
43   -0.405026   0.00715339
44   -0.406687   0.00718367
45   -0.408337   0.00721343
46   -0.407908   0.00706794
47   -0.406922   0.00698585
48   -0.406551   0.00684879
49   -0.40573   0.00675764
50   -0.404838   0.00668093
51   -0.403632   0.00665874
52   -0.402276   0.00666882
53   -0.402457   0.00654429
54   -0.402261   0.00642495
55   -0.402477   0.00631077
56   -0.403256   0.00624573
57   -0.403749   0.00615497
58   -0.404207   0.00606523
59   -0.404064   0.00596324
60   -0.403888   0.00586566
61   -0.40409   0.00577223
62   -0.403831   0.00568426
63   -0.403713   0.00559456
64   -0.403597   0.00550766
