1   -5.00008   0
2   -5.01549   0.0154035
3   -5.02026   0.0100924
4   -5.0108   0.0118499
5   -5.00468   0.0110308
6   -5.0035   0.00908364
7   -4.99964   0.0085938
8   -5.00218   0.00786518
9   -5.00243   0.006941
10   -5.00059   0.0064766
11   -4.99768   0.00654122
12   -4.99632   0.00612391
13   -4.99735   0.0057262
14   -4.99713   0.00530611
15   -4.99824   0.00506358
16   -4.99742   0.00480646
17   -4.99795   0.00454614
18   -4.99789   0.00428663
19   -4.99867   0.00412908
20   -4.99903   0.0039341
21   -4.998   0.0038821
22   -4.99795   0.00370181
23   -4.998   0.00353756
24   -4.99887   0.00349846
25   -4.99946   0.00340663
26   -4.99992   0.00330543
27   -4.9987   0.00340956
28   -4.99972   0.00344155
29   -5.00065   0.00344945
30   -5.00001   0.00339359
31   -4.99943   0.00333313
32   -5.00044   0.0033807
33   -5.00011   0.00329342
34   -5.00069   0.00324791
35   -5.00096   0.00316529
36   -5.00162   0.00314678
37   -5.00205   0.00308992
38   -5.00168   0.00303018
39   -5.00094   0.00304232
40   -5.00107   0.00296807
41   -5.00129   0.00290295
42   -5.0011   0.00283895
43   -5.00181   0.00286113
44   -5.00153   0.00280964
45   -5.00183   0.00276249
46   -5.0025   0.0027844
47   -5.00325   0.00282747
48   -5.00372   0.00280656
49   -5.00359   0.00275167
50   -5.00364   0.00269658
