1   1.11959   0
2   1.12927   0.00967413
3   1.13242   0.006415
4   1.12628   0.00763349
5   1.12231   0.00712514
6   1.12144   0.00588215
7   1.11904   0.00552015
8   1.12082   0.00510094
9   1.12091   0.00449963
10   1.11968   0.00420806
11   1.11778   0.00425508
12   1.1169   0.00398323
13   1.11754   0.00371975
14   1.11731   0.00345137
15   1.118   0.00328538
16   1.11745   0.00312172
17   1.11781   0.00295418
18   1.11774   0.00278615
19   1.11817   0.00267132
20   1.11839   0.00254377
21   1.11773   0.00251022
22   1.11766   0.00239421
23   1.11767   0.00228775
24   1.11824   0.00226425
25   1.11866   0.00221095
26   1.11901   0.00215298
27   1.11821   0.00221913
28   1.11888   0.00224136
29   1.11952   0.00225596
30   1.11908   0.00222465
31   1.11872   0.0021817
32   1.11938   0.00221328
33   1.11914   0.00215783
34   1.1195   0.0021238
35   1.1197   0.00207125
36   1.12013   0.00205912
37   1.12042   0.00202385
38   1.12018   0.00198456
39   1.11972   0.00198703
40   1.11978   0.00193757
41   1.11993   0.00189569
42   1.11981   0.00185388
43   1.12029   0.00187417
44   1.12011   0.00184035
45   1.1203   0.00180877
46   1.12073   0.00182217
47   1.12121   0.00184667
48   1.12152   0.00183304
49   1.12144   0.00179679
50   1.12148   0.00176086
