50   0   0.0256496   0   0
50   0.0256496   0.0512993   0   0
50   0.0512993   0.0769489   0   0
50   0.0769489   0.102599   0   0
50   0.102599   0.128248   0   0
50   0.128248   0.153898   0   0
50   0.153898   0.179547   0   0
50   0.179547   0.205197   0   0
50   0.205197   0.230847   0   0
50   0.230847   0.256496   0   0
50   0.256496   0.282146   0   0
50   0.282146   0.307796   0   0
50   0.307796   0.333445   0   0
50   0.333445   0.359095   0   0
50   0.359095   0.384745   0   0
50   0.384745   0.410394   0   0
50   0.410394   0.436044   0   0
50   0.436044   0.461694   0   0
50   0.461694   0.487343   0   0
50   0.487343   0.512993   0   0
50   0.512993   0.538642   0   0
50   0.538642   0.564292   0   0
50   0.564292   0.589942   0   0
50   0.589942   0.615591   0   0
50   0.615591   0.641241   0   0
50   0.641241   0.666891   0   0
50   0.666891   0.69254   0   0
50   0.69254   0.71819   0   0
50   0.71819   0.74384   0   0
50   0.74384   0.769489   0   0
50   0.769489   0.795139   0   0
50   0.795139   0.820788   0   0
50   0.820788   0.846438   0   0
50   0.846438   0.872088   0   0
50   0.872088   0.897737   0.00142716   0.000134165
50   0.897737   0.923387   0.028885   0.000760415
50   0.923387   0.949037   0.178272   0.00204105
50   0.949037   0.974686   0.59197   0.00332598
50   0.974686   1.00034   1.24439   0.00568419
50   1.00034   1.02599   1.90144   0.00493869
50   1.02599   1.05164   2.36045   0.00719634
50   1.05164   1.07728   2.55794   0.00677976
50   1.07728   1.10293   2.5399   0.00693504
50   1.10293   1.12858   2.39129   0.00666207
50   1.12858   1.15423   2.18627   0.0061226
50   1.15423   1.17988   1.95326   0.00532699
50   1.17988   1.20553   1.73113   0.00666441
50   1.20553   1.23118   1.53829   0.00616993
50   1.23118   1.25683   1.36913   0.00601819
50   1.25683   1.28248   1.23109   0.00492923
50   1.28248   1.30813   1.10838   0.00515252
50   1.30813   1.33378   1.01221   0.00449646
50   1.33378   1.35943   0.930516   0.00373841
50   1.35943   1.38508   0.870002   0.00321926
50   1.38508   1.41073   0.819713   0.0035394
50   1.41073   1.43638   0.775254   0.00354276
50   1.43638   1.46203   0.742297   0.00340258
50   1.46203   1.48768   0.714397   0.00323777
50   1.48768   1.51333   0.699891   0.00329157
50   1.51333   1.53898   0.685749   0.00407266
50   1.53898   1.56463   0.670379   0.00355918
50   1.56463   1.59028   0.673639   0.0035515
50   1.59028   1.61593   0.671643   0.00306376
50   1.61593   1.64158   0.686307   0.00300724
50   1.64158   1.66723   0.704447   0.00297939
50   1.66723   1.69288   0.727984   0.00316154
50   1.69288   1.71853   0.755116   0.00330073
50   1.71853   1.74418   0.789576   0.0028945
50   1.74418   1.76983   0.823685   0.00315005
50   1.76983   1.79547   0.863099   0.0035073
50   1.79547   1.82112   0.899164   0.00296987
50   1.82112   1.84677   0.942988   0.00383852
50   1.84677   1.87242   0.978185   0.00329525
50   1.87242   1.89807   1.02198   0.00321036
50   1.89807   1.92372   1.05899   0.00293294
50   1.92372   1.94937   1.10129   0.00303725
50   1.94937   1.97502   1.13647   0.00348272
50   1.97502   2.00067   1.16612   0.00350579
50   2.00067   2.02632   1.18683   0.0030684
50   2.02632   2.05197   1.20455   0.00348386
50   2.05197   2.07762   1.21216   0.00316123
50   2.07762   2.10327   1.21126   0.00356735
50   2.10327   2.12892   1.2046   0.00327909
50   2.12892   2.15457   1.18717   0.00339242
50   2.15457   2.18022   1.17065   0.00280575
50   2.18022   2.20587   1.14735   0.00275327
50   2.20587   2.23152   1.11764   0.00292527
50   2.23152   2.25717   1.08875   0.0032444
50   2.25717   2.28282   1.05993   0.00303549
50   2.28282   2.30847   1.03171   0.00295836
50   2.30847   2.33412   1.00385   0.00221963
50   2.33412   2.35977   0.978661   0.00263825
50   2.35977   2.38542   0.953144   0.0023599
50   2.38542   2.41107   0.938854   0.00259838
50   2.41107   2.43672   0.923357   0.00253346
50   2.43672   2.46237   0.912907   0.00262784
50   2.46237   2.48802   0.902867   0.00244397
50   2.48802   2.51366   0.896901   0.00236281
50   2.51366   2.53931   0.894663   0.00234298
50   2.53931   2.56496   0.892756   0.00193515
