1   1.67939   0
2   1.6939   0.0145112
3   1.69863   0.0096225
4   1.68942   0.0114502
5   1.68346   0.0106877
6   1.68216   0.00882323
7   1.67856   0.00828023
8   1.68122   0.00765141
9   1.68137   0.00674945
10   1.67953   0.00631209
11   1.67667   0.00638262
12   1.67535   0.00597484
13   1.67631   0.00557963
14   1.67597   0.00517706
15   1.677   0.00492807
16   1.67618   0.00468258
17   1.67671   0.00443127
18   1.67661   0.00417923
19   1.67726   0.00400699
20   1.67759   0.00381565
21   1.67659   0.00376533
22   1.67649   0.00359131
23   1.6765   0.00343162
24   1.67736   0.00339637
25   1.67798   0.00331642
26   1.67851   0.00322947
27   1.67732   0.0033287
28   1.67832   0.00336204
29   1.67929   0.00338394
30   1.67862   0.00333698
31   1.67808   0.00327256
32   1.67907   0.00331993
33   1.67872   0.00323675
34   1.67925   0.0031857
35   1.67954   0.00310687
36   1.68019   0.00308868
37   1.68063   0.00303578
38   1.68027   0.00297685
39   1.67958   0.00298055
40   1.67967   0.00290635
41   1.67989   0.00284354
42   1.67971   0.00278082
43   1.68044   0.00281125
44   1.68016   0.00276053
45   1.68045   0.00271315
46   1.6811   0.00273326
47   1.68182   0.00277
48   1.68228   0.00274957
49   1.68217   0.00269519
50   1.68222   0.00264129
