1   -3.3207   0
2   -3.32159   0.000892316
3   -3.32163   0.000516626
4   -3.32138   0.000443013
5   -3.32122   0.000376233
6   -3.32135   0.000330645
7   -3.32108   0.000383564
8   -3.32096   0.000354907
9   -3.32107   0.000330977
10   -3.32106   0.000296039
11   -3.32101   0.000273773
12   -3.32097   0.000252441
13   -3.32104   0.000241373
14   -3.32116   0.000253439
15   -3.32124   0.00025069
16   -3.32125   0.000234565
17   -3.32124   0.000220407
18   -3.32128   0.000212157
19   -3.32141   0.000236598
20   -3.32144   0.000227092
21   -3.32141   0.000218174
22   -3.32145   0.000211993
23   -3.3215   0.000207173
24   -3.32151   0.000198967
25   -3.32148   0.000193839
26   -3.32141   0.000197005
27   -3.32138   0.000192808
28   -3.3214   0.000186594
29   -3.32137   0.00018245
30   -3.3214   0.000178483
31   -3.32136   0.000176965
32   -3.32137   0.000172098
33   -3.32139   0.000167795
34   -3.32144   0.00016925
35   -3.32142   0.000165514
36   -3.32143   0.000161328
37   -3.32142   0.000157435
38   -3.32141   0.000153473
39   -3.32136   0.000156909
40   -3.3214   0.000158699
41   -3.3214   0.000154979
42   -3.32139   0.000151305
43   -3.32137   0.000149079
44   -3.32136   0.000145786
45   -3.32138   0.000143315
46   -3.3214   0.000141298
47   -3.32143   0.000142588
48   -3.32144   0.000139887
49   -3.32143   0.000137951
50   -3.32142   0.00013518
