1   0.809546   0
2   0.808457   0.00108894
3   0.808714   0.000679001
4   0.809233   0.000707176
5   0.809436   0.000584072
6   0.810011   0.000747178
7   0.809893   0.000642313
8   0.809797   0.000564531
9   0.809734   0.000501824
10   0.809735   0.000448846
11   0.809801   0.000411282
12   0.809786   0.000375732
13   0.809817   0.000347001
14   0.809914   0.000335596
15   0.809974   0.000318031
16   0.809842   0.000325293
17   0.809716   0.000330417
18   0.809748   0.000313149
19   0.809737   0.000296443
20   0.80973   0.000281305
21   0.809885   0.000309229
22   0.80978   0.000313003
23   0.809772   0.000299182
24   0.809777   0.000286486
25   0.809909   0.000304854
26   0.809816   0.000307277
27   0.809816   0.000295677
28   0.809828   0.000285149
29   0.80986   0.000277021
30   0.809907   0.000271744
31   0.809863   0.000266453
32   0.809931   0.000266841
33   0.809911   0.000259447
34   0.809962   0.000256824
35   0.809848   0.000273988
36   0.809891   0.000269639
37   0.809908   0.000262814
38   0.809971   0.000263387
39   0.809895   0.000267359
40   0.809899   0.000260614
