1   1.21432   0
2   1.21269   0.00163341
3   1.21307   0.0010185
4   1.21385   0.00106076
5   1.21415   0.000876107
6   1.21502   0.00112077
7   1.21484   0.000963469
8   1.2147   0.000846797
9   1.2146   0.000752736
10   1.2146   0.000673269
11   1.2147   0.000616924
12   1.21468   0.000563598
13   1.21473   0.000520501
14   1.21487   0.000503394
15   1.21496   0.000477046
16   1.21476   0.00048794
17   1.21457   0.000495626
18   1.21462   0.000469724
19   1.2146   0.000444665
20   1.2146   0.000421957
21   1.21483   0.000463844
22   1.21467   0.000469505
23   1.21466   0.000448773
24   1.21467   0.00042973
25   1.21486   0.000457281
26   1.21472   0.000460915
27   1.21472   0.000443516
28   1.21474   0.000427724
29   1.21479   0.000415531
30   1.21486   0.000407616
31   1.21479   0.000399679
32   1.2149   0.000400261
33   1.21487   0.000389171
34   1.21494   0.000385236
35   1.21477   0.000410981
36   1.21484   0.000404458
37   1.21486   0.000394221
38   1.21496   0.000395081
39   1.21484   0.000401039
40   1.21485   0.000390921
