40   0   0.0230664   0   0
40   0.0230664   0.0461329   0   0
40   0.0461329   0.0691993   0   0
40   0.0691993   0.0922657   0   0
40   0.0922657   0.115332   0   0
40   0.115332   0.138399   0   0
40   0.138399   0.161465   0   0
40   0.161465   0.184531   0   0
40   0.184531   0.207598   0   0
40   0.207598   0.230664   0   0
40   0.230664   0.253731   0   0
40   0.253731   0.276797   0   0
40   0.276797   0.299864   0   0
40   0.299864   0.32293   0   0
40   0.32293   0.345996   0   0
40   0.345996   0.369063   0   0
40   0.369063   0.392129   0   0
40   0.392129   0.415196   0   0
40   0.415196   0.438262   0   0
40   0.438262   0.461329   0   0
40   0.461329   0.484395   0   0
40   0.484395   0.507461   0   0
40   0.507461   0.530528   0   0
40   0.530528   0.553594   0   0
40   0.553594   0.576661   0   0
40   0.576661   0.599727   0   0
40   0.599727   0.622794   0   0
40   0.622794   0.64586   0   0
40   0.64586   0.668926   0   0
40   0.668926   0.691993   0   0
40   0.691993   0.715059   0   0
40   0.715059   0.738126   0   0
40   0.738126   0.761192   0   0
40   0.761192   0.784259   0   0
40   0.784259   0.807325   0   0
40   0.807325   0.830391   0   0
40   0.830391   0.853458   0   0
40   0.853458   0.876524   0   0
40   0.876524   0.899591   0.000128871   3.91094e-05
40   0.899591   0.922657   0.00373845   0.000210203
40   0.922657   0.945724   0.0531255   0.000831572
40   0.945724   0.96879   0.31964   0.00196267
40   0.96879   0.991856   1.05707   0.00353783
40   0.991856   1.01492   2.29576   0.00479759
40   1.01492   1.03799   3.6436   0.00780928
40   1.03799   1.06106   4.59066   0.0062152
40   1.06106   1.08412   4.81207   0.0070067
40   1.08412   1.10719   4.41757   0.00590377
40   1.10719   1.13026   3.6002   0.00659683
40   1.13026   1.15332   2.67029   0.00534613
40   1.15332   1.17639   1.8274   0.00473189
40   1.17639   1.19945   1.15704   0.00415744
40   1.19945   1.22252   0.680617   0.00299992
40   1.22252   1.24559   0.371985   0.00272904
40   1.24559   1.26865   0.193457   0.00181076
40   1.26865   1.29172   0.0966938   0.00136918
40   1.29172   1.31479   0.0547131   0.00119613
40   1.31479   1.33785   0.0477319   0.00109427
40   1.33785   1.36092   0.067054   0.00134953
40   1.36092   1.38399   0.112769   0.00169161
40   1.38399   1.40705   0.19384   0.00222616
40   1.40705   1.43012   0.311606   0.00230603
40   1.43012   1.45319   0.45854   0.0022192
40   1.45319   1.47625   0.629794   0.00225075
40   1.47625   1.49932   0.787194   0.00264964
40   1.49932   1.52238   0.905339   0.00282145
40   1.52238   1.54545   0.952006   0.00461792
40   1.54545   1.56852   0.911135   0.00427397
40   1.56852   1.59158   0.796341   0.00321006
40   1.59158   1.61465   0.638617   0.00231171
40   1.61465   1.63772   0.46893   0.00240495
40   1.63772   1.66078   0.32621   0.00189206
40   1.66078   1.68385   0.230625   0.00201227
40   1.68385   1.70692   0.207714   0.00224311
40   1.70692   1.72998   0.275676   0.00232254
40   1.72998   1.75305   0.459934   0.00301243
40   1.75305   1.77612   0.776911   0.0029698
40   1.77612   1.79918   1.22108   0.00292633
40   1.79918   1.82225   1.73383   0.0027888
40   1.82225   1.84531   2.22045   0.0038027
40   1.84531   1.86838   2.5491   0.00399655
40   1.86838   1.89145   2.65521   0.00685354
40   1.89145   1.91451   2.50852   0.005482
40   1.91451   1.93758   2.15644   0.00386512
40   1.93758   1.96065   1.68824   0.00274204
40   1.96065   1.98371   1.21295   0.0017046
40   1.98371   2.00678   0.82491   0.00245245
40   2.00678   2.02985   0.567797   0.00246985
40   2.02985   2.05291   0.463441   0.00266974
40   2.05291   2.07598   0.487836   0.00249917
40   2.07598   2.09905   0.600768   0.00224622
40   2.09905   2.12211   0.761762   0.00162871
40   2.12211   2.14518   0.905879   0.001819
40   2.14518   2.16824   0.988197   0.00218791
40   2.16824   2.19131   0.988025   0.00282288
40   2.19131   2.21438   0.910368   0.00220696
40   2.21438   2.23744   0.788225   0.00156931
40   2.23744   2.26051   0.669398   0.00207202
40   2.26051   2.28358   0.591156   0.0026658
40   2.28358   2.30664   0.595512   0.0028768
