1   -6.64697   0
2   -6.64591   0.00105829
3   -6.64631   0.000729481
4   -6.64709   0.000932749
5   -6.64744   0.000803629
6   -6.64833   0.00110875
7   -6.6481   0.000965594
8   -6.64788   0.000865665
9   -6.64777   0.000770562
10   -6.64769   0.000693991
11   -6.64774   0.000629789
12   -6.64771   0.000575974
13   -6.6478   0.00053799
14   -6.64793   0.000513859
15   -6.648   0.000483846
16   -6.64777   0.000505644
17   -6.64756   0.000521953
18   -6.64759   0.000493391
19   -6.64757   0.000467207
20   -6.64756   0.000443388
21   -6.6478   0.000485661
22   -6.64763   0.000493787
23   -6.6476   0.00047282
24   -6.6476   0.000452753
25   -6.64779   0.000472285
26   -6.64767   0.000470482
27   -6.64764   0.000453248
28   -6.64765   0.000436764
29   -6.64769   0.000423832
30   -6.64777   0.000416473
31   -6.64768   0.000411156
32   -6.64779   0.000412497
33   -6.64777   0.000400727
34   -6.64787   0.000401817
35   -6.64769   0.000427376
36   -6.64778   0.000423709
37   -6.64779   0.000412221
38   -6.64788   0.000411637
39   -6.64776   0.000418247
40   -6.64776   0.000407667
