1   -5.43265   0
2   -5.43323   0.000575118
3   -5.43324   0.000332331
4   -5.43324   0.000235
5   -5.43329   0.00018821
6   -5.43332   0.000156759
7   -5.43326   0.000144146
8   -5.43318   0.000147939
9   -5.43317   0.000130867
10   -5.43309   0.000143455
11   -5.43304   0.000138286
12   -5.43303   0.000126901
13   -5.43307   0.000125869
14   -5.43305   0.000118104
15   -5.43304   0.000111201
16   -5.43301   0.000107742
17   -5.43298   0.000104962
18   -5.43297   9.97093e-05
19   -5.43297   9.44039e-05
20   -5.43296   8.95842e-05
21   -5.43297   8.56166e-05
22   -5.43296   8.27989e-05
23   -5.43294   8.14068e-05
24   -5.43294   7.79413e-05
25   -5.43293   7.57747e-05
26   -5.43294   7.43375e-05
27   -5.43292   7.46682e-05
28   -5.4329   7.36176e-05
29   -5.4329   7.11105e-05
30   -5.43291   6.89131e-05
31   -5.43289   6.87214e-05
32   -5.4329   6.6792e-05
33   -5.4329   6.48413e-05
34   -5.43292   6.77014e-05
35   -5.43292   6.58713e-05
36   -5.43294   6.7088e-05
37   -5.43292   6.71228e-05
38   -5.43292   6.53672e-05
39   -5.43292   6.3966e-05
40   -5.43291   6.23963e-05
