1   9.65602
2   9.52704
3   9.37544
4   9.39539
5   9.45156
6   9.41701
7   9.47536
8   9.40651
9   9.40114
10   9.3137
11   9.35849
12   9.34211
13   9.30465
14   9.3314
15   9.27302
16   9.28989
17   9.2881
18   9.26185
19   9.31371
20   9.33854
21   9.32498
22   9.30563
23   9.35213
24   9.28103
25   9.28016
26   9.2676
27   9.23163
28   9.22614
29   9.22775
30   9.17881
31   9.10916
32   9.18026
33   9.09688
34   9.09279
35   9.03015
36   9.08744
37   9.097
38   9.09601
39   9.04138
40   8.97908
41   9.01234
42   9.0983
43   9.11197
44   9.06542
45   9.13205
46   9.07279
47   9.03924
48   9.06633
49   9.13567
50   9.15933
51   9.15183
52   9.08883
53   9.04266
54   9.02392
55   9.05767
56   9.13735
57   9.13555
58   9.11503
59   9.08643
60   9.10883
61   9.17305
62   9.15754
63   9.20817
64   9.24331
65   9.1712
66   9.1824
67   9.15044
68   9.10119
69   9.11001
70   9.15841
71   9.15712
72   9.19329
73   9.21117
74   9.16087
75   9.20865
76   9.14813
77   9.06109
78   9.06548
79   9.17648
80   9.22817
81   9.21055
82   9.15769
83   9.21997
84   9.16156
85   9.10851
86   9.13074
87   9.13246
88   9.08493
89   9.09298
90   9.07506
91   9.09506
92   9.04994
93   9.05839
94   9.12443
95   9.09754
96   9.0746
97   9.08541
98   9.0532
99   9.03882
100   9.12533
101   9.1094
102   9.09194
103   9.07706
104   9.08775
105   9.03241
106   8.9639
107   9.00681
108   9.02802
109   9.01413
110   9.06596
111   9.13677
112   9.13445
113   9.13681
114   9.16354
115   9.09129
116   9.15233
117   9.16979
118   9.15104
119   9.19397
120   9.17903
121   9.21518
122   9.19353
123   9.17365
124   9.07352
125   9.06358
126   9.13329
127   9.16588
128   9.12799
129   9.08067
130   9.05612
131   8.99585
132   9.01669
133   9.02773
134   9.03367
135   9.05645
136   9.02991
137   9.08829
138   9.05177
139   9.06331
140   9.03129
141   9.01664
142   9.11893
143   9.17398
144   9.20157
145   9.20203
146   9.18541
147   9.1159
148   9.1626
149   9.13721
150   9.19371
151   9.2583
152   9.26876
153   9.26186
154   9.2593
155   9.16723
156   9.19016
157   9.18814
158   9.24097
159   9.27739
160   9.2785
161   9.24701
162   9.17364
163   9.19659
164   9.30409
165   9.2998
166   9.25239
167   9.23154
168   9.27662
169   9.20944
170   9.21043
171   9.13512
172   9.07412
173   9.09623
174   9.07817
175   9.10568
176   9.09258
177   9.12147
178   9.18983
179   9.11483
180   9.16483
181   9.12527
182   9.18986
183   9.1063
184   9.08672
185   9.10469
186   9.0068
187   8.9742
188   8.96782
189   8.93788
190   8.93541
191   8.88469
192   8.87313
193   8.89992
194   8.91055
195   8.89953
196   8.90072
197   8.92599
198   8.98039
199   8.95974
200   8.96145
201   9.02956
202   8.99491
203   9.04482
204   9.06471
205   9.04285
206   9.02592
207   9.06522
208   9.12345
209   9.06873
210   9.04303
211   9.13402
212   9.1365
213   9.11199
214   9.14607
215   9.14309
216   9.15741
217   9.10034
218   9.11793
219   9.19165
220   9.21832
221   9.26462
222   9.28272
223   9.29365
224   9.22621
225   9.13874
226   9.11208
227   9.04357
228   9.09875
229   9.09893
230   9.10949
231   9.08984
232   9.06398
233   9.11412
234   9.11007
235   9.06444
236   9.04003
237   8.99064
238   8.96932
239   8.93288
240   9.10514
241   9.0453
242   9.02076
243   9.06641
244   9.06283
245   9.11612
246   9.12797
247   9.13507
248   9.14241
249   9.1061
250   9.10215
