1   5.39605
2   5.20354
3   5.11787
4   4.97542
5   4.81089
6   4.74275
7   4.68731
8   4.71365
9   4.81315
10   4.7794
11   4.81406
12   4.84604
13   4.76057
14   4.73506
15   4.66792
16   4.6623
17   4.65973
18   4.59163
19   4.53752
20   4.47134
21   4.50811
22   4.5989
23   4.57919
24   4.61823
25   4.60703
26   4.54901
27   4.51194
28   4.52969
29   4.53407
30   4.47041
31   4.4397
32   4.51709
33   4.45637
34   4.44274
35   4.35383
36   4.30221
37   4.26912
38   4.25102
39   4.28241
40   4.22805
41   4.24306
42   4.22765
43   4.22878
44   4.18694
45   4.24901
46   4.21569
47   4.20071
48   4.2283
49   4.17896
50   4.19729
51   4.16133
52   4.12406
53   4.2214
54   4.28206
55   4.22059
56   4.16629
57   4.07146
58   4.07105
59   4.06392
60   4.04787
61   4.03549
62   4.01748
63   3.95363
64   3.97514
65   4.02825
66   4.06253
67   4.1741
68   4.18154
69   4.14002
70   4.17552
71   4.14436
72   4.117
73   4.02805
74   4.05573
75   3.96836
76   3.95701
77   3.99221
78   3.94891
79   3.87387
80   3.92732
81   3.84071
82   3.86214
83   3.80115
84   3.76504
85   3.73318
86   3.65967
87   3.59804
88   3.47547
89   3.2931
90   3.24003
91   3.13613
92   3.12679
93   3.06301
94   3.05443
95   3.02989
96   3.03463
97   3.03988
98   3.07436
99   3.07791
100   3.10132
101   3.11917
102   3.15329
103   3.1743
104   3.16772
105   3.28366
106   3.32586
107   3.35351
108   3.37204
109   3.42585
110   3.4045
111   3.43383
112   3.41337
113   3.30932
114   3.30063
115   3.38333
116   3.36209
117   3.31442
118   3.34408
119   3.43597
120   3.416
121   3.48735
122   3.58441
123   3.64409
124   3.63919
125   3.67813
126   3.74206
127   3.69006
128   3.65028
129   3.74421
130   3.79638
131   3.73687
132   3.75083
133   3.62605
134   3.589
135   3.71303
136   3.66829
137   3.72494
138   3.75551
139   3.77665
140   3.72438
141   3.79813
142   3.82628
143   3.7906
144   3.79204
145   3.82773
146   3.8277
147   3.77741
148   3.85503
149   3.9203
150   3.94981
151   3.89259
152   3.93
153   3.90364
154   3.84775
155   3.86385
156   3.87028
157   3.85406
158   3.89223
159   3.9181
160   3.91217
161   3.9034
162   3.94372
163   3.98611
164   3.95115
165   4.02765
166   4.01706
167   4.08207
168   3.98833
169   3.97875
170   3.99788
171   3.98403
172   4.01544
173   4.0572
174   4.06499
175   4.00185
176   4.00158
177   3.92482
178   3.91891
179   3.92484
180   3.943
181   4.0071
182   3.96373
183   3.78737
184   3.89546
185   3.84975
186   3.79693
187   3.75534
188   3.80669
189   3.80757
190   3.75618
191   3.69728
192   3.73091
193   3.80226
194   3.86737
195   3.91369
196   3.96945
197   3.96022
198   3.95198
199   3.88578
200   3.88663
201   3.88003
202   3.803
203   3.76324
204   3.83963
205   3.78736
206   3.78943
207   3.77471
208   3.75511
209   3.75218
210   3.75972
211   3.80488
212   3.80742
213   3.7321
214   3.69053
215   3.76666
216   3.78573
217   3.85913
218   3.90658
219   3.93492
220   3.96664
221   3.96484
222   3.99146
223   4.0035
224   3.96072
225   3.92591
226   3.94333
227   3.979
228   3.98123
229   3.96255
230   3.99985
231   4.02148
232   3.97086
233   3.99211
234   3.94778
235   4.00767
236   3.99924
237   3.94504
238   3.94288
239   3.92983
240   3.91023
241   3.95435
242   3.88107
243   3.87435
244   3.87743
245   3.82766
246   3.79283
247   3.79154
248   3.86896
249   3.83168
250   3.87846
