1   2.19186
2   2.12878
3   2.30894
4   2.61675
5   2.65711
6   2.41159
7   2.66114
8   2.60913
9   2.77547
10   2.59007
11   2.61992
12   2.58965
13   2.73528
14   2.61221
15   2.63902
16   2.51876
17   2.4197
18   2.30877
19   2.6508
20   2.53883
21   2.07122
22   1.94345
23   1.94345
24   2.83724
25   2.06558
26   2.14342
27   1.93111
28   1.93111
29   2.01725
30   2.01725
31   2.30237
32   1.97072
33   2.29415
34   2.22641
35   2.2385
36   2.21673
37   2.19447
38   2.3501
39   2.20647
40   2.14475
41   2.1404
42   2.19363
43   2.31432
44   2.22208
45   2.22107
46   2.22107
47   2.01115
48   2.24073
49   2.30605
50   2.19043
51   1.945
52   1.80939
53   2.01342
54   1.73828
55   1.73139
56   1.64559
57   2.05685
58   2.0278
59   1.8554
60   1.8554
61   1.93663
62   2.05741
63   2.0792
64   2.00884
65   1.72447
66   1.72447
67   1.71922
68   1.82957
69   1.57589
70   2.14942
71   1.99523
72   2.11175
73   1.80109
74   1.80109
75   1.80109
76   1.43063
77   1.588
78   1.73295
79   1.60781
80   1.73367
81   1.76627
82   1.31015
83   1.31015
84   1.12324
85   1.12324
86   1.21962
87   1.21962
88   0.957615
89   0.957615
90   0.949371
91   0.867504
92   0.867504
93   0.847407
94   0.858865
95   0.867504
96   0.903536
97   1.11032
98   1.11032
99   1.22639
100   1.28524
101   1.12058
102   1.23551
103   1.53018
104   1.52479
105   1.39525
106   1.21576
107   1.21576
108   1.15838
109   1.15838
110   1.13524
111   1.19914
112   1.31118
113   1.37218
114   1.28842
115   1.28842
116   1.35038
117   1.21313
118   1.29382
119   1.39085
120   1.51873
121   1.43956
122   1.69395
123   1.68385
124   1.78411
125   1.66372
126   1.68895
127   1.68895
128   1.71057
129   1.67096
130   1.91184
131   1.74956
132   1.53353
133   1.53353
134   1.64168
135   1.64983
136   1.5348
137   1.56271
138   1.63239
139   1.79888
140   1.79888
141   1.89902
142   1.56662
143   1.56662
144   1.65778
145   1.70718
146   1.70718
147   1.71786
148   1.97352
149   2.09841
150   1.96584
151   2.01042
152   1.86964
153   1.43552
154   1.44884
155   1.80102
156   1.90668
157   1.93965
158   1.69483
159   1.63584
160   1.69483
161   1.77495
162   1.7724
163   1.6298
164   1.63186
165   1.70242
166   1.84665
167   1.78968
168   1.66586
169   2.09527
170   2.0275
171   1.73064
172   1.74914
173   1.67469
174   2.00782
175   1.95449
176   1.48431
177   1.48431
178   1.52165
179   1.52165
180   1.8272
181   1.39425
182   1.25168
183   1.25168
184   1.25168
185   1.25168
186   1.33334
187   1.33997
188   1.27703
189   1.47415
190   1.44881
191   1.53235
192   1.50696
193   1.6116
194   1.55769
195   1.55314
196   1.33516
197   1.82898
198   1.60712
199   1.3874
200   1.38537
201   1.6723
202   1.49384
203   1.46775
204   1.6058
205   1.58539
206   1.44738
207   1.49204
208   1.50842
209   1.44695
210   1.66329
211   1.77453
212   1.84614
213   1.66484
214   1.51062
215   1.18622
216   1.89246
217   1.75718
218   1.86033
219   1.82108
220   1.94014
221   1.94014
222   1.96243
223   1.67337
224   1.67337
225   1.84354
226   1.74094
227   1.72698
228   1.75797
229   1.41124
230   1.87547
231   1.78701
232   1.5051
233   1.35921
234   1.76235
235   1.69908
236   1.61889
237   1.75175
238   1.37488
239   1.37488
240   1.47609
241   1.47609
242   1.71635
243   1.71913
244   1.82469
245   1.82469
246   1.78446
247   1.87268
248   1.93958
249   1.72116
250   1.96201
