0   0.169918  0.729649  
20   0.0534795  0.713423  
3   0.371496  0.836567  
22   0.251365  0.53815  
12   0.754052  0.501858  
21   0.985475  0.399022  
8   0.756047  0.479138  
7   0.233157  0.193293  
4   0.0211376  0.168325  
30   0.343229  0.436887  
26   0.135893  0.239596  
2   0.0860072  0.656019  
25   0.259028  0.140477  
6   0.583179  0.0646429  
23   0.48153  0.00588523  
11   0.0839539  0.159259  
5   0.279233  0.545858  
17   0.765764  0.970267  
19   0.813285  0.0179424  
13   0.686006  0.369351  
31   0.845767  0.526464  
9   0.257893  0.239268  
24   0.0178591  0.114256  
16   0.840005  0.0527608  
15   0.12096  0.680137  
29   0.399912  0.326858  
1   0.477115  0.571835  
28   0.159098  0.674932  
27   0.74877  0.639112  
18   0.99461  0.918855  
10   0.584917  0.616809  
14   0.213852  0.67838  
