1   6.20238
2   6.83703
3   6.58327
4   6.58327
5   5.72943
6   4.6523
7   4.54771
8   4.51322
9   6.24018
10   6.79525
11   6.29249
12   6.37168
13   7.10638
14   6.49732
15   6.30307
16   6.64024
17   6.4021
18   6.29852
19   5.5269
20   6.34091
21   6.34091
22   5.54987
23   5.13047
24   5.13047
25   6.35358
26   6.36467
27   6.48493
28   5.60989
29   5.74749
30   5.74749
31   5.12495
32   5.95329
33   6.26567
34   6.12979
35   5.65722
36   6.18622
37   6.01324
38   5.93446
39   6.45583
40   6.37794
41   6.60063
42   6.66347
43   6.1082
44   6.1082
45   6.087
46   5.32018
47   6.02752
48   6.01232
49   6.37909
50   6.19473
51   6.00146
52   6.09509
53   6.18626
54   6.05868
55   6.46634
56   6.46634
57   6.38616
58   5.90516
59   5.54919
60   5.54919
61   5.01113
62   5.60284
63   6.22841
64   6.0865
65   6.95626
66   6.38454
67   6.51353
68   6.51392
69   5.4455
70   5.83556
71   5.83556
72   6.64517
73   6.66363
74   6.49093
75   6.58837
76   6.84074
77   6.04357
78   6.22564
79   5.67381
80   6.01307
81   4.80777
82   4.70261
83   6.47597
84   6.46761
85   6.1841
86   5.6146
87   5.58461
88   5.6146
89   5.6146
90   5.89946
91   5.62132
92   5.48614
93   5.269
94   6.05686
95   6.10392
96   5.61748
97   6.39099
98   6.5397
99   6.36227
100   6.36227
101   5.73198
102   5.72002
103   5.71595
104   6.24302
105   6.24302
106   6.36533
107   6.0615
108   6.04854
109   5.96075
110   6.38252
111   6.34818
112   6.34818
113   5.90409
114   5.49487
115   5.4849
116   5.60296
117   5.91855
118   6.44547
119   6.10057
120   6.81222
121   6.65575
122   6.40575
123   6.7549
124   6.80995
125   6.55954
126   6.12932
127   6.56751
128   6.39026
129   6.03973
130   6.03973
131   6.60707
132   5.93591
133   6.36971
134   6.59014
135   6.00917
136   6.16141
137   6.26117
138   6.37921
139   5.66285
140   6.03439
141   6.36929
142   6.25539
143   6.23141
144   6.4824
145   6.26205
146   6.06284
147   5.44588
148   5.44588
149   6.32959
150   6.2235
151   5.82278
152   6.62061
153   6.51138
154   5.68948
155   5.97407
156   5.78322
157   6.00008
158   5.68847
159   6.71776
160   5.8033
161   5.96557
162   6.4238
163   6.21728
164   6.4668
165   5.88862
166   6.24426
167   6.13785
168   6.05437
169   5.54198
170   6.46869
171   6.57855
172   6.56679
173   5.41966
174   5.41966
175   5.90282
176   5.57594
177   6.36339
178   6.68685
179   5.8079
180   5.94159
181   6.19143
182   5.34196
183   6.04068
184   5.94645
185   5.36725
186   5.2597
187   5.91364
188   5.89899
189   5.45425
190   5.48721
191   5.50936
192   5.68226
193   5.68226
194   5.81898
195   5.76078
196   5.79711
197   5.87762
198   6.03932
199   6.31696
200   6.19411
201   6.32889
202   5.95886
203   6.16409
204   6.09622
205   6.26452
206   6.10595
207   5.01378
208   4.92779
209   5.8662
210   6.31171
211   6.46172
212   6.83377
213   6.44161
214   6.80156
215   5.69035
216   6.41716
217   6.42854
218   5.98995
219   6.18375
220   5.04216
221   5.04216
222   5.75492
223   6.20218
224   6.17686
225   6.74741
226   6.55972
227   6.21542
228   6.16464
229   6.13838
230   5.8562
231   5.96128
232   5.84488
233   6.61031
234   6.48684
235   5.83071
236   4.8327
237   4.95886
238   6.02277
239   5.91597
240   6.09409
241   6.1721
242   6.01187
243   6.02294
244   6.22877
245   6.06019
246   5.94463
247   5.82875
248   6.0155
249   5.22849
250   5.22849
