0.687661   0
0.722625   0.034964
0.709575   0.0339938
0.718875   0.0335583
0.721471   0.0304613
0.721373   0.0278081
0.722823   0.025989
0.721309   0.0246381
0.721754   0.0232631
0.723346   0.0225801
0.722494   0.021697
0.72315   0.0208866
0.722801   0.0201035
0.723527   0.019548
0.723602   0.0188873
0.723016   0.0184278
0.72345   0.0179619
0.723906   0.0175567
0.724036   0.0170973
0.723892   0.0166762
0.724259   0.0163568
0.724109   0.0159953
0.724661   0.0158559
0.724728   0.0155255
0.724519   0.0152463
0.737618   0.0671799
0.750177   0.0919095
0.761072   0.106539
0.771573   0.118518
0.781295   0.127746
0.790423   0.135249
0.799002   0.141429
0.807392   0.147135
0.814548   0.150672
0.822001   0.154731
0.828754   0.157712
0.835491   0.160731
0.841741   0.163095
0.847698   0.165126
0.852954   0.16632
0.858182   0.167573
0.863332   0.168818
0.868264   0.169878
0.872603   0.170329
0.876818   0.170731
0.880964   0.171141
0.884782   0.171279
0.888349   0.171241
0.892334   0.171718
0.895929   0.171845
0.901462   0.174591
0.907432   0.178084
0.913624   0.181959
0.918637   0.183924
0.923691   0.185989
0.92928   0.188925
0.934   0.190562
0.938639   0.192131
0.943165   0.19359
0.94752   0.194863
0.951614   0.195842
0.955839   0.19704
0.959454   0.197531
0.963784   0.198973
0.967061   0.199169
0.971002   0.200192
0.974023   0.200203
0.977607   0.200879
0.981176   0.201578
0.984172   0.201674
0.987046   0.201688
0.990397   0.202263
0.993308   0.202386
0.996047   0.202371
0.998851   0.20246
1.00256   0.20367
1.00644   0.205159
1.01016   0.206435
1.01351   0.207244
1.0173   0.208687
1.02047   0.209317
1.02374   0.210106
1.02701   0.210932
1.02989   0.211303
1.03316   0.212182
1.03578   0.212322
1.03904   0.213259
1.04127   0.21306
1.0442   0.213639
1.04678   0.213832
1.04933   0.214025
1.05159   0.213956
1.05434   0.214429
1.05683   0.214632
1.05907   0.214597
1.06159   0.214891
1.06372   0.214798
1.06592   0.214791
1.0682   0.214891
1.07038   0.214915
