-5.67387   0
-5.67324   0.000630641
-5.67277   0.000838356
-5.67322   0.00106109
-5.67347   0.00107053
-5.67344   0.00097874
-5.67371   0.00112106
-5.67381   0.00107799
-5.67383   0.00101822
-5.67372   0.00101534
-5.67366   0.000986699
-5.67376   0.000991639
-5.67366   0.00100807
-5.67377   0.00105286
-5.67367   0.00109412
-5.67364   0.00106476
-5.67371   0.00106836
-5.67365   0.00106527
-5.67367   0.00104237
-5.67353   0.00120049
-5.67357   0.00119116
-5.67357   0.00116384
-5.67359   0.00114146
-5.67362   0.00112687
-5.67367   0.00113509
-5.63638   0.18649
-5.60195   0.253596
-5.56989   0.299601
-5.54006   0.334032
-5.51224   0.360987
-5.48626   0.382551
-5.46193   0.400163
-5.43902   0.414816
-5.41745   0.427049
-5.39711   0.437284
-5.37792   0.445872
-5.35971   0.453166
-5.34247   0.459299
-5.32616   0.464391
-5.31062   0.468705
-5.2959   0.472222
-5.28187   0.475129
-5.26846   0.477546
-5.25565   0.479511
-5.24343   0.481029
-5.23171   0.482223
-5.22054   0.483045
-5.20983   0.483588
-5.19959   0.483861
-5.18972   0.483961
-5.17267   0.494116
-5.15627   0.503161
-5.14052   0.511178
-5.12533   0.518348
-5.11072   0.524722
-5.09666   0.530356
-5.08307   0.535436
-5.06994   0.539977
-5.05724   0.544045
-5.04497   0.547661
-5.03315   0.55082
-5.02167   0.553674
-5.01056   0.556178
-4.99981   0.558372
-4.98938   0.560308
-4.97929   0.561965
-4.96953   0.563368
-4.95998   0.564646
-4.95069   0.565748
-4.94167   0.566665
-4.93297   0.56735
-4.92447   0.56793
-4.91623   0.56835
-4.9082   0.568649
-4.90038   0.568833
-4.8899   0.572319
-4.87973   0.575468
-4.8698   0.578362
-4.86013   0.581012
-4.85071   0.583398
-4.84154   0.585569
-4.83256   0.587564
-4.8238   0.589383
-4.81524   0.591029
-4.80689   0.592508
-4.79872   0.593851
-4.79075   0.595028
-4.78299   0.596056
-4.77539   0.596969
-4.76795   0.597781
-4.76064   0.598509
-4.75353   0.599106
-4.74656   0.599611
-4.73975   0.600017
-4.73307   0.600362
-4.72653   0.600611
-4.72014   0.600784
-4.71389   0.600871
-4.70776   0.600898
-4.70174   0.60088
