1.03149   0
1.08394   0.052446
1.06436   0.0509907
1.07831   0.0503375
1.08221   0.0456919
1.08206   0.0417121
1.08423   0.0389835
1.08196   0.0369571
1.08263   0.0348946
1.08502   0.0338701
1.08374   0.0325455
1.08472   0.0313299
1.0842   0.0301552
1.08529   0.0293221
1.0854   0.0283309
1.08452   0.0276417
1.08518   0.0269428
1.08586   0.026335
1.08605   0.025646
1.08584   0.0250143
1.08639   0.0245352
1.08616   0.023993
1.08699   0.0237839
1.08709   0.0232882
1.08678   0.0228695
1.10643   0.10077
1.12527   0.137864
1.14161   0.159808
1.15736   0.177777
1.17194   0.191619
1.18563   0.202873
1.1985   0.212144
1.21109   0.220702
1.22182   0.226008
1.233   0.232097
1.24313   0.236568
1.25324   0.241097
1.26261   0.244643
1.27155   0.247689
1.27943   0.24948
1.28727   0.251359
1.295   0.253228
1.3024   0.254817
1.3089   0.255494
1.31523   0.256097
1.32145   0.256711
1.32717   0.256919
1.33252   0.256861
1.3385   0.257577
1.34389   0.257768
1.35219   0.261887
1.36115   0.267126
1.37044   0.272939
1.37796   0.275886
1.38554   0.278984
1.39392   0.283387
1.401   0.285843
1.40796   0.288197
1.41475   0.290385
1.42128   0.292294
1.42742   0.293764
1.43376   0.295559
1.43918   0.296297
1.44568   0.298459
1.45059   0.298753
1.4565   0.300288
1.46103   0.300304
1.46641   0.301319
1.47176   0.302367
1.47626   0.302511
1.48057   0.302531
1.4856   0.303394
1.48996   0.303579
1.49407   0.303557
1.49828   0.303689
1.50384   0.305505
1.50967   0.307738
1.51524   0.309652
1.52027   0.310866
1.52596   0.31303
1.5307   0.313976
1.53561   0.315159
1.54052   0.316399
1.54483   0.316954
1.54974   0.318273
1.55366   0.318484
1.55856   0.319889
1.5619   0.31959
1.5663   0.320459
1.57016   0.320748
1.57399   0.321037
1.57739   0.320934
1.58151   0.321644
1.58525   0.321949
1.5886   0.321895
1.59239   0.322336
1.59559   0.322196
1.59888   0.322186
1.6023   0.322336
1.60557   0.322372
