-6.70536   0
-6.75718   0.0518153
-6.73714   0.0509243
-6.75153   0.0506634
-6.75567   0.0460657
-6.7555   0.0420538
-6.75795   0.0393917
-6.75577   0.0372946
-6.75646   0.0352157
-6.75874   0.0341037
-6.75741   0.0327906
-6.75848   0.0315958
-6.75786   0.0304316
-6.75906   0.0296426
-6.75907   0.0286375
-6.75816   0.0279496
-6.75888   0.0272675
-6.75951   0.0266246
-6.75973   0.0259313
-6.75936   0.0253242
-6.75996   0.0248582
-6.75974   0.0243089
-6.76058   0.0241026
-6.76071   0.0236036
-6.76045   0.0231619
-6.7428   0.0911197
-6.72721   0.119644
-6.7115   0.143078
-6.69742   0.159103
-6.68418   0.171919
-6.6719   0.182009
-6.66043   0.190179
-6.65011   0.19617
-6.63927   0.203047
-6.63011   0.207121
-6.62105   0.211149
-6.61295   0.213871
-6.60508   0.216396
-6.5977   0.218391
-6.59005   0.220878
-6.58317   0.222464
-6.57687   0.223469
-6.57086   0.224265
-6.56455   0.225528
-6.55866   0.226411
-6.55316   0.226955
-6.54771   0.227544
-6.54236   0.228134
-6.53809   0.227721
-6.53361   0.227605
-6.52486   0.233693
-6.51742   0.237462
-6.51095   0.23979
-6.50329   0.244026
-6.49625   0.247261
-6.49058   0.248623
-6.48407   0.251208
-6.4779   0.253354
-6.47199   0.255197
-6.46625   0.256868
-6.46057   0.258529
-6.45542   0.259568
-6.44974   0.261356
-6.44549   0.261495
-6.43997   0.2632
-6.4358   0.263361
-6.43056   0.264822
-6.42639   0.265077
-6.42246   0.265141
-6.41793   0.265911
-6.41354   0.266573
-6.41007   0.266329
-6.40619   0.266538
-6.40227   0.266841
-6.39866   0.266869
-6.39374   0.268507
-6.3894   0.269436
-6.38505   0.270407
-6.38039   0.271819
-6.37667   0.272132
-6.37224   0.273336
-6.36817   0.274124
-6.36432   0.274691
-6.36007   0.275777
-6.35662   0.275966
-6.35238   0.277131
-6.34931   0.276997
-6.34489   0.278492
-6.34169   0.278544
-6.33811   0.279046
-6.33463   0.279462
-6.33092   0.280188
-6.32808   0.280008
-6.325   0.280089
-6.32167   0.280481
-6.31892   0.280295
-6.31572   0.280602
-6.31277   0.28068
-6.31006   0.280543
-6.30731   0.280471
