0  0
1  0
2  0
3  0
4  0
5  0.656204
6  0.656204
7  1.97607
8  1.97607
9  0.892691
10  0.886617
11  0.886617
12  0.886617
13  1.81113
14  1.80742
15  1.44227
16  1.14447
17  1.83954
18  1.79358
19  1.79358
20  1.19588
21  1.39862
22  1.29883
23  1.29883
24  1.29883
25  1.30605
26  1.38558
27  2.74914
28  2.74914
29  2.74914
30  2.74914
31  2.29929
32  2.29929
33  2.29929
34  2.32538
35  2.32538
36  2.16536
37  2.16536
38  2.11425
39  2.2669
40  1.56682
41  1.56682
42  1.56682
43  1.56682
44  1.05428
45  0.543248
46  0.543248
47  0.543248
48  0.936925
49  0.936925
50  0.936925
51  1.0442
52  0.513668
53  1.25343
54  1.25343
55  1.17774
56  1.17774
57  1.57521
58  1.57521
59  1.16771
60  1.16771
61  0.792266
62  0.792266
63  1.04282
64  1.25826
65  1.25826
66  1.13615
67  2.16197
68  1.71403
69  2.33817
70  2.33817
71  1.93171
72  0.824794
73  0.928538
74  0.928538
75  0.709758
76  1.21927
77  1.21927
78  1.1268
79  1.1268
80  1.1268
81  1.15027
82  0.819565
83  0.819565
84  0.980696
85  0.980696
86  0.980696
87  0.967449
88  0.967449
89  0.967449
90  1.67767
91  1.59729
92  1.59729
93  1.59729
94  1.02437
95  1.50867
96  0.878504
97  0.878504
98  0.878504
99  0.798899
100  0.834029
101  1.0426
102  1.0426
103  1.0426
104  1.0426
105  1.71418
106  1.91596
107  1.91596
108  2.28167
109  2.28167
110  2.28167
111  1.23227
112  1.23227
113  1.28991
114  1.28991
115  1.28991
116  1.28991
117  1.28991
118  1.58644
119  1.58644
120  1.2928
121  1.2928
122  2.16413
123  2.18115
124  2.18115
125  2.18115
126  1.78082
127  1.97822
128  2.18035
129  2.25468
130  2.25468
131  2.25468
132  2.98462
133  2.92767
134  1.90894
135  2.21508
136  2.21508
137  1.77042
138  1.77042
139  1.77042
140  1.91176
141  1.91176
142  1.4989
143  1.48403
144  1.48403
145  1.62284
146  1.55609
147  1.55609
148  1.55609
149  1.55609
150  1.09074
151  1.09074
152  0.107779
153  0.107779
154  1.61115
155  1.61115
156  1.61115
157  1.14799
158  0.818743
159  0.818743
160  0.818743
161  1.2876
162  1.2876
163  1.17425
164  0.710084
165  0.710084
166  1.57474
167  1.57474
168  1.57474
169  1.1978
170  0.881627
171  0.874414
172  0.731963
173  0.731963
174  0.731963
175  0.533794
176  0.533794
177  0.533794
178  0.533794
179  0.533794
180  0.533794
181  0.507838
182  0.507838
183  0.507838
184  0.507838
185  0.507838
186  0.507838
187  0.507838
188  0.507838
189  0.507838
190  0.507838
191  0.874932
192  1.29687
193  0.37574
194  1.5083
195  1.5083
196  1.5083
197  1.5083
198  1.61201
199  1.61201
200  1.61201
201  1.61201
202  1.61201
203  2.08464
204  1.54358
205  1.8951
206  1.8951
207  1.79921
208  1.90039
209  1.77004
210  1.74234
211  2.00575
212  2.00575
213  2.00575
214  2.00575
215  0.90527
216  0.695696
217  0.695696
218  0.695696
219  1.26804
220  1.26804
221  1.19371
222  1.19371
223  1.80119
224  1.80119
225  0.924766
226  1.78596
227  1.20877
228  1.36543
229  1.36543
230  1.26874
231  1.32455
232  1.32455
233  1.32455
234  0.690781
235  0.4763
236  0.256638
237  0.256638
238  1.47405
239  1.47405
240  2.21383
241  2.21383
242  2.21383
243  2.36498
244  3.00877
245  2.76358
246  4.1855
247  3.33148
248  3.33148
249  3.42538
250  3.16988
251  2.67496
252  2.03764
253  2.03764
254  2.03764
255  2.34925
256  2.34925
257  2.05443
258  1.68049
259  2.04638
260  1.21622
261  1.1785
262  1.1785
263  1.43829
264  1.43829
265  1.43829
266  0.696032
267  0.696032
268  1.60837
269  1.80532
270  1.61232
271  1.06211
272  0.933987
273  1.45495
274  1.45495
275  1.45495
276  1.45495
277  1.48304
278  1.77011
279  2.42692
280  2.22048
281  1.32853
282  1.17897
283  1.17897
284  1.17897
285  1.17897
286  0.452837
287  0.452837
288  0.452837
289  0.452837
290  0.452837
291  0.452837
292  0.452837
293  0.452837
294  0.279808
295  0.279808
296  0.279808
297  0.279808
298  0.279808
299  1.05797
300  1.05145
301  1.26775
302  1.83133
303  2.06098
304  2.04862
305  2.04862
306  1.73921
307  0.298252
308  0.298252
309  0.298252
310  0.298252
311  1.07414
312  1.07414
313  1.40717
314  1.40717
315  1.40717
316  1.82006
317  0.908731
318  1.37354
319  1.37354
320  1.37354
321  1.0678
322  1.0678
323  0.895453
324  0.895453
325  1.59441
326  1.59441
327  1.95696
328  1.84581
329  1.84581
330  1.25154
331  0.87517
332  0.87517
333  0.87517
334  0.87517
335  0.87517
336  0.774604
337  0.774604
338  1.54397
339  1.54397
340  1.54397
341  1.54397
342  1.78214
343  2.30845
344  2.30845
345  2.30845
346  2.30845
347  2.30845
348  2.30845
349  2.36585
350  2.36585
351  1.65245
352  1.47534
353  1.47534
354  1.47534
355  1.47534
356  1.0247
357  1.0247
358  1.0247
359  1.0247
360  1.27154
361  1.20307
362  1.20307
363  1.20307
364  0.496155
365  0.480948
366  0.930856
367  0.930856
368  0.503295
369  0.253167
370  0.253167
371  0.484179
372  0.484179
373  0.484179
374  1.77014
375  1.89465
376  1.6324
377  1.6324
378  1.6324
379  1.6324
380  2.1063
381  2.3393
382  2.3393
383  2.24037
384  2.78229
385  3.16426
386  2.56038
387  2.52508
388  2.52508
389  1.64051
390  1.64051
391  2.25943
392  1.73843
393  1.64298
394  1.64298
395  1.64298
396  1.3875
397  1.3875
398  0.923909
399  1.09431
400  1.09431
401  1.11525
402  1.11525
403  1.11525
404  0.711465
405  1.60739
406  1.60739
407  1.39178
408  0.832318
409  1.78621
410  1.24655
411  1.24655
412  1.24655
413  1.24655
414  1.14909
415  1.14909
416  2.03936
417  2.03936
418  3.31306
419  3.68209
420  3.93133
421  3.93133
422  3.56386
423  3.81039
424  2.87951
425  2.7942
426  2.7942
427  2.14173
428  2.14173
429  2.14173
430  2.14173
431  3.14721
432  3.14721
433  3.14721
434  3.26688
435  3.26688
436  3.89973
437  3.90486
438  3.11536
439  2.37129
440  2.25294
441  1.37557
442  0.951718
443  0.56696
444  0.56696
445  0.56696
446  0.56696
447  0.56696
448  0.56696
449  0.955482
450  0.788419
451  1.33874
452  1.33874
453  0.54512
454  1.52602
455  1.52602
456  1.52602
457  1.52602
458  1.52602
459  1.84749
460  0.895531
461  0.895531
462  0.895531
463  0.895531
464  0.895531
465  0.895531
466  0.945492
467  0.945492
468  0.815196
469  0.815196
470  0.815196
471  0.553632
472  1.11537
473  1.94057
474  1.40389
475  1.19699
476  0.693838
477  0.693838
478  0.693838
479  0.693838
480  0.693838
481  0.693838
482  0.693838
483  0.693838
484  0.948356
485  0.948356
486  1.52352
487  1.76322
488  0.865916
489  1.00604
490  1.00604
491  1.00604
492  0.761118
493  0.761118
494  0.761118
495  0.761118
496  0.761118
497  0.761118
498  0.761118
499  0.761118
500  1.69435
501  2.19466
502  1.31598
503  1.31598
504  1.31598
505  1.30723
506  1.30723
507  0.383403
508  0.383403
509  0.552811
510  0.552811
511  0.552811
512  0.552811
513  0.552811
514  0.552811
515  0.552811
516  0.552811
517  0.532718
518  0.8054
519  0.8054
520  1.026
521  1.026
522  1.25607
523  1.25607
524  0.498284
525  0.498284
526  0.498284
527  0.498284
528  0.498284
529  0.498284
530  0.498284
531  0.498284
532  0.498284
533  0.498284
534  0.498284
535  0.498284
536  0.528621
537  0.528621
538  0.528621
539  0.528621
540  0.528621
541  0.607657
542  0.607657
543  0.607657
544  0.607657
545  0.607657
546  0.607657
547  0.917681
548  0.917681
549  0.917681
550  0.917681
551  1.16839
552  1.63901
553  1.52845
554  1.52845
555  1.52845
556  0.604518
557  0.604518
558  0.604518
559  0.604518
560  0.604518
561  0.53117
562  0.53117
563  0.53117
564  0.53117
565  0.53117
566  0.53117
567  0.53117
568  0.53117
569  0.250279
570  0.250279
571  0.250279
572  0.250279
573  0.250279
574  0.250279
575  0.250279
576  0.250279
577  0.250279
578  0.479926
579  1.46945
580  1.46945
581  0.424148
582  0.424148
583  1.50021
584  1.50021
585  1.69369
586  1.46097
587  1.46097
588  1.23992
589  1.61751
590  1.263
591  1.263
592  1.84711
593  1.84711
594  1.84711
595  1.84711
596  1.84711
597  1.30934
598  1.32786
599  1.32786
600  1.32786
601  2.19815
602  1.90356
603  1.90356
604  1.89294
605  1.89294
606  1.90697
607  2.03033
608  0.960339
609  0.960339
610  0.986147
611  0.986147
612  0.986147
613  0.832486
614  0.832486
615  0.832486
616  0.832486
617  2.58016
618  2.58016
619  2.7503
620  2.7503
621  2.40725
622  2.26547
623  2.95781
624  2.95781
625  2.95781
626  2.95781
627  3.62886
628  2.83064
629  3.21397
630  2.78107
631  2.78107
632  2.55035
633  1.70574
634  1.36709
635  0.666816
636  1.11848
637  0.786669
638  1.4171
639  1.04009
640  1.04009
641  1.04009
642  1.04009
643  1.25695
644  2.31866
645  1.19288
646  1.19288
647  1.19288
648  1.42842
649  1.3698
650  1.3698
651  2.13295
652  0.526609
653  0.741718
654  0.741718
655  1.02462
656  1.02462
657  1.02462
658  1.02462
659  1.02462
660  1.02462
661  0.817031
662  0.817031
663  1.63148
664  1.63148
665  1.63148
666  1.86756
667  1.64108
668  2.74572
669  2.11043
670  3.09865
671  3.09865
672  3.09865
673  3.60748
674  3.49241
675  3.49241
676  3.46783
677  3.22449
678  3.80006
679  4.22572
680  4.22572
681  4.22572
682  3.30565
683  2.39512
684  2.39512
685  2.5795
686  2.49413
687  2.49413
688  2.49413
689  1.85259
690  1.35906
691  0.693921
692  0.693921
693  0.693921
694  0.693921
695  0.693921
696  0.693921
697  0.693921
698  1.91474
699  1.84755
700  1.84755
701  2.11524
702  2.70577
703  2.76637
704  2.33022
705  1.24933
706  1.24933
707  1.24933
708  1.37331
709  1.42082
710  0.416093
711  0.416093
712  0.416093
713  0.40923
714  1.15954
715  1.17743
716  0.940952
717  0.506668
718  0.506668
719  0.506668
720  0.506668
721  0.506668
722  0.506668
723  0.506668
724  0.506668
725  0.526346
726  0.526346
727  0.526346
728  0.526346
729  0.526346
730  1.32556
731  1.32556
732  1.32556
733  1.11418
734  1.11418
735  1.56309
736  2.54244
737  2.54244
738  2.54244
739  3.56925
740  2.4666
741  1.00236
742  1.00236
743  1.00236
744  1.98213
745  1.98213
746  1.80031
747  2.16029
748  2.16029
749  2.16029
750  1.23975
751  1.23975
752  1.23975
753  0.830058
754  1.36606
755  1.36606
756  1.36606
757  1.90484
758  1.90484
759  2.20161
760  2.20161
761  2.20161
762  2.20161
763  1.97264
764  1.97264
765  1.34672
766  1.34672
767  1.34672
768  1.8344
769  1.64084
770  1.21864
771  1.21864
772  1.21864
773  1.21864
774  1.23141
775  1.23141
776  1.23141
777  1.23141
778  0.870672
779  0.870672
780  1.41239
781  1.41239
782  1.30526
783  1.26726
784  1.26726
785  1.26726
786  1.26726
787  1.35333
788  1.13655
789  1.13655
790  0.552055
791  0.552055
792  0.552055
793  0.552055
794  0.872675
795  0.521369
796  0.548655
797  0.548655
798  0.548655
799  0.507294
800  0.507294
801  0.507294
802  0.507294
803  0.507294
804  0.485295
805  0.634094
806  0.634094
807  0.634094
808  0.634094
809  1.59437
810  1.59437
811  1.59437
812  2.74118
813  2.74118
814  2.74118
815  2.74118
816  2.88245
817  1.92779
818  1.63613
819  1.80867
820  1.80867
821  1.83693
822  1.45147
823  1.45147
824  2.58265
825  3.49905
826  3.75623
827  3.75623
828  4.16162
829  4.16162
830  3.57097
831  3.52941
832  3.51884
833  3.51884
834  4.02178
835  4.02178
836  4.02178
837  4.02178
838  3.92542
839  3.26561
840  3.26561
841  3.24389
842  3.24389
843  3.24389
844  3.24389
845  3.35132
846  3.35132
847  2.20839
848  1.56887
849  1.67001
850  1.52203
851  2.09071
852  2.09071
853  1.42914
854  1.42914
855  1.3971
856  0.699697
857  0.711014
858  0.563499
859  0.563499
860  0.563499
861  0.563499
862  1.07517
863  1.07517
864  1.63827
865  1.63827
866  1.63827
867  1.09573
868  0.897473
869  0.897473
870  0.897473
871  1.22165
872  0.795137
873  0.446678
874  0.446678
875  1.14569
876  1.14569
877  1.41154
878  1.88534
879  2.13439
880  2.13439
881  3.07803
882  3.07803
883  2.69999
884  2.9289
885  2.92751
886  2.12126
887  1.38085
888  1.38085
889  1.38085
890  1.63824
891  1.50301
892  1.50301
893  1.50301
894  1.70341
895  1.29318
896  0.266774
897  0.266774
898  0.266774
899  0.266774
900  0.266774
901  0.266774
902  0.266774
903  0.266774
904  0.266774
905  0.266774
906  0.266774
907  0.266774
908  0.421446
909  0.421446
910  0.421446
911  0.955704
912  1.96979
913  1.96979
914  1.80633
915  1.80633
916  1.80633
917  2.6913
918  2.6913
919  2.7882
920  2.70116
921  2.70116
922  2.84333
923  2.42082
924  2.42082
925  2.46516
926  2.46516
927  2.46516
928  1.4513
929  1.4513
930  1.45045
931  0.732498
932  0.732498
933  0.369756
934  0.369756
935  0.723386
936  0.723386
937  0.723386
938  0.723386
939  0.723386
940  0.723386
941  0.723386
942  0.723386
943  0.723386
944  0.723386
945  0.723386
946  0.723386
947  0.723386
948  0.598261
949  0.598261
950  0.812075
951  0.556307
952  0.556307
953  0.556307
954  0.556307
955  0.556307
956  0.556307
957  0.556307
958  1.23641
959  1.23641
960  1.30216
961  1.51606
962  1.51606
963  2.4675
964  3.12774
965  2.99074
966  2.99074
967  2.99074
968  2.99738
969  2.99738
970  2.05717
971  2.05717
972  2.05717
973  2.05717
974  1.69273
975  1.72938
976  1.96289
977  1.96289
978  1.27531
979  1.27531
980  1.27531
981  1.55744
982  1.95787
983  2.22884
984  2.97303
985  2.3709
986  2.3709
987  2.09735
988  2.69143
989  2.72062
990  2.72062
991  3.9835
992  3.05719
993  3.05719
994  2.87355
995  2.71394
996  2.13019
997  2.13019
998  1.74578
999  1.6826
1000  1.6826
1001  1.6826
1002  1.6826
1003  1.6826
1004  1.63349
1005  2.11321
1006  2.11321
1007  2.11321
1008  2.11321
1009  2.11321
1010  2.11321
1011  2.22831
1012  1.90688
1013  1.90688
1014  2.15576
1015  2.15576
1016  1.26165
1017  0.934448
1018  1.21382
1019  1.03149
1020  0.364834
1021  0.364834
1022  0.364834
1023  1.0161
1024  1.0161
1025  1.30023
1026  1.30023
1027  1.00142
1028  1.00142
1029  0.355411
1030  1.34493
1031  1.34493
1032  1.25061
1033  1.25061
1034  1.25061
1035  1.25061
1036  1.25061
1037  1.25061
1038  1.25061
1039  1.25061
1040  1.25061
1041  1.91874
1042  1.21713
1043  1.28478
1044  0.50904
1045  0.50904
1046  0.723929
1047  0.723929
1048  0.723929
1049  1.12314
1050  1.21765
1051  1.05438
1052  1.05438
1053  1.05438
1054  1.05438
1055  1.05438
1056  1.7601
1057  1.7601
1058  2.11132
1059  2.11132
1060  2.63217
1061  2.36746
1062  1.88405
1063  1.88405
1064  1.88405
1065  1.89732
1066  1.89732
1067  1.89732
1068  1.36377
1069  1.36377
1070  1.49167
1071  1.87025
1072  1.93858
1073  2.02868
1074  2.02868
1075  2.61564
1076  1.73908
1077  1.73908
1078  1.73908
1079  1.14847
1080  1.14847
1081  1.36327
1082  1.15807
1083  0.866863
1084  1.9006
1085  2.1577
1086  2.1577
1087  1.86942
1088  1.56462
1089  1.12028
1090  0.379328
1091  0.379328
1092  0.379328
1093  1.04878
1094  0.460162
1095  0.725135
1096  1.08429
1097  1.08429
1098  1.3295
1099  1.20021
1100  1.01127
1101  1.38244
1102  1.38244
1103  1.94292
1104  1.96997
1105  1.96997
1106  1.50752
1107  1.50752
1108  0.790796
1109  0.526103
1110  1.01745
1111  1.01745
1112  1.45868
1113  0.99545
1114  0.99545
1115  0.857388
1116  0.857388
1117  1.18602
1118  0.820726
1119  0.820726
1120  0.820726
1121  0.820726
1122  0.820726
1123  0.475782
1124  0.475782
1125  0.475782
1126  0.475782
1127  1.17106
1128  1.1064
1129  2.16036
1130  2.16036
1131  2.62327
1132  2.62327
1133  3.06799
1134  2.9943
1135  2.9943
1136  2.9943
1137  2.9943
1138  2.9943
1139  2.77142
1140  2.77142
1141  2.77142
1142  2.58669
1143  2.54238
1144  2.37911
1145  2.37911
1146  2.16541
1147  2.16541
1148  2.50999
1149  2.82752
1150  2.43885
1151  2.65732
1152  1.42793
1153  1.42793
1154  1.42793
1155  1.42793
1156  1.42793
1157  1.42793
1158  1.43334
1159  1.43334
1160  1.43651
1161  1.3917
1162  1.3917
1163  1.3917
1164  1.3917
1165  0.709428
1166  0.834242
1167  0.834242
1168  0.834242
1169  0.482097
1170  0.482097
1171  1.39554
1172  1.24606
1173  1.05377
1174  0.672193
1175  0.672193
1176  0.672193
1177  0.672193
1178  0.672193
1179  1.35646
1180  1.14521
1181  1.46612
1182  1.46612
1183  1.46612
1184  1.6268
1185  1.29366
1186  1.29366
1187  1.35595
1188  1.35595
1189  1.35595
1190  0.275568
1191  0.275568
1192  0.476394
1193  0.476394
1194  0.476394
1195  0.476394
1196  0.476394
1197  0.476394
1198  0.476394
1199  0.476394
1200  0.476394
1201  0.476394
1202  0.476394
1203  1.1799
1204  1.1799
1205  1.16763
1206  1.16763
1207  1.16763
1208  1.1843
1209  1.1843
1210  1.1843
1211  0.507609
1212  0.507609
1213  0.507609
1214  0.507609
1215  0.700439
1216  0.700439
1217  0.700439
1218  0.677541
1219  0.677541
1220  0.544743
1221  0.544743
1222  0.544743
1223  0.544743
1224  0.544743
1225  0.544743
1226  1.20043
1227  1.21182
1228  1.21182
1229  1.14065
1230  1.06007
1231  0.609772
1232  0.609772
1233  0.609772
1234  0.609772
1235  1.00695
1236  1.00695
1237  0.54184
1238  0.54184
1239  0.54184
1240  0.54184
1241  0.54184
1242  0.54184
1243  0.843181
1244  0.115444
1245  1.44999
1246  1.44999
1247  1.44999
1248  1.44964
1249  1.44964
1250  1.44964
1251  1.44964
1252  1.53349
1253  0.695218
1254  0.695218
1255  0.695218
1256  0.734577
1257  1.65732
1258  1.65732
1259  1.65732
1260  1.65732
1261  1.47924
1262  1.57516
1263  1.57516
1264  1.57516
1265  2.61749
1266  2.94711
1267  2.94711
1268  3.01277
1269  3.16264
1270  3.51448
1271  3.51448
1272  3.51448
1273  3.10356
1274  3.10356
1275  3.10356
1276  3.10356
1277  2.99004
1278  2.62362
1279  2.62362
1280  3.00341
1281  2.70558
1282  2.83568
1283  3.10952
1284  3.10952
1285  2.29704
1286  2.29704
1287  2.29704
1288  3.56543
1289  3.60505
1290  2.35516
1291  2.98798
1292  3.04413
1293  2.84894
1294  2.43436
1295  1.47308
1296  1.47308
1297  1.19851
1298  0.978582
1299  0.397753
1300  0.397753
1301  0.397753
1302  0.397753
1303  0.397753
1304  0.397753
1305  0.397753
1306  0.397753
1307  0.397753
1308  0.397753
1309  0.397753
1310  1.1721
1311  1.29477
1312  0.603529
1313  0.603529
1314  0.603529
1315  0.603529
1316  0.603529
1317  0.603529
1318  0.603529
1319  0.652968
1320  0.652968
1321  0.652968
1322  0.884751
1323  0.884751
1324  1.18613
1325  0.638346
1326  0.868554
1327  0.868554
1328  1.08419
1329  1.08419
1330  1.08419
1331  1.08419
1332  1.64863
1333  1.64863
1334  1.60176
1335  1.87262
1336  1.87262
1337  1.56257
1338  1.56257
1339  1.56257
1340  1.56257
1341  1.56257
1342  1.63563
1343  1.34075
1344  0.921962
1345  0.921962
1346  0.339657
1347  0.856743
1348  0.856743
1349  0.856743
1350  0.856743
1351  0.856743
1352  0.856743
1353  0.856743
1354  0.856743
1355  0.856743
1356  1.01342
1357  1.28452
1358  1.28452
1359  1.60554
1360  0.893581
1361  0.893581
1362  0.893581
1363  0.585314
1364  0.349996
1365  0.349996
1366  1.62834
1367  1.55434
1368  1.88455
1369  1.88455
1370  1.88455
1371  1.88455
1372  1.31172
1373  1.31172
1374  0.843782
1375  0.843782
1376  0.666116
1377  0.666116
1378  1.54676
1379  1.5614
1380  1.73083
1381  1.73083
1382  1.9116
1383  2.18846
1384  0.956965
1385  1.34562
1386  1.34562
1387  0.754431
1388  1.03954
1389  1.80526
1390  3.04288
1391  3.04288
1392  3.04288
1393  3.04288
1394  3.04288
1395  3.04288
1396  2.74571
1397  1.36845
1398  1.36845
1399  1.36845
1400  0.313298
1401  0.313298
1402  0.243117
1403  0.243117
1404  0.243117
1405  0.243117
1406  1.10536
1407  0.693603
1408  0.693603
1409  0.693603
1410  0.693603
1411  0.693603
1412  0.693603
1413  0.693603
1414  0.693603
1415  1.39569
1416  1.39569
1417  1.1954
1418  1.22015
1419  1.22015
1420  2.21575
1421  2.14265
1422  2.14265
1423  2.61054
1424  3.46345
1425  3.27489
1426  2.07338
1427  0.98591
1428  1.90673
1429  1.07166
1430  1.07166
1431  0.908327
1432  0.908327
1433  0.908327
1434  1.30099
1435  1.30099
1436  1.30031
1437  0.563895
1438  0.563895
1439  0.563895
1440  1.52254
1441  1.44532
1442  1.88564
1443  1.88564
1444  2.40864
1445  1.57833
1446  0.888095
1447  0.888095
1448  1.78781
1449  1.63988
1450  1.63988
1451  0.710273
1452  0.710273
1453  0.423082
1454  0.423082
1455  0.423082
1456  0.727035
1457  0.727035
1458  0.727035
1459  1.40481
1460  1.40481
1461  1.40481
1462  0.568484
1463  0.568484
1464  0.568484
1465  1.57263
1466  1.57263
1467  1.54692
1468  1.53051
1469  1.53051
1470  1.53051
1471  1.96356
1472  1.96356
1473  0.818292
1474  0.818292
1475  1.74611
1476  1.55595
1477  1.55595
1478  1.70512
1479  1.70512
1480  1.79562
1481  2.23745
1482  2.94483
1483  1.56328
1484  2.09263
1485  2.91099
1486  3.28939
1487  2.83936
1488  2.83936
1489  2.83936
1490  2.83936
1491  2.67665
1492  3.11478
1493  4.01978
1494  3.72908
1495  2.74345
1496  2.74345
1497  2.74345
1498  2.36681
1499  2.36681
1500  2.36681
1501  2.2184
1502  2.2184
1503  2.50898
1504  3.07511
1505  3.07511
1506  3.14467
1507  3.14467
1508  3.33122
1509  3.33122
1510  3.08729
1511  3.08729
1512  2.2217
1513  1.83176
1514  1.36623
1515  0.6447
1516  1.18528
1517  1.18528
1518  1.18528
1519  1.18528
1520  1.64561
1521  0.781607
1522  0.634533
1523  1.84509
1524  1.84509
1525  1.13351
1526  1.13351
1527  1.13351
1528  1.28766
1529  2.3492
1530  2.11498
1531  2.26908
1532  2.26908
1533  2.26908
1534  3.07363
1535  3.07363
1536  3.07363
1537  2.751
1538  2.76286
1539  2.73235
1540  2.88981
1541  2.77547
1542  1.68871
1543  2.38118
1544  2.50322
1545  2.50322
1546  2.72084
1547  1.38929
1548  1.35364
1549  1.16101
1550  1.16101
1551  0.836519
1552  0.777179
1553  0.405243
1554  0.405243
1555  1.25665
1556  1.25665
1557  1.25665
1558  1.25665
1559  1.25665
1560  1.25665
1561  1.1481
1562  1.15718
1563  1.15718
1564  1.88596
1565  1.88596
1566  1.01584
1567  1.29543
1568  2.31975
1569  2.49803
1570  2.41809
1571  2.41809
1572  2.41809
1573  2.41809
1574  2.41809
1575  2.41809
1576  2.41809
1577  2.97158
1578  2.31459
1579  0.840546
1580  0.587545
1581  0.587545
1582  1.46766
1583  0.698048
1584  0.698048
1585  0.698048
1586  0.698048
1587  0.698048
1588  1.78736
1589  1.78736
1590  1.78736
1591  1.8886
1592  1.69683
1593  1.69683
1594  1.69683
1595  0.690421
1596  0.929355
1597  0.929355
1598  0.929355
1599  1.04613
1600  1.04613
1601  1.04613
1602  1.74573
1603  0.849153
1604  0.849153
1605  0.849153
1606  0.849153
1607  0.747672
1608  0.747672
1609  0.220588
1610  0.220588
1611  0.220588
1612  0.220588
1613  0.220588
1614  0.220588
1615  0.220588
1616  0.220588
1617  0.220588
1618  0.220588
1619  0.220588
1620  0.220588
1621  0.220588
1622  0.220588
1623  0.220588
1624  0.220588
1625  0.220588
1626  0.994608
1627  1.13702
1628  0.809973
1629  1.1693
1630  1.1693
1631  1.63487
1632  1.63487
1633  1.63487
1634  1.83575
1635  1.83575
1636  1.81353
1637  2.64906
1638  2.64906
1639  2.38636
1640  1.38963
1641  2.25553
1642  2.08441
1643  1.91352
1644  2.41587
1645  2.41587
1646  2.69587
1647  3.09266
1648  2.31066
1649  2.31066
1650  2.31066
1651  2.31066
1652  2.31711
1653  2.31711
1654  2.09428
1655  2.09428
1656  2.04844
1657  1.90287
1658  2.664
1659  2.664
1660  2.664
1661  2.664
1662  2.5094
1663  2.5094
1664  2.5094
1665  2.53102
1666  2.18728
1667  1.81296
1668  1.73257
1669  0.666538
1670  0.667442
1671  0.80778
1672  1.6452
1673  1.20121
1674  1.60587
1675  1.60587
1676  1.60587
1677  1.62164
1678  0.778589
1679  0.995663
1680  0.90046
1681  1.81363
1682  0.679387
1683  0.679387
1684  1.12116
1685  1.34256
1686  2.02647
1687  1.08103
1688  0.779574
1689  1.35325
1690  1.35325
1691  1.35325
1692  1.41014
1693  1.08706
1694  0.9851
1695  0.9851
1696  0.9851
1697  1.01693
1698  1.01693
1699  1.01693
1700  1.01693
1701  2.1867
1702  2.1867
1703  1.46447
1704  1.46447
1705  1.59026
1706  1.59026
1707  1.55012
1708  1.78624
1709  1.78624
1710  0.546289
1711  0.546289
1712  0.546289
1713  0.546289
1714  0.546289
1715  0.546289
1716  1.52531
1717  0.475706
1718  0.475706
1719  0.492552
1720  0.392374
1721  0.854832
1722  0.854832
1723  0.783672
1724  0.796148
1725  0.511719
1726  0.511719
1727  0.511719
1728  0.496854
1729  1.40031
1730  1.40031
1731  1.40031
1732  1.87605
1733  1.87605
1734  0.917101
1735  0.860144
1736  0.814853
1737  0.814853
1738  1.00926
1739  0.959289
1740  0.959289
1741  0.959289
1742  0.743042
1743  0.743042
1744  0.526672
1745  0.526672
1746  0.526672
1747  0.526672
1748  0.526672
1749  0.526672
1750  0.526672
1751  0.929082
1752  0.929082
1753  0.929082
1754  0.929082
1755  0.929082
1756  0.929082
1757  0.929082
1758  0.929082
1759  0.929082
1760  0.929082
1761  0.929082
1762  0.929082
1763  1.2847
1764  1.14087
1765  1.14087
1766  1.14087
1767  1.23822
1768  1.52206
1769  1.52206
1770  1.52206
1771  1.69815
1772  1.69815
1773  1.69815
1774  1.69815
1775  1.71283
1776  1.71283
1777  1.71283
1778  1.92857
1779  1.92857
1780  1.92857
1781  1.27683
1782  1.17418
1783  1.17418
1784  1.17418
1785  1.83271
1786  2.23678
1787  2.23678
1788  1.63131
1789  2.36397
1790  2.36397
1791  1.90528
1792  1.90528
1793  1.90528
1794  1.26264
1795  1.26264
1796  0.508602
1797  1.46551
1798  2.00088
1799  3.06132
1800  2.47575
1801  2.47575
1802  2.47575
1803  2.47575
1804  2.34338
1805  2.45405
1806  2.45405
1807  1.6981
1808  2.13561
1809  1.72152
1810  1.76667
1811  1.08959
1812  1.08959
1813  0.936939
1814  1.04476
1815  1.25868
1816  1.25868
1817  1.25868
1818  1.25868
1819  1.25868
1820  1.17419
1821  1.17419
1822  1.02644
1823  1.02644
1824  1.02644
1825  1.02644
1826  1.02644
1827  1.02644
1828  0.907642
1829  1.52704
1830  1.01213
1831  1.09371
1832  1.13966
1833  1.13966
1834  1.1506
1835  1.1506
1836  1.43451
1837  1.1739
1838  1.1739
1839  1.74144
1840  1.64935
1841  1.24528
1842  0.818566
1843  0.7018
1844  0.7018
1845  0.7018
1846  1.04487
1847  1.04835
1848  1.04835
1849  1.04835
1850  1.40752
1851  2.49362
1852  2.49362
1853  3.60928
1854  3.60928
1855  3.60928
1856  4.23276
1857  4.23276
1858  4.23276
1859  4.23276
1860  4.2031
1861  4.27343
1862  4.27343
1863  4.27343
1864  4.27343
1865  4.27343
1866  4.27343
1867  4.27343
1868  3.40436
1869  1.95499
1870  1.95499
1871  1.95499
1872  1.95499
1873  2.12562
1874  1.83094
1875  1.83094
1876  1.17223
1877  1.17223
1878  1.61053
1879  1.39707
1880  1.69386
1881  2.13676
1882  1.66403
1883  1.33812
1884  1.67909
1885  2.30065
1886  2.2466
1887  2.2466
1888  1.48725
1889  1.48725
1890  1.48725
1891  1.48725
1892  1.48725
1893  2.23179
1894  2.23179
1895  1.79477
1896  1.79477
1897  1.45868
1898  1.45868
1899  1.38826
1900  1.38826
1901  1.38826
1902  1.38826
1903  2.02254
1904  2.06692
1905  2.21769
1906  2.77086
1907  2.77086
1908  2.77086
1909  2.50719
1910  2.50719
1911  2.50719
1912  2.00671
1913  2.00671
1914  2.00671
1915  2.10232
1916  1.73654
1917  1.73654
1918  1.15872
1919  1.15872
1920  1.2111
1921  1.2111
1922  1.2111
1923  0.981601
1924  0.981601
1925  0.981601
1926  0.981601
1927  0.981601
1928  0.981601
1929  0.981601
1930  1.26394
1931  1.26394
1932  2.02597
1933  1.81427
1934  0.963437
1935  0.824906
1936  0.529566
1937  0.801924
1938  1.74333
1939  1.40543
1940  1.40543
1941  1.28759
1942  0.585006
1943  0.585006
1944  0.585006
1945  0.687622
1946  0.687622
1947  0.687622
1948  0.646094
1949  0.273316
1950  0.273316
1951  0.273316
1952  0.273316
1953  0.273316
1954  0.273316
1955  0.273316
1956  0.273316
1957  0.273316
1958  0.273316
1959  0.273316
1960  0.273316
1961  0.273316
1962  0.908868
1963  0.934312
1964  0.934312
1965  1.07777
1966  1.07777
1967  1.07777
1968  1.07777
1969  1.07777
1970  1.07777
1971  0.690481
1972  1.15637
1973  1.07508
1974  1.07508
1975  1.07508
1976  1.07508
1977  1.27587
1978  1.27587
1979  1.27587
1980  1.47375
1981  1.47375
1982  1.47375
1983  1.47375
1984  1.47375
1985  0.811342
1986  0.811342
1987  0.811342
1988  0.863469
1989  0.863469
1990  0.731409
1991  0.731409
1992  1.68852
1993  0.791921
1994  0.791921
1995  0.791921
1996  1.16003
1997  1.16003
1998  1.16003
1999  1.16003
