0  2.7867
1  2.7867
2  2.7867
3  2.14787
4  3.19894
5  3.19894
6  3.19894
7  3.59695
8  4.15267
9  4.15267
10  6.56099
11  6.56099
12  6.56099
13  6.23868
14  6.23868
15  6.23868
16  6.23868
17  6.23868
18  6.23868
19  6.2725
20  5.96629
21  5.96629
22  5.96629
23  5.96629
24  6.15743
25  5.55391
26  5.77095
27  3.83426
28  2.80233
29  2.80233
30  2.80233
31  4.44458
32  5.89755
33  5.59892
34  6.13234
35  3.33493
36  3.39891
37  3.39891
38  2.62962
39  2.23835
40  2.23835
41  4.84937
42  2.10742
43  2.10742
44  2.10742
45  2.10742
46  3.64186
47  3.64186
48  3.64186
49  3.64186
50  3.64186
51  5.19195
52  5.19195
53  5.19195
54  3.15297
55  3.15297
56  3.15297
57  3.15297
58  3.15297
59  3.40609
60  3.40609
61  2.30398
62  2.30398
63  2.30398
64  4.75171
65  4.75171
66  3.69278
67  3.69278
68  3.39472
69  1.63611
70  1.63611
71  1.32345
72  2.66277
73  3.23093
74  3.08673
75  2.47792
76  5.04969
77  6.16341
78  5.71666
79  3.41431
80  3.01573
81  2.62833
82  2.62833
83  2.62833
84  4.88022
85  8.09109
86  8.09109
87  7.09146
88  7.09146
89  7.09146
90  7.09146
91  7.09146
92  8.05048
93  6.49391
94  6.49391
95  7.67362
96  5.92417
97  4.89453
98  4.99537
99  4.99537
100  4.99537
101  4.99537
102  4.05112
103  4.05112
104  2.54756
105  2.54756
106  2.54756
107  2.54756
108  2.54756
109  2.54756
110  2.46488
111  2.46488
112  2.46488
113  2.46488
114  2.46488
115  2.46488
116  2.46488
117  2.81568
118  2.81568
119  2.81568
120  2.81568
121  2.81568
122  2.94631
123  2.94631
124  2.94631
125  2.94631
126  2.94631
127  3.14753
128  3.14753
129  3.14753
130  4.02695
131  4.02695
132  7.00308
133  7.00308
134  5.50028
135  5.50028
136  5.50028
137  5.50028
138  5.2612
139  5.2612
140  5.2612
141  5.2612
142  4.66977
143  3.23622
144  4.57916
145  4.57916
146  4.57916
147  4.57916
148  4.57916
149  5.59077
150  5.59077
151  5.59077
152  5.96804
153  5.96804
154  5.96804
155  5.96804
156  5.96804
157  5.96804
158  5.96804
159  5.96804
160  5.90328
161  6.05656
162  3.05391
163  2.54707
164  1.87805
165  2.74631
166  3.85481
167  2.67189
168  2.67189
169  2.67189
170  2.67189
171  2.67189
172  2.67189
173  2.67189
174  2.67189
175  2.67189
176  2.67189
177  2.67189
178  2.44866
179  2.44866
180  2.44866
181  2.44866
182  2.06956
183  2.06956
184  2.06956
185  4.31791
186  4.31791
187  4.31791
188  4.31791
189  7.20556
190  7.20556
191  7.20556
192  7.20556
193  7.20556
194  7.20556
195  7.14288
196  6.16069
197  6.16069
198  6.199
199  3.59218
200  2.38248
201  2.38248
202  2.51356
203  3.27179
204  3.27179
205  3.66079
206  6.08407
207  7.3501
208  5.80966
209  5.80966
210  4.52639
211  3.26186
212  3.40468
213  3.41701
214  2.28551
215  5.4052
216  1.54041
217  1.54041
218  1.54041
219  1.61341
220  1.61341
221  1.61341
222  1.61341
223  3.22265
224  3.22265
225  3.22265
226  3.58951
227  3.03621
228  3.03621
229  2.51948
230  2.51948
231  4.43637
232  4.43637
233  1.8228
234  2.54205
235  4.12433
236  4.12433
237  4.12433
238  7.33254
239  7.33254
240  7.1205
241  7.1205
242  4.56532
243  4.56532
244  1.82218
245  4.74923
246  7.06408
247  8.38204
248  5.73083
249  5.10277
250  3.78698
251  3.78698
252  3.78698
253  5.35631
254  5.92942
255  5.92942
256  6.62542
257  5.95041
258  5.95041
259  5.95041
260  5.95041
261  6.67831
262  6.67831
263  8.15527
264  8.91008
265  8.67872
266  9.01235
267  9.01235
268  9.01235
269  9.48825
270  9.48825
271  6.12535
272  4.29353
273  4.29353
274  4.29353
275  4.69117
276  4.69117
277  5.55879
278  5.55879
279  5.55879
280  3.80219
281  3.80219
282  3.09807
283  3.09807
284  3.09807
285  5.52431
286  4.61287
287  4.81878
288  4.81878
289  4.37451
290  3.04394
291  3.04394
292  3.04394
293  3.04394
294  3.04394
295  3.04394
296  3.04394
297  3.04394
298  3.04394
299  3.04394
300  3.04394
301  3.04394
302  3.04394
303  3.17448
304  5.60775
305  3.58447
306  5.34768
307  5.34768
308  5.96339
309  6.54209
310  6.54209
311  6.54209
312  6.54209
313  6.54209
314  5.70852
315  5.70852
316  6.79131
317  5.52506
318  4.91258
319  4.91258
320  4.91258
321  4.91258
322  4.91258
323  4.91258
324  5.90433
325  5.90433
326  5.90433
327  5.90433
328  5.90433
329  5.90433
330  6.44475
331  3.11769
332  5.0149
333  4.27174
334  4.22155
335  3.36164
336  2.4948
337  2.56448
338  2.30729
339  2.30729
340  2.30729
341  3.12406
342  3.12406
343  3.5233
344  3.5233
345  5.66936
346  5.66936
347  3.86622
348  3.86622
349  3.50488
350  3.50488
351  4.22307
352  5.69026
353  6.4968
354  4.85657
355  4.85657
356  4.85657
357  5.12888
358  5.31723
359  4.68953
360  4.68953
361  4.68953
362  4.68953
363  3.58669
364  3.58669
365  3.58669
366  6.00386
367  6.00386
368  5.62256
369  5.62256
370  5.62256
371  3.62986
372  5.04114
373  5.04114
374  4.57028
375  4.41658
376  4.41658
377  4.41658
378  4.75299
379  4.75299
380  4.9702
381  5.54324
382  4.56831
383  4.56831
384  5.11907
385  5.15063
386  5.15063
387  3.50966
388  3.50966
389  3.50966
390  3.50966
391  3.50966
392  3.50966
393  3.50966
394  3.50966
395  3.50966
396  4.33413
397  4.33413
398  4.47418
399  2.07213
400  2.64669
401  2.64669
402  5.02613
403  5.02613
404  3.7384
405  4.18433
406  4.18433
407  4.18433
408  4.18433
409  4.18433
410  4.18433
411  3.45204
412  5.511
413  5.511
414  6.09958
415  6.09958
416  7.90771
417  7.90771
418  6.58551
419  3.69429
420  1.3533
421  1.3533
422  1.3533
423  3.04215
424  0.546771
425  3.24888
426  4.66796
427  4.99636
428  4.99636
429  3.09288
430  3.29828
431  3.92403
432  3.92403
433  4.61703
434  4.35933
435  4.19399
436  3.51979
437  2.85615
438  2.85615
439  4.09909
440  4.09909
441  6.16624
442  9.70677
443  12.2387
444  13.3087
445  13.3087
446  13.7086
447  12.4778
448  11.2943
449  11.2943
450  12.6818
451  12.1016
452  12.1016
453  10.8212
454  10.8212
455  9.70708
456  9.70708
457  7.82167
458  7.82167
459  7.82167
460  7.82167
461  8.57448
462  8.57448
463  8.25151
464  5.27507
465  5.99208
466  5.99208
467  4.89986
468  4.89986
469  6.52636
470  6.52636
471  6.5564
472  6.5564
473  6.5564
474  6.26976
475  7.17811
476  7.17811
477  7.17811
478  5.87209
479  6.26792
480  4.57893
481  3.50544
482  3.50544
483  3.50544
484  3.50544
485  3.80548
486  3.11463
487  3.32452
488  2.39386
489  2.54979
490  3.12375
491  3.12375
492  3.12375
493  3.12375
494  3.12375
495  3.12375
496  3.12375
497  3.12375
498  4.0905
499  3.94235
500  5.71585
501  3.8628
502  3.8628
503  1.09345
504  1.09345
505  3.42756
506  6.19981
507  5.86546
508  5.86546
509  5.86546
510  7.38069
511  7.38069
512  7.38069
513  7.38069
514  8.1567
515  8.1567
516  6.63435
517  6.63435
518  7.93044
519  5.71489
520  5.71489
521  4.36656
522  4.55258
523  4.55258
524  4.53713
525  4.53713
526  6.65943
527  6.65943
528  6.65943
529  6.65943
530  4.8845
531  4.8845
532  3.49809
533  3.49809
534  3.49809
535  3.49809
536  3.49809
537  3.49809
538  2.49951
539  2.49951
540  2.49951
541  2.89024
542  4.38769
543  4.38769
544  7.67162
545  7.67162
546  7.67162
547  3.90259
548  2.53788
549  1.59567
550  1.59567
551  1.59567
552  1.59567
553  1.59567
554  2.76211
555  4.4694
556  3.59639
557  3.59639
558  3.59639
559  3.59639
560  3.59639
561  3.5999
562  4.9163
563  4.9163
564  4.0636
565  3.57245
566  4.17869
567  5.84696
568  5.84696
569  6.86473
570  2.79721
571  2.79721
572  4.42968
573  5.44092
574  5.44092
575  5.771
576  3.6145
577  3.00081
578  4.77554
579  4.77554
580  5.6867
581  2.59976
582  2.59976
583  4.9529
584  3.09919
585  1.89733
586  3.70718
587  6.76087
588  3.60006
589  1.67041
590  1.67041
591  1.67041
592  1.67041
593  1.67041
594  1.67041
595  1.67041
596  1.67041
597  1.67041
598  1.67041
599  1.56828
600  1.56828
601  1.56828
602  1.56828
603  1.56828
604  2.99952
605  3.00879
606  4.85758
607  4.85758
608  4.85758
609  3.0089
610  3.0089
611  1.95987
612  2.55963
613  2.55963
614  2.55963
615  2.55963
616  2.33712
617  5.31008
618  6.56447
619  6.56447
620  6.56447
621  4.59828
622  6.17434
623  6.54375
624  6.54375
625  6.54375
626  7.45807
627  7.79749
628  9.22071
629  9.22071
630  9.22071
631  9.22071
632  8.185
633  6.88369
634  6.88369
635  8.87109
636  8.0242
637  8.0242
638  6.03673
639  6.03673
640  6.03673
641  6.03673
642  6.03673
643  6.66019
644  6.66019
645  6.24147
646  6.24147
647  6.24147
648  6.0224
649  6.0224
650  6.0224
651  6.29869
652  6.29869
653  6.29869
654  4.5855
655  4.5855
656  4.5855
657  4.5855
658  7.3346
659  8.86006
660  7.05444
661  3.89801
662  6.15131
663  7.93289
664  7.93289
665  6.30283
666  6.30283
667  6.30283
668  6.30283
669  6.30283
670  6.30283
671  6.30283
672  3.96745
673  3.96745
674  1.0819
675  1.0819
676  2.20182
677  1.30909
678  2.15537
679  2.15537
680  2.26428
681  1.86856
682  3.19606
683  3.19606
684  3.1263
685  5.37073
686  5.37073
687  4.14214
688  5.57873
689  5.95644
690  4.2076
691  4.2076
692  4.2076
693  3.32378
694  3.74028
695  3.74028
696  3.74028
697  3.74028
698  3.74028
699  3.74028
700  5.72505
701  5.72505
702  5.72505
703  6.3823
704  5.78647
705  5.78647
706  5.78647
707  7.17409
708  7.7453
709  6.43391
710  6.61824
711  6.61824
712  6.16646
713  4.64661
714  4.98068
715  4.98068
716  5.32236
717  5.94197
718  5.15072
719  2.50996
720  2.50996
721  2.34352
722  2.34352
723  2.13391
724  2.13391
725  2.13391
726  0.794949
727  0.794949
728  3.54752
729  3.54752
730  3.54752
731  4.23898
732  4.23898
733  4.70407
734  4.70407
735  5.23401
736  5.60449
737  5.60449
738  5.60449
739  5.60449
740  4.9466
741  4.9466
742  3.56595
743  3.56595
744  3.56595
745  5.33795
746  5.33795
747  5.33795
748  6.64437
749  6.64437
750  6.64437
751  6.49471
752  6.01487
753  6.01487
754  6.01487
755  7.06666
756  7.06666
757  7.06666
758  6.33145
759  4.85392
760  4.85392
761  4.99271
762  4.99271
763  4.99271
764  5.36285
765  4.05451
766  3.25287
767  2.51546
768  2.51546
769  2.51546
770  2.51546
771  2.51546
772  2.51546
773  2.51546
774  2.51546
775  2.25626
776  0.450363
777  1.11219
778  1.11219
779  1.82814
780  1.82814
781  1.82814
782  1.82814
783  1.82814
784  1.82814
785  1.82814
786  1.82814
787  1.82814
788  1.82814
789  1.82814
790  2.43912
791  2.43912
792  2.43912
793  2.43912
794  3.05236
795  2.15325
796  2.04556
797  4.08626
798  4.08626
799  1.17283
800  5.12103
801  5.12103
802  5.12103
803  5.12103
804  2.75155
805  1.69235
806  2.16998
807  2.16998
808  2.16998
809  2.16998
810  2.16998
811  4.33717
812  4.33717
813  5.78621
814  5.78621
815  7.3681
816  7.3681
817  7.59484
818  7.25991
819  7.25991
820  7.25991
821  8.27566
822  6.09646
823  6.09646
824  6.09646
825  8.77582
826  8.77582
827  6.00347
828  3.02294
829  3.02294
830  4.3613
831  4.3613
832  5.91213
833  5.91213
834  6.26385
835  6.26385
836  7.02765
837  7.02765
838  6.50813
839  6.50813
840  7.5092
841  7.5092
842  7.5092
843  7.5092
844  7.83897
845  9.93416
846  9.84781
847  9.37336
848  9.37336
849  8.44804
850  8.44804
851  8.44804
852  7.53102
853  6.82136
854  4.64687
855  4.64687
856  4.64687
857  4.71737
858  4.33451
859  2.86465
860  2.86465
861  2.86465
862  2.86465
863  3.40133
864  3.40133
865  3.40133
866  3.40133
867  3.40133
868  3.40133
869  3.40133
870  3.40133
871  3.40133
872  3.40133
873  3.40133
874  3.40133
875  3.3393
876  3.22267
877  0.933017
878  0.933017
879  3.49257
880  4.49945
881  4.49945
882  4.49945
883  4.49945
884  1.38226
885  1.44646
886  1.44646
887  1.44646
888  1.44646
889  1.44646
890  1.44646
891  1.44646
892  1.44646
893  1.44646
894  3.49162
895  3.49162
896  3.49162
897  3.49162
898  3.49162
899  3.78329
900  3.78329
901  3.78329
902  3.78329
903  4.80171
904  4.80171
905  4.80171
906  4.80171
907  5.80702
908  8.32561
909  6.8087
910  6.8087
911  7.41415
912  6.07227
913  6.07227
914  3.93825
915  5.86225
916  5.18469
917  5.18469
918  4.95914
919  3.28362
920  1.752
921  2.73821
922  2.73821
923  1.02973
924  3.43673
925  4.43774
926  4.26091
927  5.58125
928  4.08415
929  3.50437
930  5.37278
931  5.37278
932  6.20183
933  3.62376
934  3.62376
935  3.62376
936  2.27327
937  2.27327
938  2.27327
939  2.27327
940  3.17989
941  3.17989
942  3.17989
943  3.17989
944  3.90131
945  3.90131
946  3.90131
947  3.90131
948  3.90131
949  3.90131
950  5.60953
951  5.60953
952  5.16482
953  5.16482
954  5.16482
955  3.26441
956  3.56951
957  4.90027
958  2.69876
959  2.69876
960  5.09817
961  5.09817
962  5.09817
963  5.10098
964  3.70539
965  3.70539
966  3.70539
967  3.70539
968  5.73046
969  6.88705
970  4.76098
971  4.19258
972  3.82756
973  3.82756
974  3.82756
975  3.82756
976  4.86809
977  4.86809
978  3.36038
979  3.58927
980  3.58927
981  7.36294
982  9.26709
983  6.54643
984  4.2707
985  4.2707
986  4.2707
987  5.74321
988  7.17017
989  7.17017
990  7.17017
991  6.53839
992  5.00885
993  5.00885
994  2.47794
995  2.47794
996  2.47794
997  0.660092
998  1.44416
999  1.44416
1000  3.6793
1001  5.84566
1002  5.84566
1003  6.29456
1004  3.32867
1005  3.32867
1006  2.95204
1007  1.3032
1008  1.3032
1009  1.3032
1010  1.3032
1011  1.52546
1012  1.94568
1013  1.94568
1014  1.94568
1015  1.94568
1016  1.94568
1017  1.94568
1018  1.94568
1019  2.07073
1020  3.2337
1021  5.42138
1022  6.40039
1023  6.40039
1024  6.40039
1025  9.2247
1026  9.2247
1027  9.44518
1028  7.34404
1029  6.42137
1030  6.42137
1031  7.73518
1032  7.739
1033  6.47297
1034  6.47297
1035  6.47297
1036  6.47297
1037  3.68986
1038  3.77152
1039  3.77152
1040  2.89884
1041  2.89884
1042  4.46648
1043  4.11289
1044  3.77665
1045  3.77665
1046  3.77665
1047  4.5797
1048  4.5797
1049  4.43691
1050  3.69483
1051  3.69483
1052  4.64035
1053  4.64035
1054  4.64035
1055  4.64035
1056  4.64035
1057  4.64035
1058  1.82897
1059  1.34431
1060  1.34431
1061  1.34431
1062  1.34431
1063  2.46285
1064  3.99362
1065  3.99362
1066  4.42661
1067  2.87018
1068  3.56325
1069  3.56325
1070  3.56325
1071  3.56325
1072  3.56325
1073  3.56325
1074  0.950449
1075  1.5048
1076  2.43592
1077  3.85633
1078  3.85633
1079  2.61777
1080  2.7682
1081  1.5693
1082  1.5693
1083  3.48385
1084  2.70635
1085  2.70635
1086  2.91399
1087  2.91399
1088  2.91399
1089  2.22219
1090  4.5785
1091  5.36396
1092  5.36396
1093  3.20081
1094  3.20081
1095  4.59487
1096  4.59487
1097  3.02058
1098  2.14575
1099  2.14575
1100  4.50076
1101  4.50076
1102  6.46631
1103  7.55575
1104  6.06024
1105  6.55537
1106  6.55537
1107  7.07597
1108  4.48955
1109  4.48955
1110  3.17747
1111  2.13189
1112  2.13189
1113  4.93388
1114  3.32931
1115  3.32931
1116  5.06067
1117  5.06067
1118  4.65783
1119  4.82508
1120  4.82508
1121  4.54097
1122  4.54097
1123  5.47758
1124  6.38988
1125  6.08151
1126  4.89189
1127  3.7644
1128  3.7644
1129  3.7644
1130  5.40272
1131  5.40272
1132  5.40272
1133  5.40272
1134  5.40272
1135  5.40272
1136  5.0263
1137  6.16526
1138  6.23466
1139  6.23466
1140  3.74769
1141  1.69658
1142  3.6714
1143  4.32639
1144  6.43399
1145  6.38216
1146  6.24998
1147  6.24998
1148  6.24998
1149  6.24998
1150  4.88365
1151  3.12326
1152  2.13826
1153  3.22424
1154  3.22424
1155  2.10824
1156  2.10824
1157  2.10824
1158  2.10824
1159  2.87101
1160  1.57698
1161  3.51299
1162  4.36149
1163  4.61131
1164  4.46864
1165  4.46864
1166  4.46864
1167  4.46864
1168  3.80127
1169  5.99489
1170  5.87431
1171  5.83827
1172  5.83827
1173  6.06204
1174  6.06204
1175  3.66738
1176  3.66738
1177  3.66738
1178  3.66738
1179  3.66738
1180  2.90304
1181  2.90304
1182  3.62647
1183  3.62647
1184  4.30506
1185  4.36914
1186  4.36914
1187  4.36914
1188  4.36914
1189  3.96011
1190  3.60826
1191  3.60826
1192  3.60826
1193  3.60826
1194  3.60826
1195  3.60826
1196  2.78768
1197  1.69198
1198  3.78772
1199  3.78772
1200  3.78772
1201  0.989768
1202  0.989768
1203  0.989768
1204  0.989768
1205  0.989768
1206  1.12096
1207  1.12096
1208  1.12096
1209  1.12096
1210  2.95916
1211  2.95916
1212  2.95916
1213  4.85394
1214  4.34062
1215  4.34062
1216  4.34062
1217  2.09309
1218  2.93599
1219  2.93599
1220  2.93599
1221  2.93599
1222  5.29961
1223  4.38426
1224  4.38426
1225  5.14161
1226  5.14161
1227  5.14161
1228  3.60058
1229  5.12097
1230  7.68712
1231  7.68712
1232  7.68712
1233  7.68712
1234  7.12962
1235  9.37547
1236  6.86507
1237  8.37622
1238  8.37622
1239  8.89346
1240  5.14714
1241  5.14714
1242  6.14204
1243  4.99505
1244  4.99505
1245  4.99505
1246  4.99505
1247  4.99505
1248  4.99505
1249  4.99505
1250  5.61226
1251  5.29334
1252  5.31804
1253  5.31804
1254  5.75328
1255  5.95462
1256  5.70612
1257  6.69845
1258  6.69845
1259  7.90285
1260  7.90285
1261  7.91559
1262  7.87015
1263  7.87015
1264  8.02012
1265  6.2399
1266  6.99548
1267  6.99548
1268  6.99548
1269  6.99548
1270  6.99548
1271  6.99548
1272  6.99548
1273  6.34046
1274  8.41696
1275  10.3785
1276  9.09803
1277  10.659
1278  11.7799
1279  10.025
1280  8.78244
1281  8.78244
1282  7.916
1283  7.916
1284  7.916
1285  7.916
1286  7.916
1287  7.916
1288  7.87568
1289  8.03235
1290  7.00353
1291  7.5365
1292  8.28975
1293  8.67521
1294  7.1914
1295  4.53299
1296  3.96922
1297  4.76337
1298  4.76337
1299  4.76337
1300  4.76337
1301  5.88686
1302  6.88633
1303  6.88633
1304  6.00211
1305  7.56216
1306  7.38173
1307  7.38173
1308  11.5778
1309  10.9319
1310  10.9319
1311  10.9319
1312  10.9319
1313  10.9319
1314  12.503
1315  12.503
1316  12.9705
1317  12.2102
1318  12.5669
1319  12.5669
1320  9.49489
1321  8.29359
1322  7.55436
1323  7.51469
1324  5.83066
1325  6.30871
1326  8.36614
1327  6.86022
1328  6.86022
1329  8.00839
1330  7.72582
1331  7.08542
1332  7.96514
1333  7.16631
1334  6.90059
1335  7.77545
1336  8.18267
1337  8.18267
1338  8.18267
1339  10.2698
1340  10.2698
1341  10.2698
1342  10.2698
1343  7.70435
1344  7.70435
1345  7.70435
1346  9.51944
1347  9.8048
1348  9.8048
1349  9.8048
1350  9.71274
1351  7.88498
1352  7.67259
1353  7.67259
1354  8.82032
1355  6.03671
1356  7.74398
1357  5.40852
1358  5.56829
1359  5.56829
1360  4.34517
1361  5.93601
1362  7.88375
1363  8.54291
1364  8.10755
1365  8.37531
1366  8.37531
1367  8.37531
1368  8.37531
1369  8.37531
1370  10.1188
1371  9.21057
1372  9.21057
1373  9.21057
1374  7.78831
1375  7.84892
1376  8.08632
1377  7.86513
1378  7.86513
1379  7.86513
1380  7.86513
1381  7.86513
1382  7.86513
1383  7.60985
1384  8.19341
1385  10.1117
1386  10.1117
1387  8.88957
1388  8.88957
1389  7.47741
1390  7.32416
1391  5.26148
1392  5.95593
1393  5.95593
1394  5.95593
1395  6.0101
1396  6.0101
1397  6.0101
1398  6.0101
1399  6.0101
1400  6.0101
1401  6.0101
1402  6.0101
1403  6.0101
1404  6.02098
1405  5.87842
1406  7.66048
1407  9.16161
1408  9.16161
1409  9.16161
1410  9.16161
1411  8.5704
1412  6.58179
1413  7.07628
1414  7.07628
1415  7.07628
1416  6.3922
1417  7.62358
1418  5.37123
1419  4.67713
1420  4.67713
1421  2.71478
1422  5.04401
1423  5.04401
1424  7.49716
1425  7.86311
1426  7.92965
1427  6.48911
1428  6.48911
1429  5.11456
1430  5.99076
1431  5.99076
1432  8.25179
1433  5.00236
1434  4.71783
1435  4.38855
1436  4.38855
1437  4.38855
1438  5.25959
1439  5.25959
1440  5.25959
1441  5.40402
1442  5.40402
1443  5.40402
1444  5.07886
1445  5.07886
1446  5.19348
1447  5.19348
1448  3.03864
1449  2.64307
1450  6.30787
1451  6.30787
1452  5.86727
1453  4.32037
1454  4.32037
1455  2.64611
1456  3.82826
1457  3.82826
1458  4.32858
1459  4.32858
1460  4.32858
1461  3.82882
1462  3.82882
1463  3.82882
1464  3.82882
1465  3.82882
1466  4.18433
1467  3.56727
1468  3.56727
1469  2.03251
1470  2.03251
1471  2.03251
1472  2.03251
1473  2.03251
1474  2.03251
1475  2.03251
1476  2.03251
1477  2.03251
1478  2.03251
1479  4.14632
1480  6.04845
1481  6.04845
1482  3.90836
1483  3.90836
1484  3.90836
1485  3.90836
1486  6.22419
1487  6.22419
1488  7.87889
1489  7.87889
1490  9.13987
1491  11.2027
1492  12.6525
1493  12.6525
1494  14.1608
1495  14.1608
1496  11.2524
1497  11.2524
1498  9.28864
1499  9.28864
1500  9.28864
1501  8.42463
1502  6.75451
1503  7.84641
1504  5.89235
1505  7.00832
1506  10.1508
1507  9.11622
1508  8.8624
1509  7.79082
1510  7.77673
1511  7.77673
1512  7.15306
1513  7.15306
1514  6.954
1515  7.81058
1516  8.81211
1517  8.81211
1518  8.81211
1519  10.7856
1520  11.9428
1521  8.97769
1522  9.53757
1523  9.53757
1524  9.53757
1525  8.18234
1526  8.18234
1527  10.4195
1528  9.82939
1529  11.2724
1530  9.29716
1531  11.8887
1532  11.8887
1533  10.4948
1534  10.7073
1535  11.1308
1536  7.04276
1537  6.5763
1538  6.5763
1539  6.90749
1540  6.90749
1541  6.90749
1542  6.90749
1543  6.90749
1544  6.90749
1545  6.90749
1546  5.44875
1547  5.44875
1548  5.44875
1549  6.02698
1550  6.02698
1551  4.18412
1552  3.99962
1553  3.99962
1554  3.99962
1555  4.4193
1556  3.21673
1557  5.81645
1558  6.0834
1559  3.98999
1560  5.25025
1561  5.25025
1562  5.25025
1563  4.01585
1564  4.17312
1565  4.17312
1566  4.17312
1567  4.86413
1568  2.99801
1569  2.99801
1570  2.99801
1571  2.99801
1572  4.49056
1573  6.74925
1574  4.27353
1575  4.27353
1576  2.20582
1577  2.20582
1578  2.20582
1579  2.20582
1580  2.20582
1581  2.20582
1582  2.1408
1583  1.26869
1584  2.8669
1585  2.52765
1586  4.54987
1587  4.54987
1588  4.54987
1589  4.54987
1590  5.82282
1591  5.82282
1592  4.50575
1593  3.29697
1594  2.21974
1595  2.21974
1596  2.86007
1597  2.61529
1598  2.61529
1599  2.61529
1600  2.61529
1601  2.61529
1602  2.97227
1603  2.97227
1604  2.97227
1605  2.97227
1606  4.3744
1607  4.3744
1608  3.0483
1609  3.0483
1610  3.0483
1611  3.0483
1612  3.0483
1613  3.0483
1614  2.10389
1615  2.10389
1616  2.10389
1617  2.10389
1618  1.87745
1619  1.87745
1620  4.14011
1621  4.19566
1622  4.19566
1623  4.19566
1624  4.19566
1625  4.71049
1626  6.18014
1627  6.18014
1628  6.18014
1629  3.28697
1630  1.79186
1631  1.79186
1632  3.07653
1633  3.07653
1634  3.09951
1635  5.0994
1636  2.68613
1637  2.68613
1638  1.87944
1639  1.87944
1640  2.33754
1641  2.33754
1642  4.2038
1643  4.39884
1644  4.39884
1645  3.27276
1646  5.31004
1647  5.31004
1648  5.69629
1649  5.95673
1650  7.00759
1651  7.00759
1652  6.57899
1653  5.70999
1654  4.38458
1655  2.80883
1656  2.80883
1657  2.99055
1658  2.99055
1659  5.61475
1660  4.74291
1661  4.74291
1662  4.74291
1663  6.8088
1664  3.90581
1665  3.90581
1666  3.90581
1667  3.90581
1668  5.71089
1669  5.09357
1670  4.71675
1671  4.71675
1672  4.46711
1673  4.46711
1674  3.61949
1675  3.61949
1676  3.61949
1677  3.61949
1678  3.61949
1679  3.61949
1680  5.43656
1681  5.63597
1682  2.79846
1683  3.77652
1684  3.07985
1685  5.91056
1686  5.91056
1687  5.91056
1688  8.13675
1689  8.34367
1690  8.34367
1691  7.89072
1692  7.48117
1693  7.48117
1694  6.98323
1695  6.98323
1696  6.06321
1697  8.38874
1698  8.0852
1699  9.36488
1700  9.36488
1701  9.36488
1702  9.36488
1703  8.57939
1704  6.12864
1705  4.96004
1706  3.28716
1707  4.52799
1708  3.02311
1709  3.4775
1710  1.68483
1711  1.68483
1712  5.04844
1713  5.04844
1714  5.04844
1715  5.04844
1716  5.04844
1717  5.04844
1718  3.47272
1719  5.35298
1720  5.35298
1721  4.10512
1722  4.10512
1723  4.10512
1724  4.10512
1725  4.10512
1726  5.06786
1727  6.17211
1728  4.88399
1729  1.46775
1730  1.25287
1731  4.22163
1732  4.02363
1733  3.03447
1734  3.03447
1735  3.03447
1736  3.03447
1737  3.03447
1738  3.19221
1739  3.19221
1740  0.792476
1741  0.792476
1742  2.72517
1743  2.72517
1744  2.72517
1745  2.72517
1746  3.13801
1747  4.94829
1748  4.94829
1749  4.94829
1750  4.94829
1751  3.39452
1752  3.39452
1753  3.39452
1754  3.39452
1755  3.39452
1756  4.17703
1757  3.27161
1758  4.65272
1759  7.24323
1760  7.24323
1761  7.24323
1762  7.24323
1763  7.24323
1764  4.78057
1765  4.98284
1766  6.45588
1767  6.45588
1768  6.45588
1769  2.92613
1770  2.32913
1771  3.16318
1772  3.16318
1773  3.16318
1774  3.16318
1775  2.92702
1776  2.92702
1777  2.92702
1778  2.92702
1779  2.92702
1780  2.92702
1781  2.92702
1782  2.92702
1783  4.87008
1784  5.39553
1785  5.39553
1786  2.49387
1787  2.49387
1788  2.49387
1789  5.90233
1790  4.23676
1791  4.23676
1792  4.23676
1793  6.28305
1794  5.93333
1795  5.93333
1796  5.78828
1797  6.85302
1798  7.18812
1799  7.18812
1800  7.33175
1801  7.33175
1802  5.89581
1803  2.74941
1804  2.74941
1805  2.74941
1806  2.74941
1807  2.74941
1808  3.22281
1809  3.22281
1810  3.22281
1811  3.22281
1812  6.49952
1813  6.49952
1814  6.37531
1815  6.37531
1816  6.37531
1817  4.00135
1818  3.48876
1819  3.48876
1820  3.48876
1821  1.27943
1822  3.45653
1823  3.45653
1824  3.45653
1825  5.31869
1826  7.13235
1827  4.53118
1828  3.87245
1829  3.87245
1830  3.87245
1831  3.87245
1832  3.87245
1833  3.87245
1834  3.87245
1835  3.87245
1836  3.87245
1837  3.87245
1838  3.87245
1839  2.07735
1840  3.78316
1841  3.78316
1842  3.78316
1843  3.78316
1844  3.78316
1845  1.72583
1846  3.37194
1847  4.91445
1848  4.91445
1849  4.91445
1850  7.29321
1851  7.29321
1852  7.01527
1853  7.68302
1854  6.84479
1855  8.32584
1856  9.95385
1857  9.95385
1858  11.1795
1859  11.1795
1860  11.1795
1861  9.95245
1862  9.95245
1863  7.55701
1864  7.55701
1865  7.55701
1866  7.48889
1867  4.18141
1868  4.18141
1869  3.22159
1870  3.22159
1871  3.22159
1872  3.22159
1873  6.89786
1874  6.89786
1875  6.89786
1876  6.89786
1877  4.08528
1878  5.22066
1879  5.22066
1880  5.06786
1881  2.89657
1882  2.65367
1883  2.65367
1884  2.65367
1885  2.65367
1886  2.65367
1887  2.65367
1888  2.65367
1889  2.27273
1890  2.27273
1891  2.27273
1892  2.27273
1893  2.27273
1894  2.27273
1895  3.88337
1896  3.88337
1897  3.68678
1898  3.74897
1899  3.74897
1900  3.74897
1901  3.74897
1902  3.51328
1903  3.51328
1904  4.79854
1905  3.60875
1906  3.60875
1907  2.1164
1908  2.78264
1909  2.5132
1910  4.53212
1911  5.54001
1912  3.26467
1913  3.26467
1914  3.26467
1915  2.68239
1916  2.68239
1917  2.20251
1918  2.20251
1919  2.20251
1920  1.53474
1921  1.53474
1922  2.26742
1923  2.26742
1924  2.26742
1925  2.26742
1926  2.80411
1927  2.80411
1928  3.49858
1929  3.49858
1930  3.49858
1931  3.49858
1932  2.08795
1933  2.20656
1934  3.70743
1935  3.70743
1936  3.70743
1937  4.59595
1938  4.33498
1939  4.33498
1940  4.33498
1941  2.32335
1942  2.32335
1943  2.32335
1944  3.42468
1945  3.42468
1946  1.42426
1947  1.42426
1948  3.48235
1949  3.48235
1950  6.27349
1951  6.37295
1952  6.37295
1953  8.14668
1954  8.14668
1955  8.14668
1956  8.0478
1957  8.0478
1958  8.0478
1959  8.0478
1960  7.1214
1961  7.75967
1962  7.22359
1963  7.22359
1964  7.22359
1965  5.70021
1966  6.96308
1967  6.60312
1968  7.35686
1969  6.90265
1970  6.90265
1971  6.90265
1972  8.52741
1973  8.52741
1974  8.52741
1975  9.91292
1976  12.2893
1977  10.4745
1978  9.98068
1979  7.59425
1980  5.28503
1981  5.28503
1982  4.7399
1983  3.22479
1984  3.22479
1985  3.22479
1986  3.22479
1987  2.65121
1988  2.65121
1989  2.65121
1990  4.62031
1991  4.62031
1992  2.61429
1993  2.11308
1994  2.11308
1995  2.11308
1996  2.11308
1997  4.2789
1998  5.31637
1999  4.47972
