0.748053
0.748053
0.748053
-0.440198
-0.440198
-0.440198
-0.440198
-0.440198
-0.440198
-0.440198
-0.440198
-0.440198
-0.0666141
-0.24537
-0.252584
0.341238
-0.238811
-0.238811
-0.244372
-0.244372
-0.0884725
-0.233166
-0.247556
-0.247556
-0.370768
-0.370768
-0.370768
-0.370768
-0.370768
-0.370768
-0.409782
-0.409782
-0.409782
-0.409782
-0.409782
-0.409782
-0.409782
-0.409782
-0.235032
-0.235032
-0.235032
-0.235032
-0.15923
-0.15923
-0.15923
-0.15923
-0.23026
-0.23026
-0.0412749
-0.114133
-0.240202
-0.240202
-0.240202
-0.240202
-0.418042
-0.270277
-0.270277
-0.270277
-0.270277
-0.106349
-0.228531
-0.271059
-0.271059
-0.271059
-0.21719
-0.21719
-0.254523
-0.254523
-0.254523
-0.246815
-0.246815
-0.216954
-0.0380624
-0.227538
-0.227538
-0.227538
-0.215119
-0.215119
-0.215119
-0.215119
-0.215119
-0.215119
-0.215119
-0.215119
-0.295573
-0.295573
-0.295573
-0.124022
-0.124022
-0.124022
-0.414348
-0.414348
-0.160036
-0.142332
-0.341978
-0.247303
-0.213788
-0.219577
-0.219577
-0.396686
-0.396686
-0.396686
-0.236941
-0.236941
-0.282218
-0.282218
-0.263445
-0.263445
-0.350459
-0.0264608
-0.0264608
-0.0264608
-0.328017
-0.328017
-0.237518
-0.248346
-0.236021
-0.236021
-0.3144
-0.3144
-0.371132
-0.371132
-0.371132
-0.371132
-0.193304
-0.28882
-0.28882
-0.216982
-0.420225
-0.268496
-0.268496
-0.00345885
-0.00345885
-0.338078
-0.338078
-0.338078
-0.338078
-0.338078
-0.338078
-0.238666
-0.238666
-0.145768
-0.248161
-0.217655
0.14829
-0.204027
-0.204027
-0.384338
-0.384338
-0.384338
-0.384338
-0.201657
-0.390485
-0.390485
-0.390485
-0.390485
-0.390485
-0.390485
-0.390485
-0.390485
-0.390485
-0.390485
-0.390485
-0.239606
-0.175392
-0.15283
-0.246848
-0.40987
-0.40987
-0.40987
-0.40987
-0.40987
-0.405347
-0.405347
-0.405347
-0.405347
-0.405347
-0.354599
-0.354599
-0.354599
-0.25297
-0.25297
-0.383406
-0.383406
-0.383406
-0.378368
-0.378368
-0.378368
-0.378368
-0.378368
-0.378368
-0.378368
-0.378368
-0.33355
-0.22609
-0.22609
-0.22609
-0.112784
-0.21243
-0.0916864
-0.0916864
0.117934
-0.248769
-0.354156
-0.354156
-0.354156
-0.41776
-0.41776
-0.41776
-0.41776
-0.41776
-0.243162
-0.243162
-0.00942797
-0.174504
-0.277727
-0.138194
0.0472265
0.0472265
-0.124289
-0.124289
-0.124289
-0.18625
-0.18625
-0.13948
0.310431
-0.186254
-0.239923
-0.205438
0.174537
-0.122347
-0.217119
-0.270863
-0.270863
-0.0395052
-0.0395052
-0.271146
-0.271146
-0.283849
-0.248993
-0.248993
-0.248993
0.184452
0.184452
0.184452
-0.264022
-0.264022
-0.264022
-0.250097
-0.250097
-0.250097
-0.250097
-0.250097
-0.250097
-0.250097
-0.250097
-0.1877
-0.250111
-0.154807
-0.154807
-0.154807
-0.154807
-0.24314
-0.24314
-0.24314
-0.126383
-0.126383
-0.126383
-0.126383
-0.126383
-0.126383
-0.164475
-0.0327001
-0.236316
-0.284449
-0.284449
-0.284449
-0.139332
-0.161085
-0.236555
-0.274146
-0.274146
-0.274146
-0.274146
-0.274146
-0.282365
-0.282365
-0.282365
-0.376762
-0.376762
-0.376762
-0.376762
-0.376762
-0.376762
-0.257655
-0.17354
-0.355736
-0.355736
-0.274043
-0.274043
-0.274043
-0.274043
-0.274043
-0.221868
-0.101013
-0.384807
-0.384807
-0.384807
-0.384807
-0.384807
-0.384807
-0.384807
-0.384807
-0.384807
-0.240591
-0.240591
-0.348019
-0.348019
-0.282926
-0.282926
-0.369129
-0.369129
-0.369129
-0.211334
-0.421973
-0.421973
-0.421973
-0.421973
-0.421973
-0.421973
-0.421973
-0.248838
-0.240831
-0.250209
-0.0222593
-0.13763
-0.239924
-0.10399
-0.10399
-0.10399
-0.10399
0.101598
0.101598
-0.298253
-0.298253
-0.247738
-0.247738
-0.0863313
-0.303445
-0.245926
-0.43094
-0.0824618
-0.244172
-0.244172
-0.244172
-0.160792
-0.160792
-0.0243837
-0.053035
-0.241092
0.0193387
-0.256211
-0.331429
-0.331429
-0.254535
-0.254535
-0.0650181
-0.20819
-0.20819
-0.250906
-0.404988
0.0390555
0.0258356
-0.0830251
-0.167016
-0.167016
-0.167016
-0.234805
-0.234805
-0.234805
-0.234805
-0.234805
-0.234805
-0.234805
-0.234805
-0.266146
-0.266146
-0.267373
-0.267373
-0.267373
-0.267373
-0.267373
-0.267373
-0.267373
0.121767
-0.0277703
0.017612
0.0883612
-0.238947
-0.238947
-0.238947
-0.238947
-0.247821
-0.280235
-0.280235
-0.27022
-0.309109
-0.309109
-0.259714
-0.414056
-0.253987
-0.221344
-0.221344
-0.201776
-0.201776
-0.210128
-0.210128
-0.210128
-0.210128
-0.210128
-0.210128
-0.364244
-0.364244
-0.364244
-0.364244
-0.235506
-0.282728
-0.0569926
-0.0807075
-0.175333
-0.0543347
-0.171778
-0.18234
-0.00226426
-0.00226426
-0.00226426
-0.00226426
-0.00226426
-0.202407
-0.202407
-0.268597
-0.250276
-0.213091
-0.213091
-0.213091
-0.213091
-0.242352
-0.242352
-0.250632
-0.250632
-0.250632
-0.317097
-0.317097
-0.231246
-0.192388
-0.192388
-0.397719
-0.397719
-0.397719
-0.164403
-0.164403
-0.42631
-0.42631
-0.42631
-0.42631
-0.42631
-0.42631
-0.251552
-0.251552
-0.251552
-0.251552
-0.198463
-0.198463
-0.198463
-0.0488514
-0.172482
-0.172482
-0.2209
-0.2209
-0.270866
-0.34622
-0.34622
-0.34622
-0.34622
-0.34622
-0.0405593
-0.143313
-0.143313
-0.238668
-0.238668
-0.238668
-0.238668
-0.238668
-0.227174
-0.260273
-0.222179
-0.156951
-0.156951
-0.156951
-0.259134
-0.248372
-0.248372
-0.248372
-0.248372
-0.286591
-0.286591
-0.31291
-0.406755
-0.406755
-0.406755
-0.406755
-0.406755
-0.406755
-0.406755
-0.406755
-0.406755
-0.406755
-0.406755
-0.189785
-0.189785
-0.113501
-0.113501
-0.113501
-0.113501
-0.405546
-0.405546
-0.405546
-0.405546
-0.405546
-0.135915
-0.208794
-0.276697
-0.06947
-0.253058
-0.174794
-0.174794
-0.202627
-0.202627
-0.0640809
-0.0640809
-0.248305
-0.248305
-0.248305
-0.248305
-0.00527762
-0.416114
-0.416114
-0.416114
-0.418029
-0.418029
-0.257881
-0.229831
-0.229831
-0.182788
-0.152872
-0.27343
-0.27343
-0.27343
-0.119041
-0.186856
-0.198361
-0.198361
-0.283688
-0.283688
-0.283688
-0.283688
-0.414835
-0.414835
-0.191593
-0.3484
-0.3484
-0.246832
-0.246832
-0.246832
-0.246832
-0.246832
-0.246832
-0.246832
-0.152467
-0.152467
-0.221047
0.439549
-0.219004
-0.250769
-0.250769
-0.24209
-0.24209
-0.24209
-0.234897
-0.234897
-0.0872372
-0.0872372
-0.260659
-0.260659
-0.260659
-0.260659
-0.260659
-0.260659
-0.260659
-0.260659
-0.260659
-0.109225
-0.0892564
-0.40806
-0.40806
-0.40806
-0.40806
-0.40806
-0.40806
-0.40806
-0.40806
-0.40806
-0.40806
-0.392985
-0.392985
-0.392985
-0.392985
-0.392985
-0.392985
-0.392985
-0.298505
-0.392487
-0.215267
-0.215267
-0.271631
-0.271631
-0.271631
-0.271631
-0.188569
-0.188569
-0.188569
-0.188569
-0.0128271
-0.0128271
-0.0128271
-0.0128271
-0.0949938
-0.0391871
-0.0391871
-0.0391871
-0.0391871
-0.0885797
-0.22844
-0.224346
-0.224346
-0.272812
-0.272812
0.0643319
-0.200636
-0.200636
-0.277529
-0.382003
-0.374016
-0.236351
-0.237454
0.113932
0.113932
-0.239827
-0.239827
-0.219296
-0.219296
-0.209456
-0.209456
-0.378578
-0.378578
-0.378578
-0.378578
-0.157762
-0.157762
-0.217475
-0.217475
-0.277988
-0.277988
-0.277988
-0.277988
-0.190659
-0.186385
-0.0792089
-0.0792089
-0.19957
-0.19957
-0.19957
-0.174042
-0.174042
-0.172143
-0.242084
-0.242084
-0.242084
-0.270355
-0.270355
-0.270355
-0.270355
-0.270355
-0.270355
-0.156119
0.0285794
-0.433648
-0.433648
-0.433648
-0.433648
-0.433648
-0.433648
-0.433648
-0.433648
-0.238687
-0.238687
-0.238687
-0.249363
-0.130077
-0.130077
-0.26604
-0.26604
-0.240962
-0.242351
-0.242351
-0.255246
-0.255246
-0.255246
-0.255246
-0.255246
-0.153761
-0.178791
-0.250289
-0.250289
-0.265841
-0.265841
-0.265841
-0.265841
-0.00483318
-0.142262
-0.1812
-0.218484
-0.316024
-0.316024
-0.134061
0.0614187
0.222112
-0.03012
-0.153029
-0.240329
-0.170683
-0.237743
-0.220887
-0.220887
-0.272058
-0.272058
-0.285318
-0.253895
-0.236814
-0.236814
-0.236814
-0.360182
-0.360182
-0.360182
-0.360182
-0.360182
-0.360182
-0.360182
0.0635115
0.0635115
0.266417
-0.234283
-0.234283
-0.234283
-0.234283
-0.234283
-0.234283
-0.435374
-0.435374
-0.435374
-0.435374
-0.360481
-0.360481
-0.27731
-0.27731
-0.122158
-0.122158
-0.122158
-0.104414
-0.104414
-0.104414
-0.122614
-0.122614
-0.273548
-0.273548
-0.273548
-0.273548
-0.273548
-0.273548
-0.273548
-0.273548
-0.273548
-0.446525
-0.446525
-0.446525
-0.446525
-0.446525
-0.446525
-0.446525
-0.446525
-0.446525
-0.446525
-0.446525
-0.426678
-0.307541
-0.238118
-0.175991
-0.245293
-0.252058
-0.237006
-0.0659296
-0.437926
-0.437926
-0.437926
-0.437926
-0.437926
-0.437926
-0.437926
-0.437926
0.729047
-0.171854
-0.171854
-0.325157
-0.184401
-0.199741
-0.249273
-0.206494
-0.242509
-0.273825
-0.131617
-0.265238
-0.265238
-0.265238
-0.176759
-0.176759
-0.0621127
-0.0621127
-0.0621127
-0.146734
-0.209986
-0.251172
-0.126611
-0.126611
-0.126611
-0.180466
-0.228605
-0.387398
-0.387398
-0.387398
-0.387398
-0.387398
-0.387398
-0.1582
0.214229
0.214229
-0.0701407
-0.230462
-0.412425
-0.412425
-0.412425
-0.412425
-0.412425
-0.412425
-0.0190438
-0.0190438
-0.363433
-0.363433
-0.196693
-0.415505
-0.236634
-0.236634
-0.236634
-0.0285276
0.750729
0.194851
0.165023
-0.364888
-0.364888
-0.364888
-0.364888
-0.240421
-0.184462
-0.410632
-0.410632
-0.404585
-0.404585
-0.209134
-0.215616
-0.294379
-0.265504
-0.305912
-0.265582
-0.265582
0.0441991
-0.240482
-0.240482
-0.256264
-0.256264
-0.256264
-0.23399
-0.370359
-0.370359
-0.370359
-0.370359
-0.222067
-0.0619044
-0.0619044
-0.214446
-0.214446
-0.214446
-0.214446
-0.214446
-0.214446
-0.214446
-0.214446
-0.190483
-0.232933
-0.232933
-0.232933
-0.232933
-0.121409
-0.338922
-0.338922
-0.249991
0.211433
-0.092338
-0.092338
-0.242394
-0.111999
-0.111999
-0.111999
-0.111999
-0.0635536
-0.0394223
-0.167819
-0.121005
-0.159679
-0.260937
-0.260937
-0.260937
-0.260937
-0.267281
-0.267281
-0.267281
-0.267281
-0.267281
-0.267281
-0.282827
-0.149128
-0.149128
-0.149128
-0.149128
-0.149128
-0.149128
-0.216263
-0.216263
-0.216263
-0.234801
-0.234801
0.110204
-0.238415
-0.145638
-0.178604
-0.24059
-0.126065
-0.267973
-0.266814
-0.266814
-0.355329
-0.355329
-0.223301
-0.223301
-0.223301
-0.223301
-0.223301
-0.223301
-0.34152
-0.34152
-0.210183
0.143462
-0.263729
-0.263729
-0.246394
-0.246394
-0.246394
-0.246394
-0.246394
-0.246394
-0.258568
-0.258568
-0.258568
-0.149235
-0.254063
-0.400858
-0.400858
-0.239975
0.00423345
0.00423345
0.0652479
-0.176427
-0.176427
-0.176427
-0.228147
-0.0366707
-0.0366707
-0.216263
-0.216263
-0.216263
-0.319628
-0.319628
-0.121916
-0.121916
-0.226641
-0.288365
-0.288365
-0.266322
-0.362207
-0.362207
-0.362207
-0.362207
-0.362207
-0.362207
-0.362207
-0.362207
-0.362207
-0.362207
-0.383048
-0.256518
-0.188632
-0.109744
-0.245514
-0.245514
-0.245514
-0.294737
-0.209968
-0.209968
-0.209968
-0.209968
-0.185402
-0.251043
-0.251043
-0.251043
-0.251043
-0.251043
-0.243881
-0.0269062
-0.0269062
0.000228931
-0.250475
-0.217427
-0.217427
-0.209838
-0.209838
-0.209838
-0.160646
-0.194422
-0.431482
-0.431482
-0.431482
-0.431482
-0.431482
-0.431482
-0.431482
-0.431482
-0.431482
-0.431482
-0.431482
-0.431482
-0.431482
-0.268725
-0.205797
-0.205797
-0.281396
-0.281396
-0.353876
-0.353876
-0.353876
0.317349
-0.271249
-0.244736
-0.160079
-0.25851
-0.112508
-0.112508
-0.340749
-0.340749
-0.340749
-0.437963
-0.437963
-0.437963
-0.437963
-0.437963
-0.437963
-0.437963
-0.437963
-0.437963
-0.437963
-0.272562
-0.272562
-0.357181
-0.247593
-0.247593
-0.247593
-0.243257
-0.243257
-0.198748
-0.198748
-0.232369
-0.232369
-0.232369
-0.232369
-0.232369
-0.232369
-0.232369
-0.232369
-0.232369
-0.274139
-0.274139
-0.218173
-0.280705
-0.280705
-0.280705
-0.237626
-0.237626
-0.279533
-0.279533
-0.279533
-0.279533
-0.279533
-0.183995
-0.183995
-0.245312
-0.245312
-0.245312
-0.251963
-0.153841
0.00636384
0.00986023
-0.284514
-0.276688
-0.276688
-0.276688
-0.134435
-0.134435
-0.0912605
-0.0912605
-0.0912605
-0.0912605
-0.054714
-0.054714
-0.054714
-0.054714
-0.054714
-0.248249
-0.248249
-0.248249
-0.248249
-0.248249
-0.248249
-0.158765
-0.158765
-0.235682
-0.252503
-0.252503
-0.252503
-0.426041
-0.25335
-0.155645
-0.155645
0.00150686
0.00150686
-0.29294
-0.164777
-0.149816
-0.149816
-0.149816
-0.26231
-0.245046
-0.245046
-0.245046
-0.245046
-0.282278
-0.282278
-0.297475
-0.297475
-0.297475
-0.297475
-0.0901215
-0.0901215
-0.332534
-0.217987
-0.242509
-0.261235
-0.261235
-0.261235
-0.261235
-0.261235
-0.219615
-0.219615
-0.259906
-0.295297
-0.295297
-0.295297
-0.328461
-0.328461
-0.328461
-0.229172
-0.241593
-0.392956
0.210238
0.210238
-0.4127
-0.4127
-0.4127
-0.4127
-0.4127
-0.4127
-0.4127
-0.286129
-0.349702
-0.349702
-0.435562
-0.37961
-0.37961
-0.38515
-0.38515
-0.38515
-0.172701
-0.172701
-0.172701
-0.106092
-0.106092
-0.308208
-0.308208
-0.317429
-0.317429
-0.317429
-0.317429
-0.317429
-0.317429
-0.201859
-0.201859
-0.201859
-0.201859
-0.201859
-0.201859
-0.204255
-0.204255
-0.204255
-0.204255
-0.204255
-0.26195
-0.402898
-0.226371
-0.227876
-0.227876
-0.244586
-0.244586
-0.207147
-0.131328
-0.273309
-0.19174
-0.155519
-0.268391
-0.273314
-0.273314
-0.273314
-0.27493
-0.27493
-0.19858
-0.19858
-0.19858
-0.00473256
-0.00473256
-0.00473256
-0.192129
-0.24047
-0.24047
-0.24047
0.0651145
0.133493
-0.136111
-0.210361
-0.210361
-0.414246
-0.414246
-0.414246
-0.414246
-0.202915
-0.202915
-0.202915
-0.183169
-0.259231
-0.0866651
-0.192865
-0.387762
-0.387762
-0.387762
-0.387762
-0.387762
-0.387762
-0.387762
-0.387762
-0.363216
-0.363216
-0.363216
-0.271816
-0.271816
-0.271816
-0.271816
-0.0164017
-0.0164017
-0.424578
-0.424578
-0.240535
-0.240535
-0.240535
-0.240535
-0.43813
-0.43813
-0.43813
-0.43813
-0.43813
-0.43813
-0.264432
-0.264432
-0.162166
-0.144765
0.113926
-0.224868
-0.206338
-0.206338
-0.206338
-0.28935
-0.197445
-0.197445
-0.197445
-0.166837
-0.166837
-0.166837
-0.166837
-0.166837
-0.0405551
-0.424438
-0.424438
-0.424438
-0.214034
-0.214048
-0.214048
-0.0977053
-0.0977053
-0.33906
-0.33906
-0.33906
-0.33906
-0.274885
-0.342295
-0.342295
-0.342295
-0.388883
-0.388883
-0.388883
-0.388883
-0.377122
0.245488
0.448714
-0.242664
-0.291899
-0.291899
-0.291899
-0.177224
-0.177224
-0.177224
-0.177224
-0.248642
-0.147564
-0.181164
-0.181164
-0.195177
-0.195177
-0.084272
-0.151246
-0.151246
-0.0871062
-0.0535475
-0.00697468
-0.283732
-0.283732
-0.252567
0.121525
0.121525
-0.036416
-0.0509119
-0.200879
-0.200879
-0.0487251
-0.0487251
-0.257534
-0.399881
-0.399881
-0.399881
-0.399881
-0.399881
-0.399881
-0.399881
-0.399881
-0.399881
-0.231629
-0.231629
-0.231629
-0.231629
-0.231629
-0.231629
-0.336533
-0.336533
-0.336533
-0.142691
-0.140202
-0.404059
-0.404059
-0.404059
-0.404059
-0.232731
-0.232731
-0.232731
-0.232731
-0.232731
-0.232731
-0.232731
-0.219996
-0.268582
-0.272372
0.357623
0.0188808
-0.296748
-0.296748
-0.296748
-0.296748
-0.296748
-0.296748
-0.296748
-0.296748
-0.296748
-0.218278
-0.218278
-0.151221
-0.191933
-0.191933
-0.191933
-0.191933
-0.191391
-0.13553
-0.181966
-0.266573
-0.266573
-0.266573
-0.266573
-0.239779
0.138839
-0.237313
-0.159898
-0.159898
-0.159898
-0.242166
-0.242166
-0.236154
-0.255748
-0.255748
-0.255748
-0.0125448
-0.0125448
-0.0125448
-0.0125448
-0.382442
-0.382442
-0.382442
-0.382442
-0.0954969
-0.0954969
-0.048168
-0.212404
-0.212404
-0.200586
-0.265499
-0.220754
-0.220754
-0.220754
-0.286358
-0.286358
-0.263777
-0.263777
-0.240131
-0.240131
-0.240131
-0.240131
-0.130418
-0.130418
-0.314919
-0.314919
-0.314919
-0.314919
-0.314919
-0.314919
-0.282889
-0.282889
-0.282889
-0.282889
-0.198848
-0.212245
-0.212245
-0.208204
-0.208204
-0.208204
-0.208204
-0.208204
-0.294867
-0.130392
-0.355922
-0.197223
-0.197223
-0.169577
-0.169577
-0.17452
-0.17452
-0.386927
-0.386927
-0.386927
-0.386927
-0.386927
-0.386927
-0.386927
-0.386927
-0.386927
-0.354354
-0.354354
-0.395418
-0.395418
-0.22457
-0.27688
-0.245665
-0.245665
-0.245665
-0.227502
-0.227502
-0.227502
-0.227502
-0.266255
-0.266255
-0.341536
-0.237866
-0.238835
-0.238835
-0.238835
-0.238835
-0.238835
-0.238835
-0.181731
-0.181731
-0.181731
-0.181731
0.291462
-0.047012
-0.047012
-0.0933544
-0.0933544
0.263061
0.158478
-0.209442
-0.262305
-0.285411
-0.285411
-0.285411
-0.285411
-0.285411
-0.285411
-0.285411
-0.285411
-0.195288
-0.195288
-0.280307
-0.280307
-0.280307
-0.280307
-0.280307
-0.280307
-0.280307
-0.280307
-0.280307
-0.280307
-0.280307
-0.252507
-0.23669
-0.13635
-0.0596702
-0.230025
-0.230025
-0.382298
-0.382298
-0.243277
0.0733413
0.0667534
-0.254885
-0.254885
-0.254885
-0.254885
-0.254885
-0.442728
-0.442728
-0.442728
-0.442728
-0.442728
-0.442728
-0.39755
-0.39755
-0.39755
-0.158375
-0.242785
-0.242785
-0.242785
-0.24682
-0.179676
-0.179676
-0.179676
-0.179676
-0.21798
-0.21798
-0.21798
-0.21798
-0.16195
-0.273115
-0.232579
-0.232579
-0.24333
-0.24333
-0.238006
-0.238006
-0.238006
-0.238006
-0.238006
-0.366331
-0.366331
-0.366331
-0.258527
-0.122282
-0.122282
-0.122282
-0.122282
-0.15685
-0.15685
-0.15685
-0.15685
-0.0900271
-0.195659
-0.195659
-0.195659
-0.195659
-0.195659
-0.274476
-0.228991
-0.228991
-0.434517
-0.434517
-0.434517
-0.434517
-0.246565
-0.246565
-0.246565
-0.226056
-0.23427
-0.23427
-0.36791
-0.36791
-0.36791
-0.36791
-0.36791
-0.36791
-0.36791
-0.24321
0.102338
-0.0483536
-0.216804
-0.253638
-0.253638
-0.248242
-0.248242
-0.248242
-0.248242
-0.248242
-0.160353
-0.160353
-0.205174
-0.205174
-0.42016
-0.42016
-0.42016
-0.42016
-0.42016
-0.42016
-0.42016
-0.42016
-0.42016
-0.154848
-0.404893
-0.404893
-0.404893
-0.404893
-0.404893
-0.404893
-0.404893
-0.404893
-0.404893
-0.404893
-0.404893
-0.404893
-0.404893
-0.404893
-0.284589
-0.284589
-0.284589
0.135799
0.135799
-0.252033
-0.227626
-0.0245846
-0.254464
-0.30202
-0.246443
-0.0768031
-0.0768031
-0.223601
-0.223601
-0.223116
-0.25828
-0.307391
-0.307391
-0.307391
-0.242519
-0.258511
0.0596437
0.0596437
-0.220892
-0.220892
-0.220892
-0.220892
-0.220892
-0.334943
-0.334943
-0.209363
-0.221564
-0.327883
-0.342702
-0.342702
-0.342702
-0.341926
-0.0819416
-0.261434
-0.261434
-0.243685
-0.201353
-0.212152
-0.26041
-0.26041
-0.26041
-0.237785
-0.237785
-0.237785
-0.219642
-0.219642
-0.22717
-0.22717
-0.22717
-0.22717
-0.260565
-0.306289
-0.263548
-0.263548
-0.247941
-0.247941
-0.0642006
-0.42639
-0.42639
-0.150442
-0.150442
-0.290412
-0.290412
-0.133513
-0.133513
-0.133513
-0.133513
-0.162129
-0.162129
-0.162129
-0.162129
-0.162129
-0.175757
-0.175757
-0.175757
-0.281276
-0.281276
-0.374771
-0.374771
-0.374771
-0.374771
-0.252207
-0.0654788
-0.0758126
-0.12897
-0.12897
-0.392864
-0.392864
-0.392864
-0.392864
-0.392864
-0.392864
-0.392864
-0.392864
-0.392864
-0.392864
-0.392864
-0.392864
-0.121818
-0.121818
-0.121818
-0.19529
-0.19529
-0.256185
-0.248049
-0.248049
-0.248049
-0.248049
-0.248049
-0.248049
-0.419243
-0.419243
-0.419243
-0.419243
-0.419243
-0.419243
-0.187849
-0.437331
-0.437331
-0.437331
-0.437331
-0.437331
-0.437331
-0.437331
-0.437331
-0.43934
-0.43934
-0.43934
-0.17114
-0.224107
-0.224107
-0.255988
-0.255988
-0.255988
-0.255988
-0.255988
-0.246378
-0.232027
-0.227488
-0.227488
-0.243992
-0.243992
-0.395636
-0.395636
-0.192986
-0.192986
-0.271276
0.110205
0.110205
-0.294619
-0.294619
-0.294619
-0.294619
-0.292793
-0.292793
0.106245
0.106245
-0.295135
-0.284456
-0.391932
-0.391932
-0.391932
-0.391932
-0.256457
-0.256457
-0.219572
-0.252757
-0.252757
0.0341285
-0.268302
-0.203572
-0.203572
-0.14276
-0.14276
-0.14276
-0.39541
-0.39541
-0.388944
-0.388944
-0.239796
-0.239796
-0.231697
-0.231697
-0.231697
-0.241905
-0.388894
-0.388894
-0.388894
-0.388894
-0.20833
-0.202632
-0.202632
-0.202632
-0.206621
-0.221765
-0.301943
-0.254334
-0.254334
-0.229181
-0.0891773
-0.0891773
-0.055855
-0.0301926
-0.0301926
-0.379977
-0.379977
-0.379977
-0.208402
-0.390593
-0.34803
-0.34803
-0.34803
-0.34803
-0.34803
-0.34803
-0.346917
-0.241638
-0.165137
-0.165137
-0.165137
-0.279209
-0.279209
-0.234829
-0.180399
-0.180399
-0.180399
-0.278606
-0.278606
-0.278606
-0.278606
-0.278606
0.00634697
-0.271664
-0.271664
-0.271664
-0.0534732
-0.0534732
-0.0534732
-0.0534732
-0.0860425
-0.189848
-0.189848
-0.189848
-0.189848
-0.218014
-0.26996
-0.26996
-0.26996
-0.00757966
-0.178212
-0.178212
-0.178212
-0.216719
-0.165804
-0.165804
-0.19869
-0.19869
-0.19869
-0.19869
-0.0984093
-0.230086
-0.222827
-0.232245
-0.232245
-0.246882
-0.369838
-0.214776
-0.241202
-0.190571
-0.280196
-0.280196
-0.280196
-0.300978
-0.300978
-0.300978
-0.300978
-0.178857
-0.178857
-0.178857
-0.0153615
-0.0153615
-0.0153615
-0.200069
0.0101284
0.0101284
-0.0775807
-0.402231
-0.402231
-0.402231
-0.402231
-0.402231
-0.200717
-0.277101
-0.277101
-0.248713
-0.222344
-0.222344
-0.222344
-0.405213
-0.263554
-0.291904
-0.241462
-0.235112
-0.180122
-0.248636
-0.248636
-0.245962
-0.0711979
-0.0711979
-0.287996
-0.40614
-0.40614
-0.40614
-0.40614
-0.40614
-0.40614
-0.40614
-0.40614
-0.40614
-0.40614
-0.40614
-0.40614
-0.127579
-0.402769
-0.140044
-0.140044
-0.140044
0.0931332
-0.122242
-0.246306
-0.111814
-0.217664
-0.217664
-0.124887
-0.214784
0.125673
-0.262675
-0.262675
-0.262675
-0.262675
-0.262675
-0.262675
-0.262675
-0.279639
-0.20349
-0.156772
-0.156772
-0.156772
-0.155127
-0.155127
-0.155127
-0.37563
-0.37563
-0.37563
-0.37563
-0.37563
-0.37563
-0.37563
-0.220626
-0.243818
-0.243818
-0.368149
-0.368149
-0.368149
-0.368149
-0.285871
-0.207679
-0.252548
-0.240593
-0.240593
-0.240593
-0.299676
-0.299676
-0.297882
-0.161685
-0.161685
-0.161685
-0.223429
-0.223429
0.112346
-0.251185
-0.11262
-0.13467
-0.13467
-0.13467
-0.115709
-0.115709
-0.115709
-0.294517
-0.294517
-0.148833
-0.096479
-0.212303
-0.325533
-0.325533
-0.328998
-0.187056
-0.187056
-0.311423
-0.403212
-0.132211
-0.132211
-0.172129
-0.258845
-0.0902807
-0.219197
-0.251099
-0.277113
-0.251179
-0.246183
-0.246183
-0.246183
-0.246183
-0.267652
-0.267652
-0.267652
-0.267652
-0.283231
-0.379339
-0.379339
-0.370348
-0.370348
-0.370348
-0.370348
-0.370348
-0.271576
-0.271576
-0.271576
-0.300416
-0.300416
-0.300416
-0.211988
-0.248302
-0.195409
-0.195409
-0.195409
-0.357392
-0.357392
-0.357392
-0.357392
-0.357392
-0.25264
-0.25264
-0.25264
0.118138
-0.0772576
-0.198222
-0.246069
-0.334048
-0.334048
-0.334048
-0.392365
-0.392365
-0.392365
-0.392365
-0.392365
-0.392365
-0.392365
-0.392365
-0.392365
-0.392365
-0.392365
-0.392365
-0.392365
-0.392365
-0.392365
-0.204133
-0.241956
-0.208008
-0.208008
-0.208008
-0.208008
-0.350917
-0.350917
-0.350917
-0.19091
-0.19091
-0.19091
-0.221563
-0.292166
-0.241108
-0.241108
-0.182588
-0.243661
-0.243661
-0.225049
-0.225049
-0.225049
-0.225049
-0.225049
-0.225049
-0.271984
-0.271984
-0.271984
-0.271984
-0.151883
-0.0998821
-0.258478
-0.258478
-0.31956
-0.31956
-0.31956
-0.31956
-0.15469
-0.225689
-0.225689
-0.0977949
-0.211969
-0.21298
-0.019064
-0.308036
-0.445879
-0.445879
-0.445879
-0.445879
-0.445879
-0.445879
-0.445879
-0.25822
-0.25822
-0.25822
-0.25822
-0.220765
-0.314328
-0.314328
-0.314328
-0.314328
-0.440284
-0.440284
-0.440284
-0.440284
-0.440284
-0.440284
-0.440284
-0.440284
-0.440284
-0.440284
-0.0825927
-0.0320447
-0.229106
-0.230574
-0.230574
-0.230574
-0.230574
-0.326113
-0.235453
-0.235453
-0.235453
-0.171249
-0.107695
0.256968
-0.0273163
-0.368056
-0.103355
0.0086871
-0.201315
-0.221335
-0.182908
-0.293834
-0.29736
-0.310465
-0.348069
-0.348069
-0.348069
-0.410889
-0.410889
-0.410889
-0.410889
-0.410889
-0.410889
-0.410889
-0.410889
-0.410889
-0.410889
-0.410889
-0.410889
-0.410889
-0.410889
-0.410889
-0.231868
-0.0651529
-0.171479
-0.171479
-0.0452341
-0.214406
-0.121827
-0.117637
-0.154565
-0.243711
-0.243711
-0.429587
-0.429587
-0.429587
-0.429587
-0.424413
-0.371176
-0.371176
-0.371176
-0.00800642
-0.196807
-0.196807
-0.196807
-0.394726
-0.394726
-0.394726
-0.394726
-0.333504
-0.333504
-0.333504
-0.333504
-0.265897
-0.245442
-0.0673122
-0.12262
-0.12262
-0.240583
-0.240583
-0.297634
-0.297634
-0.238717
-0.193203
-0.213762
-0.400576
-0.400576
-0.400576
-0.400576
-0.395871
-0.173396
-0.173396
-0.173396
-0.173396
-0.247999
-0.247999
-0.247999
-0.196506
-0.196506
0.143165
-0.393019
-0.250475
-0.338212
-0.338212
-0.338212
-0.338212
-0.258859
-0.303217
-0.303217
-0.218742
-0.218742
-0.218742
-0.218742
-0.218742
-0.192114
-0.329945
-0.329945
-0.329945
-0.303006
-0.303006
-0.303006
-0.303006
-0.303006
-0.303006
-0.254913
-0.254913
-0.254913
-0.208686
-0.208686
-0.26379
0.0126107
0.0126107
-0.176979
-0.176979
-0.1775
-0.23425
-0.244091
-0.229446
-0.140862
-0.179961
-0.179961
-0.179961
-0.179961
-0.389998
-0.389998
-0.389998
-0.428554
-0.428554
-0.428554
-0.428554
-0.428554
-0.279556
-0.279556
-0.245608
-0.245608
-0.0629537
-0.0629537
-0.234863
-0.234863
-0.234863
-0.35322
-0.35322
-0.35322
-0.35322
-0.35322
-0.35322
-0.35322
-0.35322
-0.35322
-0.35322
-0.35322
-0.36849
-0.36849
-0.36849
-0.36849
-0.36849
-0.36849
-0.168929
-0.334189
-0.334189
-0.334189
-0.334189
-0.31994
-0.31994
-0.420254
-0.420254
-0.0927383
-0.0927383
-0.112835
-0.112835
-0.256249
-0.256249
-0.138882
-0.127402
-0.217874
-0.345102
-0.345102
-0.345102
-0.190668
-0.190668
-0.190668
-0.190668
-0.190668
-0.272245
-0.304496
-0.304496
-0.304496
-0.304496
-0.304496
-0.304496
-0.388359
0.0308826
0.0308826
0.0308826
-0.271514
-0.281704
-0.281704
-0.216016
-0.216016
-0.216016
-0.196203
-0.254773
-0.287599
-0.287599
-0.302447
-0.237637
-0.237637
0.166285
0.0601011
-0.0575837
-0.0575837
-0.0575837
-0.244934
-0.244934
-0.244934
-0.244934
-0.244934
-0.244934
-0.244934
-0.244934
0.0597034
0.0597034
-0.216891
-0.216891
-0.252541
-0.219504
-0.219504
-0.219504
-0.440593
-0.440593
-0.440593
-0.440593
-0.440593
-0.356618
-0.356618
0.0481372
-0.204953
-0.0392771
-0.240316
-0.240316
-0.181427
-0.181427
-0.117466
-0.186315
-0.16851
-0.16851
-0.16851
-0.16851
-0.24538
-0.24319
-0.24319
-0.24319
-0.255204
-0.252479
-0.252479
-0.223387
-0.223387
-0.387863
-0.387863
-0.383236
-0.174353
-0.174353
-0.244345
-0.244345
0.29733
0.0893328
-0.332951
-0.332951
-0.233451
-0.233451
-0.233451
-0.233451
-0.347889
-0.347889
-0.347889
-0.347889
-0.347889
-0.347889
-0.347889
-0.347889
-0.347889
-0.347889
-0.347889
-0.347889
-0.326254
-0.156446
-0.156446
-0.249133
-0.319583
-0.319583
-0.319583
-0.368286
-0.368286
-0.266052
-0.266052
-0.266052
-0.266052
-0.266052
-0.266052
-0.266052
-0.266052
-0.266052
-0.266052
-0.266052
0.142932
-0.0192514
-0.106447
-0.243975
-0.254652
-0.247728
-0.247728
-0.221872
-0.221872
-0.238318
-0.206985
-0.242396
-0.376584
-0.376584
-0.376584
-0.0563981
-0.199842
-0.199842
-0.209387
-0.213724
-0.213724
-0.245444
-0.226676
-0.226676
-0.226676
-0.212961
-0.212961
0.052901
0.0834216
0.0834216
-0.394951
-0.230315
-0.230315
-0.260176
-0.260176
-0.272877
-0.272877
-0.272877
-0.272877
-0.241744
-0.059002
-0.059002
-0.112218
-0.298804
-0.263638
-0.226526
-0.226526
-0.226526
-0.180291
-0.0776446
-0.423818
-0.423818
-0.423818
-0.423818
-0.423818
-0.423818
-0.423818
-0.388926
-0.388926
-0.388926
-0.388926
-0.209024
-0.209024
-0.215257
-0.215257
-0.215257
-0.215257
0.295173
-0.227216
-0.219525
-0.219525
-0.219525
-0.219525
-0.219525
-0.219525
-0.219525
-0.356339
-0.356339
-0.356339
-0.356339
-0.362272
-0.362272
-0.362272
-0.362272
-0.362272
-0.362272
-0.362272
-0.362272
-0.362272
-0.362272
-0.362272
-0.362272
-0.362272
-0.255238
-0.176759
-0.176759
-0.176759
-0.176759
-0.176759
-0.176759
-0.176759
-0.352582
-0.352582
-0.352582
-0.352582
-0.352582
-0.352582
-0.352582
-0.352582
-0.352582
-0.352582
-0.352582
-0.352582
-0.212779
-0.211248
-0.211248
-0.211248
-0.211248
-0.263505
-0.249526
-0.249526
-0.400642
-0.400642
-0.400642
-0.247242
-0.247242
-0.128833
-0.128833
-0.0510811
-0.13262
-0.189084
-0.36139
-0.228864
-0.292633
-0.292633
-0.292633
-0.257187
-0.257187
-0.257187
-0.257187
-0.257895
-0.257895
-0.257895
-0.257895
-0.255773
-0.255773
-0.426175
-0.426175
-0.426175
-0.426175
-0.179986
-0.179986
-0.179986
-0.38566
-0.38566
-0.333623
-0.333623
-0.339883
-0.238103
-0.230444
-0.196874
-0.196874
-0.196874
-0.196874
-0.399974
-0.399974
-0.399974
-0.399974
-0.399974
-0.399974
-0.399974
-0.399974
-0.215245
-0.215245
-0.266373
-0.266373
-0.279605
-0.237098
-0.237098
-0.289132
-0.289132
-0.289132
-0.150471
-0.150471
-0.282341
-0.282341
-0.282341
-0.282341
-0.282341
-0.176111
-0.176111
-0.423677
-0.423677
-0.378965
-0.378965
-0.378965
-0.378965
-0.378965
-0.378965
-0.378965
-0.378965
-0.378965
-0.378965
-0.378965
-0.378965
-0.378965
-0.251393
-0.28055
-0.28055
-0.28055
-0.28055
-0.28055
-0.28055
-0.335057
-0.203922
-0.196761
-0.196761
-0.196761
-0.196761
-0.220421
-0.220421
-0.220421
-0.176823
-0.176823
-0.176823
-0.176823
-0.161916
-0.161916
-0.161916
-0.161916
-0.220366
-0.220366
-0.255152
-0.236334
-0.252773
-0.252773
-0.252773
-0.252773
-0.252773
-0.252773
-0.105238
-0.105238
0.103914
0.03096
-0.322971
-0.387319
-0.387319
-0.0711501
-0.0711501
-0.0711501
-0.254161
-0.347934
-0.347934
-0.347934
-0.347934
-0.347934
-0.347934
-0.347934
-0.100528
0.151123
-0.0267249
-0.341641
-0.341641
-0.341641
-0.341641
-0.341641
-0.341641
-0.341641
-0.206933
-0.232338
-0.171608
-0.143211
-0.143211
-0.26313
-0.0458863
-0.240749
-0.240749
-0.240749
-0.240749
-0.275909
-0.30213
-0.30213
-0.156767
-0.188731
-0.188731
-0.251837
-0.251837
-0.251837
-0.251837
-0.251837
-0.251837
-0.251837
-0.348229
-0.348229
-0.208096
-0.218578
-0.218578
-0.218578
-0.193513
-0.231864
-0.231864
-0.231864
-0.231864
-0.231864
-0.252712
-0.252712
-0.282673
-0.205982
-0.253922
-0.394752
-0.394752
-0.394752
-0.394752
-0.19953
-0.19953
-0.19953
-0.19953
-0.422906
-0.422906
-0.422906
-0.422906
-0.422906
-0.194555
-0.194555
-0.183595
-0.253039
-0.253039
-0.253039
-0.341966
-0.341966
-0.341966
-0.248472
-0.0514867
-0.376038
-0.376038
-0.376038
-0.376038
-0.376038
-0.376038
-0.376038
-0.376038
-0.376038
-0.376038
-0.329111
-0.329111
-0.329111
-0.329111
-0.329111
-0.329111
-0.329111
-0.343937
-0.343937
-0.343937
-0.196241
-0.196241
-0.196241
-0.196241
-0.257663
-0.235069
-0.233237
-0.388813
-0.388813
-0.374353
-0.374353
-0.258131
-0.258131
-0.258131
-0.258131
-0.258131
-0.258131
-0.258131
-0.258131
-0.258131
-0.258131
-0.258131
-0.357066
-0.357066
-0.357066
-0.357066
-0.357066
-0.357066
-0.357066
-0.357066
-0.357066
-0.418225
-0.418225
-0.418225
-0.418225
-0.442063
-0.442063
-0.442063
-0.296974
-0.296974
-0.296974
-0.00431371
0.00778808
0.00778808
-0.0836182
-0.261512
-0.261512
0.169553
-0.286902
-0.286902
-0.345741
-0.345741
-0.345741
-0.345741
-0.345741
-0.345741
-0.345741
-0.345741
-0.345741
-0.345741
-0.345741
-0.345741
-0.345741
-0.345741
-0.375127
-0.375127
-0.375127
-0.0624867
-0.0624867
-0.258381
-0.188719
-0.240804
-0.207883
-0.263683
-0.239455
-0.239455
-0.330363
-0.330363
-0.330363
-0.330363
-0.330363
-0.331045
-0.331045
-0.331045
-0.257457
-0.197927
-0.241392
-0.241392
-0.241392
-0.241392
-0.241392
-0.25495
-0.00727968
-0.235535
-0.235535
-0.244126
-0.244126
-0.223164
-0.223164
-0.333906
-0.333906
0.142339
0.0193532
0.0193532
-0.196825
-0.151918
-0.151918
-0.191126
-0.191126
-0.179828
-0.190221
-0.424028
-0.424028
-0.424028
-0.424028
-0.434399
-0.192236
-0.261413
-0.261413
-0.249317
-0.249317
-0.369746
-0.369746
-0.369746
-0.38542
-0.210738
-0.210738
-0.210738
-0.210738
-0.325376
-0.325376
-0.325376
-0.234156
-0.234156
-0.23557
-0.297029
-0.297029
-0.297029
-0.297029
-0.297029
-0.297029
-0.297029
-0.290785
-0.231303
-0.270965
-0.326277
-0.194318
-0.194318
0.107051
0.0840071
-0.228154
-0.245522
-0.245522
-0.245522
-0.245522
-0.15027
-0.17959
-0.17959
-0.4198
-0.4198
-0.21681
-0.25438
-0.239638
-0.239638
-0.294853
-0.294853
-0.294853
0.0614663
-0.246804
-0.246804
-0.23469
-0.19223
-0.19223
-0.19223
-0.19223
-0.19223
-0.19223
-0.19223
-0.19223
-0.243099
-0.243099
-0.243099
-0.243099
-0.102508
-0.0855645
-0.305344
-0.218884
-0.309615
-0.241285
-0.225209
-0.160025
-0.160025
-0.203833
0.045927
0.045927
0.045927
-0.155386
-0.155386
-0.155386
-0.155386
-0.25819
-0.25819
-0.25819
-0.209219
-0.374532
-0.374532
-0.374532
-0.374532
-0.374532
-0.374532
-0.409333
-0.409333
-0.409333
-0.409333
-0.409333
-0.409333
-0.409333
-0.409333
-0.107566
-0.107566
-0.0353682
-0.108798
-0.108798
-0.108798
-0.183658
-0.268139
-0.430257
-0.430257
-0.167265
-0.167265
-0.223696
-0.223696
-0.223696
-0.223696
-0.223696
-0.4235
-0.4235
-0.4235
-0.253502
-0.253502
-0.253502
-0.253502
-0.253502
-0.253502
-0.253502
-0.253502
-0.324335
-0.324335
-0.193677
-0.193677
-0.193677
-0.413606
-0.413606
-0.413606
-0.413606
-0.174833
-0.397573
-0.397573
-0.379427
-0.379427
-0.379427
-0.407949
-0.407949
-0.235337
-0.223523
-0.250539
-0.250539
-0.226407
-0.226407
-0.226407
-0.226407
-0.226407
-0.226407
-0.318508
-0.318508
-0.318508
-0.254417
-0.254417
-0.254417
-0.331778
-0.331778
-0.331778
-0.331778
-0.331778
-0.331778
-0.252312
-0.252312
-0.260441
-0.247751
-0.247751
-0.247751
-0.257414
-0.257414
-0.274061
-0.274061
-0.274061
-0.344715
-0.344715
-0.344715
-0.344715
-0.344715
-0.344715
-0.344715
-0.344715
-0.344715
-0.344715
-0.344715
-0.166992
-0.295829
-0.295829
-0.295829
-0.295829
-0.123642
-0.123642
-0.123642
-0.123642
-0.158164
-0.158164
-0.158164
-0.221948
-0.221948
-0.221948
-0.411904
-0.184002
-0.0844338
-0.0844338
-0.0844338
-0.237431
0.0134703
-0.262053
-0.171756
-0.171756
-0.171756
-0.338145
-0.338145
-0.338145
-0.338145
-0.0946404
-0.19216
-0.19216
-0.19216
-0.19216
-0.19216
-0.19216
-0.107365
-0.107365
-0.210195
-0.210195
-0.224498
-0.224498
-0.224498
-0.224498
-0.224498
-0.202415
-0.104529
-0.104529
-0.162666
-0.161031
-0.225222
-0.225222
-0.212338
-0.212338
-0.212338
-0.211914
-0.211914
-0.211914
0.0181368
-0.241062
-0.241062
-0.241062
-0.284856
-0.284856
-0.284856
-0.284856
-0.284856
-0.173395
-0.181977
-0.31691
-0.385801
-0.385801
-0.385801
-0.385801
-0.385801
-0.385801
-0.385801
-0.385801
-0.385801
-0.385801
-0.385801
-0.385801
-0.385801
-0.32167
-0.32167
-0.32167
-0.32167
-0.32167
-0.32167
-0.32167
-0.32167
-0.32167
-0.32167
-0.32167
-0.32167
-0.403037
-0.403037
-0.403037
-0.403037
-0.403037
-0.403037
-0.356967
-0.0581891
-0.157066
-0.223868
-0.223868
-0.223868
-0.223868
-0.202483
-0.208006
-0.208006
-0.0190746
-0.242598
-0.312197
-0.312197
-0.312197
-0.269079
-0.229853
-0.280197
-0.403582
-0.403582
-0.403582
-0.403582
-0.403582
-0.403582
-0.403582
-0.403582
-0.191331
-0.191331
-0.191331
-0.191331
-0.247216
-0.0656245
-0.258965
-0.228022
-0.228022
-0.228022
-0.355474
-0.366567
-0.297182
-0.190925
-0.190925
-0.190925
-0.190925
-0.190925
-0.190925
-0.307583
-0.344476
-0.344476
-0.344476
-0.344476
-0.430628
-0.430628
-0.430628
-0.430628
-0.430628
-0.430628
-0.430628
-0.330823
-0.330823
-0.330823
-0.330823
-0.225292
-0.225292
-0.43569
-0.43569
-0.43569
-0.43569
-0.382027
-0.179729
-0.281933
-0.281933
-0.281933
0.0119078
-0.037884
-0.168394
-0.168394
-0.168394
-0.265575
-0.265575
-0.303289
-0.303289
-0.0135952
-0.236195
-0.195054
-0.28935
-0.28935
-0.28935
-0.155175
-0.149809
-0.121979
-0.121979
-0.215358
-0.100156
-0.100156
-0.315705
-0.246945
-0.246945
-0.24332
-0.274196
-0.249032
-0.249032
-0.249032
-0.33707
-0.33707
-0.33707
-0.33707
-0.33707
-0.299665
-0.299665
-0.404028
-0.404028
-0.404028
-0.404028
-0.404028
-0.404028
-0.404028
-0.404028
-0.315862
-0.315862
-0.105413
-0.105413
-0.0307426
-0.199892
0.0548452
-0.075684
-0.075684
-0.0639528
-0.0639528
-0.0639528
-0.393402
-0.393402
-0.393402
-0.393402
-0.393402
-0.393402
-0.217986
-0.270935
-0.270935
-0.270935
-0.270935
-0.249774
-0.249774
-0.218772
-0.212559
-0.212559
-0.212559
-0.224849
-0.302858
-0.302858
-0.238967
-0.238967
-0.238967
-0.238967
-0.17869
-0.121631
0.0371168
-0.401197
-0.401197
-0.401197
-0.401197
-0.243327
-0.243327
-0.243327
-0.243327
-0.371288
-0.371288
-0.371288
-0.371288
-0.371288
-0.435495
-0.435495
-0.435495
-0.435495
-0.435495
-0.430344
-0.430344
-0.430344
-0.430344
-0.430344
-0.430344
-0.430344
-0.430344
-0.430344
-0.430344
-0.430344
-0.430344
-0.372579
-0.372579
-0.105904
-0.105904
-0.398532
-0.398532
-0.398532
-0.244629
-0.216455
-0.216455
-0.216455
-0.216455
-0.216455
-0.216049
-0.244898
-0.215303
0.0428731
-0.0259452
-0.182131
-0.233074
-0.193053
-0.193053
-0.193053
-0.238529
-0.238529
-0.211917
-0.211917
-0.328382
-0.328382
-0.328382
-0.328382
-0.328382
-0.362454
-0.407608
-0.407608
-0.439262
-0.439262
-0.164818
-0.164818
-0.392464
-0.392464
-0.392464
-0.106276
-0.157981
-0.157981
-0.157981
-0.181031
-0.276969
-0.276969
-0.276969
-0.276969
-0.276969
-0.276969
-0.276969
-0.276969
-0.267888
-0.267888
-0.267888
-0.267888
-0.267888
-0.294573
-0.294573
-0.294573
-0.294573
-0.294573
-0.294573
-0.294573
-0.294573
-0.294573
-0.294573
-0.294573
-0.294573
-0.294573
-0.294573
-0.294573
-0.251827
-0.251827
0.313788
0.313788
0.313788
0.313788
0.203838
0.0833487
0.031298
-0.244691
-0.21143
-0.21143
-0.21143
-0.21143
-0.386918
-0.335256
-0.335256
-0.335256
-0.335256
-0.335256
-0.335256
-0.335256
-0.335256
-0.335256
-0.202733
-0.202733
-0.431458
-0.431458
-0.431458
-0.431458
-0.431458
-0.431458
-0.431458
-0.431458
-0.431458
-0.431458
-0.431458
-0.431458
-0.431458
-0.431458
-0.431458
-0.431458
-0.431458
-0.431458
-0.431458
-0.431458
-0.431458
-0.431458
-0.431458
-0.431458
-0.431458
-0.431458
-0.271235
-0.218757
-0.218757
-0.218757
-0.213558
-0.210825
-0.210825
-0.210825
-0.210825
-0.227766
-0.227766
-0.227766
-0.247765
-0.0747523
-0.0395801
-0.380164
-0.380164
-0.380164
-0.380164
-0.380164
-0.380164
-0.380164
-0.380164
-0.380164
-0.292661
-0.292661
-0.292661
-0.292661
-0.377186
-0.377186
-0.377186
-0.377186
-0.377186
-0.371955
-0.371955
-0.371955
-0.371955
-0.371955
-0.371955
-0.216362
-0.216362
-0.148838
-0.148838
-0.148838
-0.240031
-0.240031
-0.240031
-0.240031
-0.271996
-0.423167
-0.423167
-0.423167
-0.423167
-0.423167
-0.423167
-0.423167
-0.423167
-0.423167
-0.423167
-0.423167
-0.423167
-0.423167
-0.423167
-0.248766
-0.248766
-0.310808
-0.286556
-0.286556
-0.286556
-0.286556
-0.0675625
-0.0675625
-0.105033
-0.153115
-0.153115
-0.242904
-0.242904
-0.242904
-0.239246
-0.250103
-0.247301
-0.247301
-0.247301
-0.247301
-0.247301
-0.247301
-0.222266
-0.169179
-0.24347
-0.243666
-0.36897
-0.36897
-0.36897
-0.311678
-0.26935
-0.26935
-0.215833
0.0124513
-0.389037
-0.389037
-0.389037
-0.389037
-0.363321
-0.363321
-0.363321
-0.363321
-0.363321
-0.363321
-0.363321
-0.363321
-0.0097989
-0.0097989
-0.164534
-0.164534
-0.164534
0.0481328
0.0255507
-0.100504
-0.31636
-0.31636
-0.31636
-0.31636
-0.31636
-0.31636
-0.31636
-0.421605
-0.421605
-0.421605
-0.421605
-0.421605
-0.421605
-0.421605
-0.229748
-0.229748
-0.229748
-0.294612
-0.294612
-0.294612
-0.294612
-0.294612
-0.294612
-0.294612
-0.243214
-0.244136
-0.260313
-0.0388544
-0.291154
-0.291154
-0.291154
-0.291154
-0.291154
0.0246559
0.0246559
-0.187382
-0.187382
-0.187382
-0.187382
-0.187382
-0.376337
-0.376337
-0.376337
-0.376337
-0.376337
-0.376337
-0.376337
-0.376337
-0.376337
-0.376337
-0.376337
-0.376337
-0.277184
-0.233325
-0.143892
-0.403435
-0.403435
-0.403435
-0.340381
-0.340381
-0.345007
-0.345007
-0.345007
-0.311723
-0.311723
-0.311723
-0.183275
-0.399529
-0.399529
-0.399529
-0.399529
-0.399529
-0.399529
-0.399529
-0.399529
-0.399529
-0.437508
-0.437508
-0.437508
-0.437508
-0.437508
-0.437508
-0.162412
-0.238182
-0.238182
-0.227096
-0.204892
-0.242668
-0.242668
-0.30274
-0.207661
-0.417945
-0.417945
-0.417945
-0.417945
-0.417945
-0.417945
-0.417945
-0.216207
-0.255951
-0.255951
-0.3905
-0.3905
-0.3905
-0.3905
-0.3905
-0.3905
-0.3905
-0.3905
-0.258625
-0.258625
-0.258625
-0.258625
-0.258625
-0.152181
-0.152181
0.0757281
-0.250823
-0.250823
-0.249157
-0.249157
-0.249157
-0.249157
-0.249157
-0.249157
-0.249157
-0.249157
-0.249157
-0.249157
-0.190987
-0.192091
-0.346941
-0.346941
-0.346941
-0.346941
-0.346941
-0.346941
-0.346941
-0.346941
-0.346941
-0.346941
-0.346941
-0.346941
-0.432036
-0.432036
-0.432036
-0.432036
-0.432036
-0.432036
-0.269787
-0.306529
-0.306529
-0.306529
-0.306529
-0.306529
-0.306529
-0.306529
-0.306529
-0.259292
-0.243
-0.243
-0.243
-0.243
-0.315573
-0.315573
-0.130838
-0.130838
-0.130838
-0.130838
-0.116638
-0.215069
-0.149281
-0.149281
-0.339544
-0.339544
-0.226837
-0.226837
-0.226837
-0.226837
-0.242915
-0.242915
-0.101467
-0.101467
-0.101467
-0.208701
-0.208701
-0.208701
-0.243912
-0.243912
-0.243912
-0.243912
-0.243912
-0.202149
-0.244669
-0.245053
-0.245053
-0.254911
-0.254316
-0.254316
-0.254316
-0.254316
-0.254316
-0.254316
-0.254316
-0.254316
-0.293514
-0.293514
-0.25582
-0.25582
-0.211801
-0.27837
-0.253777
-0.265206
-0.0172724
-0.407887
-0.407887
-0.407887
-0.407887
-0.407887
-0.407887
-0.417238
-0.417238
-0.417238
-0.0689411
-0.0689411
-0.0689411
-0.0689411
-0.0689411
-0.0689411
0.125279
0.125279
0.182616
0.182616
-0.074845
-0.074845
0.179262
0.179262
-0.206348
-0.206348
-0.206348
-0.20937
-0.242605
-0.242605
-0.242605
-0.242605
-0.242605
-0.242605
-0.242605
-0.242605
-0.181614
-0.181614
-0.254149
-0.254149
-0.254149
-0.254149
-0.254149
-0.254149
-0.295574
-0.375086
-0.375086
-0.375086
-0.375086
-0.375086
-0.375086
-0.375086
-0.375086
-0.375086
-0.234617
-0.296226
-0.296226
-0.235625
-0.193914
-0.193914
-0.256744
-0.256744
-0.245434
-0.245434
-0.245434
0.0256404
-0.134045
-0.242199
-0.303012
-0.40914
-0.40914
-0.40914
-0.40914
-0.40914
-0.40914
-0.40914
-0.40914
-0.40914
-0.40914
-0.40914
-0.40914
-0.428274
-0.428274
-0.435224
-0.435224
-0.435224
-0.290918
-0.290918
-0.389986
-0.389986
-0.389986
-0.389986
-0.389986
-0.389986
-0.389986
-0.274382
-0.274382
-0.274382
-0.274382
-0.274382
-0.274382
-0.274382
-0.274382
-0.274382
-0.274382
-0.250838
-0.250838
-0.250838
-0.19062
-0.19062
-0.19062
-0.19062
-0.0898571
-0.0898571
-0.0898571
-0.250916
-0.250916
-0.244416
-0.244416
-0.220141
-0.236947
-0.244937
-0.244937
-0.244937
-0.244937
-0.283404
-0.283404
-0.240345
-0.421324
-0.334391
-0.334391
-0.427406
-0.259222
-0.259222
-0.250524
-0.220062
-0.220062
-0.220062
-0.1425
-0.314097
-0.314097
-0.314097
-0.314097
-0.314097
-0.314097
-0.314097
-0.314097
-0.314097
-0.314097
-0.314097
-0.314097
-0.314097
-0.314097
-0.314097
-0.314097
-0.314097
-0.314097
-0.314097
-0.314097
-0.314097
-0.314097
-0.314097
-0.24376
-0.24138
-0.24138
-0.266194
-0.287317
-0.287317
-0.223722
-0.273363
-0.273363
-0.280017
-0.280017
-0.0492592
-0.0492592
0.109096
0.109096
-0.261536
-0.261536
-0.225212
-0.208567
-0.208567
-0.185159
-0.295607
-0.279177
-0.279177
-0.279177
-0.216071
-0.216071
-0.216071
-0.216071
-0.381543
-0.381543
-0.381543
-0.381543
-0.381543
-0.381543
-0.381543
-0.381543
-0.381543
-0.381543
-0.427731
-0.427731
-0.427731
-0.427731
-0.427731
-0.427731
-0.427731
-0.427731
-0.427731
-0.427731
-0.427731
-0.427731
-0.427731
-0.427731
-0.427731
-0.427731
-0.427731
-0.427731
-0.427731
-0.427731
-0.427731
-0.427731
-0.427731
-0.219183
-0.202085
-0.202085
-0.202085
-0.202085
-0.364712
-0.364712
-0.364712
-0.364712
-0.364712
-0.364712
-0.364712
-0.364712
-0.364712
-0.364712
-0.364712
0.0318779
-0.238761
-0.171539
-0.0777715
-0.365636
-0.365636
-0.365636
-0.365636
-0.365636
-0.365636
-0.441726
-0.441726
-0.441726
-0.441726
-0.441726
-0.441726
-0.441726
-0.169115
-0.112697
-0.112697
-0.349163
-0.349163
-0.349163
-0.349163
-0.349163
-0.349163
-0.349163
-0.349163
-0.349163
-0.349163
-0.349163
-0.349163
-0.349163
-0.349163
-0.349163
-0.349163
-0.349163
-0.349163
-0.349163
-0.349163
-0.349163
-0.349163
-0.130928
-0.130928
-0.284713
-0.284713
-0.284713
-0.284713
-0.274114
-0.256948
-0.256948
-0.432419
-0.432419
-0.432419
-0.432419
-0.432419
-0.432419
-0.432419
-0.432419
-0.432419
-0.432419
-0.432419
-0.432419
-0.432419
-0.432419
-0.432419
-0.432419
-0.432419
-0.432419
-0.432419
-0.432419
-0.432419
-0.432419
-0.432419
-0.432419
-0.15807
-0.15807
-0.0198707
-0.0198707
-0.225515
-0.225515
-0.225515
-0.225515
-0.225515
-0.191596
-0.0722077
-0.0722077
-0.386712
-0.386712
-0.386712
-0.386712
-0.386712
-0.386712
-0.386712
-0.386712
-0.386712
-0.386712
-0.344985
-0.284017
-0.284017
-0.237673
-0.237673
-0.237673
-0.428895
-0.428895
-0.428895
-0.428895
-0.428895
-0.428895
-0.428895
-0.428895
-0.428895
-0.428895
-0.428895
-0.428895
-0.428895
-0.428895
-0.428895
-0.428895
-0.428895
-0.428895
-0.428895
-0.428895
-0.428895
-0.428895
-0.428895
-0.428895
-0.428895
-0.428895
-0.428895
-0.428895
-0.428895
-0.428895
-0.428895
-0.428895
-0.428895
-0.239419
-0.239419
-0.239419
-0.239419
-0.239419
-0.239419
-0.216971
-0.230169
-0.230169
-0.244601
-0.225709
-0.297778
-0.297778
-0.297778
-0.297778
-0.297778
-0.297778
-0.297778
-0.196398
-0.196398
-0.196398
-0.255344
-0.255344
-0.255344
-0.227077
-0.245524
-0.245524
-0.120182
-0.256172
-0.250333
-0.250333
-0.385411
-0.385411
-0.385411
-0.385411
-0.385411
-0.385411
-0.385411
-0.385411
-0.224376
-0.217905
-0.202894
-0.202894
-0.202894
-0.390788
-0.390788
-0.390788
-0.390788
-0.390788
-0.390788
-0.390788
-0.390788
-0.390788
-0.390788
-0.390788
-0.36741
-0.36741
-0.36741
-0.36741
-0.36741
-0.388375
-0.388375
-0.388375
-0.388375
-0.388375
-0.388375
-0.325879
-0.358369
-0.358369
-0.358369
-0.358369
-0.358369
-0.295197
-0.295197
-0.295197
-0.295314
-0.295314
-0.295314
-0.295314
-0.295314
-0.295314
-0.258867
-0.332335
-0.340656
-0.340656
-0.340656
-0.340656
-0.340656
-0.340656
-0.340656
-0.196119
-0.195677
-0.195677
-0.180719
-0.181934
-0.181934
-0.110613
-0.251134
-0.251134
-0.251134
-0.251134
-0.251134
-0.251134
-0.251134
-0.26926
-0.291506
-0.349706
-0.349706
-0.349706
-0.349706
-0.349706
-0.307002
-0.307002
-0.282179
-0.282179
-0.282179
-0.282179
-0.427851
-0.290733
-0.290733
-0.360476
-0.360476
-0.360476
-0.360476
-0.360476
-0.360476
-0.360476
-0.360476
-0.360476
-0.360476
-0.249518
-0.31148
-0.31148
-0.31148
-0.31148
-0.398896
-0.398896
-0.398896
-0.398896
-0.398896
-0.398896
-0.398896
-0.398896
-0.398896
-0.398896
-0.398896
-0.398896
-0.271116
-0.271116
-0.271116
-0.271116
-0.271116
-0.271116
-0.271116
-0.160038
-0.322784
-0.322784
-0.322784
-0.234514
-0.234514
-0.142973
-0.182766
-0.182766
-0.176665
-0.19688
-0.19688
-0.355762
-0.355762
-0.237778
-0.243325
-0.243325
-0.243325
-0.243325
-0.243325
-0.252984
-0.398307
-0.202945
-0.202945
-0.202945
-0.390958
-0.390958
-0.390958
-0.373658
-0.408143
-0.408143
-0.140376
-0.140376
-0.140376
-0.2022
-0.2022
-0.2022
-0.2022
-0.2022
-0.2022
-0.2022
-0.2022
-0.2022
-0.247296
-0.391958
-0.391958
-0.391958
-0.391958
-0.391958
-0.391958
-0.391958
-0.391958
-0.391958
-0.391958
-0.391958
-0.391958
-0.442464
-0.442464
-0.442464
-0.442464
-0.199644
-0.288451
-0.256057
-0.113694
-0.242528
-0.242528
-0.208321
-0.208321
-0.2037
-0.254328
-0.254328
-0.243928
-0.211566
-0.189346
-0.189346
-0.309389
-0.309389
-0.309389
-0.309389
-0.309389
-0.309389
-0.309389
-0.309389
-0.248103
-0.248103
-0.248103
-0.248103
-0.405277
-0.405277
-0.405277
-0.405277
-0.273958
-0.273958
-0.190435
-0.171705
-0.317712
-0.317712
-0.317712
-0.317712
-0.317712
-0.317712
-0.317712
-0.324487
-0.324487
-0.324487
-0.427924
-0.427924
-0.427924
-0.427924
-0.427924
-0.427924
-0.130065
-0.130065
-0.130065
-0.130065
-0.130065
-0.130065
-0.130065
-0.0878979
-0.0878979
-0.0878979
0.106292
-0.0318367
-0.0318367
-0.240787
-0.257511
-0.257511
-0.336068
-0.241949
-0.241949
-0.241949
-0.241949
-0.241949
-0.241949
-0.241949
-0.302599
-0.302599
-0.270482
-0.270482
-0.270482
-0.270482
-0.315994
-0.315994
-0.315994
-0.359177
-0.359177
-0.359177
-0.359177
-0.359177
-0.359177
-0.359177
-0.156178
-0.156178
-0.300937
-0.300937
-0.300937
-0.180597
-0.221525
0.0615823
-0.295674
-0.271476
-0.271476
-0.129204
-0.129204
-0.199694
-0.32214
-0.32214
-0.32214
-0.32214
-0.32214
-0.32214
-0.32214
-0.32214
-0.32214
-0.32214
-0.32214
-0.32214
-0.32214
-0.32214
-0.32214
-0.313484
-0.313484
-0.313484
-0.313484
-0.313484
-0.327557
-0.327557
-0.430352
-0.430352
-0.430352
-0.430352
-0.287457
-0.256316
-0.256316
-0.256316
-0.256316
-0.256316
-0.256316
-0.256316
-0.274627
-0.274627
-0.274627
-0.243467
0.00692812
0.00692812
0.00692812
-0.21313
-0.207482
-0.207482
-0.207482
-0.243521
-0.204658
-0.163299
-0.163299
-0.0759768
-0.0759768
-0.256022
-0.256022
-0.204533
-0.204533
-0.398494
-0.398494
-0.398494
-0.398494
-0.210088
-0.210088
-0.419952
-0.419952
-0.419952
-0.419952
-0.419952
-0.419952
-0.419952
-0.419952
-0.419952
-0.419952
-0.420021
-0.420021
-0.414153
-0.414153
-0.414153
-0.414153
-0.251145
-0.115194
-0.229495
-0.229495
0.0244107
0.0244107
-0.0667905
-0.0667905
-0.0667905
-0.0667905
-0.0667905
-0.297052
-0.297052
-0.29354
-0.29354
-0.270622
-0.270622
-0.270622
-0.270622
-0.270622
-0.270622
-0.270622
-0.270622
-0.408801
-0.408801
-0.408801
-0.408801
-0.408801
-0.307571
-0.307571
-0.307571
-0.238723
-0.220074
-0.220074
-0.153629
-0.207707
-0.205278
-0.205278
-0.248656
-0.248656
-0.248656
-0.248656
-0.248656
-0.253191
-0.253191
-0.253191
-0.201494
-0.201494
-0.201494
-0.201494
-0.201494
-0.37934
-0.37934
-0.37934
-0.37934
-0.382149
-0.382149
-0.382149
-0.259844
-0.259844
-0.238674
-0.238674
-0.238674
-0.238674
-0.238674
-0.238674
-0.238674
-0.238674
-0.238674
-0.230183
-0.164097
-0.164097
-0.164097
-0.164097
-0.164097
-0.164097
0.00159673
0.00159673
0.00159673
-0.258477
-0.258477
-0.258477
-0.258477
-0.3393
-0.3393
-0.3393
-0.250156
-0.250156
-0.238663
-0.24882
-0.24882
-0.24882
-0.24882
-0.24882
-0.24882
-0.24882
-0.24882
-0.24882
-0.24882
-0.24882
-0.24882
-0.24882
-0.24882
-0.187383
-0.187383
-0.187383
-0.187383
-0.187383
-0.181473
-0.202472
-0.221282
-0.321833
-0.321833
-0.321833
-0.231417
-0.231417
-0.231417
-0.246061
-0.355362
-0.355362
-0.427006
-0.427006
-0.427006
-0.427006
-0.427006
-0.427006
-0.427006
-0.427006
-0.427006
-0.401997
-0.401997
-0.401997
-0.401997
-0.401997
-0.401997
-0.401997
-0.401997
-0.401997
-0.401997
-0.401997
-0.401997
-0.328597
-0.328597
-0.328597
-0.328597
-0.328597
-0.328597
-0.328597
-0.328597
-0.328597
-0.275979
-0.275979
-0.275979
-0.275979
-0.275979
-0.0176656
-0.0176656
-0.0176656
0.0696741
0.0696741
-0.251839
-0.251839
-0.251839
-0.251839
-0.23096
-0.23096
-0.23096
-0.246084
-0.242306
-0.242306
-0.155689
-0.155689
-0.244193
-0.244193
-0.244193
-0.365291
-0.365291
-0.365291
-0.365291
-0.365291
-0.365291
-0.365291
-0.365291
-0.343704
-0.343704
-0.245506
-0.245506
-0.361045
-0.361045
-0.361045
-0.246214
-0.246214
-0.211577
-0.210269
-0.277879
-0.125043
-0.125043
-0.125043
-0.318531
-0.365583
-0.365583
-0.365583
-0.365583
-0.365583
-0.365583
-0.250748
-0.250748
-0.220949
-0.220949
-0.213522
-0.14521
-0.391501
-0.391501
-0.391501
-0.391501
-0.391501
-0.391501
-0.391501
-0.229046
-0.229046
-0.193423
-0.0532349
-0.0532349
-0.109919
-0.132782
-0.239633
-0.324205
-0.324205
-0.324205
-0.324205
-0.324205
-0.249033
-0.249033
-0.249033
-0.249033
-0.249033
-0.310749
-0.248941
-0.24517
-0.24517
-0.24517
-0.246421
-0.246421
-0.389062
-0.389062
-0.389062
-0.389062
-0.389062
-0.389062
-0.389062
-0.385149
-0.385149
-0.385149
-0.385149
-0.14968
-0.14968
-0.14968
-0.14968
-0.14968
-0.14968
-0.29893
-0.29893
-0.29893
-0.360236
-0.211449
-0.24441
-0.24441
-0.24441
-0.24441
-0.24441
-0.253837
-0.253837
-0.253837
-0.253837
-0.173507
-0.173507
-0.402928
-0.402928
-0.402928
-0.402928
-0.402928
-0.402928
-0.402928
-0.402928
-0.402928
-0.358588
-0.394658
-0.394658
-0.394658
-0.394658
-0.394658
-0.394658
-0.394658
-0.394658
-0.394658
-0.394658
-0.377096
-0.377096
-0.377096
-0.377096
-0.377096
0.0181424
0.0181424
-0.311744
-0.311744
-0.250725
-0.250725
-0.250725
-0.168346
-0.168346
-0.168346
-0.307348
-0.246562
-0.249934
-0.269702
-0.269702
-0.269702
-0.269702
-0.212379
-0.21454
-0.21454
-0.21454
-0.185736
-0.185736
-0.185736
-0.239624
-0.239624
-0.239624
-0.239624
-0.239624
-0.239624
-0.382057
-0.324382
-0.324382
-0.268168
-0.317997
-0.317997
-0.317997
-0.317997
-0.317997
-0.317997
-0.236082
-0.236082
-0.236082
-0.236082
-0.236082
-0.259607
-0.259607
-0.259607
-0.259607
-0.140661
-0.140661
-0.140661
-0.227329
-0.241657
-0.241657
-0.255103
-0.221308
-0.221308
-0.221308
-0.255331
-0.255331
-0.24356
-0.24356
-0.24356
-0.24356
-0.24356
-0.24356
-0.221943
-0.235743
-0.235743
-0.235743
-0.284465
-0.270877
-0.27504
-0.392197
-0.392197
-0.392197
-0.392197
-0.392197
-0.392197
-0.244702
-0.244702
-0.244702
-0.0773174
-0.170212
-0.115919
-0.115919
-0.115919
-0.115919
-0.215456
-0.215456
-0.373274
-0.373274
-0.373274
-0.373274
-0.235802
-0.235802
-0.319609
-0.319609
-0.240055
-0.240055
-0.240055
-0.245931
-0.245931
-0.245931
-0.245931
-0.437281
-0.437281
-0.437281
-0.437281
-0.437281
-0.437281
-0.437281
-0.437281
-0.437281
-0.437281
-0.437281
-0.437281
-0.437281
-0.434818
-0.434818
-0.434818
-0.434818
-0.434818
-0.434818
-0.434818
-0.434818
-0.424957
-0.424957
-0.424957
-0.424957
-0.424957
-0.424957
-0.424957
-0.424957
-0.424957
-0.424957
-0.424957
-0.424957
-0.424957
-0.424957
-0.424957
-0.424957
-0.4098
-0.4098
-0.4098
-0.4098
-0.4098
-0.4098
-0.4098
-0.4098
-0.4098
-0.4098
-0.2239
-0.0868925
-0.0868925
-0.0868925
-0.203087
-0.29208
-0.29208
-0.29208
-0.156981
-0.156981
-0.247137
-0.247137
-0.210323
0.127375
-0.3053
-0.373753
-0.373753
-0.373753
-0.373753
-0.373753
-0.373753
-0.373753
-0.373753
-0.373753
-0.373753
-0.373753
-0.373753
-0.373753
-0.373753
-0.373753
-0.373753
-0.373753
-0.373753
-0.373753
-0.373753
-0.373753
-0.373753
-0.338226
-0.338226
-0.338226
-0.338226
-0.338226
-0.338226
-0.338226
-0.225095
-0.273807
-0.273807
-0.273807
-0.273807
-0.273807
-0.273807
-0.307702
-0.307702
-0.307702
-0.307702
-0.254102
-0.254102
-0.254102
-0.257342
-0.257342
-0.257342
-0.229207
-0.229207
-0.229207
-0.361305
-0.361305
-0.361305
-0.361305
-0.361305
-0.361305
-0.237825
-0.237825
-0.237825
-0.263743
-0.263743
-0.263743
-0.263743
-0.263743
-0.238303
-0.268151
-0.268151
-0.0935944
-0.0935944
-0.26189
-0.221602
-0.221602
-0.221602
-0.384708
-0.384708
-0.384708
-0.384708
-0.384708
-0.384708
-0.384708
-0.384708
-0.384708
-0.384708
-0.384708
-0.384708
-0.384708
-0.384708
-0.384708
-0.384708
-0.384708
-0.384708
-0.26801
-0.269895
-0.374955
-0.374955
-0.374955
-0.294587
-0.246144
-0.246144
-0.0938159
-0.128291
-0.128291
-0.239246
-0.239246
-0.239246
-0.239246
-0.239246
-0.272962
-0.247517
-0.212615
-0.238533
-0.238533
-0.238533
-0.16092
-0.294424
-0.322583
-0.322583
-0.322583
-0.369031
-0.369031
-0.369031
-0.369031
-0.369031
-0.369031
-0.369031
-0.369031
-0.369031
-0.369031
-0.369031
-0.369031
-0.369031
-0.369031
-0.369031
-0.369031
-0.369031
-0.369031
-0.369031
-0.369031
-0.369031
-0.369031
-0.369031
-0.369031
-0.369031
-0.369031
-0.383164
-0.383164
-0.383164
-0.383164
-0.383164
-0.383164
-0.383164
-0.157588
-0.157588
-0.157588
-0.157588
-0.157588
-0.157588
-0.157588
-0.157588
-0.250458
-0.386074
-0.386074
-0.386074
-0.386074
-0.386074
-0.386074
-0.386074
-0.263152
-0.408455
-0.408455
-0.408455
-0.408455
-0.408455
-0.408455
-0.408455
-0.408455
-0.408455
-0.408455
-0.408455
-0.408455
-0.408455
-0.408455
-0.408455
-0.408455
-0.408455
-0.408455
-0.408455
-0.408455
-0.192851
-0.338612
-0.338612
-0.338612
-0.338612
-0.338612
-0.338612
-0.338612
-0.438558
-0.438558
-0.438558
-0.438558
-0.438558
-0.438558
-0.438558
-0.438558
-0.438558
-0.438558
-0.438558
-0.438558
-0.438558
-0.438558
-0.438558
-0.349313
-0.349313
-0.349313
-0.349313
-0.349313
-0.349313
-0.268859
-0.268859
-0.268859
-0.268859
-0.268859
-0.268859
-0.331636
-0.331636
-0.441686
-0.441686
-0.441686
-0.441686
-0.257822
-0.417351
-0.417351
-0.417351
-0.417351
-0.417351
-0.417351
-0.417351
-0.417351
-0.417351
-0.417351
-0.417351
-0.417351
-0.417351
-0.417351
-0.417351
-0.417351
-0.417351
-0.417351
-0.417351
-0.417351
-0.417351
-0.417351
-0.417351
-0.417351
-0.417351
-0.417351
-0.417351
-0.417351
-0.417351
-0.417351
-0.417351
-0.417351
-0.417351
-0.417351
-0.417351
-0.417351
-0.417351
-0.417351
-0.417351
-0.417351
-0.417351
-0.417351
-0.417351
-0.417351
-0.417351
-0.417351
-0.417351
-0.417351
-0.417351
-0.417351
-0.417351
-0.417351
-0.119647
-0.119647
-0.248895
-0.202866
-0.202866
-0.202866
-0.240241
-0.149164
-0.122267
0.0981862
0.0982244
-0.186692
-0.186692
-0.186692
-0.14073
-0.14073
-0.193081
-0.193081
-0.394769
-0.394769
-0.394769
-0.394769
-0.394769
-0.394769
-0.394769
-0.394769
-0.394769
-0.394769
-0.394769
-0.394769
-0.394769
-0.226429
-0.226429
-0.226429
-0.226429
-0.226429
-0.226429
-0.217208
-0.241118
-0.24959
-0.24959
-0.24959
-0.24959
-0.282538
-0.282538
-0.157511
-0.157511
-0.359605
-0.359605
-0.359605
-0.359605
-0.359605
-0.296371
-0.271878
-0.271878
-0.271878
-0.271878
-0.271878
-0.235437
-0.235437
-0.235437
-0.286156
-0.286156
-0.104607
-0.104607
-0.104607
-0.246485
-0.229426
-0.21943
-0.336979
-0.233011
-0.395877
-0.259366
-0.259366
-0.259366
-0.259366
-0.259366
-0.171954
-0.223771
-0.223771
-0.223771
-0.223771
-0.349899
-0.344441
-0.344441
-0.344441
-0.426962
-0.426962
-0.426962
-0.426962
-0.426962
-0.426962
-0.426962
-0.426962
-0.426962
-0.426962
-0.426962
-0.255418
-0.201561
-0.201561
-0.165769
-0.17535
-0.17535
-0.337533
-0.248203
-0.250495
-0.271053
-0.271053
-0.271053
-0.236584
-0.236584
-0.236584
-0.236584
-0.236584
-0.397029
-0.397029
-0.397029
-0.397029
-0.397029
-0.397029
-0.397029
-0.397029
-0.337815
-0.337815
-0.372808
-0.372808
-0.372808
-0.372808
-0.372808
-0.334223
-0.334223
-0.334223
-0.334223
-0.334223
-0.212921
-0.212921
-0.212921
-0.212921
-0.212921
-0.212921
-0.212921
-0.212921
-0.212921
-0.212921
-0.212921
-0.269399
-0.223673
-0.204779
-0.204779
-0.204779
-0.127487
-0.171204
-0.226645
-0.226645
-0.226645
-0.226645
-0.238864
-0.238864
-0.238864
-0.152345
-0.152345
-0.152345
-0.241743
-0.241743
-0.241743
0.155
0.00962911
-0.130551
-0.236397
-0.236397
-0.43148
-0.43148
-0.43148
-0.43148
-0.43148
-0.43148
-0.43148
-0.43148
-0.43148
-0.43148
-0.43148
0.0131296
0.0131296
-0.430844
-0.430844
-0.430844
-0.430844
-0.430844
-0.430844
-0.430844
-0.430844
-0.430844
-0.430844
-0.430844
-0.430844
-0.430844
-0.430844
-0.430844
-0.358473
-0.20358
-0.20358
-0.26935
-0.26935
-0.26935
-0.337864
-0.337864
-0.337864
-0.337864
-0.337864
-0.337864
-0.337864
-0.337864
-0.337864
-0.337864
-0.337864
-0.337864
-0.337864
-0.223948
-0.325333
-0.325333
-0.325333
-0.325333
-0.325333
-0.325333
-0.201643
-0.167785
-0.359415
-0.359415
-0.359415
-0.359415
-0.359415
-0.359415
-0.359415
-0.359415
-0.359415
-0.359415
-0.359415
-0.359415
-0.359415
-0.359415
-0.359415
-0.359415
-0.359415
-0.359415
-0.264391
-0.264391
-0.361993
-0.361993
-0.361993
-0.361993
-0.361993
-0.361993
-0.361993
-0.361993
-0.361993
-0.361993
-0.361993
-0.361993
-0.361993
-0.361993
-0.361993
-0.256948
-0.256948
-0.256948
-0.256948
-0.117381
-0.313571
-0.313571
-0.313571
-0.313571
-0.313571
-0.313571
-0.313571
-0.313571
-0.313571
-0.313571
-0.313571
-0.313571
-0.256124
-0.256124
-0.256124
-0.239589
-0.274108
-0.428155
-0.428155
-0.428155
-0.428155
-0.428155
-0.428155
-0.428155
-0.428155
-0.428155
-0.428155
-0.428155
-0.428155
-0.428155
-0.269156
-0.269156
-0.269156
-0.335717
-0.335717
-0.335717
-0.335717
-0.335717
-0.335717
-0.335717
-0.335717
-0.335717
-0.335717
-0.429466
-0.429466
-0.234514
-0.234514
-0.127429
-0.442978
-0.442978
-0.442978
-0.442978
-0.442978
-0.442978
-0.442978
-0.442978
-0.442978
-0.442978
-0.442978
-0.442978
-0.442978
-0.442978
-0.442978
-0.442978
-0.442978
-0.442978
-0.442978
-0.442978
-0.442978
-0.442978
-0.442978
-0.442978
-0.442978
-0.442978
-0.442978
-0.442978
-0.442978
-0.442978
-0.442978
-0.442978
-0.442978
-0.269107
-0.269107
-0.269107
-0.269107
-0.286139
-0.286139
-0.286139
-0.286139
-0.221144
-0.204164
-0.204164
-0.356031
-0.356031
-0.356031
-0.356031
-0.384512
-0.384512
-0.384512
-0.384512
-0.384512
-0.384512
-0.384512
-0.384512
-0.384512
-0.328092
-0.328092
-0.328092
-0.328092
-0.328092
-0.328092
-0.372691
-0.372691
-0.372691
-0.372691
-0.372691
-0.372691
-0.317098
-0.317098
-0.317098
-0.317098
-0.317098
-0.317098
-0.317098
-0.157207
-0.157207
-0.268743
-0.268743
-0.268743
-0.268743
-0.214823
-0.214823
-0.178218
-0.178218
-0.178218
-0.142421
-0.142421
-0.35138
-0.35138
-0.35138
-0.35138
-0.35138
-0.35138
-0.38204
-0.38204
-0.38204
-0.38204
-0.370037
-0.370037
-0.370037
-0.370037
-0.370037
-0.370037
-0.370037
-0.370037
-0.370037
-0.370037
-0.370037
-0.370037
-0.370037
-0.370037
-0.370037
-0.370037
-0.370037
-0.370037
-0.370037
-0.370037
-0.370037
-0.370037
-0.370037
-0.370037
-0.370037
-0.370037
-0.370037
-0.313597
-0.313597
-0.313597
-0.313597
-0.313597
-0.313597
-0.313597
-0.313597
-0.416747
-0.416747
-0.217178
-0.181798
-0.238193
-0.238193
-0.238193
-0.238193
-0.238193
-0.238193
-0.238193
-0.156935
-0.176981
-0.176981
-0.176981
0.081434
-0.0118297
-0.414255
-0.414255
-0.414255
-0.414255
-0.414255
-0.414255
-0.414255
-0.414255
-0.414255
-0.414255
-0.414255
-0.414255
-0.414255
-0.414255
-0.414255
-0.414255
-0.414255
-0.414255
-0.414255
-0.414255
-0.414255
-0.426346
-0.426346
-0.426346
-0.426346
-0.426346
-0.426346
-0.426346
-0.239881
-0.0837606
-0.185854
-0.229241
-0.229241
-0.175176
-0.218305
-0.27068
-0.27068
-0.27068
-0.27068
-0.27068
-0.27068
-0.27068
-0.27068
-0.208238
-0.208238
-0.208238
-0.208238
-0.208238
-0.208238
-0.208238
-0.30399
-0.30399
-0.30399
-0.30399
-0.30399
-0.212832
-0.212832
-0.212832
-0.212832
-0.239478
-0.288407
-0.288407
-0.288407
-0.288407
-0.288407
-0.288407
-0.288407
-0.288407
-0.288407
-0.235099
-0.261865
-0.261865
-0.261865
-0.233553
-0.241911
-0.241911
-0.241911
-0.241911
-0.250147
-0.250147
-0.256667
-0.225636
-0.225636
-0.35247
-0.35247
-0.35247
-0.35247
-0.35247
-0.35247
-0.283537
-0.281421
-0.281421
-0.281421
-0.281421
-0.281421
-0.281421
-0.281421
-0.281421
-0.120068
-0.120068
-0.120068
-0.120068
-0.197405
-0.261937
-0.261937
-0.261937
-0.261937
-0.181727
-0.37207
-0.251934
-0.390022
-0.390022
-0.390022
-0.390022
-0.396995
-0.396995
-0.396995
-0.396995
-0.396995
-0.396995
-0.396995
-0.396995
-0.396995
-0.396995
-0.396995
-0.396995
-0.396995
-0.396995
-0.396995
-0.396995
-0.382834
-0.248277
-0.248277
-0.248277
-0.248277
-0.0759662
-0.0759662
-0.0759662
-0.0127772
-0.0127772
-0.0127772
-0.113272
0.0416611
-0.164511
-0.371434
-0.371434
-0.371434
-0.371434
-0.371434
-0.371434
-0.412243
-0.412243
-0.412243
-0.412243
-0.412243
-0.328799
-0.328799
-0.246328
-0.246328
-0.246328
-0.246328
-0.246328
-0.246328
-0.246638
-0.246638
-0.305312
-0.305312
-0.305312
-0.305312
-0.305312
-0.305312
-0.305312
-0.305312
-0.305312
-0.305312
-0.255848
-0.255848
-0.255848
-0.255848
-0.255848
-0.255848
-0.255848
-0.255848
-0.255848
-0.255848
-0.255848
-0.188441
-0.284345
-0.284345
-0.284345
-0.284345
-0.284345
-0.284345
-0.284345
-0.284345
-0.284345
-0.284345
-0.284345
-0.216435
-0.216435
-0.216435
-0.335046
-0.335046
-0.335046
-0.335046
-0.335046
-0.335046
-0.335046
-0.335046
-0.335046
-0.335046
-0.335046
-0.335046
-0.335046
-0.335046
-0.258384
-0.258384
-0.310106
-0.310106
-0.310106
-0.310106
-0.310106
-0.310106
-0.310106
-0.310106
-0.310106
-0.310106
-0.337895
-0.277777
-0.277777
-0.199855
-0.199855
-0.137274
-0.137274
0.0590069
0.0590069
-0.297878
-0.297878
-0.297878
-0.297878
-0.297878
-0.297878
-0.297878
-0.297878
-0.297878
-0.213583
-0.213583
-0.213583
-0.213583
-0.225116
-0.225116
-0.225116
-0.225116
-0.225116
-0.225116
-0.268656
-0.245752
-0.144185
-0.366413
-0.339045
-0.339045
-0.251765
-0.251765
-0.251765
-0.251765
-0.251765
-0.238845
-0.238845
-0.0676222
-0.40657
-0.40657
-0.40657
-0.40657
-0.40657
-0.40657
-0.40657
-0.40657
-0.358904
-0.358904
-0.358904
-0.358904
-0.358904
-0.358904
-0.358904
-0.358904
-0.358904
-0.358904
-0.358904
-0.358904
-0.358904
-0.358904
-0.358904
-0.358904
-0.358904
-0.358904
-0.358904
-0.358904
-0.358904
-0.105417
-0.105417
-0.105417
-0.0644443
-0.0644443
-0.0644443
-0.0644443
-0.229884
-0.229884
-0.176023
-0.246478
-0.270877
-0.270877
-0.270877
-0.270877
-0.270877
-0.270877
-0.270877
-0.270877
-0.270877
-0.270877
-0.270877
-0.270877
-0.270877
-0.258639
-0.247673
-0.247673
-0.247673
-0.247673
-0.247673
-0.232133
-0.232133
-0.232133
-0.239426
-0.239426
-0.239426
-0.319238
-0.319238
-0.319238
-0.319238
-0.319238
-0.319238
-0.291419
-0.291419
-0.291419
-0.291419
-0.291419
-0.370471
-0.370471
-0.370471
-0.370471
-0.370471
-0.356224
-0.356224
-0.356224
-0.356224
-0.356224
-0.356224
-0.356224
-0.356224
-0.17693
-0.17693
-0.17693
-0.255167
-0.255167
-0.304037
-0.304037
-0.395145
-0.395145
-0.395145
-0.395145
-0.395145
-0.395145
-0.395145
-0.395145
-0.395145
-0.395145
-0.395145
-0.395145
-0.395145
-0.372037
-0.372037
-0.372037
-0.372037
-0.372037
-0.372037
-0.372037
-0.372037
-0.372037
-0.254042
-0.247454
-0.247454
-0.247454
-0.247454
-0.247454
-0.247454
-0.247454
-0.446371
-0.446371
-0.446371
-0.446371
-0.446371
-0.446371
-0.446371
-0.446371
-0.446371
-0.446371
-0.446371
-0.446371
-0.446371
-0.446371
-0.446371
-0.446371
-0.446371
-0.446371
-0.446371
-0.446371
-0.446371
-0.446371
-0.446371
-0.446371
-0.446371
-0.446371
-0.446371
-0.446371
-0.446371
-0.446371
-0.446371
-0.446371
-0.446371
-0.446371
-0.446371
-0.446371
-0.446371
-0.446371
-0.446371
-0.446371
-0.446371
-0.446371
-0.446371
-0.446371
-0.446371
-0.446371
-0.446371
-0.446371
-0.446371
-0.446371
-0.446371
-0.446371
-0.446371
-0.44275
-0.44275
-0.44275
-0.44275
-0.44275
-0.445689
-0.445689
-0.445689
-0.445689
-0.445689
-0.445689
-0.445689
-0.445689
-0.445689
-0.445689
-0.445689
-0.445689
-0.445689
-0.445689
-0.445689
-0.445689
-0.445689
-0.445689
-0.445689
-0.445689
-0.445689
-0.445689
-0.445689
-0.445689
-0.445689
-0.445689
-0.445689
-0.445689
-0.445689
-0.445689
-0.445689
-0.445689
-0.445689
-0.445689
-0.445689
-0.445689
-0.372217
-0.372217
-0.372217
-0.372217
-0.372217
-0.372217
-0.415095
-0.439553
-0.439553
-0.439553
-0.439553
-0.439553
-0.439553
-0.439553
-0.439553
-0.439553
-0.439553
-0.439553
-0.185764
-0.231875
-0.241825
-0.185547
-0.185547
-0.276516
-0.278852
-0.278852
-0.278852
-0.329934
-0.329934
-0.16259
-0.16259
-0.16259
-0.0110322
-0.0362337
-0.405542
-0.405542
-0.405542
-0.405542
-0.405542
-0.362535
-0.362535
-0.370851
-0.443495
-0.443495
-0.443495
-0.443495
-0.443495
-0.443495
-0.443495
-0.443495
-0.443495
-0.443495
-0.443495
-0.443495
-0.443495
-0.443495
-0.443495
-0.443495
-0.443495
-0.443495
-0.443495
-0.443495
-0.443495
-0.443495
-0.443495
-0.443495
-0.443495
-0.443495
-0.443495
-0.443495
-0.443495
-0.443495
-0.443495
-0.443495
-0.443495
-0.443495
-0.443495
-0.443495
-0.443495
-0.443495
-0.443495
-0.443495
-0.443495
-0.443495
-0.443495
-0.443495
-0.443495
-0.443495
-0.443495
-0.443495
-0.443495
-0.443495
-0.443495
-0.443495
-0.443495
-0.443495
-0.443495
-0.3642
-0.3642
-0.3642
-0.3642
-0.3642
-0.3642
-0.238654
-0.238654
-0.238654
-0.238654
-0.238654
-0.238654
-0.229471
-0.229471
-0.229471
-0.229471
-0.229471
-0.229471
-0.277163
-0.277163
-0.277163
-0.277163
-0.277163
-0.277163
-0.438531
-0.438531
-0.438531
-0.438531
-0.438531
-0.397113
-0.397113
-0.397113
-0.397113
-0.397113
-0.397113
-0.397113
-0.397113
-0.397113
-0.397113
-0.438381
-0.438381
-0.438381
-0.438381
-0.438381
-0.438381
-0.438381
-0.438381
-0.438381
-0.438381
-0.438381
-0.438381
-0.438381
-0.438381
-0.438381
-0.438381
-0.438381
-0.438381
-0.438381
-0.438381
-0.438381
-0.438381
-0.438381
-0.438381
-0.438381
-0.438381
-0.438381
-0.438381
-0.438381
-0.438381
-0.438381
-0.438381
-0.438381
-0.438381
-0.37075
-0.37075
-0.37075
-0.37075
-0.280829
-0.230223
-0.230223
-0.321743
-0.321743
-0.321743
-0.321743
-0.321743
-0.321743
-0.321743
-0.321743
-0.321743
-0.189468
-0.189468
-0.189468
-0.189468
-0.189468
-0.189468
-0.307724
-0.307724
-0.307724
-0.307724
-0.307724
-0.307724
-0.307724
-0.227849
-0.263361
-0.249217
-0.249217
-0.249217
-0.249217
-0.249217
-0.249217
-0.249217
-0.249217
-0.249217
-0.249217
-0.404031
-0.404031
-0.321292
-0.321292
-0.321292
-0.321292
-0.321292
-0.321292
-0.321292
-0.321292
-0.297042
-0.297042
-0.297042
-0.297042
-0.297042
-0.297042
-0.199709
-0.256589
-0.185402
-0.240266
-0.240266
-0.240266
-0.240266
-0.367852
-0.367852
-0.367852
-0.367852
-0.367852
-0.367852
-0.367852
-0.367852
-0.367852
-0.367852
-0.231095
-0.262709
-0.262709
-0.262709
-0.243293
-0.243293
-0.248677
-0.248677
-0.303312
-0.204519
-0.228777
-0.228777
-0.228777
-0.123485
-0.123485
-0.260057
-0.260057
-0.260057
-0.260057
-0.260057
-0.260057
-0.260057
-0.260057
-0.260057
-0.16705
-0.330825
-0.330825
-0.330825
-0.330825
-0.421786
-0.421786
-0.249698
-0.249698
-0.249698
-0.249698
-0.249698
-0.249698
-0.249698
-0.249698
-0.302308
-0.302308
-0.302308
-0.302308
-0.349064
-0.349064
-0.349064
-0.349064
-0.349064
-0.349064
-0.349064
-0.349064
-0.349064
-0.349064
-0.349064
-0.349064
-0.349064
-0.430661
-0.430661
-0.430661
-0.430661
-0.0587108
-0.0587108
-0.247623
-0.281579
-0.281579
-0.281579
-0.281579
-0.281579
-0.283109
-0.283109
-0.329071
-0.329071
-0.329071
-0.329071
-0.329071
-0.330797
-0.336364
-0.336364
-0.336364
-0.336364
-0.336364
-0.336364
-0.336364
-0.381271
-0.381271
-0.381271
-0.381271
-0.381271
-0.381271
-0.381271
-0.381271
-0.381271
-0.381271
-0.381271
-0.381271
-0.381271
-0.381271
-0.381271
-0.381271
-0.381271
-0.381271
-0.317558
-0.317558
-0.168088
-0.168088
-0.146778
-0.388138
-0.276476
-0.276476
-0.276476
-0.276476
-0.276476
-0.276476
-0.276476
-0.200987
-0.200987
-0.127402
-0.318397
-0.318397
-0.318397
-0.228618
-0.308969
-0.308969
-0.308969
-0.308969
-0.308969
-0.308969
-0.308969
-0.308969
-0.308969
-0.308969
-0.177366
-0.291914
-0.204666
-0.204666
-0.164747
-0.164747
-0.195482
-0.401494
-0.401494
-0.401494
-0.401494
-0.401494
-0.401494
-0.401494
-0.401494
-0.401494
-0.401494
-0.401494
-0.401494
-0.401494
-0.401494
-0.401494
-0.401494
-0.401494
-0.401494
-0.401494
-0.401494
-0.401494
-0.401494
-0.401494
-0.401494
-0.401494
-0.401494
-0.401494
-0.401494
-0.401494
-0.401494
-0.401494
-0.401494
-0.401494
-0.401494
-0.401494
-0.39004
-0.39004
-0.39004
-0.39004
-0.39004
-0.341322
-0.341322
-0.438563
-0.438563
-0.438563
-0.438563
-0.438563
-0.438563
-0.438563
-0.438563
-0.438563
-0.438563
-0.438563
-0.438563
-0.438563
-0.438563
-0.438563
-0.438563
-0.438563
-0.438563
-0.438563
-0.438563
-0.438563
-0.438563
-0.438563
-0.438563
-0.438563
-0.438563
-0.315298
-0.251633
-0.213954
-0.442105
-0.442105
-0.442105
-0.442105
-0.442105
-0.442105
-0.442105
-0.442105
-0.442105
-0.442105
-0.442105
-0.442105
-0.442105
-0.442105
-0.419895
-0.419895
-0.419895
-0.283778
-0.343058
-0.343058
-0.343058
-0.343058
-0.343058
-0.343058
-0.343058
-0.343058
-0.343058
-0.39321
-0.39321
-0.382796
-0.382796
-0.382796
-0.382796
-0.382796
-0.382796
-0.382796
-0.382796
-0.382796
-0.382796
-0.382796
-0.382796
-0.382796
-0.382796
-0.382796
-0.382796
-0.382796
-0.382796
-0.382796
-0.382796
-0.382796
-0.382796
-0.382796
-0.382796
-0.382796
-0.382796
-0.382796
-0.297284
-0.297284
-0.297284
-0.297284
-0.310158
-0.310158
-0.310158
-0.310158
-0.320029
-0.320029
-0.320029
-0.320029
-0.320029
-0.320029
-0.302617
-0.150584
-0.150584
-0.150584
-0.150584
-0.217073
-0.199717
-0.0733065
-0.226801
-0.229404
-0.184882
-0.211225
-0.211225
-0.211225
-0.279788
-0.388799
-0.388799
-0.257017
-0.257017
-0.257017
-0.257017
-0.261991
-0.261991
-0.261991
-0.227269
-0.227269
-0.227269
-0.227269
-0.227269
-0.252912
-0.254918
-0.254918
-0.254918
-0.254918
-0.254918
-0.254918
-0.3638
-0.3638
-0.3638
-0.3638
-0.332979
-0.332979
-0.371412
-0.371412
-0.371412
-0.381359
-0.381359
-0.381359
-0.381359
-0.381359
-0.381359
-0.381359
-0.381359
-0.381359
-0.240119
-0.240119
-0.240119
-0.2555
-0.2555
-0.255318
-0.255318
-0.255318
-0.31844
-0.31844
-0.31844
-0.31844
-0.31844
-0.31844
-0.31844
-0.31844
-0.31844
-0.365954
-0.365954
-0.365954
-0.365954
-0.365954
-0.365954
-0.365954
-0.365954
-0.365954
-0.365954
-0.365954
-0.365954
-0.440479
-0.440479
-0.440479
-0.440479
-0.440479
-0.440479
-0.440479
-0.440479
-0.440479
-0.440479
-0.440479
-0.440479
-0.440479
-0.393751
-0.393751
-0.393751
-0.393751
-0.393751
-0.393751
-0.393751
-0.393751
-0.393751
-0.393751
-0.393751
-0.420302
-0.420302
-0.420302
-0.420302
-0.420302
-0.420302
-0.420302
-0.420302
-0.420302
-0.420302
-0.420302
-0.420302
-0.420302
-0.420302
-0.420302
-0.420302
-0.420302
-0.434583
-0.434583
-0.434583
-0.434583
-0.434583
-0.434583
-0.434583
-0.434583
-0.434583
-0.434583
-0.434583
-0.434583
-0.434583
-0.434583
-0.434583
-0.434583
-0.434583
-0.434583
-0.434583
-0.434583
-0.434583
-0.434583
-0.434583
-0.434583
-0.434583
-0.434583
-0.434583
-0.434583
-0.434583
-0.434583
-0.434583
-0.434583
-0.434583
-0.434583
-0.434583
-0.434583
-0.434583
-0.434583
-0.434583
-0.434583
-0.434583
-0.434583
-0.434583
-0.434583
-0.434583
-0.434583
-0.434583
-0.434583
-0.434583
-0.434583
-0.434583
-0.434583
-0.434583
-0.434583
-0.434583
-0.434583
-0.241018
-0.215987
-0.267132
-0.267132
-0.267132
-0.267132
-0.267132
-0.267132
-0.267132
-0.267132
-0.33682
-0.33682
-0.33682
-0.33682
-0.33682
-0.33682
-0.33682
-0.218411
-0.218411
-0.245418
-0.245418
-0.245418
-0.245418
-0.245418
-0.24232
-0.24232
-0.274415
-0.356647
-0.356647
-0.356647
-0.356647
-0.356647
-0.356647
-0.356647
-0.356647
-0.356647
-0.356647
-0.356647
-0.356647
-0.356647
-0.356647
-0.356647
-0.356647
-0.356647
-0.375939
-0.375939
-0.375939
-0.375939
-0.375939
-0.375939
-0.375939
-0.375939
-0.375939
-0.375939
-0.375939
-0.375939
-0.375939
-0.375939
-0.375939
-0.375939
-0.375939
-0.375939
-0.375939
-0.375939
-0.375939
-0.375939
-0.375939
-0.375939
-0.375939
-0.375939
-0.375939
-0.255034
-0.255034
-0.269886
-0.217353
-0.397225
-0.397225
-0.227904
-0.352573
-0.352573
-0.352573
-0.352573
-0.352573
-0.352573
-0.352573
-0.352573
-0.352573
-0.352573
-0.352573
-0.352573
-0.352573
-0.352573
-0.352573
-0.352573
-0.352573
-0.352573
-0.299002
-0.299002
-0.299002
-0.299002
-0.299002
-0.299002
-0.299002
-0.299002
-0.279807
-0.279807
-0.279807
-0.279807
-0.279807
-0.279807
-0.228597
-0.339938
-0.339938
-0.25208
-0.215682
-0.215682
-0.261168
-0.220466
-0.209244
-0.135128
-0.135128
-0.135128
-0.0970618
-0.0970618
-0.132419
-0.136596
-0.163004
-0.303422
-0.381653
-0.381653
-0.381653
-0.381653
-0.381653
-0.381653
-0.381653
-0.381653
-0.381653
-0.381653
-0.381653
-0.381653
-0.381653
-0.381653
-0.381653
-0.381653
-0.381653
-0.381653
-0.381653
-0.381653
-0.381653
-0.381653
-0.381653
-0.381653
-0.381653
-0.381653
-0.381653
-0.381653
-0.381653
-0.381653
-0.381653
-0.381653
-0.381653
-0.381653
-0.381653
-0.381653
-0.381653
-0.381653
-0.381653
-0.381653
-0.381653
-0.191989
-0.191989
-0.0138395
-0.0138395
-0.2404
-0.163536
-0.371111
-0.371111
-0.371111
-0.371111
-0.371111
-0.371111
-0.405688
-0.405688
-0.405688
-0.405688
-0.405688
-0.405688
-0.405688
-0.405688
-0.405688
-0.405688
-0.405688
-0.405688
-0.405688
-0.405688
-0.405688
-0.405688
-0.405688
-0.376392
-0.376392
-0.376392
-0.376392
-0.376392
-0.376392
-0.376392
-0.376392
-0.376392
-0.376392
-0.376392
-0.376392
-0.376392
-0.376392
-0.376392
-0.376392
-0.376392
-0.376392
-0.376392
-0.376392
-0.376392
-0.242095
-0.213633
-0.213633
-0.213633
-0.213633
-0.213633
-0.213633
-0.259396
-0.259396
-0.259396
-0.259396
-0.241798
-0.241798
-0.347229
-0.347229
-0.347229
-0.347229
-0.347229
-0.347229
-0.347229
-0.230913
-0.230913
-0.230913
-0.230913
-0.230913
-0.230913
-0.254637
-0.433315
-0.433315
-0.433315
-0.225431
-0.19255
-0.19255
-0.19255
-0.274633
-0.274633
-0.274633
-0.274633
-0.271343
-0.271343
-0.271343
-0.250437
-0.235191
-0.235191
-0.235191
-0.277668
-0.277668
-0.277668
-0.277668
-0.277668
-0.295477
-0.295477
-0.264415
-0.264415
-0.264415
-0.264415
-0.264415
-0.264415
-0.264415
-0.360411
-0.360411
-0.360411
-0.360411
-0.360411
-0.360411
-0.360411
-0.360411
-0.360411
-0.360411
-0.360411
-0.360411
-0.360411
-0.360411
-0.360411
-0.360411
-0.360411
-0.360411
-0.360411
-0.360411
-0.360411
-0.360411
-0.360411
-0.360411
-0.360411
-0.26561
-0.26561
-0.25227
-0.25227
-0.25227
-0.25227
-0.264484
-0.264484
-0.274253
-0.274253
-0.274253
-0.0798433
-0.0798433
-0.260448
-0.191066
-0.218332
-0.237599
-0.228176
-0.228176
-0.433352
-0.433352
-0.433352
-0.433352
-0.433352
-0.433352
-0.433352
-0.433249
-0.433249
-0.433249
-0.433249
-0.433249
-0.433249
-0.433249
-0.433249
-0.433249
-0.433249
-0.433249
-0.433249
-0.433249
-0.433249
-0.433249
-0.433249
-0.433249
-0.433249
-0.433249
-0.433249
-0.433249
-0.433249
-0.433249
-0.433249
-0.433249
-0.433249
-0.433249
-0.433249
-0.433249
-0.433249
-0.433249
-0.433249
-0.433249
-0.442845
-0.442845
-0.442845
-0.442845
-0.442845
-0.442845
-0.442845
-0.264299
-0.264299
-0.264299
-0.236233
-0.367984
-0.367984
-0.412851
-0.412851
-0.412851
-0.412851
-0.412851
-0.412851
-0.412851
-0.412851
-0.412851
-0.412851
-0.412851
-0.412851
-0.412851
-0.412851
-0.412851
-0.412851
-0.412851
-0.412851
-0.412851
-0.412851
-0.412851
-0.412851
-0.412851
-0.412851
-0.412851
-0.412851
-0.412851
-0.412851
-0.412851
-0.412851
-0.412851
-0.412851
-0.412851
-0.226482
-0.263331
-0.262119
-0.262119
-0.262119
-0.262119
-0.262119
-0.262119
-0.262119
-0.262119
-0.262119
-0.262119
-0.262119
-0.444204
-0.444204
-0.444204
-0.444204
-0.444204
-0.444204
-0.444204
-0.444204
-0.444204
-0.444204
-0.444204
-0.444204
-0.444204
-0.444204
-0.444204
-0.444204
-0.444204
-0.444204
-0.444204
-0.444204
-0.444204
-0.444204
-0.444204
-0.444204
-0.444204
-0.444204
-0.444204
-0.444204
-0.444204
-0.444204
-0.444204
-0.444204
-0.444204
-0.444204
-0.444204
-0.444204
-0.444204
-0.444204
-0.444204
-0.435004
-0.435004
-0.435004
-0.435004
-0.368378
-0.130233
-0.130233
-0.431263
-0.431263
-0.431263
-0.431263
-0.431263
-0.431263
-0.442214
-0.442214
-0.442214
-0.442214
-0.442214
-0.442214
-0.442214
-0.442214
-0.442214
-0.442214
-0.442214
-0.442214
-0.442214
-0.442214
-0.442214
-0.442214
-0.442214
-0.442214
-0.442214
-0.442214
-0.442214
-0.442214
-0.442214
-0.442214
-0.442214
-0.442214
-0.442214
-0.442214
-0.442214
-0.442214
-0.442214
-0.442214
-0.442214
-0.442214
-0.442214
-0.442214
-0.442214
-0.442214
-0.442214
-0.442214
-0.442214
-0.442214
-0.442214
-0.442214
-0.442214
-0.442214
-0.442214
-0.442214
-0.442214
-0.442214
-0.442214
-0.442214
-0.442214
-0.442214
-0.442214
-0.442214
-0.442214
-0.442214
-0.442214
-0.442214
-0.442214
-0.442214
-0.442214
-0.442214
-0.442214
-0.442214
-0.442214
-0.442214
-0.442214
-0.442214
-0.442214
-0.442214
-0.442214
-0.442214
-0.442214
-0.442214
-0.442214
-0.442214
-0.442214
-0.442214
-0.442214
-0.442214
-0.442214
-0.442214
-0.442214
-0.442214
-0.442214
-0.442214
-0.442214
-0.442214
-0.442214
-0.442214
-0.442214
-0.442214
-0.442214
-0.442214
-0.442214
-0.442214
-0.442214
-0.442214
-0.442214
-0.442214
-0.442214
-0.442214
-0.295742
-0.295742
-0.214759
-0.214759
-0.214759
-0.25715
-0.25715
-0.343008
-0.343008
-0.343008
-0.343008
-0.343008
-0.343008
-0.343008
-0.343008
-0.343008
-0.343008
-0.343008
-0.343008
-0.365741
-0.365741
-0.365741
-0.365741
-0.371676
-0.371676
-0.371676
-0.371676
-0.371676
-0.371676
-0.371676
-0.371676
-0.371676
-0.371676
-0.371676
-0.371676
-0.371676
-0.398188
-0.398188
-0.398188
-0.398188
-0.398188
-0.398188
-0.398188
-0.398188
-0.398188
-0.398188
-0.440355
-0.440355
-0.440355
-0.440355
-0.440355
-0.440355
-0.440355
-0.440355
-0.440355
-0.440355
-0.440355
-0.440355
-0.440355
-0.440355
-0.440355
-0.440355
-0.440355
-0.440355
-0.440355
-0.440355
-0.440355
-0.440355
-0.440355
-0.440355
-0.440355
-0.440355
-0.440355
-0.440355
-0.428344
-0.428344
-0.428344
-0.428344
-0.428344
-0.428344
-0.428344
-0.428344
-0.23343
-0.23343
-0.23343
-0.273541
-0.273541
-0.273541
-0.273541
-0.273541
-0.273541
-0.277523
-0.277523
-0.259549
-0.370927
-0.370927
-0.370927
-0.370927
-0.370927
-0.370927
-0.370927
-0.370927
-0.370927
-0.370927
-0.370927
-0.370927
-0.370927
-0.370927
-0.370927
-0.370927
-0.370927
-0.370927
-0.370927
-0.370927
-0.370927
-0.370927
-0.370927
-0.370927
-0.370927
-0.370927
-0.434193
-0.434193
-0.434193
-0.434193
-0.289543
-0.289543
-0.289543
-0.289543
-0.289543
-0.289543
-0.289543
-0.221362
-0.221362
-0.221362
-0.221362
-0.221362
-0.221362
-0.221362
-0.221362
-0.221362
-0.221362
-0.221362
-0.221362
-0.221362
-0.262841
-0.262841
-0.306174
-0.306174
-0.306174
-0.306174
-0.310882
-0.310882
-0.310882
-0.310882
-0.368592
-0.368592
-0.368592
-0.368592
-0.368592
-0.368592
-0.368592
-0.368592
-0.368592
-0.241776
-0.241776
-0.241776
-0.241776
-0.241776
-0.241776
-0.241776
-0.241776
-0.248856
-0.239922
-0.239922
-0.239922
-0.239922
-0.239922
-0.239922
-0.259074
-0.370598
-0.370598
-0.370598
-0.370598
-0.370598
-0.370598
-0.370598
-0.365808
-0.365808
-0.365808
-0.365808
-0.365808
-0.365808
-0.365808
-0.365808
-0.365808
-0.365808
-0.365808
-0.365808
-0.365808
-0.365808
-0.365808
-0.365808
-0.365808
-0.246247
-0.246247
-0.219814
-0.28095
-0.28095
-0.393693
-0.393693
-0.393693
-0.393693
-0.393693
-0.209973
-0.209973
-0.209973
-0.209973
-0.251809
-0.251809
-0.251809
-0.251809
-0.251809
-0.251809
-0.217187
-0.367201
-0.367201
-0.367201
-0.367201
-0.367201
-0.367201
-0.367201
-0.367201
-0.367201
-0.367201
-0.367201
-0.367201
-0.367201
-0.367201
-0.367201
-0.367201
-0.367201
-0.367201
-0.367201
-0.367201
-0.367201
-0.367201
-0.30089
-0.30089
-0.30089
-0.398849
-0.398849
-0.398849
-0.398849
-0.398849
-0.398849
-0.398849
-0.398849
-0.398849
-0.398849
-0.398849
-0.411734
-0.411734
-0.411734
-0.411734
-0.411734
-0.411734
-0.411734
-0.411734
-0.411734
-0.411734
-0.411734
-0.411734
-0.411734
-0.411734
-0.411734
-0.411734
-0.411734
-0.411734
-0.411734
-0.411734
-0.411734
-0.411734
-0.411734
-0.411734
-0.411734
-0.411734
-0.411734
-0.411734
-0.411734
-0.411734
-0.411734
-0.411734
-0.411734
-0.411734
-0.411734
-0.411734
-0.411734
-0.411734
-0.411734
-0.411734
-0.411734
-0.411734
-0.411734
-0.411734
-0.411734
-0.411734
-0.411734
-0.437413
-0.437413
-0.437413
-0.437413
-0.437413
-0.437413
-0.437413
-0.437413
-0.437413
-0.437413
-0.437413
-0.437413
-0.432487
-0.432487
-0.432487
-0.432487
-0.432487
-0.432487
-0.432487
-0.432487
-0.432487
-0.432487
-0.432487
-0.432487
-0.432487
-0.432487
-0.432487
-0.432487
-0.432487
-0.432487
-0.432487
-0.432487
-0.432487
-0.420784
-0.420784
-0.420784
-0.420784
-0.420784
-0.401325
-0.401325
-0.401325
-0.401325
-0.401325
-0.401325
-0.401325
-0.401325
-0.401325
-0.401325
-0.401325
-0.401325
-0.401325
-0.401325
-0.401325
-0.401325
-0.401325
-0.401325
-0.401325
-0.401325
-0.401325
-0.401325
-0.401325
-0.401325
-0.401325
-0.401325
-0.401325
-0.401325
-0.401325
-0.401325
-0.401325
-0.401325
-0.401325
-0.401325
-0.401325
-0.401325
-0.401325
-0.401325
-0.401325
-0.401325
-0.401325
-0.372919
-0.372919
-0.372919
-0.372919
-0.372919
-0.372919
-0.372919
-0.372919
-0.372919
-0.372919
-0.372919
-0.372919
-0.372919
-0.372919
-0.372919
-0.372919
-0.372919
-0.372919
-0.372919
-0.372919
-0.372919
-0.372919
-0.372919
-0.372919
-0.372919
-0.372919
-0.372919
-0.372919
-0.372919
-0.372919
-0.372919
-0.372919
-0.372919
-0.372919
-0.372919
-0.372919
-0.372919
-0.372919
-0.372919
-0.372919
-0.372919
-0.372919
-0.372919
-0.372919
-0.372919
-0.372919
-0.372919
-0.372919
-0.342156
-0.398435
-0.434572
-0.434572
-0.434572
-0.434572
-0.434572
-0.434572
-0.434572
-0.434572
-0.434572
-0.434572
-0.434572
-0.434572
-0.434572
-0.434572
-0.434572
-0.434572
-0.434572
-0.361555
-0.361555
-0.361555
-0.361555
-0.361555
-0.361555
-0.361555
-0.361555
-0.361555
-0.361555
-0.361555
-0.361555
-0.361555
-0.361555
-0.361555
-0.361555
-0.361555
-0.361555
-0.361555
-0.361555
-0.361555
-0.361555
-0.361555
-0.361555
-0.361555
-0.361555
-0.361555
-0.361555
-0.361555
-0.441794
-0.441794
-0.441794
-0.441794
-0.441794
-0.441794
-0.441794
-0.441794
-0.441794
-0.441794
-0.441794
-0.441794
-0.441794
-0.441794
-0.441794
-0.441794
-0.441794
-0.441794
-0.441794
-0.441794
-0.441794
-0.441794
-0.441794
-0.441794
-0.441794
-0.441794
-0.441794
-0.441794
-0.441794
-0.441794
-0.441794
-0.441794
-0.441794
-0.441794
-0.441794
-0.441794
-0.441794
-0.441794
-0.441794
-0.441794
-0.441794
-0.441794
-0.441794
-0.441794
-0.441794
-0.441794
-0.441794
-0.441794
-0.441794
-0.441794
-0.441794
-0.441794
-0.441794
-0.441794
-0.441794
-0.441794
-0.441794
-0.441794
-0.441794
-0.441794
-0.441794
-0.441794
-0.441794
-0.441794
-0.441794
-0.441794
-0.441794
-0.441794
-0.441794
-0.441794
-0.441794
-0.441794
-0.441794
-0.441794
-0.441794
-0.441794
-0.441794
-0.441794
-0.441794
-0.441794
-0.441794
-0.441794
-0.441794
-0.441794
-0.441794
-0.441794
-0.441794
-0.441794
-0.441794
-0.441794
-0.441794
-0.441794
-0.441794
-0.441794
-0.441794
-0.441794
-0.441794
-0.441794
-0.441794
-0.441794
-0.441794
-0.441794
-0.441794
-0.441794
-0.441794
-0.441794
-0.441794
-0.441794
-0.441794
-0.441794
-0.441794
-0.441794
-0.441794
-0.441794
-0.441794
-0.441794
-0.441794
-0.441794
-0.441794
-0.441794
-0.441794
-0.441794
-0.441794
-0.441794
-0.441794
-0.441794
-0.441794
-0.441794
-0.441794
-0.441794
-0.441794
-0.441794
-0.441794
-0.441794
-0.441794
-0.441794
-0.441794
-0.441794
-0.441794
-0.441794
-0.441794
-0.441794
-0.441794
-0.441794
-0.441794
-0.441794
-0.441794
-0.441794
-0.441794
-0.441794
-0.441794
-0.441794
-0.441794
-0.441794
-0.441794
-0.441794
-0.441794
-0.441794
-0.441794
-0.441794
-0.441794
-0.441794
-0.441794
-0.441794
-0.441794
-0.441794
-0.441794
-0.441794
-0.441794
-0.441794
-0.441794
-0.441794
-0.441794
-0.441794
-0.441794
-0.441794
-0.441794
-0.441794
-0.441794
-0.441794
-0.441794
-0.441794
-0.441794
-0.441794
-0.441794
-0.441794
-0.441794
-0.441794
-0.441794
-0.441794
-0.441794
-0.441794
-0.441794
-0.441794
-0.441794
-0.441794
-0.441794
-0.441794
-0.441794
-0.441794
-0.441794
-0.441794
-0.441794
-0.441794
-0.441794
-0.441794
-0.441794
-0.441794
-0.441794
-0.441794
-0.441794
-0.441794
-0.441794
-0.441794
-0.441794
-0.441794
-0.441794
-0.441794
-0.441794
-0.441794
-0.398442
-0.398442
-0.398442
-0.398442
-0.398442
-0.398442
-0.398442
-0.398442
-0.398442
-0.426606
-0.426606
-0.426606
-0.426606
-0.426606
-0.394493
-0.394493
-0.394493
-0.394493
-0.394493
-0.394493
-0.394493
-0.394493
-0.394493
-0.394493
-0.394493
-0.394493
-0.394493
-0.394493
-0.394493
-0.394493
-0.394493
-0.394493
-0.394493
-0.394493
-0.378047
-0.378047
-0.378047
-0.378047
-0.378047
-0.378047
-0.378047
-0.378047
-0.378047
-0.378047
-0.378047
-0.378047
-0.378047
-0.378047
-0.378047
-0.378047
-0.378047
-0.378047
-0.356421
-0.356421
-0.356421
-0.356421
-0.356421
-0.356421
-0.356421
-0.356421
-0.356421
-0.356421
-0.356421
-0.356421
-0.356421
-0.356421
-0.356421
-0.356421
-0.356421
-0.356421
-0.338963
-0.338963
-0.338963
-0.28519
-0.28519
-0.28519
-0.38779
-0.38779
-0.38779
-0.38779
-0.38779
-0.38779
-0.38779
-0.38779
-0.415516
-0.415516
-0.415516
-0.415516
-0.415516
-0.415516
-0.415516
-0.415516
-0.415516
-0.415516
-0.415516
-0.415516
-0.415516
-0.415516
-0.437702
-0.437702
-0.437702
-0.437702
-0.437702
-0.437702
-0.437702
-0.437702
-0.437702
-0.437702
-0.437702
-0.437702
-0.437702
-0.437702
-0.437702
-0.437702
-0.437702
-0.437702
-0.437702
-0.437702
-0.437702
-0.437702
-0.437702
-0.437702
-0.437702
-0.437702
-0.437702
-0.437702
-0.437702
-0.437702
-0.437702
-0.437702
-0.437702
-0.437702
-0.437702
-0.437702
-0.437702
-0.437702
-0.437702
-0.437702
-0.374331
-0.374331
-0.374331
-0.374331
-0.374331
-0.374331
-0.374331
-0.376862
-0.376862
-0.376862
-0.376862
-0.376862
-0.376862
-0.416852
-0.416852
-0.416852
-0.416852
-0.416852
-0.416852
-0.416852
-0.416852
-0.416852
-0.416852
-0.416852
-0.416852
-0.416852
-0.438898
-0.438898
-0.438898
-0.438898
-0.438898
-0.438898
-0.438898
-0.438898
-0.438898
-0.438898
-0.438898
-0.438898
-0.438898
-0.438898
-0.438898
-0.438898
-0.438898
-0.438898
-0.438898
-0.438898
-0.438898
-0.438898
-0.438898
-0.438898
-0.438898
-0.438898
-0.438898
-0.438898
-0.438898
-0.438898
-0.438898
-0.438898
-0.438898
-0.438898
-0.438898
-0.438898
-0.438898
-0.438898
-0.438898
-0.438898
-0.438898
-0.438898
-0.438898
-0.438898
-0.438898
-0.438898
-0.438898
-0.438898
-0.438898
-0.438898
-0.438898
-0.438898
-0.438898
-0.438898
-0.438898
-0.438898
-0.438898
-0.438898
-0.438898
-0.438898
-0.438898
-0.438898
-0.438898
-0.438898
-0.438898
-0.438898
-0.438898
-0.438898
-0.438898
-0.438898
-0.438898
-0.438898
-0.438898
-0.438898
-0.438898
-0.438898
-0.384087
-0.384087
-0.384087
-0.384087
-0.384087
-0.384087
-0.384087
-0.384087
-0.384087
-0.384087
-0.384087
-0.384087
-0.384087
-0.384087
-0.384087
-0.384087
-0.384087
-0.384087
-0.384087
-0.384087
-0.328971
-0.328971
-0.328971
-0.328971
-0.328971
-0.328971
-0.328971
-0.328971
-0.328971
-0.238336
-0.238336
-0.238336
-0.412917
-0.412917
-0.412917
-0.412917
-0.412917
-0.412917
-0.412917
-0.412917
-0.412917
-0.412917
-0.412917
-0.412917
-0.412917
-0.412917
-0.412917
-0.412917
-0.412917
-0.412917
-0.412917
-0.420876
-0.420876
-0.420876
-0.420876
-0.420876
-0.420876
-0.420876
-0.420876
-0.420876
-0.420876
-0.420876
-0.420876
-0.420876
-0.420876
-0.420876
-0.420876
-0.420876
-0.420876
-0.420876
-0.420876
-0.420876
-0.420876
-0.420876
-0.423601
-0.423601
-0.423601
-0.423601
-0.423601
-0.423601
-0.423601
-0.423601
-0.423601
-0.423601
-0.426202
-0.426202
-0.426202
-0.426202
-0.426202
-0.426202
-0.426202
-0.426202
-0.426202
-0.426202
-0.426202
-0.426202
-0.426202
-0.426202
-0.426202
-0.426202
-0.426202
-0.426202
-0.426202
-0.426202
-0.426202
-0.426202
-0.426202
-0.426202
-0.426202
-0.426202
-0.426202
-0.426202
-0.426202
-0.426202
-0.426202
-0.426202
-0.426202
-0.426202
-0.426202
-0.426202
-0.426202
-0.426202
-0.426202
-0.426202
-0.426202
-0.426202
-0.426202
-0.426202
-0.426202
-0.426202
-0.426202
-0.426202
-0.426202
-0.426202
-0.426202
-0.426202
-0.435105
-0.435105
-0.435105
-0.435105
-0.345906
-0.345906
-0.345906
-0.345906
-0.345906
-0.345906
-0.345906
-0.345906
-0.345906
-0.345906
-0.386713
-0.386713
-0.386713
-0.386713
-0.386713
-0.386713
-0.386713
-0.386713
-0.386713
-0.386713
-0.386713
-0.386713
-0.386713
-0.386713
-0.386713
-0.386713
-0.386713
-0.386713
-0.386713
-0.386713
-0.386713
-0.386713
-0.386713
-0.386713
-0.386713
-0.386713
-0.386713
-0.386713
-0.386713
-0.386713
-0.437505
-0.437505
-0.437505
-0.437505
-0.437505
-0.437505
-0.437505
-0.437505
-0.437505
-0.437505
-0.437505
-0.437505
-0.437505
-0.437505
-0.437505
-0.437505
-0.437505
-0.437505
-0.437505
-0.437505
-0.437505
-0.437505
-0.437505
-0.437505
-0.437505
-0.437505
-0.437505
-0.437505
-0.437505
-0.437505
-0.437505
-0.437505
-0.437505
-0.437505
-0.437505
-0.394451
-0.394451
-0.394451
-0.394451
-0.394451
-0.394451
-0.394451
-0.394451
-0.394451
-0.394451
-0.394451
-0.394451
-0.394451
-0.394451
-0.394451
-0.394451
-0.394451
-0.394451
-0.394451
-0.394451
-0.394451
-0.394451
-0.394451
-0.394451
-0.394451
-0.394451
-0.394451
-0.394451
-0.394451
-0.394451
-0.394451
-0.385055
-0.385055
-0.385055
-0.385055
-0.385055
-0.385055
-0.385055
-0.385055
-0.385055
-0.385055
-0.385055
-0.385055
-0.385055
-0.385055
-0.385055
-0.385055
-0.385055
-0.385055
-0.385055
-0.263766
-0.263766
-0.263766
-0.370522
-0.370522
-0.370522
-0.370522
-0.370522
-0.370522
-0.370522
-0.370522
-0.370522
-0.370522
-0.370522
-0.370522
-0.370522
-0.370522
-0.370522
-0.370522
-0.390861
-0.390861
-0.390861
-0.390861
-0.390861
-0.390861
-0.390861
-0.390861
-0.390861
-0.390861
-0.390861
-0.390861
-0.390861
-0.390861
-0.390861
-0.390861
-0.390861
-0.390861
-0.390861
-0.390861
-0.390861
-0.390861
-0.390861
-0.390861
-0.390861
-0.390861
-0.390861
-0.390861
-0.390861
-0.390861
-0.390861
-0.390861
-0.390861
-0.390861
-0.390861
-0.390861
-0.390861
-0.390861
-0.390861
-0.390861
-0.390861
-0.390861
-0.390861
-0.390861
-0.390861
-0.390861
-0.390861
-0.390861
-0.390861
-0.390861
-0.390861
-0.390861
-0.390861
-0.390861
-0.390861
-0.390861
-0.390861
-0.390861
-0.390861
-0.390861
-0.419241
-0.419241
-0.419241
-0.419241
-0.419241
-0.419241
-0.419241
-0.419241
-0.419241
-0.419241
-0.419241
-0.419241
-0.419241
-0.419241
-0.419241
-0.419241
-0.419241
-0.419241
-0.419241
-0.419241
-0.419241
-0.419241
-0.419241
-0.419241
-0.419241
-0.419241
-0.419241
-0.419241
-0.419241
-0.419241
-0.413749
-0.413749
-0.413749
-0.413749
-0.413749
-0.413749
-0.413749
-0.387138
-0.387138
-0.387138
-0.388395
-0.388395
-0.388395
-0.388395
-0.379802
-0.379802
-0.379802
-0.379802
-0.379802
-0.379802
-0.379802
-0.379802
-0.379802
-0.379802
-0.379802
-0.379802
-0.379802
-0.379802
-0.379802
-0.379802
-0.379802
-0.379802
-0.379802
-0.379802
-0.379802
-0.379802
-0.379802
-0.379802
-0.38386
-0.38386
-0.38386
-0.38386
-0.38386
-0.38386
-0.38386
-0.38386
-0.38386
-0.361498
-0.361498
-0.361498
-0.361498
-0.361498
-0.361498
-0.361498
-0.361498
-0.361498
-0.361498
-0.361498
-0.361498
-0.361498
-0.361498
-0.361498
-0.361498
-0.404133
-0.404133
-0.404133
-0.404133
-0.404133
-0.404133
-0.404133
-0.404133
-0.404133
-0.404133
-0.404133
-0.404133
-0.404133
-0.404133
-0.404133
-0.404133
-0.404133
-0.404133
-0.404133
-0.404133
-0.404133
-0.404133
-0.404133
-0.404133
-0.404133
-0.404133
-0.404133
-0.404133
-0.404133
-0.404133
-0.404133
-0.404133
-0.404133
-0.404133
-0.404133
-0.404133
-0.404133
-0.404133
-0.404133
-0.404133
-0.404133
-0.404133
-0.404133
-0.404133
-0.404133
-0.404133
-0.404133
-0.404133
-0.404133
-0.404133
-0.404133
-0.404133
-0.404133
-0.404133
-0.404133
-0.404133
-0.404133
-0.404133
-0.404133
-0.404133
-0.404133
-0.404133
-0.404133
-0.404133
-0.404133
-0.404133
-0.404133
-0.404133
-0.404133
-0.404133
-0.404133
-0.404133
-0.430253
-0.44075
-0.44075
-0.44075
-0.44075
-0.44075
-0.44075
-0.44075
-0.44075
-0.44075
-0.44075
-0.44075
-0.44075
-0.44075
-0.44075
-0.44075
-0.44075
-0.44075
-0.44075
-0.44075
-0.44075
-0.44075
-0.44075
-0.44075
-0.44075
-0.44075
-0.44075
-0.44075
-0.44075
-0.44075
-0.44075
-0.44075
-0.44075
-0.44075
-0.44075
-0.44075
-0.44075
-0.44075
-0.44075
-0.44075
-0.44075
-0.44075
-0.44075
-0.44075
-0.44075
-0.44075
-0.44075
-0.44075
-0.44075
-0.44075
-0.44075
-0.44075
-0.44075
-0.44075
-0.405639
-0.405639
-0.405639
-0.405639
-0.405639
-0.405639
-0.405639
-0.405639
-0.405639
-0.405639
-0.405639
-0.405639
-0.405639
-0.405639
-0.405639
-0.405639
-0.405639
-0.405639
-0.405639
-0.405639
-0.405639
-0.405639
-0.405639
-0.366549
-0.366549
-0.366549
-0.366549
-0.366549
-0.366549
-0.366549
-0.366549
-0.366549
-0.366549
-0.366549
-0.366549
-0.366549
-0.366549
-0.366549
-0.366549
-0.366549
-0.366549
-0.366549
-0.366549
-0.366549
-0.386908
-0.386908
-0.386908
-0.386908
-0.37746
-0.37746
-0.37746
-0.37746
-0.37746
-0.37746
-0.37746
-0.37746
-0.37746
-0.37746
-0.37746
-0.37746
-0.37746
-0.37746
-0.37746
-0.37746
-0.37746
-0.37746
-0.37746
-0.37746
-0.37746
-0.37746
-0.37746
-0.37746
-0.37746
-0.37746
-0.37746
-0.37746
-0.37746
-0.37746
-0.37746
-0.37746
-0.37746
-0.37746
-0.37746
-0.381111
-0.381111
-0.381111
-0.381111
-0.381111
-0.381111
-0.381111
-0.381111
-0.381111
-0.381111
-0.381111
-0.381111
-0.381111
-0.409136
-0.409136
-0.409136
-0.409136
-0.409136
-0.409136
-0.409136
-0.409136
-0.409136
-0.409136
-0.409136
-0.409136
-0.409136
-0.409136
-0.409136
-0.409136
-0.409136
-0.409136
-0.409136
-0.409136
-0.409136
-0.409136
-0.409136
-0.409136
-0.409136
-0.409136
-0.409136
-0.409136
-0.419117
-0.419117
-0.419117
-0.419117
-0.419117
-0.419117
-0.419117
-0.419117
-0.419117
-0.419117
-0.419117
-0.419117
-0.419117
-0.419117
-0.419117
-0.419117
-0.419117
-0.419117
-0.419117
-0.419117
-0.419117
-0.419117
-0.419117
-0.419117
-0.419117
-0.419117
-0.419117
-0.419117
-0.419117
-0.419117
-0.419117
-0.419117
-0.419117
-0.419117
-0.419117
-0.419117
-0.419117
-0.419117
-0.419117
-0.419117
-0.419117
-0.419117
-0.419117
-0.419117
-0.419117
-0.419117
-0.419117
-0.419117
-0.419117
-0.419117
-0.419117
-0.419117
-0.419117
-0.419117
-0.419117
-0.419117
-0.419117
-0.419117
-0.419117
-0.419117
-0.419117
-0.419117
-0.419117
-0.419117
-0.419117
-0.419117
-0.419117
-0.419117
-0.419117
-0.419117
-0.419117
-0.419117
-0.419117
-0.419117
-0.419117
-0.419117
-0.437087
-0.437087
-0.437087
-0.437087
-0.437087
-0.437087
-0.437087
-0.437087
-0.437087
-0.437087
-0.437087
-0.437087
-0.437087
-0.437087
-0.437087
-0.437087
-0.437087
-0.437087
-0.437087
-0.437087
-0.437087
-0.437087
-0.437087
-0.437087
-0.437087
-0.437087
-0.437087
-0.437087
-0.437087
-0.437087
-0.437087
-0.437087
-0.437087
-0.437087
-0.437087
-0.437087
-0.437087
-0.437087
-0.437087
-0.437087
-0.437087
-0.437087
-0.437087
-0.437087
-0.437087
-0.437087
-0.437087
-0.437087
-0.437087
-0.437087
-0.437087
-0.437087
-0.437087
-0.437087
-0.437087
-0.437087
-0.437087
-0.437087
-0.437087
-0.437087
-0.437087
-0.437087
-0.437087
-0.437087
-0.437087
-0.437087
-0.437087
-0.437087
-0.437087
-0.437087
-0.437087
-0.437087
-0.437087
-0.437087
-0.437087
-0.437087
-0.437087
-0.437087
-0.437087
-0.437087
-0.437087
-0.437087
-0.437087
-0.437087
-0.437087
-0.437087
-0.437087
-0.437087
-0.437087
-0.437087
-0.437087
-0.437087
-0.437087
-0.437087
-0.437087
-0.437087
-0.437087
-0.437087
-0.437087
-0.437087
-0.437087
-0.437087
-0.437087
-0.437087
-0.437087
-0.437087
-0.437087
-0.437087
-0.437087
-0.437087
-0.437087
-0.437087
-0.437087
-0.437087
-0.437087
-0.437087
-0.437087
-0.437087
-0.437087
-0.437087
-0.437087
-0.437087
-0.437087
-0.437087
-0.437087
-0.437087
-0.437087
-0.437087
-0.437087
-0.437087
-0.437087
-0.437087
-0.437087
-0.437087
-0.437087
-0.437087
-0.437087
-0.437087
-0.437087
-0.437087
-0.437087
-0.437087
-0.437087
-0.437087
-0.437087
-0.437087
-0.437087
-0.437087
-0.437087
-0.437087
-0.437087
-0.437087
-0.437087
-0.437087
-0.437087
-0.437087
-0.437087
-0.437087
-0.437087
-0.437087
-0.437087
-0.437087
-0.437087
-0.437087
-0.437087
-0.437087
-0.437087
-0.437087
-0.437087
-0.437087
-0.437087
-0.437087
-0.437087
-0.437087
-0.437087
-0.437087
-0.437087
-0.437087
-0.437087
-0.437087
-0.437087
-0.437087
-0.437087
-0.437087
-0.437087
-0.437087
-0.437087
-0.437087
-0.437087
-0.437087
-0.437087
-0.437087
-0.437087
-0.437087
-0.437087
-0.437087
-0.437087
-0.437087
-0.437087
-0.437087
-0.437087
-0.437087
-0.437087
-0.437087
-0.437087
-0.437087
-0.437087
-0.437087
-0.437087
-0.437087
-0.437087
-0.437087
-0.437087
-0.437087
-0.437087
-0.437087
-0.437087
-0.437087
-0.437087
-0.437087
-0.437087
-0.437087
-0.437087
-0.437087
-0.437087
-0.437087
-0.437087
-0.437087
-0.437087
-0.437087
-0.437087
-0.437087
-0.437087
-0.437087
-0.437087
-0.437087
-0.437087
-0.437087
-0.437087
-0.437087
-0.437087
-0.437087
-0.437087
-0.437087
-0.437087
-0.437087
-0.437087
-0.437087
-0.437087
-0.437087
-0.437087
-0.437087
-0.437087
-0.437087
-0.437087
-0.437087
-0.437087
-0.437087
-0.437087
-0.437087
-0.437087
-0.437087
-0.437087
-0.437087
-0.437087
-0.437087
-0.437087
-0.437087
-0.437087
-0.437087
-0.437087
-0.437087
-0.437087
-0.437087
-0.437087
-0.437087
-0.437087
-0.437087
-0.437087
-0.437087
-0.437087
-0.437087
-0.437087
-0.437087
-0.437087
-0.437087
-0.437087
-0.437087
-0.437087
-0.437087
-0.437087
-0.437087
-0.437087
-0.437087
-0.437087
-0.437087
-0.437087
-0.437087
-0.437087
-0.437087
-0.437087
-0.437087
-0.437087
-0.437087
-0.437087
-0.437087
-0.437087
-0.437087
-0.437087
-0.437087
-0.437087
-0.437087
-0.437087
-0.437087
-0.437087
-0.437087
-0.437087
-0.437087
-0.437087
-0.437087
-0.437087
-0.437087
-0.437087
-0.437087
-0.437087
-0.437087
-0.437087
-0.437087
-0.437087
-0.437087
-0.437087
-0.437087
-0.437087
-0.437087
-0.437087
-0.437087
-0.437087
-0.437087
-0.437087
-0.437087
-0.437087
-0.437087
-0.437087
-0.437087
-0.437087
-0.437087
-0.437087
-0.437087
-0.437087
-0.437087
-0.437087
-0.437087
-0.437087
-0.437087
-0.437087
-0.437087
-0.437087
-0.437087
-0.437087
-0.437087
-0.437087
-0.437087
-0.437087
-0.437087
-0.437087
-0.437087
-0.437087
-0.437087
-0.437087
-0.437087
-0.437087
-0.437087
-0.437087
-0.437087
-0.437087
-0.437087
-0.437087
-0.437087
-0.437087
-0.437087
-0.437087
-0.437087
-0.437087
-0.437087
-0.437087
-0.437087
-0.437087
-0.437087
-0.437087
-0.437087
-0.437087
-0.437087
-0.437087
-0.437087
-0.437087
-0.437087
-0.437087
-0.437087
-0.437087
-0.437087
-0.437087
-0.437087
-0.437087
-0.437087
-0.437087
-0.437087
-0.437087
-0.437087
-0.437087
-0.437087
-0.437087
-0.437087
-0.437087
-0.437087
-0.437087
-0.437087
-0.437087
-0.437087
-0.437087
-0.437087
-0.437087
-0.437087
-0.437087
-0.437087
-0.437087
-0.437087
-0.437087
-0.437087
-0.437087
-0.437087
-0.437087
-0.437087
-0.437087
-0.437087
-0.437087
-0.437087
-0.437087
-0.437087
-0.437087
-0.437087
-0.437087
-0.437087
-0.437087
-0.437087
-0.437087
-0.437087
-0.437087
-0.437087
-0.437087
-0.437087
-0.437087
-0.437087
-0.437087
-0.437087
-0.437087
-0.437087
-0.437087
-0.437087
-0.437087
-0.437087
-0.437087
-0.437087
-0.437087
-0.437087
-0.437087
-0.437087
-0.437087
-0.437087
-0.437087
-0.437087
-0.437087
-0.437087
-0.437087
-0.437087
-0.437087
-0.437087
-0.437087
-0.437087
-0.437087
-0.437087
-0.437087
-0.437087
-0.437087
-0.437087
-0.437087
-0.437087
-0.437087
-0.437087
-0.437087
-0.437087
-0.437087
-0.437087
-0.437087
-0.437087
-0.437087
-0.437087
-0.437087
-0.441587
-0.441587
-0.441587
-0.441587
-0.441587
-0.441587
-0.441587
-0.441587
-0.441587
-0.441587
-0.441587
-0.441587
-0.441587
-0.441587
-0.441587
-0.441587
-0.441587
-0.441587
-0.441587
-0.441587
-0.441587
-0.441587
-0.441587
-0.441587
-0.441587
-0.441587
-0.441587
-0.441587
-0.441587
-0.441587
-0.441587
-0.441587
-0.441587
-0.441587
-0.441587
-0.441587
-0.441587
-0.441587
-0.441587
-0.441587
-0.441587
-0.441587
-0.441587
-0.441587
-0.441587
-0.441587
-0.441587
-0.441587
-0.441587
-0.441587
-0.441587
-0.441587
-0.441587
