1.05176
1.04087
1.00236
0.896582
1.0172
1.1016
0.939469
1.14723
1.08207
1.21944
0.904014
0.841592
0.985171
0.926136
0.994816
1.17511
1.06304
1.031
0.982919
1.1324
1.01044
1.03684
0.903481
0.912392
1.1388
1.14302
1.07706
1.17662
0.983421
1.01991
1.01516
1.15771
1.15652
1.0283
1.10338
1.10202
0.990732
1.01584
0.862518
1.04405
0.852447
0.942242
0.987222
0.947931
1.03366
0.885177
0.902047
1.06162
1.12989
0.960675
0.941365
0.922214
0.918918
1.13206
1.04121
1.13713
1.00292
1.05424
1.07617
1.12589
0.731079
0.959425
0.874397
0.991405
1.07734
1.03037
1.01099
0.922215
0.963936
1.06162
1.1096
1.02985
1.01076
1.06649
0.93515
0.917759
1.06841
0.965797
1.10913
0.965135
0.973031
0.970631
1.13125
1.21004
1.06333
1.17726
1.01486
0.900943
1.02378
1.03124
0.883652
1.16499
0.851948
0.962269
1.09273
1.05252
0.941417
1.05908
1.03187
1.15572
1.01764
0.994479
1.02144
1.10817
0.928001
1.04337
1.01953
1.03437
1.02781
0.923009
1.05983
1.00647
1.10547
0.952489
1.21827
0.934767
1.09031
1.12423
1.02146
0.902978
1.02232
1.05083
0.968515
0.955589
1.07617
0.955466
0.887981
0.845364
0.841927
1.00951
0.938836
1.01266
0.995651
1.1876
0.97448
1.13222
0.95349
1.02401
0.99292
0.945252
1.10428
1.01778
0.946499
0.955185
1.02518
1.04355
1.10954
0.776947
1.092
0.925724
0.969946
1.0023
0.99758
0.957232
0.999347
0.992572
1.10138
0.929675
0.897337
0.940015
0.823925
1.08192
0.930641
1.05185
0.900038
1.03853
1.05197
1.11817
1.04754
0.925273
1.06669
1.10936
1.04581
0.859842
0.905934
1.00862
0.993757
0.967596
0.920858
0.969532
1.04456
1.01376
0.881181
0.968056
1.09118
0.989507
1.0081
1.03961
1.05786
1.19947
1.03975
0.929567
0.937297
1.01556
1.02884
1.03699
0.955581
1.13814
1.17285
0.831782
1.04739
1.17445
1.06204
1.03418
0.864118
0.922357
0.944571
0.8269
0.90124
0.942189
0.898698
1.1321
1.08995
1.08156
0.943543
0.970838
0.933176
0.809727
1.05899
0.914888
1.02897
1.03291
0.997533
0.937591
1.13034
1.00149
1.10939
1.1826
1.00625
0.88701
0.996862
0.831241
1.11356
0.958709
1.07245
0.90468
0.838029
1.1727
0.742158
0.861848
1.0792
0.963371
1.11131
1.04415
0.920088
1.22989
0.900698
1.01062
0.81403
1.16329
1.01074
0.865189
0.949154
1.09736
0.961559
0.890746
0.985418
1.08821
1.10207
1.03837
1.03635
1.00876
1.00184
1.06559
1.01063
0.860901
0.981508
1.15411
1.09889
1.31796
0.924204
0.882047
1.04765
1.00385
1.09767
1.23158
0.952755
1.03095
1.04334
0.96878
1.18223
1.02069
0.898057
1.10219
1.12388
0.946904
0.917559
1.09829
1.21388
0.989873
0.785299
1.17458
1.1351
1.0007
1.08384
1.10513
0.994458
0.909288
1.06225
0.985417
0.927697
0.967893
0.925101
0.824075
0.991654
0.9243
0.884993
0.950971
1.01407
0.933457
1.02069
1.17298
0.967509
1.15656
0.797255
1.15325
1.01705
0.882052
0.885209
1.07305
0.938924
0.904948
0.914301
0.937596
1.0343
1.15302
0.998399
0.848885
1.03232
0.952828
1.20859
1.05738
1.02935
0.906165
0.950624
1.00689
1.05812
1.0196
0.951593
0.959383
1.00423
1.13951
0.752865
0.923504
1.11491
1.11841
0.956472
0.974387
0.927888
0.953972
0.828744
0.993773
0.931478
1.04195
0.837564
1.01799
0.967403
0.888724
1.02206
0.999656
0.92901
0.905124
0.763053
1.00423
0.865299
1.22433
1.00947
0.928687
0.988003
0.931549
1.02957
0.961497
0.956447
1.05829
1.10437
0.916382
0.920122
0.982291
0.905742
0.996441
0.973595
1.0256
0.898884
0.987662
0.974669
1.00833
0.990619
1.06545
0.925596
1.00405
1.00323
0.881198
1.01299
0.892348
0.788917
0.990984
1.2947
0.971209
0.925023
1.0243
1.00864
0.890651
0.922213
0.871356
1.00025
0.862247
1.00743
1.16287
0.740297
0.902893
0.854205
0.976
0.987546
0.977991
1.15183
1.07348
0.875161
0.979364
0.953844
1.01812
0.981183
1.01726
1.00007
0.841064
1.07111
0.964312
1.06708
1.02018
0.876246
1.08257
1.09701
0.887556
1.02026
1.06612
0.913734
1.00718
0.904072
1.10276
0.92004
0.900378
1.12801
0.973665
1.09555
0.900943
1.10778
0.957115
1.13863
1.05094
1.03442
1.02838
1.07163
1.04567
1.09143
0.933768
1.08319
1.18943
0.838933
0.903441
1.02942
1.14182
0.9962
1.06621
1.02433
1.01569
0.967164
0.915675
0.970868
0.820955
0.84247
0.88374
1.10321
1.14261
1.21019
0.802074
0.873574
1.06504
0.862433
0.842879
0.880176
0.970549
1.00519
1.01794
1.04274
1.04276
1.02822
0.860654
0.916621
1.09905
0.93573
1.17886
1.05849
0.987881
0.983907
1.15113
1.08242
1.09445
1.07018
0.912042
0.916985
0.967798
0.917776
0.810339
0.959259
1.12676
0.912047
0.947691
1.06038
0.981677
0.856109
1.01082
1.18292
0.978114
0.751763
1.08727
0.978979
0.926224
1.10086
0.938475
1.05871
1.00926
0.912147
1.07916
1.24726
0.940806
0.893675
0.870135
1.07533
0.860881
1.14482
0.935611
1.12004
0.830295
1.17006
0.851844
0.933355
0.953113
1.27161
1.05054
0.935106
0.88753
0.968653
1.03078
0.871831
0.937961
0.974199
0.882892
0.974996
0.986871
0.981028
1.05394
1.0403
1.01634
1.00786
0.891123
0.839042
0.984188
0.994
1.00351
0.905897
1.07052
0.906079
0.864264
0.938695
0.993875
0.904648
1.02795
1.00863
0.977372
0.906921
1.13199
0.96972
0.932383
0.995528
0.923855
1.11599
1.08558
1.1418
0.974464
1.01412
1.04198
0.987516
1.13513
1.05382
0.854189
1.0205
1.02093
1.04877
1.09055
1.18284
0.894445
0.954201
1.04728
0.995122
0.968819
0.997026
1.13808
0.97081
0.885227
0.895848
0.921843
0.941364
0.978402
0.876051
1.23924
1.03643
1.15777
0.965632
1.1342
0.892711
0.929399
0.90488
1.15632
1.13227
0.961817
1.16207
0.949761
1.08082
1.12185
0.886137
1.08059
1.04267
1.04375
0.98448
1.02813
1.02806
0.890321
0.909058
1.11316
1.12861
0.877256
0.900175
1.0507
1.18618
1.05879
0.990339
1.075
0.966016
1.09109
0.981395
1.01534
0.930342
0.981705
1.15534
0.939678
1.03814
1.0488
0.889543
1.08788
0.961558
0.940713
0.941369
0.989816
0.930806
1.13221
0.93913
0.931296
1.06705
1.04213
0.989305
0.909743
1.02141
0.988949
1.07354
1.01562
1.08637
0.989888
1.01934
1.04548
0.823991
1.19904
1.07873
0.990798
0.996249
1.01762
0.995769
0.993674
1.05844
0.871212
1.09322
0.953274
1.05805
1.09474
1.06558
1.00572
0.93521
1.05943
0.964375
1.16712
1.14269
1.01863
0.933088
1.23783
1.12513
1.00528
1.07989
0.892126
1.1803
1.15947
0.852655
1.17414
1.00462
1.01968
1.0142
1.05141
1.04855
0.81774
0.844404
1.04537
0.977545
1.12297
0.966692
0.944782
0.997057
1.13856
0.99048
1.02423
0.989487
1.10621
0.999987
1.04405
1.19988
1.06235
1.08255
1.02725
0.992256
0.914084
0.995377
1.1314
1.12534
0.896572
1.02677
1.04027
1.15961
1.04059
0.98077
0.924026
0.980218
0.953577
1.00502
1.06893
1.08372
0.976873
0.86896
1.22517
0.901671
1.05682
1.09449
1.15173
0.919521
1.10094
0.940949
1.14636
0.994548
1.04234
0.885627
1.17513
0.994153
1.00218
0.883616
0.896306
0.983137
1.14244
0.936465
0.972732
0.974731
1.10103
0.896083
0.917478
0.96206
0.977425
0.891099
1.01008
0.816892
0.996481
1.11725
1.03744
1.0471
0.848983
1.03258
1.09825
0.975815
0.976586
1.00101
1.00682
1.10348
0.905586
0.841284
1.14755
0.932304
0.986166
0.978158
0.94944
0.891493
1.02709
1.2166
1.05495
1.03762
1.02393
1.09495
1.15655
1.02074
0.968576
1.0876
0.884805
1.02633
1.09884
0.930077
0.912626
0.863488
0.985322
0.891842
0.941603
1.02944
1.13318
1.04184
0.98861
0.920583
1.01141
1.07249
1.0473
0.912446
1.05563
0.848735
1.0409
0.987845
0.930466
0.948699
0.868332
0.938804
1.13707
1.01111
1.19488
1.16062
1.01117
1.00765
0.934923
0.88678
0.946871
0.940885
0.970947
1.24988
0.915983
1.0726
0.902642
1.01553
0.776896
0.990535
0.900424
1.05402
0.818195
0.801088
1.04011
0.912548
1.03977
0.969763
0.972932
0.902089
0.97922
0.992086
0.883398
0.970725
1.08999
0.780038
0.826654
1.10584
1.10694
0.829373
0.963026
1.02101
0.99238
1.02841
0.981783
0.956591
0.944273
1.14384
0.929702
0.941857
0.800788
0.995631
1.02427
1.03603
0.90174
0.911337
1.09081
1.05984
1.08914
1.00922
0.99268
0.913795
1.06121
0.780764
1.08086
0.888113
1.0156
0.822809
1.01503
0.994684
1.02529
0.947182
0.917969
1.16875
1.01647
0.790351
1.05956
0.904906
0.926892
0.955106
1.04172
0.921
1.13203
0.943235
0.840426
1.00577
0.912188
1.11289
1.02847
0.954226
0.902848
1.03366
0.989565
1.02319
1.09448
1.02426
0.939183
1.219
1.1078
0.837194
0.90014
1.00179
0.965889
1.12599
0.962529
0.967182
1.12501
1.03826
1.08008
1.10566
1.07424
0.796812
0.98294
1.07543
0.818239
1.05035
1.05277
1.0123
1.0492
0.88487
1.0877
0.93548
0.936964
0.927032
1.01925
0.912535
0.892253
1.02875
1.06192
0.863307
0.93534
0.894333
0.804411
0.880608
1.07199
0.949298
1.0188
1.04464
1.07364
0.929388
1.13585
0.990211
0.908577
1.02772
0.99772
1.03206
0.954463
0.984339
1.02551
1.14444
1.05047
1.04477
0.921036
1.12287
0.950576
1.00257
0.995836
0.838292
0.97076
1.05846
1.11532
1.02638
1.0879
0.98988
0.827989
0.996478
0.8822
0.976464
0.996395
1.00028
0.955226
1.21299
1.0471
0.957872
1.01307
0.926599
0.812641
0.944505
1.05733
0.958324
0.939255
0.93571
0.929991
1.02502
0.906599
1.06198
0.911629
1.1294
0.935708
0.987217
0.92127
0.828594
1.10332
0.888476
1.13967
1.10841
1.11355
1.15969
1.10171
0.934208
0.960646
0.922229
0.982737
0.955528
1.09315
1.1414
0.947082
0.926968
0.892796
0.9362
1.00369
1.04852
0.97183
1.0126
1.01653
0.956322
1.05997
0.951357
1.01466
1.05221
0.975466
1.1363
0.932986
0.98227
1.06245
1.03965
1.02558
1.03504
1.05028
1.13907
1.0664
1.17608
0.878972
1.14869
1.01949
0.978023
1.16854
1.04762
1.08985
1.02951
0.918539
1.08651
0.969054
1.03595
0.909482
0.946834
1.07066
0.855761
1.08642
0.881109
0.86145
0.921697
0.953944
1.18129
0.920346
0.931292
0.965199
0.959816
0.995357
1.13525
0.94609
0.870533
1.0645
0.968599
0.936472
1.07106
1.00117
0.965498
0.993193
1.05638
1.04969
1.02064
1.02847
0.903868
1.02881
1.01608
1.05768
0.956595
1.11157
1.05644
1.15597
0.940442
0.955276
0.937484
1.19286
1.14838
1.06794
0.807504
1.17091
0.966322
0.954194
0.903308
0.974688
0.867617
0.996373
0.885308
1.02165
1.01565
0.952198
0.960845
0.862654
1.04775
0.966824
1.12599
1.03726
1.03908
0.919139
1.02129
0.971968
1.08825
0.960884
1.02481
1.01609
0.858873
1.08154
0.91034
1.04297
0.845916
1.08898
0.9052
1.02034
1.08389
1.20292
0.981735
0.940788
0.992499
0.924675
1.07403
0.952413
0.895851
0.93197
0.998569
1.15621
1.13318
1.14823
1.05583
1.14743
1.18728
1.02438
1.00019
0.835927
0.792197
1.01884
0.913664
0.959221
1.0634
0.889765
1.06031
0.988543
0.929692
0.916082
1.06778
1.02438
1.06035
1.06162
1.00241
1.0649
0.953195
0.985654
0.871629
1.03423
1.08916
1.03615
1.04971
0.843389
1.0029
1.01085
1.15785
1.00262
0.988459
0.869598
0.942849
0.996914
1.17798
1.19815
1.06689
1.1466
0.876156
0.81393
1.01728
1.07846
1.00046
1.24945
0.967221
0.973367
0.924613
0.927485
0.834026
1.0689
0.993995
0.961962
1.00183
0.95264
1.09562
1.00948
1.13558
0.825423
1.18027
1.14617
0.938662
1.05091
1.00249
0.976769
1.05599
1.0575
0.990726
1.11667
0.891074
1.04594
0.989295
1.06367
0.92195
0.847429
0.899153
1.11023
0.81585
1.1658
0.994699
0.905763
1.12979
1.01688
0.955359
1.02628
1.01758
1.17273
1.0641
1.09096
0.912286
0.978339
1.02894
1.09627
0.91555
1.02692
1.0137
1.00428
1.04976
1.15345
1.01662
1.01075
1.07632
1.03075
1.0435
0.885378
1.00355
1.06373
1.03521
1.14054
1.04739
1.06194
1.12025
0.757348
1.04842
0.968823
0.971391
1.0945
1.15653
0.962562
1.06187
1.01056
1.00157
1.0187
0.917656
0.951689
1.00831
0.922783
1.10172
0.84977
1.00579
1.08769
0.95315
0.969427
1.13684
1.05241
0.955278
0.905144
1.05948
0.93053
1.03344
1.15035
1.08967
1.112
0.904771
0.974193
0.878746
1.24976
1.003
1.01445
1.14588
1.02749
1.1291
1.07297
0.822186
0.823612
0.975493
1.0011
1.02361
1.23583
1.07588
0.964955
1.06116
0.916126
0.956794
1.05185
1.0392
0.876911
1.0252
1.15576
0.950183
1.07594
0.861835
0.984083
0.996934
0.887876
1.06173
0.923917
1.04378
0.952843
1.12185
0.927707
0.897231
0.797031
1.16252
0.943633
1.09169
1.11986
1.07207
0.881478
0.963738
1.15988
0.914459
0.998789
1.12355
1.10234
1.05009
0.976715
1.03306
1.00613
0.950797
1.22354
0.859615
0.870817
1.00472
0.99688
1.15554
1.01898
1.02746
1.05636
0.992904
1.01664
1.12485
1.09609
1.2308
0.877437
0.88866
1.05496
0.914383
1.05758
0.685744
0.9789
0.925541
0.882313
1.08515
1.0103
1.21959
1.03465
0.906379
0.882375
0.932264
1.0003
1.08383
0.948389
1.02109
0.989951
0.963619
1.03201
1.12176
0.989486
1.04061
0.887633
1.01008
0.964119
0.85293
0.91215
1.10878
0.970537
0.936837
1.00694
0.940241
1.04913
1.01731
0.938599
0.860511
1.04447
1.06824
0.994568
0.721002
0.927335
0.944421
0.853929
0.87026
1.16737
1.09158
1.03539
1.05526
1.26251
0.908881
0.901395
0.949091
1.0728
0.897631
0.956265
1.0806
1.16145
1.04883
1.01295
1.11319
1.07072
1.184
1.0658
1.03377
0.946101
1.14151
1.03729
1.04028
1.16936
1.0605
0.915963
0.844204
1.05174
1.0358
0.801336
1.03082
1.04678
0.913582
0.930391
0.943458
1.01219
1.15603
0.99554
0.982825
1.02789
1.22397
1.16326
1.03301
1.04427
1.15964
0.876386
0.881269
0.91614
0.920484
0.894423
0.978145
0.916641
0.968024
1.05517
1.07391
1.14419
1.07663
0.995755
1.08353
0.946019
0.881275
0.962983
1.17504
0.800408
0.970823
0.928817
1.12868
0.990418
1.09433
1.04228
1.04386
0.934525
0.915878
0.930086
0.995808
0.954027
1.01888
0.834845
0.955656
0.862217
0.91132
0.860032
1.00752
0.896401
0.975882
1.04456
1.28281
1.00371
1.09371
0.952525
1.06672
1.08539
1.00963
0.975145
1.07143
0.925025
1.12362
1.09319
0.958928
1.00571
0.996995
1.04391
0.934686
0.998267
0.986993
1.01683
0.993297
0.906304
1.02583
0.942094
1.24411
0.947131
1.05046
1.05128
0.944949
0.954511
0.929387
0.89816
0.845218
0.998086
1.08804
1.00438
1.1053
0.878046
0.867989
1.00515
0.847597
1.28094
0.969715
1.1623
0.972533
1.08636
1.01425
0.862011
1.10503
1.10745
1.06903
0.86526
0.799586
0.961324
0.88606
1.02077
1.15413
0.976008
1.18786
0.934525
0.953777
0.942103
0.966007
0.91294
1.02053
0.998493
1.0415
1.0381
0.917486
0.807686
0.9083
1.06706
1.0985
0.902221
0.952558
1.17752
1.00324
0.967718
0.947455
0.947205
0.830185
1.03169
0.947662
1.0663
0.993837
1.12991
0.937807
0.878823
0.971613
0.802997
0.96418
1.02074
1.25006
0.889258
0.999966
0.971925
1.07292
0.961581
1.18156
0.828286
0.785283
0.992277
0.987912
1.04626
1.05341
0.927814
1.0605
0.889917
1.14695
1.00981
0.836811
1.00474
0.868369
0.937821
0.890617
1.07938
0.935654
1.01377
1.04526
0.92161
0.984738
1.02357
0.90276
0.944132
1.07667
1.01943
1.07876
0.970291
1.05066
1.03514
0.908714
1.07888
0.883867
0.965441
0.870518
1.02484
0.806112
0.995504
0.885671
0.941444
0.891693
0.953229
0.908281
1.06382
1.05126
0.924817
0.935729
0.984676
0.810846
1.01691
1.02963
0.901807
0.959336
1.12348
1.07292
0.990717
0.881261
0.91152
0.930699
0.866944
1.00109
1.08268
1.1107
1.03462
0.947668
1.20274
0.967383
0.988812
0.896406
1.06591
1.08947
1.16262
1.13215
0.867612
0.894416
0.973761
1.09865
0.969731
1.0964
1.08505
0.930441
1.01366
0.895733
0.976198
1.02727
0.918038
0.993141
1.00391
1.05237
0.982511
0.951534
1.10621
0.883035
1.06537
0.97748
1.10073
1.18641
1.04942
0.865358
1.00605
0.867756
1.07906
1.08878
1.0013
0.918377
1.03614
0.901646
1.16427
0.995606
1.11453
0.930152
1.03119
1.00255
1.12988
1.11356
0.972701
1.01566
1.01778
0.966489
1.06013
1.03019
1.04582
1.07276
1.08765
1.12867
1.09
1.0523
1.05077
0.979373
1.19038
0.986802
0.961355
1.03433
0.975389
1.04703
1.2231
0.943551
1.11598
1.04559
0.91311
0.935176
1.03658
1.06934
1.13371
1.08122
0.951466
0.833135
0.944777
0.928916
0.856624
0.956204
0.955618
0.934808
1.08903
1.05553
1.00558
1.00403
1.04303
0.9766
1.07147
1.05904
0.8322
1.02449
0.983288
0.847425
0.891245
1.03904
0.916504
1.1278
0.98719
0.827812
0.88221
0.935881
0.935508
1.1044
0.906771
1.07053
1.11059
1.06872
0.945578
1.00186
1.05572
1.07474
0.943532
1.05031
0.89246
0.983807
0.938184
0.889552
1.0827
1.09631
0.918907
0.991446
1.12609
0.906702
0.967007
1.10892
1.08157
1.1838
1.03497
1.10942
1.03543
0.930589
1.04734
1.1363
1.05106
1.0019
1.20614
1.09056
1.13945
0.922276
0.931016
0.978433
1.04311
1.32717
1.01404
0.95012
1.02621
0.890939
1.08163
0.897605
1.0857
0.927884
1.10571
1.12583
1.02636
1.09088
1.10793
0.82828
1.12753
1.21959
1.08217
0.850358
1.26706
0.962065
0.841625
1.21755
1.15266
1.0554
0.966792
0.963085
0.841682
1.10095
1.06269
1.07838
1.07065
1.01271
0.989744
1.11609
0.856268
1.09156
0.991733
1.00012
1.00302
0.971038
0.865502
1.03044
1.15892
1.11182
0.970346
0.89993
1.00375
1.11072
1.04703
0.899325
1.00277
0.894524
0.800631
1.10284
0.774851
0.918837
0.923129
1.09705
1.0121
1.03531
1.03888
0.916386
1.04211
0.951233
1.03706
0.922431
0.998971
0.870755
1.11627
0.989593
0.8947
1.07123
0.903741
1.05957
0.85223
0.955531
1.04451
1.00355
1.0533
0.945294
1.10548
0.97619
0.950337
1.01577
0.869291
1.16297
0.969548
1.01189
1.1462
1.27356
0.994147
0.982085
0.966796
0.858864
1.01953
1.0466
0.916142
0.993049
0.875634
1.29501
1.14797
0.726222
1.15414
0.822146
1.14008
0.903164
1.16424
0.887897
0.960473
1.13907
1.07484
1.17852
0.890237
1.09449
0.967596
0.84809
0.993525
1.003
1.06166
1.07148
0.966438
1.12517
1.02147
0.964473
1.07737
1.06931
0.814346
1.04135
0.889201
1.0935
0.974481
0.916619
1.10084
1.13783
0.899302
0.951038
1.08013
0.949508
1.10018
1.15303
0.974217
0.979814
1.05033
0.980453
0.947786
1.07835
0.858629
0.951887
1.18706
1.10809
1.03727
1.01747
1.09766
1.01073
1.09501
1.07579
0.977711
1.10427
1.00692
1.05323
0.976756
0.947288
1.15696
0.898435
1.15439
1.05094
0.948975
0.975126
0.909369
1.02984
1.03243
1.07084
1.03056
0.88937
1.09808
0.873748
1.1292
0.97598
0.964596
1.07434
0.939036
0.876929
0.925147
1.00473
0.957685
1.16664
1.13632
1.08913
0.923801
1.22072
1.08188
1.03962
0.815016
0.776103
0.861129
0.937453
0.982042
1.1492
0.980203
1.01257
1.14828
1.1313
0.962332
0.986901
0.90348
1.13852
1.00135
0.840772
1.0838
1.1679
0.990095
1.01613
0.995584
0.895066
1.02465
0.853304
0.913737
0.923579
0.84621
0.970292
0.856351
1.05994
1.08498
1.16555
1.13543
0.951887
0.946105
0.915627
1.0695
0.868441
0.984922
1.02083
0.798623
0.838918
0.952708
1.07217
0.974367
1.0793
1.03974
0.886631
1.0224
1.24066
0.814168
1.0147
0.922452
0.857636
0.952042
0.958862
0.997844
1.12588
1.0896
0.949901
1.00582
0.974615
0.927878
1.1456
1.00756
0.969539
0.933478
1.04934
1.06076
0.990869
1.00171
1.06884
0.915916
0.961418
0.947502
0.879682
0.958917
0.92494
0.974876
1.02344
1.09838
0.931397
0.958491
0.883572
0.999794
0.923814
0.957012
1.21467
1.16991
1.09055
1.03296
1.21365
0.888527
0.884601
1.01632
0.897802
0.860602
1.08248
0.837101
0.942199
1.01738
1.05835
1.07091
0.943793
1.19384
0.885424
0.974333
0.929198
1.10503
1.06893
1.16161
0.977702
1.00831
0.880122
0.964769
0.99348
0.911636
1.09756
0.967855
0.8699
1.10698
1.05128
0.95145
1.02786
1.03332
0.825355
1.12534
0.883666
0.92274
0.934657
1.05267
1.16409
1.03584
1.04217
1.00887
1.26249
1.0537
0.899237
0.852497
1.04845
1.10848
0.913902
1.06153
0.912495
1.10253
0.93301
1.12387
1.01261
0.900227
0.905234
0.912256
0.937877
0.884572
0.965982
1.06854
0.919102
0.754786
1.08626
0.971074
1.08083
1.0546
0.827683
0.903528
1.07856
1.20563
0.887051
1.14725
1.00682
1.12202
1.03914
0.933168
0.989406
0.968945
1.1367
0.91659
0.959668
0.956239
0.997303
0.990729
0.880932
0.920697
1.03467
0.990729
0.982504
0.987325
0.944047
1.15119
1.26802
1.01573
1.00905
0.987408
0.834037
0.807074
0.963441
1.04493
1.16855
0.859064
0.890793
1.02793
0.938633
1.0877
1.10817
1.18218
0.995439
1.02772
1.05411
1.21526
1.01835
0.967626
0.847734
0.949308
0.958272
0.980334
0.988075
0.981958
1.09026
1.02456
0.9701
1.05734
1.26932
1.09244
1.01695
0.852926
0.89443
0.85276
0.902058
1.12694
0.958436
1.07142
1.04225
1.09596
0.948097
0.986426
0.970338
1.06687
0.999664
0.830991
1.07532
0.979813
1.0403
1.01216
0.940606
0.929845
1.08424
1.15982
0.936584
1.1183
0.98166
1.03005
0.892877
0.844002
0.876678
1.02108
1.16141
0.85872
1.04432
1.01476
0.916558
1.07662
0.980619
0.965111
1.19426
0.965851
1.15413
0.922664
0.979721
0.84705
0.955405
1.07607
0.97369
1.11397
0.784355
0.956336
0.980892
0.788695
0.963069
1.10214
1.14236
0.910821
1.11208
1.05813
0.83962
1.00322
1.08684
0.93399
0.856542
1.01359
0.676384
1.08122
1.07538
1.00324
0.865517
1.0069
0.923167
0.961709
0.846691
1.10882
0.960756
0.894478
0.979783
0.896019
1.01201
1.01269
0.900393
1.05818
0.964269
1.00348
1.06825
1.16204
0.972959
0.758627
0.789272
0.948214
1.06133
0.91541
0.93785
0.950962
0.846964
1.17556
0.989646
0.989107
1.17219
0.970511
0.919513
0.999048
0.962261
0.899301
1.05552
0.9968
0.927949
1.05854
1.06098
1.03132
1.15817
1.12982
1.1224
0.937627
1.12967
0.815455
0.966744
1.1302
0.956854
0.881535
1.00941
1.02011
0.996235
1.1062
0.888615
0.777856
1.0699
1.04978
1.01537
0.940985
0.978858
1.09053
0.892561
1.00694
1.0996
0.869816
1.04089
1.00899
1.0067
0.949661
0.963771
1.03016
1.1056
0.921337
0.916051
1.00627
0.904421
1.01847
0.900975
0.966169
1.00948
0.989247
0.809366
0.990936
1.12432
1.14316
0.9838
1.10524
1.04868
0.94624
1.02573
0.910936
0.893437
0.935632
0.987378
0.93098
1.0513
0.934944
1.01654
1.08866
1.02555
1.08422
0.92564
0.951533
0.891098
1.04682
1.01699
1.0239
0.846084
0.821568
1.01801
0.958194
0.933823
0.948584
0.996398
1.19254
1.10911
1.14713
0.984406
0.872386
0.959663
1.0272
0.869682
0.952828
1.11311
0.891508
0.935845
0.962399
1.11859
0.920314
1.0039
1.15135
0.814604
1.07124
0.881904
1.10957
0.876222
0.911123
1.0836
1.00651
1.17162
0.920597
0.913347
0.893785
1.20242
1.07493
0.919141
1.02546
0.958174
1.03077
1.06677
1.07609
0.961744
1.00412
1.12974
0.915647
0.89709
0.869924
0.982893
0.876797
1.0291
0.866603
0.97672
1.27105
0.957065
1.02202
1.07233
1.2337
1.00809
0.706929
0.894063
0.917243
1.0446
0.90017
1.08592
1.06191
0.997663
1.05292
0.927293
1.0934
0.931284
0.942832
1.03593
1.03527
0.933074
1.09067
1.26634
1.01745
0.978653
0.831169
1.10848
1.11919
0.872998
0.877246
1.10785
0.969328
0.970919
1.04786
1.05912
1.10963
0.988618
0.858909
1.11752
1.12535
0.756922
0.991739
0.94383
1.11746
0.942401
0.955946
0.778157
1.05278
1.10975
1.15054
0.993211
1.11122
0.980161
0.995215
0.987257
0.901435
0.997072
1.07568
1.22986
1.00437
1.02103
1.01993
0.942773
1.17846
1.22411
0.996566
1.01514
0.953091
1.22564
0.904666
1.05918
0.995637
1.10682
1.03233
1.11164
1.02934
0.996645
0.958731
0.99929
1.07357
0.932211
0.940905
1.0214
0.861515
1.03025
1.22349
1.13321
1.12176
0.914106
0.800464
1.10312
0.935222
1.10807
1.0905
0.9637
1.03782
0.936661
1.02637
1.06441
1.16044
0.909966
0.858294
1.07784
1.02425
1.1948
1.09366
1.01634
0.967069
0.947626
0.933562
1.01497
0.933413
1.13719
0.983411
0.953974
0.935496
1.06498
0.888562
1.03899
1.03531
0.996454
1.00384
1.20699
1.01032
1.05448
0.992577
0.886745
1.26152
0.891593
0.898568
1.15321
0.992161
0.930421
1.03569
1.10413
1.19438
0.987561
0.924894
0.919591
1.01999
1.12642
0.900565
0.984096
0.986037
1.11004
1.13174
1.03459
0.846283
0.926021
1.10587
0.960027
0.914413
1.20592
0.842024
0.908165
0.991109
1.03627
0.926209
1.11595
0.985774
0.919941
1.11055
0.830453
0.922122
1.06253
0.911919
0.948392
0.928116
0.885404
0.796125
1.12097
1.09321
0.977779
1.16865
1.09196
1.04585
1.00206
0.871193
0.995727
0.888839
1.23061
1.1157
0.902347
0.954109
1.01168
1.03247
0.859764
0.85224
0.827934
0.893607
0.863929
1.02246
0.941766
1.08373
0.855174
1.01593
1.001
1.17588
1.021
0.913198
1.07895
0.875044
0.870912
0.907836
0.951418
0.822922
1.09532
0.860085
1.05947
1.14349
0.933437
1.12894
1.05481
0.869321
0.980485
0.851223
1.03548
1.13897
0.944322
1.00825
0.83279
0.904291
1.01519
0.983256
1.1985
0.980413
0.973419
1.08897
1.03052
1.22201
0.995908
1.14305
0.980643
0.917715
0.942175
1.0049
1.087
1.19527
1.1041
1.0694
0.986378
1.04464
1.05639
0.833929
1.22705
0.929635
1.02345
0.950771
0.944692
1.04759
0.782132
0.922805
0.886832
1.02906
1.24384
1.17959
1.02982
1.24101
0.901155
0.899794
0.860144
0.855039
0.984475
0.947705
0.964415
0.968734
0.970397
0.945896
1.15773
0.99081
1.07635
0.886458
1.04371
0.974396
1.03913
1.03443
0.958617
1.21799
1.14908
0.921296
0.923856
1.02308
1.08831
0.978187
1.08598
1.08837
1.00422
1.01502
1.05651
1.16687
1.08641
0.993427
1.04829
0.888004
1.11465
0.8724
0.913022
0.956512
0.921406
0.917291
1.08377
1.08604
0.914827
1.09168
1.11025
0.964712
1.08988
1.01191
1.02783
1.11917
0.935491
1.28233
0.794245
0.949227
1.03613
0.996869
0.953184
1.06327
1.00833
1.00967
1.20712
0.871586
0.842426
1.2098
1.00618
0.834581
1.01874
1.20209
1.30803
1.07758
1.16145
1.00109
0.987673
1.18624
1.00736
0.824735
0.99011
1.0102
0.918115
1.05543
0.903418
1.14868
1.0255
0.961982
0.985213
0.967986
1.04057
0.940037
1.12529
1.11675
0.852433
0.956155
1.08278
1.06001
1.2279
1.09076
0.847751
1.0351
1.05665
1.00889
0.781375
0.9711
1.00861
0.909743
0.945718
1.0512
0.962777
0.93307
0.954875
0.954058
0.911507
0.883636
0.915183
0.955382
1.21626
0.9851
0.850088
0.86541
1.02743
1.05436
0.977426
0.909305
1.00115
0.965509
0.989519
0.86835
1.01614
1.05513
0.994632
1.1126
1.25176
0.926235
0.965777
0.993693
1.0195
0.974135
1.01652
1.00272
1.01153
1.00631
0.896294
0.993377
1.01519
1.03192
0.897955
0.85078
1.24925
0.996208
1.01146
1.01903
1.01553
1.0039
1.03992
1.07526
1.07211
0.968826
0.951693
1.03868
0.94348
1.06753
0.95589
0.95906
0.853586
1.04748
0.94641
1.11745
0.951531
0.925158
1.06368
0.765994
1.03622
0.927859
0.875888
1.10215
1.03122
1.15722
0.874964
0.98304
1.00027
0.962106
1.03873
1.05178
1.19696
0.942967
0.884805
0.988965
0.952043
1.00649
1.18217
0.971589
0.939938
0.97193
0.868964
0.943183
0.88025
0.942528
1.18712
1.07356
1.20498
0.927401
1.03564
1.03163
1.05093
1.06356
0.894928
0.983498
0.801259
0.863925
0.912227
1.16137
0.996613
1.14226
0.875561
1.03333
0.849767
1.02387
0.964482
1.00613
0.971521
1.07724
0.981375
0.869111
1.11386
0.992513
0.944912
1.04297
0.896348
0.884387
1.11503
1.08518
0.941043
0.919648
1.09549
0.97762
1.01462
0.960331
0.98232
1.19987
1.07332
0.957416
1.0719
0.798831
0.958954
0.939552
1.1324
1.04744
1.01128
1.09193
0.93107
1.09247
0.92177
0.924424
1.07282
0.875428
0.992278
0.857002
1.01149
0.997682
1.0951
1.19577
1.02787
0.877766
1.03458
0.936561
0.981632
1.05264
1.23251
0.904683
0.955602
1.06574
0.935823
0.979451
1.12099
0.971335
0.893007
0.970721
0.883688
1.02851
0.989407
0.919006
0.855419
1.0142
1.01403
0.935346
0.961359
0.909967
1.00212
1.08
0.949544
0.950428
1.00204
1.05738
0.819455
0.95361
0.96745
0.987793
0.854669
1.01329
0.893849
1.02697
1.19067
0.994992
1.03039
1.01349
0.986861
0.842615
0.992759
0.957407
1.1565
0.970179
1.16893
1.05805
1.063
0.979632
0.945756
1.01983
0.943488
1.14537
0.84399
0.869709
1.21442
0.880162
0.862939
0.900887
0.905234
0.921442
1.1229
0.838352
1.06929
1.03108
0.915723
1.18278
0.922859
0.90895
0.981281
1.09725
0.930478
0.91473
0.979238
0.819419
1.20583
0.828659
0.923793
1.1155
0.959463
0.943231
1.02931
1.05817
0.982898
1.0044
0.892606
0.873525
1.0781
0.920412
0.910223
0.787588
1.01495
1.04945
0.985715
1.12993
1.14214
1.01192
1.03103
1.21359
0.92606
1.10365
1.08274
1.10152
1.18758
0.971965
0.927101
0.961646
0.867503
1.13921
1.08897
0.966265
1.06471
0.805661
0.965892
1.20448
1.05215
0.916698
0.946246
1.15564
1.06581
1.03852
1.09684
0.987616
0.985473
1.01775
0.827297
1.17991
0.875305
1.15865
1.02234
1.09863
0.929731
0.855694
1.02556
1.09876
1.01957
1.1156
1.0161
0.926403
1.15306
1.17545
1.03829
0.937163
1.08827
0.830984
1.13681
0.903606
0.925635
1.11468
1.06409
1.04309
1.21293
1.27576
0.933789
1.00788
1.02859
0.909859
0.804146
0.921826
1.28415
1.11863
1.00469
0.984969
0.92349
1.15803
0.852936
1.03827
0.985996
0.940641
1.01108
0.856038
1.05088
1.00136
0.972302
0.994831
0.9912
1.07721
1.03867
1.14733
0.853688
0.954751
1.0633
1.04222
1.03161
0.945451
0.895781
1.02354
1.02215
1.19553
1.09485
1.20783
0.986994
1.00195
0.839438
0.918785
1.12221
0.971894
0.996505
1.20883
1.04933
0.903509
1.08423
1.0322
0.88824
0.978656
1.0493
0.939992
1.14425
1.19661
1.05085
0.873484
1.13987
0.858756
1.09358
1.09845
1.16535
0.887853
0.97272
0.905144
1.02562
0.933653
1.26751
1.07532
1.08506
1.02641
1.09232
1.06125
0.90228
1.04831
0.956384
1.05732
0.959562
0.838422
0.836739
0.934132
0.782069
0.918279
0.999152
1.2609
1.03945
0.996979
0.996364
1.02069
1.03147
1.09203
0.980536
1.08273
1.05028
1.01677
1.0257
1.09715
0.974624
1.11199
0.96926
1.01238
1.12414
0.940238
1.11186
0.958248
1.2244
1.00438
0.844566
0.919622
0.926844
1.14372
1.00719
1.03071
0.951256
1.08549
0.88367
1.13877
0.995041
1.06456
0.813045
1.08344
1.044
1.14142
0.792044
1.08257
1.0292
1.06612
0.90319
1.09081
0.895765
1.01408
1.12645
0.952208
1.01959
1.10323
1.1363
0.822914
0.87765
0.752107
0.957077
1.04109
1.02608
1.05138
0.909736
1.01622
1.07917
0.928406
1.07734
0.869338
0.98446
0.865366
1.13979
1.07381
0.991402
1.12029
1.06768
0.919253
1.21363
0.921948
1.04713
1.0045
1.01214
0.86794
0.945522
0.910101
0.880948
0.941526
1.01121
1.15082
0.950421
1.00599
1.01809
1.27298
1.2055
0.940618
0.956798
1.12062
1.07108
0.964873
1.06204
0.930815
0.977013
1.16968
0.946026
0.959931
1.07622
1.00524
0.954673
0.940392
0.863543
0.961382
1.03336
0.895077
0.983596
0.989026
1.03825
1.02976
0.897191
1.1492
0.948194
0.970726
0.868753
1.08271
1.00296
1.0962
1.00802
1.06582
1.07392
0.877431
1.10833
0.97162
1.2535
0.880461
0.959615
0.95203
1.01657
0.895793
0.871953
0.900943
0.991668
0.937579
1.00075
1.1307
1.03666
0.959786
0.967553
1.00972
1.07849
0.897574
0.989504
0.972663
1.06446
1.08911
0.87251
0.96087
1.27975
1.11036
1.01736
0.981619
1.12764
0.983606
0.933086
1.10134
0.866951
1.17679
0.859744
1.00307
1.15953
1.04407
1.19903
0.918572
0.96992
1.02902
1.18331
1.05381
0.908841
1.06329
0.91775
0.888237
0.934077
1.01294
0.952724
0.945717
1.06128
1.01866
0.978926
0.990003
0.793728
0.991867
1.06487
1.15334
0.906166
0.920698
1.1497
1.1181
1.0254
1.05299
1.03188
0.957975
0.928155
1.09551
1.02529
1.02903
1.06834
0.980006
0.849891
1.02697
1.05987
1.02034
1.10891
0.901799
0.855222
1.12004
1.06517
0.921212
0.973715
1.09456
0.959038
1.07489
1.06821
0.750979
1.00586
0.956923
0.97381
1.02639
1.02575
1.21716
0.866187
0.952463
0.908454
0.94615
1.00471
0.906578
1.0678
0.9907
1.06093
1.08304
0.848354
0.976562
1.035
0.959881
0.775404
1.00159
0.89365
0.837218
0.888161
1.03404
0.848289
1.08711
1.21067
0.982599
1.06957
1.03501
0.953751
1.02824
1.03186
1.15358
1.0081
0.995445
1.17456
1.10799
0.744432
0.888723
0.801114
0.927029
0.886441
0.95075
1.10123
1.0397
0.98447
0.836502
1.03382
0.941578
1.07429
0.838269
1.04256
0.930012
1.14687
0.865642
0.957564
0.848009
1.05504
0.985456
0.949253
0.963545
0.96461
1.09642
1.23837
0.92933
1.04423
0.871851
0.902493
1.04885
0.85751
1.04758
1.27332
1.01735
0.943533
1.06357
0.944302
0.996497
1.0333
1.09325
0.988585
0.966148
1.05964
0.915723
1.15181
0.913616
0.865086
1.08229
0.871162
1.06477
0.826626
0.994207
1.06389
1.03818
0.971628
1.02317
0.869655
0.866867
1.03847
1.10428
0.944399
0.805702
1.04823
0.884037
1.07196
0.937349
0.878336
1.11457
0.850031
0.962243
0.865629
0.990949
0.998969
1.1418
0.883994
1.13927
0.927203
0.861097
1.07661
1.11563
0.862187
1.0446
0.987139
1.30588
1.05371
1.11202
1.07292
1.00624
0.966433
0.925121
0.979815
0.983595
1.07813
1.03236
1.14957
1.02844
1.05358
0.995365
1.16796
0.857485
1.20116
1.00674
1.00324
1.03946
1.10949
1.02848
1.16693
0.921091
1.03792
0.941427
0.901763
0.987367
1.20744
0.87707
0.877936
0.868896
1.05184
0.967294
1.10809
0.985704
0.896457
1.08594
0.89394
0.909622
0.951583
1.06413
0.982119
0.925905
0.816131
0.920353
0.876241
0.825889
1.07014
1.08388
0.816445
0.986785
0.918443
1.19326
0.906047
1.02427
0.996844
0.963944
0.876108
0.860426
0.849835
1.09253
1.10343
0.973516
1.09439
0.80972
1.06533
0.927475
1.05406
1.01604
1.02542
1.00665
0.936669
0.985499
1.00433
0.92988
1.08629
1.02245
1.06236
1.10654
0.886271
0.961386
1.00687
0.947783
0.870521
0.981468
1.03369
0.980795
1.03723
0.919038
1.05703
0.963345
0.971915
0.912931
0.960422
1.12108
1.0443
1.26495
0.878813
1.03209
0.947695
1.0926
0.897814
0.953293
1.0485
0.832425
0.973602
0.891698
0.918296
0.895407
0.933963
1.04136
1.05801
1.08251
0.906062
1.1341
1.06316
0.977898
0.918556
1.11337
0.978793
1.06443
0.936768
1.05109
1.01959
0.906466
0.906779
1.05247
1.044
1.15704
1.07133
1.08163
1.06465
0.804208
1.08695
1.28506
0.863753
0.802995
0.959375
0.972595
0.931988
0.944519
1.01232
0.845999
1.10461
0.994341
0.824148
1.10334
0.998693
1.02278
1.0974
1.15848
1.07108
1.06528
0.971631
1.01926
0.914391
1.12697
0.975724
0.902839
0.841446
0.809503
1.06755
0.945035
0.941288
0.933911
0.821177
0.939332
0.836185
0.99489
0.882179
1.14594
1.03148
1.05495
1.13514
0.932899
0.970752
1.02427
1.18978
0.957978
1.10491
0.901716
1.06102
1.03539
0.902528
1.04611
1.04557
1.08096
0.802207
0.962598
1.12129
0.957843
0.93396
1.10561
0.894788
0.852472
0.957381
0.996733
1.08509
0.996951
1.00494
1.05331
0.947035
0.868131
0.938273
0.875863
1.12918
0.960595
1.06313
1.09994
1.05812
0.89704
0.953865
0.937681
1.08443
0.966264
0.97827
1.04294
0.972479
1.09833
0.875927
1.1266
0.933802
0.944741
1.16697
1.22799
1.00528
0.946714
1.16626
1.09655
0.765886
0.955377
1.03973
0.943822
1.05331
1.10079
1.16608
1.03168
0.83551
0.876291
1.04157
0.9128
1.09007
1.02666
1.00524
1.00201
1.04556
0.98741
1.05585
1.01755
1.21177
0.978073
0.990945
1.01168
1.08089
1.11954
1.27163
1.03877
0.994055
0.959947
1.00833
0.871451
1.09272
1.12772
1.01798
1.05801
1.14624
0.970369
0.922553
0.939418
1.12022
0.94466
1.0381
0.930241
0.900829
1.06358
1.07676
0.94729
0.912796
0.967547
0.966536
0.97336
1.08412
0.840783
0.978962
1.01568
0.965934
0.813496
1.0167
0.868903
0.989798
1.04918
0.965985
0.958435
1.05673
0.948929
0.918443
0.98602
1.07529
0.966393
1.12028
0.961507
0.974432
1.26533
0.92864
0.992462
1.15146
0.94039
0.994226
0.951644
1.00298
0.95919
0.946978
1.05161
0.91856
0.783574
0.950957
0.925548
1.09735
1.07487
0.864175
1.21986
1.04023
0.963436
1.16531
1.07423
0.9407
1.03007
1.00847
1.16654
0.907796
0.852783
0.937262
1.02477
0.800237
0.984319
1.00542
1.08411
0.936934
0.960752
1.16851
0.958127
0.957115
1.08319
0.911168
1.05664
0.92379
0.999541
0.9237
1.07021
1.12495
1.00491
0.951543
0.854822
1.03225
1.07119
0.908559
1.0475
1.07792
0.999315
0.726049
1.14026
1.08611
0.876709
0.936157
0.99893
0.942662
0.9711
0.956154
0.956632
0.852299
1.05676
0.884142
1.06628
1.01028
0.970163
0.925423
1.13576
1.01766
0.925891
1.10245
1.04691
0.886814
0.909021
0.932703
0.910143
1.01069
1.04495
1.14856
0.965012
1.16854
0.938889
1.08819
0.942308
1.09128
1.05226
0.927997
1.11736
0.943246
1.01407
0.868512
1.11993
1.0622
1.04475
1.0059
0.961607
0.990038
1.00586
1.03112
0.840315
0.847466
1.21448
1.27342
0.987984
0.89438
0.839443
1.03027
0.97403
0.941946
0.932201
0.890589
0.963795
1.02337
1.01109
1.18052
1.17398
1.02377
0.908495
1.05631
1.02703
0.850233
1.01609
0.906258
0.924393
0.793483
0.972961
0.916875
1.09489
0.880516
1.08959
1.08759
1.12842
0.93547
1.07338
0.971481
0.860321
0.957983
0.956207
0.866465
0.879272
0.925519
1.13403
1.36268
1.01011
0.905693
0.998638
1.12251
1.03142
0.945777
0.94429
1.11184
1.15103
1.11418
1.08674
0.94293
0.952682
1.09616
0.83292
1.09711
1.0607
1.01635
1.06582
1.21358
1.04911
0.962922
0.934776
1.11029
1.17553
0.95167
0.869903
0.933971
1.1804
1.16858
0.850808
0.891272
0.91755
0.888403
0.847796
1.05206
0.981731
1.00777
1.02948
1.01343
0.941069
1.13098
1.00962
0.940374
0.972947
0.970141
0.966361
0.969053
0.853854
1.02372
1.05327
1.09636
0.907054
1.04693
0.973232
0.995413
1.05311
0.923555
1.04674
1.0536
0.839491
0.987436
1.07069
1.01471
0.965877
1.01698
0.955896
1.21112
0.958818
0.987749
1.08481
0.958935
0.841763
1.00346
1.04148
0.984206
0.982724
1.02818
0.877775
1.00749
0.996997
1.01608
1.0711
0.944343
1.19904
1.20006
0.963906
0.93093
1.03415
0.914532
1.03053
0.814054
1.00382
0.950017
0.949258
1.08197
1.16996
0.950886
0.980191
0.820623
1.00254
0.912563
1.0055
1.13095
0.826855
1.16108
0.911945
0.951843
0.974067
0.973773
1.00423
0.901441
0.91258
0.90898
1.05333
0.974641
0.965666
1.00895
0.949771
1.06402
1.01546
0.967596
1.12828
0.942524
1.11433
0.925708
0.965715
1.02941
0.831948
0.924247
0.92484
1.07353
1.05937
0.841733
1.03019
1.03317
1.19333
0.965418
1.09843
0.985803
0.918462
0.974003
0.878225
0.915161
0.941329
0.992502
1.05111
1.08646
1.04365
0.938853
0.889909
1.1463
0.906686
1.10875
1.10677
0.868488
1.04745
1.04289
0.956123
1.03733
1.05309
1.09741
1.03827
1.10147
1.00647
0.924996
0.978862
1.03244
1.01812
1.00381
0.874135
1.00656
1.0674
0.969599
0.976389
1.011
0.869059
0.944977
0.987809
1.03863
1.36677
1.16743
1.23984
1.07917
1.18589
0.943457
0.72157
1.03224
1.16672
1.09737
0.98134
0.943696
0.97124
0.954494
0.958408
0.923657
1.01617
0.936893
0.900095
1.25647
1.04608
1.04628
1.07064
0.918114
1.20855
1.07023
0.976892
1.03999
1.00657
1.0673
1.03646
0.939247
0.841777
0.992686
1.03655
0.855057
1.05311
0.809338
1.13898
0.989629
1.09022
0.860785
0.857914
0.989834
0.796512
1.03344
1.1708
1.06124
1.08648
0.985967
0.997372
1.11462
0.924039
0.926043
0.853061
1.05704
0.96401
1.02586
1.00707
0.946285
0.975579
0.968849
1.0565
1.00597
1.11481
1.11772
1.07136
0.924549
1.27803
0.991499
1.06053
0.803228
1.00871
0.845885
1.07758
0.981554
0.872562
1.03038
1.07561
0.997066
1.04683
1.14321
0.962372
1.07375
0.886944
1.06758
1.0878
0.956111
0.813931
1.02016
0.914545
1.02458
0.921178
1.02611
1.01376
0.996878
1.02914
0.751935
1.03338
0.801554
0.908107
1.01902
0.969747
0.909198
0.898157
0.825766
0.852405
1.07928
0.779546
0.942897
1.00103
0.970864
1.07703
1.05928
0.860644
1.10163
0.992038
0.870367
0.93453
0.991376
1.05241
0.969468
1.08484
0.994361
0.962835
1.12748
0.841784
0.972557
0.947781
1.10224
1.22163
1.17655
0.895265
0.969562
0.936998
1.14169
0.859805
0.909264
1.03445
0.951945
1.11744
1.03598
1.07412
1.07279
1.12489
0.997134
1.02036
0.903635
1.03466
0.940577
1.02361
0.849151
0.960925
1.02539
1.0973
0.961629
1.05049
0.908243
0.969077
0.943293
0.878854
0.898584
0.987194
0.982532
1.04511
1.02131
0.908928
1.13594
0.823689
0.866439
0.885063
0.971442
1.08258
0.994656
1.03844
1.20584
0.864728
1.06758
1.06579
0.965898
1.05663
1.00916
1.06704
0.994404
1.11024
0.977882
0.936097
1.08641
1.04981
1.08176
1.02425
1.00846
1.15821
1.04468
1.13553
0.916483
1.01912
0.935521
1.04143
0.908076
0.969601
0.966396
0.921346
0.964229
0.978145
1.06409
0.937091
0.902742
1.10269
1.11527
0.91764
1.08732
0.867356
0.911809
0.88418
0.996033
1.10032
0.849496
0.964311
0.881457
0.902149
1.17158
0.992414
0.951991
1.06832
1.15699
1.23953
1.02302
0.927489
0.972202
0.834065
0.779337
1.03614
0.786422
1.09921
0.880835
1.07571
1.03534
1.05078
1.09306
1.08533
0.934984
1.07113
1.095
1.06077
1.06959
0.98086
1.11492
1.02444
1.1334
0.87125
0.947677
0.995584
0.948893
1.01726
1.00098
0.894061
0.877543
1.02233
0.998935
0.946433
1.16567
1.00653
0.91454
0.923145
0.941643
0.845815
1.13112
1.07688
0.85615
0.878898
1.00788
1.07577
0.940658
0.961033
0.998225
1.05317
1.03759
0.962937
0.898875
0.945812
1.10903
1.03942
0.91114
1.24032
0.912795
1.08306
1.14403
0.966514
0.847888
1.08372
1.01929
0.967375
1.08726
0.981853
1.22877
0.847695
1.05624
0.92616
0.971676
1.05737
1.04276
1.06447
0.908934
1.15855
1.09508
0.918897
0.903862
1.04285
1.02595
0.977045
1.02153
1.04639
0.969441
1.04851
1.14631
0.91404
1.15475
0.932715
1.08943
0.928013
1.08254
0.8305
0.937329
0.914822
1.29454
0.926334
1.03013
0.843374
0.945464
1.01488
0.878774
0.903181
1.13508
0.885843
0.889871
1.0534
0.971278
0.910161
1.04641
1.03262
0.800641
1.00694
0.903855
1.0013
1.2341
1.00713
0.865962
1.03578
0.972881
1.04634
0.968072
1.00772
0.95914
1.09128
0.912057
1.16735
0.912916
0.943438
1.14215
1.15268
0.890587
0.975671
0.825
0.961537
1.04697
0.940539
1.08358
0.973318
1.02115
0.993595
0.954401
1.05327
1.00604
1.30862
0.873013
1.00715
1.0431
1.07216
1.22671
0.967167
0.996923
0.969649
0.999813
0.954944
0.97364
0.979571
0.977751
0.97702
0.968691
1.08935
1.01596
1.18941
1.12184
1.11934
0.871352
1.04752
1.02595
1.05393
0.980695
0.868904
0.883073
0.883616
0.9332
1.07058
1.07362
1.08766
1.16936
1.06431
0.93767
1.09214
0.813364
1.00841
0.919763
1.13597
1.08717
1.00944
1.05959
1.05434
1.12516
1.0497
1.22578
0.911965
1.04225
1.22959
0.78926
1.06544
0.951003
1.01583
1.00062
0.863338
0.885636
0.943803
0.89831
0.920926
0.980298
0.968343
0.998362
0.953746
0.886666
1.16871
0.933005
0.969919
1.0808
1.11295
0.940014
1.01419
1.07261
1.06753
0.815872
1.0764
1.19579
0.923174
0.893653
1.1011
1.24628
1.01418
1.00582
1.09412
1.09455
0.947553
1.08207
0.79304
1.1856
0.922172
1.27361
0.90892
0.997615
0.957672
0.927105
1.03395
0.85678
1.1128
1.18168
1.01688
0.883931
1.11816
0.993717
1.038
1.0498
1.12116
0.999989
1.0861
1.01737
1.10093
0.980258
1.18001
1.01143
0.948348
1.04513
1.0469
0.938802
1.07544
1.01654
1.14088
0.886463
1.01012
0.963784
1.01634
1.08277
0.914581
0.957164
0.975221
1.02908
1.00551
0.970918
0.968362
1.02079
0.964912
0.697551
0.837158
0.912912
0.918263
0.916967
0.98489
0.798417
1.01809
0.90383
0.954253
0.958918
1.18018
0.847184
0.864206
1.06943
0.820062
0.842344
1.22215
0.929821
1.0673
0.882483
1.00139
1.01018
1.0153
0.994371
1.09999
0.979208
0.90907
0.790181
0.95076
0.800491
1.11248
0.969383
1.05682
1.0036
0.881092
0.9752
0.978997
0.934092
0.893352
0.890907
0.912266
1.15164
1.0871
0.916926
0.967296
0.97464
1.14211
0.995894
0.902347
0.843804
1.04248
1.07703
0.921837
0.976709
1.16993
1.07095
1.07933
1.10145
0.915854
1.21642
0.863862
0.88664
0.978197
0.864317
0.884771
1.113
1.09161
1.11228
0.928391
0.990137
0.999906
1.03927
1.02837
1.00617
0.869823
0.95044
1.02169
0.783741
1.17016
1.03751
0.828542
1.0484
0.799742
1.18409
1.04391
1.01713
0.830924
0.97367
1.07499
1.0182
1.07871
1.016
1.19116
1.02182
0.917357
0.945604
1.08881
1.08955
1.21315
1.04311
1.02121
0.934076
1.22449
1.01374
1.08816
0.899473
1.00088
0.98256
0.948925
1.11205
1.03557
0.969646
1.09954
0.891633
0.961535
0.957178
0.896413
1.06507
0.798425
0.972753
0.998764
0.858212
1.05225
1.01048
0.856533
0.97484
1.00274
0.981418
1.16268
0.938591
0.979855
0.995533
0.957418
0.889387
1.06404
1.10624
1.20144
0.989677
1.03205
0.862634
1.17417
0.940607
1.06408
1.14134
1.05943
0.757239
0.860317
0.864034
1.12744
0.894127
0.910515
1.03423
1.06635
0.913406
1.08488
1.11755
0.967423
0.984473
1.19076
1.01625
1.13605
0.890179
0.854744
1.08078
1.14816
0.960357
0.996254
0.900724
1.04724
0.855448
1.0958
0.960514
0.951153
1.12397
0.981209
1.15043
0.856155
1.15357
0.905874
0.977892
0.860576
0.971035
0.961926
1.06627
0.986343
0.87043
1.05202
0.96264
0.976167
0.986857
0.821314
1.02251
1.06891
1.07104
1.05571
1.05927
0.931984
0.921282
0.95905
0.940057
0.821409
0.962012
1.12817
0.972699
1.0554
1.18368
1.10864
1.06286
1.15052
0.825805
0.970716
0.953015
0.936416
1.22348
1.10414
0.824281
1.11822
1.11797
1.02786
0.945172
0.76918
0.954475
1.04303
1.02465
1.04393
0.882868
0.969479
0.994751
1.05183
1.0108
0.91989
1.01298
1.00992
1.07011
1.04664
1.11762
1.14679
1.01067
0.933516
1.1185
0.891848
0.846984
0.928869
1.05898
1.14394
0.946041
0.88758
1.03389
0.839821
1.08558
1.1525
0.938046
0.887319
0.814436
0.934678
1.00275
1.02731
1.0803
1.16504
1.07027
0.871333
1.04767
1.01587
0.909912
0.826667
1.15651
0.964997
1.00521
0.967733
0.903866
1.0349
1.03816
1.04689
0.955203
1.03076
0.922357
0.995697
1.01223
1.09778
1.00152
1.02549
0.768805
1.05349
1.00084
0.894594
1.15363
0.878266
1.04959
1.0739
0.956059
0.908528
0.90816
1.01048
1.06675
1.1127
1.07035
0.944869
1.14089
1.05066
0.90386
1.00634
0.906558
0.88398
0.954348
1.02864
0.977039
0.862691
1.01183
0.928774
1.05235
1.04536
1.04788
0.971316
1.00726
0.966055
1.00265
1.171
0.93663
1.00897
1.03307
1.06882
1.0235
0.965331
0.991343
1.03592
1.00397
0.941281
0.857705
1.08733
0.980726
0.99759
0.900356
1.03892
0.978412
1.17147
0.863866
1.12906
1.00972
1.10984
1.14347
0.765587
1.15426
1.1886
0.986919
0.979486
0.834711
1.14767
1.21145
1.05733
1.05967
1.11998
0.932019
0.999002
0.943943
1.13538
0.962381
1.05138
1.08946
1.04451
1.14151
1.1065
1.13142
0.908993
0.898767
1.02224
1.07281
1.07462
0.953875
1.21814
0.947815
0.937362
1.02511
0.999485
0.836717
0.991824
0.941954
0.967957
0.977368
1.02376
0.99308
0.952635
1.00569
1.3093
0.960767
1.03469
0.907121
0.868031
1.11623
0.931219
0.881848
1.00275
1.00769
1.10371
0.993605
1.01464
0.961804
1.12114
0.876622
1.00798
0.987118
0.839344
1.11869
0.915255
0.973359
1.12447
0.999526
1.01755
0.838097
0.905183
0.936048
1.01015
0.87612
1.11307
1.10304
0.856715
0.95948
1.0452
0.976144
1.13538
0.877491
1.06871
1.04258
0.882668
0.83338
0.8644
1.05428
1.04852
0.932288
1.04858
1.01398
1.0224
0.985157
0.930718
1.00466
0.991565
1.06687
0.969302
0.983776
0.90573
0.951059
1.02051
1.14061
0.86894
1.04992
0.963277
0.971504
1.10844
0.823746
1.05648
1.00881
1.05965
0.947163
1.10347
0.990238
0.979612
0.987576
0.969189
0.929343
1.22151
0.953509
0.859971
1.07564
1.11194
0.779539
0.984263
0.892245
0.996375
1.07017
1.04074
1.0499
0.908981
1.02183
0.94584
0.945233
1.08128
0.836478
1.003
1.02758
1.05849
1.01624
1.00035
1.10193
1.11986
0.818864
0.944037
1.1303
1.03433
1.02565
0.918304
0.926331
1.07797
1.0031
1.10466
0.975753
0.950497
0.942793
0.861159
1.01208
0.99719
1.0329
1.10838
1.06472
1.00318
1.17008
0.943438
1.02808
0.934668
1.02461
0.915642
1.20245
0.995824
1.05281
1.17372
0.835494
0.997229
0.959676
1.14325
0.980102
0.967562
1.01034
0.936973
0.937456
1.14628
0.873548
0.872575
0.826239
1.25559
1.01267
1.03097
1.07624
1.00765
0.899171
1.10814
1.12334
0.945667
0.953742
0.92021
1.0797
1.01297
1.03727
0.819049
0.884931
0.898541
1.13143
1.025
1.04904
0.872725
1.0543
1.05097
1.00091
1.01244
0.890509
0.938844
1.01983
0.808249
1.07395
0.96739
1.0612
1.04754
0.987222
0.951886
0.922679
0.937041
1.08353
0.865997
1.11167
0.991768
1.14748
0.86085
0.919789
0.985941
0.920132
0.934199
1.12626
1.01179
1.01009
0.913722
1.00266
0.956734
0.892589
0.941144
0.848006
0.975105
1.13551
0.937242
1.0837
0.964844
1.12455
0.804304
0.997089
0.870288
1.00003
0.864482
0.986475
1.00261
1.04003
1.16937
0.943527
0.876218
1.06684
1.09898
0.952489
1.1642
0.824249
1.00733
1.10899
0.853956
0.951178
1.09505
1.04118
0.868326
0.953056
0.986325
0.864729
0.894191
1.13016
0.897903
0.974528
0.894241
0.943236
1.0937
1.12389
1.12487
0.926014
0.754704
1.1238
0.935345
0.917261
0.855218
0.98062
0.970635
0.926009
0.976461
0.96606
1.09282
0.935665
0.872969
1.20688
1.08175
0.905508
1.23012
0.975959
1.08959
0.980933
1.07463
0.920778
0.986707
0.882201
1.14091
1.06977
0.9463
0.886853
1.03702
1.02955
1.15305
0.88648
1.08976
1.08368
0.908028
0.941887
1.03306
1.03105
0.95984
0.89886
1.03995
1.11854
1.2145
1.063
1.0155
1.01397
1.05893
0.922147
1.21906
0.975797
1.04686
1.16517
0.972304
0.896038
0.887712
1.02746
0.931991
1.00776
1.03154
1.10799
1.09449
1.09997
0.992691
1.04793
0.997478
0.995228
0.954072
1.05006
1.03625
0.75921
0.91636
1.04598
1.04203
0.951851
1.06215
1.08149
1.12392
1.00157
0.804915
0.965137
0.976463
1.20237
0.980149
0.992608
0.871964
1.00432
0.956716
1.03633
1.15058
0.995857
0.970335
0.982008
1.08765
0.7986
0.901845
0.920967
0.825368
0.991987
1.0475
0.977778
1.08293
1.16736
0.97233
1.19908
0.971473
1.12357
1.02731
1.00543
1.23938
0.985775
1.11772
0.947024
0.969188
0.900567
1.25381
0.881754
0.871073
0.898009
0.976951
1.15415
0.950374
0.935714
0.957533
0.948402
1.16568
0.888131
1.25853
1.17315
0.934117
0.980627
1.01283
1.19699
0.971913
1.08704
1.06026
1.10085
1.21659
0.871188
1.28588
0.994416
1.0457
0.978054
1.18897
0.901401
1.03483
1.1169
1.15178
0.940826
1.02907
0.969732
0.999636
0.93491
1.04216
0.864489
1.21607
0.918151
0.919112
0.960903
0.940322
1.00684
1.12753
0.892881
1.01513
1.00742
0.993759
0.921877
1.21065
1.11694
0.894978
0.911098
0.923894
0.985942
0.956372
1.06326
0.981309
1.06593
0.958674
1.09295
0.961178
1.07961
0.898382
1.07198
1.06876
1.07983
0.896493
1.06729
1.02434
0.924995
1.01731
0.947926
1.08676
1.00848
1.1024
0.836235
0.98253
0.993487
1.05473
0.900824
1.08112
0.878372
0.980901
0.895449
0.853194
0.945102
1.23229
1.0755
0.990681
1.01642
1.10979
1.22645
1.21913
1.05042
1.13251
1.02645
1.07327
1.00226
1.15683
1.06216
1.17978
1.04753
1.10365
1.21791
0.885828
1.1756
0.922116
1.05066
1.17375
0.94108
0.998441
1.08895
0.988202
0.977184
0.876922
1.17291
0.989995
1.02495
1.17434
0.974244
1.10222
1.24936
0.923872
0.857438
0.88716
1.06637
0.868772
0.897137
1.06733
1.07353
1.07627
0.970093
0.941929
0.788884
0.866634
1.25799
1.02396
1.0797
1.01581
1.01728
1.12941
1.05805
0.992899
0.87459
1.0471
1.03335
0.773889
1.04018
1.10638
0.97648
0.927364
0.986839
0.914356
1.08812
0.989845
1.02414
0.869733
0.999965
0.938076
0.958104
0.965009
0.987081
0.843654
0.847924
0.763355
0.913943
0.774374
1.02386
0.816343
1.00715
1.10822
0.899955
0.99941
1.07365
0.977792
1.14722
0.875925
1.13629
1.04426
0.977986
0.922524
1.03256
1.08513
0.922088
1.19083
1.00663
1.17537
1.02372
1.06338
0.906764
1.042
0.89646
1.00754
1.02754
0.961534
1.10857
0.994475
1.02814
0.896104
1.12469
1.06786
0.903197
0.99863
1.02503
1.0092
0.957553
0.996494
0.907379
1.00863
0.887587
1.03801
0.929269
1.09688
1.02687
0.979584
1.19989
1.15324
1.22702
0.883507
0.948367
0.982118
1.25093
0.945383
1.03193
0.987745
0.993861
0.811359
0.996248
0.955686
1.03111
1.04135
1.06777
1.07808
1.13197
1.20371
1.05439
1.18345
1.01078
0.935372
0.916902
0.832526
1.02708
1.08854
1.15041
0.835497
0.999315
0.98863
1.01478
0.933646
0.933062
1.09239
0.972381
1.14073
0.892344
1.05535
1.04989
0.856355
1.0674
1.01345
0.988109
1.09403
1.0539
1.00219
1.1115
1.09413
0.916043
0.786832
0.868456
0.933964
0.700247
1.00515
0.973509
0.794849
1.10849
0.816261
0.959577
1.07128
0.897193
1.18085
1.02075
0.924658
0.887288
1.12637
1.16568
1.0521
1.01307
0.968355
1.1207
0.841005
1.02605
1.21194
0.952394
0.826545
0.968206
0.958628
1.05695
0.822455
1.17464
1.01795
0.937111
0.929861
1.01695
1.10001
0.929769
1.18136
1.04016
0.849125
0.934099
0.98689
1.09246
0.860104
0.923098
1.26545
0.98773
0.986209
1.21935
0.800615
0.904944
0.921013
0.859253
0.91473
1.03169
0.965384
0.904781
1.0156
1.125
1.02318
1.05259
0.985748
1.00676
1.18684
0.994061
1.00001
1.32556
1.09263
1.03164
0.977353
1.17208
1.00178
1.03722
1.08737
0.876479
1.04207
0.907103
1.0865
1.00236
1.07067
1.00564
0.892039
1.06056
0.883674
0.947007
0.932316
0.925946
0.85886
1.00134
0.958215
1.01261
1.01065
1.10838
1.04477
1.03507
0.889178
1.06166
0.94086
0.985127
1.03372
1.11276
0.982842
0.990779
1.00092
1.23198
1.14464
0.941392
0.835284
1.11364
1.20932
1.00637
0.980817
1.06507
1.1116
1.23227
1.13099
1.07972
0.840643
1.03793
0.892418
0.987759
0.960459
1.06455
1.24024
1.02398
0.99615
1.06694
0.927674
1.01304
1.25617
0.974715
1.15961
0.941122
0.972619
1.0089
1.22451
1.03633
0.957307
1.06672
1.13533
1.11334
0.870012
1.07831
1.10056
1.07884
0.861912
0.941784
0.806059
0.964501
0.948478
0.901644
1.12472
1.02258
1.08421
0.935947
0.95044
0.781648
1.10156
1.07556
0.931257
0.849777
1.0963
1.08759
0.987968
1.22306
0.952626
1.14899
0.935818
0.874187
0.85011
0.891006
0.890828
1.23885
1.2669
0.988984
0.845396
0.923339
0.976099
1.06934
1.17071
0.920246
1.06445
1.06632
1.04266
1.07966
0.873553
1.0707
0.988218
0.957767
0.950174
0.882162
1.04299
1.09424
0.955351
0.932949
1.09273
0.904938
0.995894
1.12557
1.02188
1.19443
0.958494
0.964021
0.753142
1.04304
0.900955
0.860615
1.00953
1.00415
1.0376
1.0226
0.899599
1.23907
0.935607
1.16595
0.931147
0.993595
0.907449
0.985196
0.948896
0.983599
0.788733
0.972279
0.974848
0.998673
0.962609
0.963238
0.927368
1.03507
1.04778
1.01062
1.00326
0.973278
1.02301
1.09614
0.998437
1.03755
0.966193
0.983533
0.965104
0.858586
0.907852
0.952952
0.981412
1.08069
1.10275
0.868298
0.993972
1.07521
1.04687
0.895698
1.20722
1.00088
0.92317
0.899344
1.16741
1.01642
1.15011
1.06985
0.875474
1.1467
0.983489
1.03067
1.00527
0.855696
0.986602
0.980727
1.01945
1.16418
0.997156
0.996512
0.951591
1.00108
0.949725
1.02082
1.00782
0.907326
0.974037
0.974048
0.919592
1.00113
0.985079
0.829242
0.957836
1.00477
0.952257
1.09185
1.1934
0.999672
0.86975
1.00346
0.8411
1.22138
1.032
1.13697
1.01258
1.03855
1.09903
0.921476
0.936313
0.94262
1.25719
1.15562
1.12434
0.995047
0.977952
0.802795
0.956347
0.961795
0.98886
1.02547
0.83308
1.01544
0.902451
0.936478
1.01091
0.909572
1.02387
0.912537
1.08257
0.920743
1.03761
0.901438
1.10527
1.06266
1.07315
1.11723
1.0987
1.00118
0.975787
1.05911
0.950757
0.762702
0.977437
0.919214
0.852352
1.03862
0.820971
1.15046
1.06532
0.817464
0.927168
1.14982
1.01142
1.02178
0.9596
0.977372
1.04556
1.14323
0.786853
0.982455
0.879963
0.98729
0.888577
0.994971
0.889055
1.13441
1.05275
0.925253
0.949152
0.933611
0.978684
0.95626
1.04971
0.897523
0.937051
1.02455
0.963352
0.79428
0.986026
0.866318
1.00597
0.974526
1.03965
0.938282
1.17942
0.971033
0.981444
0.986888
0.8558
0.985649
0.935118
0.884507
1.13288
0.993511
0.839736
0.868308
0.949005
0.887668
0.942675
1.00061
1.00578
1.15994
1.01349
0.986325
1.04267
0.922916
0.893136
1.15294
0.976002
1.03623
1.11371
1.09479
0.936479
0.844691
1.03072
1.02558
1.0787
0.991596
1.1183
0.885336
0.895734
1.11902
0.915691
0.860194
0.923002
0.944285
0.944296
0.961028
1.13119
0.963662
1.07931
0.933497
0.944841
0.920653
0.875625
1.02989
0.934
0.866264
0.936386
1.05948
0.979424
1.13122
0.932701
0.97593
0.932885
0.816265
0.887103
1.09037
0.876773
1.0591
1.0002
0.900492
0.957264
0.923708
0.974903
0.982774
1.37461
1.07723
1.22854
0.9998
0.81279
0.915681
1.12739
1.06436
1.13177
1.14592
0.97523
1.09139
1.04921
0.960025
0.977413
0.905462
1.15446
0.892578
0.992347
1.09024
1.04053
0.979806
1.01253
0.965749
0.973283
0.907599
0.893058
0.964023
1.00317
0.876874
0.880817
0.961994
1.01962
1.02023
0.892537
0.830145
1.20347
0.887403
1.07922
0.999525
1.08458
0.98902
0.853709
1.00734
1.2171
0.882896
1.07293
1.05481
1.03146
1.04188
0.967596
1.24168
0.959222
1.0818
0.881003
1.10338
0.846031
0.917572
0.995397
0.927834
1.12972
1.12289
0.817229
0.85874
0.939955
1.05514
1.02524
0.868866
1.04388
0.862355
1.03451
0.874866
0.890375
1.14062
0.966109
0.927034
1.03293
0.98932
1.19088
1.05597
1.01037
0.947757
0.914144
0.928213
1.01768
0.923718
1.12028
1.14538
0.8533
1.01138
0.938575
1.09151
0.933747
0.982378
1.06381
1.15887
1.0143
1.22637
1.03134
0.921261
0.912408
1.0898
1.15309
0.978607
0.951608
0.998951
1.02964
1.01463
0.939592
0.939015
0.894186
1.0952
1.09449
1.17249
1.01607
1.12582
1.16884
1.0761
1.02527
0.820307
1.0397
0.877497
0.954655
0.958965
1.03941
0.998679
0.903472
0.924795
1.08166
0.991864
0.957353
0.827627
0.929967
0.807361
0.907008
0.904459
0.999755
0.855218
0.93348
0.896563
0.95903
1.12149
0.966971
1.02828
0.936774
0.870331
0.916744
1.14349
0.960223
0.867544
0.976588
1.01778
1.00736
1.19961
0.997745
0.988171
1.07481
0.980191
0.95844
1.00138
1.17365
0.997652
0.936315
1.06474
0.894051
1.02333
0.836492
1.04386
1.08261
0.953665
0.989807
1.03396
1.01827
1.00156
0.948612
0.907236
0.940297
1.01608
1.14467
0.956484
0.852418
1.10276
0.981462
1.00083
1.05039
1.00474
1.11348
0.810611
0.975935
1.01708
1.00311
1.03085
1.11707
1.12948
1.1369
0.911439
1.08272
0.838882
0.965928
0.873244
1.04041
1.16745
1.10043
0.890477
0.98713
1.0775
1.08663
1.08978
0.928918
0.995977
0.989665
1.08257
1.01
0.987054
0.998102
0.931673
0.852736
1.05761
1.07511
1.13351
1.07876
1.03165
0.991554
0.83739
0.900095
1.02704
1.11735
1.03137
1.09832
1.09985
1.13341
1.21304
0.963411
1.03941
0.998814
1.09371
1.00525
0.923145
0.906721
1.13001
0.911875
0.923254
0.889806
0.932644
1.07813
0.975114
1.01555
0.885795
1.04821
0.877562
0.912941
1.11165
0.980683
1.0037
0.879622
0.789895
1.02387
1.1804
0.926274
1.01531
1.15086
1.029
0.934665
1.05702
1.13562
1.08585
1.08279
1.02169
0.975609
1.11559
1.00798
0.900773
0.780904
1.06894
1.0263
0.822035
1.02716
0.829237
0.934841
0.826842
1.0373
0.937633
1.12056
0.946089
1.19537
0.843661
0.871463
0.879748
1.26656
0.928225
1.11886
1.00954
1.24779
1.01648
0.875165
1.05068
1.09415
0.83807
1.04532
0.989632
0.896931
0.784623
0.962673
0.881563
1.08063
1.00303
1.08765
1.14392
1.04116
1.08422
0.961327
1.2334
0.969812
0.969657
0.870156
0.903263
0.935176
0.92909
0.964771
0.824205
1.02861
1.05309
0.880149
0.993829
1.10619
0.975827
0.865724
1.00695
0.95745
1.06742
0.954322
0.993284
1.13977
1.1333
0.918885
1.16257
0.997878
0.987503
0.955602
0.887011
0.893064
1.05996
0.859521
1.05566
0.991312
0.895519
1.15675
0.942963
0.856982
0.909009
0.917636
1.01635
0.907546
0.988707
1.04432
0.970005
0.898503
1.11281
0.935835
1.08823
0.996409
1.24984
1.00419
0.909408
0.935391
1.07377
1.01738
1.17537
0.972781
0.949229
1.11372
1.08885
0.759514
0.859731
0.856674
1.00239
1.12056
0.850095
1.15822
1.08714
1.06036
1.08691
0.913411
0.949427
1.10334
1.0727
0.918859
1.04281
1.00977
1.03215
1.02803
0.976762
0.869732
0.945018
1.12681
0.990373
0.949682
0.877814
1.01005
1.13856
0.939477
1.0866
1.04508
0.792223
1.12223
1.15429
0.968909
1.04448
1.06842
0.829488
1.09088
0.888552
1.01296
0.941647
0.994323
0.933507
0.850622
0.981539
0.821436
1.06559
0.876382
0.973925
0.909115
1.23463
1.05898
0.964834
0.904121
1.02325
1.06943
0.879907
1.00773
1.11348
1.03852
1.06643
0.928888
0.890518
0.953394
1.10099
1.08896
0.975003
0.901685
0.981885
1.09933
0.874655
0.916545
1.01503
0.961958
0.963782
1.12698
0.972118
1.0787
0.957449
1.1187
1.04884
0.891603
1.12481
1.05453
0.879033
0.970649
0.971802
1.13932
1.18935
1.03075
0.864264
1.17663
1.0979
0.989754
1.1291
0.956189
0.931521
1.05001
0.915109
1.0143
0.852574
0.97615
0.90653
1.12474
1.03971
1.08031
0.926962
1.01797
0.915928
1.17875
1.15542
1.15284
1.0451
1.17883
1.09127
0.817613
1.21159
1.16309
0.975157
0.983594
1.14605
0.967034
0.973303
1.06406
1.13368
1.08548
1.04285
0.985515
1.11333
1.06121
0.849792
0.949044
1.09444
0.899037
1.04356
1.00703
1.18988
0.848232
1.14841
1.01929
0.804347
0.869531
0.968182
0.861895
0.837362
0.836068
1.04717
1.08035
0.990802
0.906844
0.960959
1.00108
1.09466
1.21959
1.00006
0.989614
1.25119
1.06103
1.02537
1.06751
0.91941
1.08818
0.926312
1.05027
1.03779
1.04427
0.912536
1.19556
1.07743
0.922042
0.864339
1.04587
1.02176
0.899435
1.04412
0.898145
0.989006
0.877404
0.902319
1.22163
1.11499
1.00841
1.06519
1.02539
1.27134
1.03228
0.843235
1.13545
0.942968
1.04906
1.08349
1.04497
0.815457
1.01921
1.04745
1.03332
0.952967
0.9847
1.11497
1.01958
1.11771
1.25351
0.814302
0.892225
1.0597
1.01107
0.800101
1.00781
1.13167
0.974207
0.869402
1.14072
0.928467
0.936126
0.856717
0.832361
0.980203
0.979437
1.04041
0.97036
1.05694
0.926905
1.04762
1.01847
1.06278
1.1128
0.879644
0.960622
0.939514
0.865204
1.00064
1.08192
1.07118
1.01283
1.04076
0.905133
1.01159
1.07315
1.25591
1.00607
0.833233
0.871773
0.897979
0.900525
0.985543
1.10784
1.22244
0.982893
0.985291
1.18452
1.0505
1.05312
1.12073
1.00924
0.960456
1.01259
1.12971
0.972717
0.990864
1.09817
0.880951
0.990068
1.03061
1.16525
1.02344
0.969605
1.08726
1.00015
1.032
0.882389
1.08495
0.992386
0.882184
1.10779
0.887165
0.997789
0.983821
0.928569
1.00731
1.00176
0.947522
0.919078
0.819027
0.989464
0.954671
1.13881
0.960336
0.882128
0.979751
1.00165
1.02424
0.970478
0.938567
1.1642
1.08593
0.928408
0.957698
1.00642
0.939332
0.821062
1.1051
1.07291
1.02871
0.945417
1.03832
0.937927
1.10685
1.07461
0.985534
1.00769
1.00994
1.12092
0.97083
1.03509
1.15257
1.2065
1.05076
0.942174
0.972514
0.905757
0.916127
1.09231
0.985785
0.994252
1.13776
1.05609
0.990479
1.10304
0.968951
1.12985
1.02162
1.003
1.02535
1.05284
1.04074
0.987657
1.17736
1.13302
0.957628
0.873392
0.92328
1.03057
1.02041
0.816262
1.02564
0.935391
0.856761
0.946011
1.24948
1.10773
0.918031
0.949496
1.14188
0.999019
1.06919
0.896029
1.14156
0.899551
1.05011
0.980942
0.761535
0.949654
1.01615
1.17597
0.92742
1.12049
1.00622
0.964571
1.27754
0.880055
0.964344
0.871796
0.987112
0.916595
0.874385
1.01493
0.98841
1.01354
0.840186
1.15552
0.954938
1.01535
1.19525
0.898317
1.06305
0.81084
1.05115
1.04384
1.00945
1.08628
1.23228
1.13907
0.943209
1.14599
0.991608
0.997164
1.02837
0.870686
0.915353
1.15005
0.935679
1.11409
1.03925
0.942876
0.885004
1.0504
1.04627
0.99036
0.887177
0.881733
0.825803
0.976218
0.79803
0.965568
1.08981
0.991688
1.12194
1.00675
0.986876
0.970322
1.03277
1.00107
0.966889
1.04963
0.907636
1.02203
1.1211
0.949503
1.07644
0.89809
1.06252
1.10685
0.942068
0.886986
0.931854
0.980428
1.03035
0.909763
0.978289
1.00177
0.982139
0.967367
0.966394
0.907189
0.964159
1.17268
0.868242
0.836867
1.01272
1.19839
0.945998
1.05889
1.03495
0.965399
1.11817
0.953353
0.908435
0.993209
0.974739
1.07144
1.08491
0.941562
1.13388
0.998519
0.954707
1.0622
1.02458
0.87517
1.15505
1.14146
1.04203
0.996121
0.893072
0.875246
0.900575
0.957008
1.14025
0.979348
0.988628
0.920055
1.01074
0.851428
1.09371
1.08203
0.9698
1.00701
1.13895
0.926273
1.1272
0.904675
0.99277
0.813383
1.00033
0.879403
1.17895
0.982826
0.993703
1.0649
1.00966
0.928347
0.924151
0.957287
1.03091
0.920676
0.859442
1.06175
0.913709
1.00474
1.04198
1.15516
0.914491
0.946073
1.02569
1.15942
1.00473
0.905207
0.914764
1.06755
0.923751
1.00655
0.891857
1.02665
0.931945
0.957654
1.0428
0.864777
1.15681
1.01957
1.02072
1.04395
0.981959
0.878301
1.13287
0.978693
0.948069
0.918931
0.977296
1.03261
1.07644
0.874234
1.00637
0.96873
0.904587
0.977107
1.00821
1.01477
1.2022
0.979889
0.969242
0.873097
0.868978
0.94387
1.00979
0.99181
1.01118
0.894233
1.10248
1.05561
0.90453
0.918437
1.00859
0.910476
0.958193
0.87177
0.986348
0.995689
1.06637
0.982914
0.989884
1.10943
0.853711
0.742609
0.90486
0.920431
1.07603
0.871416
1.01969
1.0656
0.950715
0.883368
0.886939
0.909119
1.01743
1.01902
1.08448
0.957645
0.994353
0.763477
1.08222
0.843114
1.17653
0.974381
1.06662
0.91402
1.14286
1.07717
0.958053
0.866573
1.11458
0.883579
1.04658
0.838365
1.08502
0.906911
1.0194
1.07026
1.0685
1.01176
1.03106
1.0647
0.995389
0.994609
1.056
0.991839
1.06617
1.07834
1.14517
0.995503
0.963875
0.872083
0.871708
0.929098
0.913419
0.917917
0.977964
1.04049
1.07297
0.918031
0.835602
1.11274
1.11761
1.05723
0.939721
0.917955
1.0048
1.0288
0.8813
0.919927
0.859274
1.30213
1.05006
1.01784
0.948897
0.963077
1.0285
1.1157
1.03269
0.965996
1.15111
1.04124
0.850459
1.01358
1.03921
0.954537
1.07366
1.24498
0.956044
1.053
1.19427
1.13825
0.959058
0.976139
0.988141
0.915145
0.987114
0.967834
0.987237
0.828028
0.884135
0.887443
0.970334
0.943947
0.937554
0.960123
0.970966
0.932562
0.998708
1.00814
0.922909
0.890357
0.96298
0.957292
1.18334
1.01584
0.960293
0.930869
0.828374
0.868611
1.1097
1.05225
1.03647
0.924967
0.995189
1.04539
0.820783
0.969127
0.880616
0.967912
1.15188
0.895223
0.91927
0.931687
0.926789
0.995814
0.94115
1.05399
0.936566
1.00024
0.944642
0.914409
0.984226
0.976461
0.966109
1.09335
1.11869
1.01039
1.15486
1.13711
1.01671
0.935976
1.11811
1.00328
0.935527
0.939505
0.886415
1.16828
1.11938
0.933428
1.1038
1.07529
0.967479
0.915285
0.844845
1.00484
1.00836
0.863126
0.983874
1.06628
0.96605
0.999259
1.07879
1.00048
0.988114
0.923622
0.965625
0.886671
1.15998
0.981085
1.13962
1.16559
1.05558
0.858776
0.920179
1.03082
0.935663
1.04392
0.7969
1.20531
0.98406
0.836383
1.05476
0.918622
1.14559
1.00693
0.983174
1.0907
0.95253
1.0083
1.15853
0.899875
1.08882
1.11543
1.03194
0.972389
1.07369
1.05051
0.956086
0.853585
1.075
0.988473
1.17206
1.23485
1.06512
0.85511
0.92704
0.874264
0.915023
0.931779
0.89641
0.981452
1.04641
1.02643
1.08696
0.990683
1.0261
1.03043
0.974747
0.967064
1.03656
1.08858
1.04785
1.13724
0.973478
1.04324
1.06894
1.05273
1.1505
1.14931
0.922254
1.04856
1.02265
0.935722
0.888608
1.03907
1.07254
1.00348
1.06009
0.908275
0.965065
1.04053
1.01059
1.13787
0.988967
0.801199
0.931588
1.16859
1.0086
1.11729
0.885864
1.03771
1.0503
0.845816
0.892934
1.16983
1.0113
0.995854
0.939892
0.992632
0.946287
1.00654
1.09448
0.985926
0.933292
1.12444
1.10922
1.03595
0.894053
1.06519
1.00218
1.06347
0.99273
0.924011
0.964702
0.982528
0.872404
0.996267
0.828495
1.0003
1.18491
0.986917
0.914585
1.10605
1.11267
1.15559
1.08691
1.09644
1.01861
1.02803
0.982986
0.915148
1.10547
0.995054
1.0804
1.11641
0.996611
0.97296
0.865111
0.990262
1.03104
0.875393
1.04932
0.99846
0.993717
0.961866
0.978046
0.766712
0.935993
1.00017
0.973641
1.16306
1.0589
0.963135
1.09646
0.949933
0.780835
1.03854
1.01861
0.942568
1.14871
1.00276
0.80139
0.939975
1.05495
0.910961
1.05778
0.946111
1.07494
0.933606
1.11905
0.906578
0.805829
0.916148
0.871042
1.14583
1.02023
1.13719
1.04751
1.0432
1.04767
1.1187
0.905853
0.963589
1.05636
0.956824
0.945213
1.14055
1.08816
0.929796
1.16083
0.912677
0.918322
1.04974
0.922514
1.24931
0.97328
0.982405
1.15495
1.06379
1.04208
0.911418
0.976235
1.1717
0.915526
1.03843
1.03672
1.05412
1.06971
1.10854
1.04288
1.01914
1.0839
1.05936
0.857281
0.887184
1.04689
0.99011
0.919699
0.923008
1.01383
0.964028
1.19437
1.04876
0.967347
0.880146
0.955302
0.955676
1.17531
1.0209
0.909545
0.924087
1.14519
0.961342
0.817722
1.0339
0.811925
1.12376
1.28961
1.01691
0.964276
0.954964
1.03047
0.887753
0.972002
0.996397
0.97894
0.895799
0.902625
1.08349
1.01183
0.96008
0.857665
0.789956
0.81503
0.860335
1.06417
1.01789
0.988516
0.896446
0.76447
0.95609
1.03084
1.01334
1.02645
0.991382
1.0129
0.822008
1.08125
0.975415
1.06578
0.859446
1.06301
0.89014
1.197
1.05522
1.16437
1.0954
0.912373
1.00685
0.858204
1.01108
0.749026
0.982243
0.958096
1.01866
0.911907
1.03259
1.11032
0.97649
0.845971
1.17844
1.02793
0.766191
1.14296
0.972078
1.07388
0.922507
1.04128
0.899861
0.991638
0.925644
1.00018
0.83352
1.03043
0.793635
0.939819
0.962423
0.933708
0.949129
1.06302
0.936202
1.02478
0.960718
0.989942
1.02616
0.942092
0.823536
0.903974
1.10264
0.962811
0.910793
1.03439
1.07442
0.823484
0.923719
1.0349
0.939026
0.990879
0.828004
1.08029
0.957173
0.908585
1.22155
1.01511
1.03947
0.984753
0.979756
0.879385
0.913544
0.925965
1.00568
1.05809
1.15805
0.988923
0.822572
1.09377
0.793395
1.034
1.27598
1.04008
1.07781
1.12653
0.956368
1.00493
1.01197
1.22619
0.973064
1.15988
0.789954
1.0467
0.960656
0.946405
0.921299
0.978805
1.03191
1.10805
0.869946
1.04406
0.970944
0.905728
1.10358
1.06423
1.11002
0.935169
1.00056
1.00276
1.00735
1.00573
1.01642
1.07716
1.1487
1.10006
0.960008
0.998842
1.0589
1.0265
1.00171
1.05017
0.917733
1.11805
0.786062
1.2208
0.923712
1.15226
1.05711
1.03882
1.05639
1.18034
0.939936
0.856305
1.00763
0.98108
1.20472
1.15803
1.14412
1.20919
1.15853
0.929259
1.02681
0.936171
1.03764
0.891489
1.17929
1.03905
1.00333
0.926737
1.06419
0.930991
1.25479
0.966847
0.945231
0.959757
1.05729
0.904588
0.944716
0.841146
1.04145
1.02498
1.2094
1.18313
1.04924
0.904354
1.10755
0.928442
0.906923
0.992157
0.855102
1.071
0.904649
1.12518
1.08128
1.25091
1.02361
0.966883
0.837651
1.03456
1.134
0.895845
0.925926
0.94344
1.14442
1.08124
0.968292
1.12375
0.94993
1.00736
0.968533
0.993918
0.987185
0.91631
0.959281
1.037
0.934908
0.975814
1.15357
0.917805
1.28023
1.04468
1.0098
1.00396
0.994828
1.12686
0.982495
0.890142
0.902981
1.01757
0.935257
0.968498
1.0434
1.14969
0.952131
0.844922
0.829568
1.02509
0.997534
1.02762
0.93777
0.955093
0.95312
1.04496
0.984665
0.878153
1.10882
1.149
0.866391
1.24761
0.862691
0.915669
1.03082
0.953128
1.13873
1.02945
1.06413
0.968083
0.897593
1.04098
1.01594
0.890634
1.13665
1.01604
1.00628
1.04357
1.07881
1.21269
1.1567
0.951429
0.953674
1.13362
0.985259
1.01135
0.925141
0.925284
0.920675
1.04563
0.888377
0.984001
0.948992
0.992865
1.14823
1.16824
1.00271
1.07761
0.921196
0.905844
1.04381
1.05883
0.935689
0.922281
0.933851
1.07192
0.973866
1.16146
0.915283
1.22922
1.15482
0.953788
0.788692
1.04608
1.07869
1.09143
0.95721
0.942275
0.867577
1.265
1.01883
0.90356
0.959429
1.08387
0.877186
1.07195
1.01216
0.965947
0.826955
1.11335
1.07492
0.956962
0.943949
0.9234
1.02734
1.14793
0.93095
0.991173
1.10018
0.955945
0.995143
1.23894
1.18095
0.938402
0.982981
0.881197
1.07539
0.870067
0.974532
1.08903
0.905915
1.02832
0.996612
1.06159
0.887244
0.902608
1.14365
1.07071
0.906184
0.9719
1.00078
0.872984
0.727139
0.85361
1.1417
0.885048
1.12315
0.893596
0.962985
0.938063
0.875817
0.99867
1.0489
1.04912
0.984899
0.894832
1.08885
0.937642
1.11788
0.962348
1.05172
1.02019
1.14558
0.933653
1.26403
1.16223
0.935618
0.987728
0.839717
1.02329
0.915518
0.926648
0.948179
0.953352
1.06187
0.84072
0.939646
1.20859
0.957328
0.867877
0.985008
1.06425
1.00905
1.08112
1.09132
0.900573
0.982758
1.09121
0.91308
0.961789
0.986977
0.944688
1.17816
1.02012
0.965187
1.03769
0.802754
0.965604
0.94026
0.891677
1.11563
1.10679
0.940234
1.12806
0.989323
1.11194
0.971629
0.919953
1.0301
0.990112
0.870863
0.856163
1.06169
0.822971
1.01637
1.03394
0.973832
0.959789
0.979074
1.00156
0.780492
1.06775
0.98113
1.13633
1.10616
0.895083
0.723663
0.992755
1.02781
1.05243
1.12205
0.915882
0.975822
0.849871
1.01364
0.909695
1.0446
0.891809
1.09975
0.95261
0.918466
0.936817
1.03197
0.965619
0.947474
1.2147
0.862656
0.964427
1.00977
1.00013
1.02642
0.819896
1.09298
0.884654
1.11492
0.921796
1.09778
1.1411
1.13248
1.05284
0.88059
1.04138
0.925467
0.825372
1.15599
0.900489
1.04473
1.04365
0.973467
0.845431
0.973791
1.01329
1.03251
0.983876
0.994614
0.99401
0.942887
1.05806
1.11336
1.01805
0.864815
1.13382
0.926276
1.00461
1.06575
0.950073
1.03917
1.08463
1.0856
0.965163
0.8038
1.12184
0.91087
0.947476
1.05771
0.955661
1.23063
0.938907
0.886788
0.951029
1.02511
0.929303
1.08299
1.01572
0.897427
1.1784
0.990434
1.10763
0.968424
0.932083
0.970565
1.05704
1.04511
1.10515
1.04581
1.04244
0.981391
1.09125
0.955181
0.797928
1.01821
1.0513
0.958193
0.884179
1.05378
0.894241
0.999544
1.13827
1.04576
0.874813
0.892132
1.07264
0.871656
0.971507
1.00315
0.987933
0.912409
1.16657
1.16097
0.853061
0.958441
0.948189
0.849794
1.01275
0.999223
1.05556
0.937035
0.997954
0.896037
1.00033
0.872851
0.977079
1.03309
0.893784
0.991419
1.05711
1.01247
0.916156
1.03224
0.876454
0.927199
0.866184
0.923475
1.1208
1.13061
0.940919
0.911486
0.998082
1.1042
1.16719
0.96385
1.0417
0.847692
1.01243
0.83949
1.07753
1.01829
1.04802
0.913366
1.01756
1.21528
0.963325
1.13958
1.04509
0.893331
0.999418
0.93525
0.994643
0.942396
1.15972
1.13317
0.999585
1.12301
1.00536
1.16137
1.26509
0.920515
1.16884
1.05639
0.925159
0.959977
0.949285
1.14291
0.983222
1.00792
1.13731
0.929457
1.04157
1.03839
1.06523
1.08897
1.18713
1.28998
1.10901
1.02177
1.07038
0.972598
0.938666
0.964383
0.973368
0.795371
1.02337
1.08792
0.911522
0.979446
0.99447
1.02859
0.806795
0.984407
0.911396
1.02815
0.941891
0.957734
1.00928
0.838371
1.05582
0.944171
0.909891
0.953462
1.01075
1.15146
1.00009
1.04837
1.14626
0.864075
0.879485
0.892256
0.994177
0.930792
0.794267
0.939098
0.968365
0.88404
1.09442
1.26333
1.03815
1.19851
1.09689
1.12757
0.922849
0.957612
0.922437
0.964672
1.00272
1.08367
0.93336
1.05867
1.14437
0.987967
1.22429
1.01468
1.01879
1.01134
1.0463
1.08416
1.07163
0.91375
1.06845
1.04893
0.909773
0.834705
0.963223
1.07005
1.07304
0.963805
1.08682
1.09239
1.00212
1.08405
1.08791
0.990686
1.16149
0.985812
0.909961
1.08145
0.962685
1.10257
0.91383
1.19217
1.03649
0.91452
1.19592
1.18708
0.804236
1.08773
0.815274
1.1114
1.01548
1.01211
1.18229
0.894503
0.928306
0.95
0.804121
0.944066
0.893199
0.907939
0.88128
0.867345
1.17364
0.984825
1.03488
0.993576
1.05248
0.994877
1.13493
0.97965
1.01843
1.02259
0.875046
1.06693
0.966616
1.15664
0.901487
0.973081
0.921736
0.967651
0.952548
0.856543
1.0402
1.0887
0.991255
0.878323
0.986674
0.840777
1.12066
1.02667
1.10431
0.837019
0.95173
1.02088
0.865269
0.969208
1.16162
0.922513
0.943388
0.951752
0.918883
1.03553
1.14482
1.07885
1.06672
1.0113
1.03659
1.1554
1.08503
0.91681
0.923751
0.874002
0.804564
0.978671
1.023
0.849352
1.03667
0.977796
1.04331
0.969121
1.03194
0.939115
0.897235
1.12426
1.03897
1.0002
1.09506
0.884698
0.9034
0.938528
0.938
1.123
1.11378
0.945709
0.879149
0.97402
1.06774
1.09728
0.768479
1.02409
1.14165
0.985202
1.03197
0.904676
0.963529
0.953177
1.03103
1.14095
0.896034
0.818246
1.03775
1.15543
1.11339
0.949774
1.08691
1.07688
1.03216
1.21674
1.07439
0.952305
1.12633
0.904572
1.12308
1.05908
0.952013
1.06673
1.01913
1.10227
1.03459
0.764116
0.898238
1.09108
1.14957
1.00012
1.05322
1.04137
1.13565
0.942402
0.901847
1.35332
0.864872
1.01933
0.966381
0.996483
0.961579
1.15482
0.97504
0.936724
0.95434
1.1872
1.18218
1.29354
1.1057
0.868111
1.00569
1.16734
0.948617
0.931516
0.923713
0.896937
0.922313
0.986377
1.00487
0.905479
0.972141
1.04007
0.83906
1.0024
0.829137
0.938008
0.981633
1.07337
0.859181
0.983535
1.05731
1.0466
1.10822
0.938149
1.12529
0.840428
1.06681
1.07459
1.0189
1.19839
0.919979
0.812057
0.974112
0.874575
0.96976
1.19161
1.04005
1.11796
1.04379
1.17956
0.970723
0.965139
0.91388
1.13428
0.891994
0.963078
0.765173
0.861002
0.904604
0.854438
0.96341
0.902337
1.02752
1.22642
1.02489
1.03809
1.0879
0.867901
0.953936
0.82614
1.02203
1.06598
1.01645
0.831194
1.14152
1.01216
0.981934
1.03453
0.793937
0.908319
0.709766
1.02533
0.934027
0.822996
0.912538
0.905003
0.947204
0.996695
1.03264
1.03648
0.806536
1.08683
1.04488
0.889128
1.17665
0.954244
1.13734
1.03205
0.899531
1.21429
1.19067
1.07655
1.0334
0.945676
1.02284
1.10789
1.04233
0.957582
1.19295
0.94962
0.937999
1.03364
1.03967
1.09875
1.16515
1.02736
0.988598
0.81334
0.918561
0.917956
1.12294
1.24038
0.944211
1.06267
1.02101
0.943308
1.06272
0.894011
1.02185
0.889437
0.898371
0.956688
1.03715
0.969673
0.91624
1.12941
0.897483
0.861882
1.04381
0.995269
0.908283
0.967207
1.02538
0.933883
0.876684
1.0383
0.902491
0.978009
1.02754
0.854407
0.985881
1.05004
0.841272
1.10707
0.90399
0.9754
1.06241
0.95404
0.970447
1.01583
1.02256
1.11
1.16766
1.03402
1.05177
0.96071
1.07085
0.894101
0.96512
1.18404
0.99603
0.922902
1.12429
1.08501
0.963722
0.789278
0.981507
1.00129
1.08442
0.959969
0.818921
1.1583
1.0438
0.886391
0.992714
0.986317
0.888217
1.13765
0.974143
0.941792
1.07462
0.982471
0.8657
0.790525
0.925871
1.08729
0.840932
0.948644
1.01686
1.03065
1.2253
1.02434
1.1553
0.95663
1.00681
0.973942
0.967857
1.0369
1.12889
0.886048
0.787274
1.03959
0.889038
0.938349
1.05943
1.09846
1.07987
0.962163
1.06573
1.10813
1.0588
1.08468
1.01228
1.02546
1.08095
1.00411
1.14054
1.01682
0.948824
1.09868
1.07326
0.906798
1.12043
0.83743
0.957763
0.974062
0.904039
0.961559
0.925962
0.916975
0.989507
0.869628
0.99561
0.901181
0.961585
0.960305
1.19414
1.06523
1.13571
0.962114
0.952718
1.25281
1.06969
1.09748
0.971892
0.915491
1.02679
0.926897
0.991096
1.15969
0.920012
0.928328
0.947902
1.03661
0.910174
0.916993
1.03409
0.96153
0.920504
0.860368
0.943995
0.940358
1.04556
0.961609
0.964566
0.904845
1.22333
0.941117
0.945655
0.90581
0.978056
0.889977
1.14448
0.859752
0.939588
1.02834
0.993069
0.99081
1.19083
0.864077
0.894447
1.1732
0.898622
0.928342
0.801196
0.98694
0.96669
0.796753
0.880901
1.04749
0.975292
0.897226
0.898411
1.00642
0.997062
1.07385
0.931141
0.836858
0.988395
0.998261
0.870935
0.979905
0.757649
1.00857
0.763942
0.982665
0.85178
1.06076
0.976705
0.952944
1.11949
1.05246
0.998138
0.910396
1.05014
0.927361
1.06136
1.12157
0.890546
0.761573
0.965141
1.13788
0.897983
1.02843
1.12467
1.24246
0.918621
1.10561
0.943177
1.16598
1.02523
0.922197
1.03953
1.04956
0.744331
0.995049
0.954768
1.06287
0.872768
0.979424
1.0338
1.04206
0.993806
0.945533
1.03618
1.11634
1.12018
1.01222
0.917376
0.890373
0.993576
1.05333
0.903607
1.00587
0.849126
1.00102
1.16332
1.10148
0.890404
0.927935
1.08754
1.05187
0.858356
0.925308
0.878656
0.844391
0.943757
0.941479
1.17265
1.02425
1.02577
1.11494
0.986729
0.948482
0.940761
1.08849
0.792145
0.880029
1.01334
0.821575
1.20482
0.942569
1.13624
0.961345
0.924972
1.22457
0.659627
1.1688
1.11124
1.13391
1.1486
0.880238
1.12001
1.09538
1.08139
0.969415
0.869716
1.07123
1.03541
1.06167
1.04747
1.02634
1.10986
0.775663
0.906142
1.09238
0.991259
0.790565
1.14013
1.20386
1.0224
0.98698
1.04855
0.963361
0.976493
1.16555
0.852688
1.00982
1.10058
1.10189
1.01752
0.940935
1.01167
0.952591
1.1376
0.99753
0.897471
0.987599
1.0295
1.12289
0.887608
0.817579
0.900265
1.09639
0.955312
1.21047
0.988503
1.05706
0.975378
1.03922
1.00963
0.903672
1.07442
0.965212
0.837873
0.978282
1.00362
0.940731
1.03533
0.991342
0.954774
0.968003
0.93623
0.962529
1.1644
0.841178
0.811733
1.22082
0.884034
1.01575
0.910727
1.0319
0.821994
1.01228
1.0002
1.08369
0.848809
0.960663
0.942016
0.871469
0.861177
0.916711
0.841024
1.03564
0.911409
0.920487
0.94007
0.778336
1.10413
1.07361
1.01788
0.920086
0.933404
1.04849
0.972392
0.927201
1.05833
1.06804
0.992862
0.684002
1.06838
1.04312
0.966893
0.981328
0.946086
0.915977
1.13127
1.07838
0.821397
1.06277
1.0877
0.977328
1.02633
0.971293
0.928989
1.0034
1.02314
0.925549
1.07985
1.00012
1.10417
0.914911
0.984616
1.08871
0.887907
0.95938
0.936071
1.17126
0.97861
0.998065
0.938834
1.06424
1.01462
1.07128
0.974132
1.00028
1.03776
0.866374
0.809721
1.02362
1.10514
0.906439
1.12004
1.06951
1.19141
0.989177
1.02161
0.981612
1.08762
0.998551
1.08279
1.08005
1.0751
0.937929
0.832074
0.872533
1.10316
1.10253
1.01952
1.02159
1.176
1.13606
0.898362
1.05347
0.938897
1.12347
0.899607
1.02652
0.993379
1.0037
0.923104
1.11128
1.04523
1.21192
0.901264
1.03578
0.840246
0.905339
0.895127
0.893391
1.00752
1.12464
1.05147
0.97777
1.00449
0.970253
0.943764
0.935417
1.02134
0.966345
0.959267
0.986922
0.975551
1.01782
0.956419
0.973106
1.10826
1.02363
0.970382
0.910131
1.01046
0.91785
0.870703
1.0327
1.00231
0.95855
1.01341
1.03645
0.961643
0.916852
0.997918
1.02142
1.04602
0.951643
1.01786
0.920432
1.08446
0.739529
0.961822
1.0114
0.882901
1.02735
0.939572
1.01836
1.05863
0.958238
0.885137
0.79629
1.08259
0.865387
0.867966
0.918494
0.999369
0.982336
0.898369
0.966756
0.845676
0.940158
0.850313
1.02882
1.08158
0.796948
1.0182
0.882616
1.07358
1.05065
1.00956
0.967087
0.957973
0.928563
0.802416
0.893928
1.04349
1.02399
1.07413
0.815068
1.05164
1.12606
0.944062
0.854272
0.949375
0.916867
1.13691
0.90324
0.807587
1.04016
1.09754
1.04166
1.16349
1.03245
1.05486
1.00167
1.11778
0.986038
0.811561
0.940528
1.06974
1.16895
0.986994
1.09119
1.09627
1.10729
0.873969
1.21131
0.969185
0.989088
0.963478
1.08781
1.0068
0.971009
0.947357
1.11279
1.04558
0.89408
0.928079
1.01384
0.94098
1.01939
1.08797
0.816247
1.139
0.804562
0.926274
0.845811
0.936389
1.13937
0.926976
0.920916
1.0031
0.947013
0.86247
0.969985
1.00513
0.947513
0.952065
0.82306
0.903099
0.998752
1.08998
1.14718
0.855944
0.753777
0.849772
1.04756
0.861477
1.07607
1.062
0.801774
0.993255
1.05638
1.0484
0.950832
0.955449
0.941504
0.893745
0.969563
0.894665
0.935611
1.12126
0.997736
1.0274
0.880204
0.923858
1.01708
0.854219
1.11313
1.01139
0.995979
1.06859
0.789294
1.04499
0.97537
0.932051
1.05349
0.897399
1.10486
1.23431
1.17569
0.90638
1.03083
1.10075
1.03063
0.827746
0.988973
1.11311
0.825079
1.05556
0.973332
1.14577
1.04615
0.975688
1.01053
0.989302
1.02496
1.11724
1.01457
0.966992
0.928052
1.00533
0.943787
1.04818
0.871585
0.999527
0.931252
1.17456
0.908221
0.944687
1.03743
0.885824
0.835035
0.915904
0.962311
1.09623
1.04757
0.953502
1.04262
0.960635
0.997065
0.984868
1.00208
1.07072
1.13326
0.791086
1.11538
1.10887
1.04676
0.911547
1.07238
1.04258
1.04994
0.905401
1.04117
0.913018
1.00448
1.07389
1.12269
0.929067
0.93375
1.02264
0.81336
1.05006
0.958939
1.0012
1.13709
0.921205
1.10621
0.935871
0.947849
0.939235
0.928287
1.11748
1.13596
0.935785
0.835418
1.01674
1.02117
0.864341
0.853226
0.910699
1.06349
1.09062
1.00249
0.954067
0.942833
1.06591
0.950081
0.91561
0.873957
1.08082
0.934655
0.827209
1.0987
0.941786
0.902953
1.02765
0.927644
0.951656
0.897118
0.932836
0.895341
1.14052
0.845307
1.05013
1.0286
1.00043
0.91393
0.896737
1.03531
0.846765
0.984543
0.922524
0.958583
0.94231
1.04933
0.908455
0.955714
1.02619
0.93077
1.11213
1.05862
1.0903
0.935441
0.989775
0.991295
0.973357
0.972342
1.09853
0.975145
1.0706
0.962703
1.05783
1.04121
0.93303
0.950837
0.970942
0.919613
1.08636
0.990315
1.1785
0.9669
0.956724
0.948107
1.12528
1.05302
0.744262
0.906596
0.97087
0.958851
1.15191
0.965899
0.924767
1.15153
1.0172
1.09382
0.950876
0.931195
0.968227
1.05384
0.871569
0.992042
0.87675
0.966415
0.975782
1.16074
1.09844
0.921382
1.06776
0.943016
0.877933
1.03162
1.03954
0.953263
1.00944
0.945812
1.121
1.07159
0.998704
0.954263
0.92209
1.05132
1.00811
0.994641
1.12491
0.93163
1.09575
1.02687
1.03354
1.00084
1.05716
1.03573
1.0068
1.07018
1.0274
0.815624
0.925477
1.03529
1.01041
1.07147
1.10616
0.984432
0.943469
0.982622
0.968998
1.11529
0.835977
1.14988
0.978207
1.00984
0.969503
0.988949
0.965036
1.00214
0.992854
0.99514
0.900403
0.932033
1.02199
0.969142
0.887696
0.901218
1.26163
0.918978
1.13232
0.974085
1.26554
1.09027
1.14559
1.08964
0.890299
1.05528
0.808128
1.05712
1.04752
1.05867
1.0205
0.996254
1.02637
0.88892
1.08984
1.11869
0.990035
0.859104
0.902786
0.895151
1.00899
1.21131
1.18108
1.03617
1.14276
1.0311
1.07232
1.02008
0.948596
0.921752
1.03574
1.09939
1.00943
1.0031
1.06648
0.975021
1.09492
0.959931
0.767517
1.01353
1.12789
0.923023
0.975605
1.02504
0.961917
0.877976
1.10287
0.991633
1.0951
1.06372
0.964635
0.848174
0.904515
0.872062
0.919186
0.996927
1.0377
0.914344
1.05307
0.981296
1.09465
1.01582
1.17545
0.99395
0.85084
0.735464
1.31566
1.06593
1.05711
1.02347
1.16249
1.17087
0.873568
0.937119
1.04893
0.885323
0.832014
1.25804
0.818152
0.88871
1.10256
1.22311
1.15578
0.904372
1.17308
1.13585
0.855756
0.981049
0.948756
1.04457
1.1385
0.965383
0.998352
0.983913
1.10502
1.26205
0.949747
1.08682
0.966293
0.90812
0.980673
0.966951
0.909533
0.923261
0.945249
1.02401
1.04906
0.8864
1.11944
0.947327
1.04198
0.821339
0.827783
1.06214
0.964897
1.01322
0.943932
1.07116
0.98541
1.06676
1.08606
0.926414
0.935713
1.1031
0.892567
0.884752
1.09944
0.983735
1.01491
0.994008
1.05607
0.91122
0.900657
1.10483
1.01113
0.94401
0.96833
1.18074
0.990177
1.18423
1.11789
1.02614
0.93829
0.878811
1.1012
0.940693
1.09491
0.839907
1.1005
0.974598
1.02086
1.01638
1.0302
1.27118
0.916292
0.964846
0.83467
1.04442
0.863461
1.188
0.956902
1.03865
1.02789
1.0982
0.927734
1.01448
1.14484
0.812843
0.95882
0.904989
0.920315
1.05209
1.01982
0.983967
1.03602
1.07175
0.998142
1.01609
1.03052
1.13282
0.950957
1.06912
0.955041
0.92631
1.11679
1.21866
1.05702
1.03452
1.32182
1.03236
1.02976
1.08551
0.937634
1.00701
1.09449
0.945288
0.85113
0.963372
0.881309
0.95382
1.01453
1.07989
1.11269
1.14623
0.982935
0.916506
0.873761
1.11514
1.0735
0.957246
0.900636
0.885313
0.95731
1.19214
1.0585
1.04241
0.960848
1.01843
1.04672
0.871904
0.962911
1.03761
0.89718
1.11991
0.987697
1.12311
1.24592
1.02837
0.996957
0.72157
1.10257
1.05467
1.03339
0.968556
1.02087
0.969083
0.986231
1.05731
0.98855
0.901831
0.850833
0.927494
1.0363
0.877227
0.997166
1.09767
0.96291
1.19423
0.939864
0.912724
1.11793
1.07384
0.884908
0.904176
0.973524
0.940119
0.975479
1.0675
0.979345
0.992929
1.08238
1.21072
1.13462
0.984492
1.12407
1.04296
0.862722
1.07017
0.980179
1.03738
1.03705
1.00902
1.07382
0.882167
0.971063
0.956724
0.929997
0.849311
0.912043
1.14838
1.04994
1.02182
0.92387
0.953426
1.0434
0.87387
0.956314
0.848908
0.92253
1.00147
1.14352
0.938039
0.926334
1.08672
1.17349
1.20114
1.02052
0.984706
1.0442
1.0411
1.0342
1.10147
0.841851
0.905743
1.0347
0.94205
1.11988
1.07795
1.11508
0.883248
0.955313
0.831742
1.00268
1.04723
0.990648
1.01559
1.15006
0.916939
1.00041
1.00047
1.07699
1.04144
0.974124
0.9219
0.952909
0.963017
1.06482
0.994026
0.965656
0.89907
0.920547
1.00042
0.86756
0.906759
1.00868
1.07526
0.973457
1.03013
1.07115
1.02364
0.998836
1.1432
0.901692
1.09841
0.936288
1.0569
0.958136
0.970407
1.00183
0.995527
1.12244
0.990807
1.09017
0.925246
0.97268
0.918532
0.959909
1.03427
1.0874
1.05609
1.00597
1.06437
1.05181
1.04259
0.891791
1.03933
0.938599
0.991595
0.980161
0.981614
1.09131
0.847217
1
0.921734
0.951922
0.986175
1.03161
0.793041
0.91601
1.00715
0.949726
1.33788
0.90549
0.977936
1.21034
1.00632
0.953272
1.07929
0.947455
0.962015
1.01977
0.985144
0.919016
0.960384
1.21876
0.994539
1.07601
0.953179
1.01851
0.927004
1.13463
1.05315
0.862158
1.01434
0.928799
1.1436
0.82378
1.02484
0.914359
1.0558
1.06981
1.04986
1.10076
0.946954
0.991211
0.928992
1.08125
1.08986
0.957322
0.99028
1.05319
0.923107
1.03923
0.90302
0.973183
1.00904
0.860531
0.981018
1.20859
1.20942
1.13077
1.01126
0.803037
1.03567
0.943794
0.910218
1.09885
0.935185
0.9355
1.00331
0.991422
1.07364
1.10656
1.01495
0.992145
1.08413
1.14427
1.05096
0.977131
1.04724
1.16051
1.07231
0.954485
0.900807
1.19513
1.03473
0.984883
0.87025
1.09553
1.03459
0.992544
1.00338
1.03878
1.07426
0.93865
0.956442
0.964167
1.04191
1.13335
1.02874
0.861544
1.17383
0.807647
0.852751
1.04453
1.02643
1.03205
0.959293
1.0338
1.13393
0.904632
0.921204
0.962487
1.03393
1.14327
0.841905
1.03761
0.939909
1.00488
1.14031
1.00804
1.08959
0.970146
0.988958
1.03577
0.952528
0.885173
1.12431
0.979834
1.03604
0.937807
1.08465
0.92544
0.932114
0.976538
0.896699
1.05097
0.991098
0.894894
0.987915
0.972002
0.973222
0.804177
1.02661
1.09189
1.09431
0.910711
1.11972
1.03103
0.970358
1.02724
0.977416
1.13645
1.0779
1.03205
0.963425
1.20753
1.07734
1.12101
0.985339
0.905938
0.986367
0.989006
1.11757
1.05184
1.00673
1.13506
1.15316
0.936576
0.796024
0.924107
0.825219
0.897743
0.985455
1.04079
0.936492
0.891916
0.953123
0.807054
0.79911
0.921488
0.936397
0.993802
1.00737
1.00148
1.01286
1.03545
1.04191
1.06611
1.22808
1.04528
1.13815
0.90926
1.0811
0.93994
0.940006
1.15985
1.01873
0.979153
0.98961
0.888746
0.976774
0.931194
0.884054
1.02241
1.26079
0.985793
0.804332
1.16265
1.04636
1.07674
0.956536
0.965431
1.06751
0.980616
1.01585
0.934885
0.914704
1.07119
1.0609
1.00181
0.998157
0.952731
0.95318
0.931125
1.07194
1.03379
1.00841
1.03396
1.03942
1.06306
1.09417
0.824984
0.928031
0.867095
1.07589
0.897723
1.03653
0.964494
0.915216
1.03644
0.865976
1.02519
0.892994
1.01183
1.01329
1.02959
1.0442
0.953206
0.943036
0.956324
0.729866
1.11718
0.911836
0.976589
1.00339
