0.745522
1.25513
1.05776
1.11378
1.27499
1.01352
1.24037
0.617778
1.61625
1.25069
0.920527
0.817108
1.55509
1.09916
1.03728
1.87446
0.760802
1.13799
0.993798
1.35436
1.00458
1.07819
1.04904
1.27141
1.08786
0.988878
0.581345
0.82987
1.32159
0.654352
1.23035
1.51749
0.975714
0.809872
1.09367
1.16668
0.742101
1.17923
0.751694
0.809479
1.09839
0.555966
0.730238
0.881135
1.16295
1.0638
0.816411
1.32319
1.30943
0.778116
1.74886
2.0519
0.852279
0.882928
1.59521
0.764919
1.45307
0.337064
0.672117
1.01533
1.20788
1.25329
1.03419
0.622309
1.73205
0.598909
0.693592
1.783
0.953519
1.62119
0.992015
1.33516
0.473592
0.910676
0.808977
0.982453
1.29367
1.13747
0.837523
0.635835
0.517177
0.759739
1.11226
1.0844
0.972958
1.12807
0.542107
1.19224
1.18393
0.630247
1.01936
1.30447
1.13242
1.10341
0.621151
1.31832
1.42909
0.466985
0.578619
1.79095
1.42904
0.553384
0.836158
1.26373
1.23496
0.695049
1.22611
0.889008
0.785756
0.634517
0.961464
0.58033
1.32155
0.924524
0.916196
1.13566
0.492346
0.552045
1.62564
0.984978
0.708048
1.17611
0.587744
1.11029
0.984667
0.830519
1.74613
1.01111
0.624617
0.918548
0.823191
0.878699
0.675173
1.2518
1.12304
0.973962
1.21937
1.25668
0.844429
1.11292
1.26863
0.738732
0.721737
1.1541
0.893196
1.16581
1.05688
1.42571
0.640151
1.01543
0.779109
0.717251
1.4585
1.41817
0.406763
0.922016
1.56916
0.759886
0.918673
1.19415
0.954844
0.761963
0.543016
1.10478
1.04106
0.793297
0.709825
1.1579
0.579458
0.764816
0.970426
0.683306
0.6256
0.646186
0.688321
0.609242
0.813774
1.21303
0.924108
0.620551
0.940759
1.67448
0.87048
0.785407
1.19801
0.61553
1.23754
1.19497
0.711788
1.37621
1.12009
1.50884
1.28362
0.979609
1.43151
0.789001
0.653217
0.727846
0.61688
1.15113
0.956802
0.505653
0.84746
0.826139
1.10509
1.2249
1.09348
0.866654
0.914295
1.04065
1.07849
0.893836
1.63027
1.06908
0.638427
0.855311
1.33082
0.66662
1.11022
1.0457
0.735407
0.483416
1.7749
1.27328
1.10091
0.814945
0.420087
0.779281
0.937803
0.745322
1.30207
1.71238
0.666109
1.06282
0.635736
0.483985
0.484601
0.90596
0.820054
1.27504
0.678177
1.07829
1.32085
1.16362
1.03149
0.353389
1.16234
1.20126
1.20188
0.922625
1.42451
0.58448
0.642587
0.998895
0.831729
0.604604
1.0376
1.00508
0.856943
1.30881
0.71676
0.782405
0.862374
0.568735
1.0687
1.12905
1.57286
0.591507
0.811878
1.31683
0.984734
0.88141
1.11078
1.15762
0.905824
0.924751
1.24499
1.06724
1.34628
1.33219
1.5518
1.05417
1.39294
0.93125
1.29951
0.66437
0.711959
1.12733
0.989816
0.746965
0.625597
0.639008
0.594342
0.677428
0.753129
0.929784
1.30145
0.956154
0.950201
0.6468
0.482155
1.18147
1.27667
1.46767
0.770555
1.37832
0.874587
1.1589
0.921592
1.09388
0.757589
1.10491
1.20587
0.762379
1.38541
0.675448
1.06801
1.02323
1.32019
1.40187
1.17024
0.999922
1.19612
1.54226
0.99755
1.5889
1.05837
0.75171
1.23817
0.567347
1.00671
0.777336
1.23385
1.10855
0.874784
1.50343
0.652463
0.620123
1.66362
1.10112
0.826861
1.57575
1.30573
0.727087
0.866172
0.720935
0.933053
0.630172
0.669442
0.843962
0.826225
1.16321
0.980134
1.01998
0.507394
0.962797
2.06088
0.832304
0.856686
0.536046
1.07387
1.24996
0.719112
1.08332
1.47223
0.866256
0.93351
0.914854
0.789841
0.704574
1.10435
0.643634
0.710343
0.296762
1.05242
1.17174
0.487036
0.569256
0.659542
0.429771
0.517718
0.93177
0.719815
0.559125
0.585845
0.999048
0.841013
1.42654
0.972839
0.865028
1.02792
0.848329
1.33113
0.86606
1.37753
1.18096
0.712797
1.11318
0.535306
0.853731
1.26879
1.07259
0.893528
1.60983
1.17081
0.915899
1.59773
1.31915
0.821951
0.718373
1.10155
1.06996
0.738528
1.37845
0.718069
1.12694
0.887578
1.036
0.774369
0.748457
0.682324
0.436734
1.04739
0.566028
1.11638
0.966538
1.08633
1.97974
1.26611
0.466898
0.80122
1.36709
1.39823
0.380472
1.36734
1.10633
0.421625
0.708414
1.58105
1.25221
0.89417
1.14489
1.61451
1.08909
0.62065
1.30098
1.52657
0.475821
0.890137
0.769529
1.27383
1.12762
1.10478
0.363239
1.12168
0.640959
1.35393
1.00329
0.75467
1.08222
0.895046
1.13597
1.04097
1.62637
0.59347
0.952416
0.952561
1.2137
0.55931
1.26362
1.04614
0.934994
1.38096
0.872782
1.16397
1.26772
1.48
1.75322
1.15385
0.700062
0.426766
1.21845
0.632719
0.93358
1.22279
1.18867
1.30098
1.53538
0.769066
0.749859
0.866518
0.785769
0.89011
0.51729
1.06341
1.37342
0.727165
0.86306
1.09585
0.460039
1.01669
0.644077
0.860095
1.3536
1.2512
1.35733
1.24901
0.775823
0.695112
2.14181
0.524464
0.637096
0.608192
0.670028
1.92831
1.12293
1.23393
0.824795
1.00742
0.990826
1.49554
0.796488
0.825754
0.758558
1.32334
1.31657
0.941211
1.2609
0.832961
1.36319
0.589691
0.740397
0.804016
1.58468
0.718657
0.972281
1.00071
1.15261
1.05713
1.08075
1.4852
0.396634
0.927956
0.822333
0.903115
0.999908
1.05747
1.05171
1.09851
0.681471
1.06349
0.836596
0.759122
1.86173
1.131
0.767065
1.07139
0.95666
1.26558
0.964083
0.803012
1.70548
1.2193
1.20687
0.795644
1.36208
1.02226
0.79332
1.24021
1.22503
1.46247
0.644733
0.676938
1.1246
0.905098
0.848021
1.47619
0.498441
1.18506
0.874288
1.17305
1.20293
1.24355
1.2987
0.978201
0.702762
1.65977
0.791816
0.720688
0.629306
0.814996
1.38633
0.976931
1.29636
0.657725
1.01335
1.07447
1.77442
0.580368
0.865221
0.904954
1.30205
1.09438
0.817691
0.900199
1.34252
0.470917
0.612463
0.651133
1.25344
0.528704
0.572781
0.710308
1.54641
0.630633
1.16429
0.934565
1.45455
0.759244
0.636251
1.10924
1.23388
0.680366
0.966844
0.640182
1.15085
1.63928
1.15081
1.09564
1.14009
0.413985
0.946911
1.26867
0.70918
1.05486
1.26489
0.944382
1.11395
0.600969
0.571166
1.00263
1.19383
0.988003
0.518734
0.529571
0.549759
0.913242
0.851607
1.28251
0.741389
0.698956
1.59471
1.55082
1.50462
0.811016
0.617173
0.969402
1.05632
1.12398
1.0835
1.0159
1.13728
1.07283
1.62724
1.09738
1.20096
1.06689
1.14462
0.937434
1.40078
1.07966
0.625792
0.944185
0.604559
0.891316
1.45765
1.15554
0.98863
1.00813
1.12707
0.680382
1.80263
0.494907
1.11298
0.972789
1.382
0.625947
0.799931
0.682673
0.875623
1.22593
1.06604
1.22797
0.549431
0.816024
0.800671
0.521295
1.03231
1.90704
1.35357
0.919355
0.944534
0.767215
1.16162
0.760894
0.45003
1.43862
0.663706
1.18987
0.756438
1.59275
0.541008
0.886642
0.883972
0.526048
0.860841
0.74299
1.10105
0.699065
1.06383
0.61707
0.785269
0.67138
1.17555
0.584078
0.650867
0.90404
1.01137
1.0544
1.14617
0.768661
0.581158
1.42667
0.694869
0.539242
1.03028
1.15462
1.14172
0.943029
0.704325
1.13474
0.906637
0.743447
1.23849
1.5106
1.04853
1.26572
1.80773
0.870647
1.03779
0.646876
1.13486
1.08034
1.06486
0.95365
1.0156
1.08199
0.750424
0.616184
0.892103
0.985217
0.996315
0.831557
1.1265
1.57239
0.423802
1.72454
0.759248
1.10774
0.478259
0.849912
1.1356
1.28288
0.603381
1.72174
0.816992
0.417541
1.02249
0.628785
1.42371
0.473319
1.86555
0.712765
0.955663
1.05502
0.740488
0.929024
1.7003
1.2795
0.807248
1.57366
0.77822
1.3075
0.442386
0.871178
0.887477
1.52397
1.08745
1.02247
0.853078
0.949492
0.81167
1.21963
0.577775
0.971795
0.722704
0.960295
0.994183
0.982148
0.715134
0.615685
0.997212
0.821429
1.00918
0.628574
1.49933
0.394046
0.878737
1.1742
0.892822
0.926167
1.14562
0.895961
0.675686
0.775061
1.7594
1.55118
0.74439
1.01066
0.695986
1.02014
1.13663
1.21762
1.2202
1.34836
1.06076
1.09937
0.666729
0.860089
0.78425
0.73697
0.889087
1.12994
1.18561
0.726943
0.839544
1.05641
0.837161
1.76089
1.12412
1.33438
1.86693
0.548551
0.910049
1.10303
1.26904
0.853544
1.21906
0.806238
0.937796
0.738691
1.32432
0.953628
1.11365
0.681964
0.783232
0.716296
0.781479
1.4975
1.81744
1.34453
1.00268
0.977794
0.784126
0.527354
0.772369
0.728354
0.907814
1.14014
0.55425
1.0336
0.765947
0.876156
1.10231
1.04231
0.850934
0.834257
1.52684
2.17656
0.935175
0.957063
1.22963
1.31276
0.787273
1.17002
0.644849
0.613542
1.25909
0.869839
0.753953
1.13129
1.33384
0.820611
0.953546
0.767907
1.3885
1.76628
0.786146
1.03025
1.09853
1.249
0.775614
0.590551
0.903528
0.901684
0.913618
0.947309
0.834569
1.66611
1.16337
1.22729
0.868098
1.18317
1.08613
1.38264
1.09895
1.12673
1.32024
0.467169
0.745524
0.979709
1.27806
0.572817
0.432874
0.766864
0.759299
0.987235
1.03055
1.13048
1.27283
1.03287
0.787666
0.702397
1.2804
1.1898
1.32368
1.10144
1.04646
0.751153
0.716264
0.623746
0.631719
0.742761
1.17273
0.952233
0.888797
0.755178
0.78534
0.545142
1.08332
0.935638
1.15414
1.18685
1.27103
1.37323
0.814826
0.737607
0.591082
1.21883
0.937171
1.589
1.15909
1.08271
1.0209
1.42943
0.970043
0.977776
0.575798
1.17832
1.8075
1.05074
1.19492
1.04208
0.897082
1.06483
0.824063
0.753076
1.80609
0.720026
1.41308
1.44308
0.624022
1.32461
0.849125
1.3087
1.29659
0.38058
1.11165
0.754485
1.20097
0.828995
1.1268
1.02884
0.927618
0.802405
1.23288
0.795777
1.40952
1.04992
0.71685
1.79471
1.90034
1.06663
0.833442
1.02928
0.714275
0.962095
0.826901
0.869949
0.519757
0.961981
0.827148
1.17704
1.25019
0.843276
1.09229
0.956708
1.39668
0.563401
1.00948
1.09243
1.08345
1.18659
0.969875
1.21496
0.625678
0.921298
1.09967
0.866071
0.814463
0.753763
0.584639
0.969499
1.05572
0.756407
1.2733
0.659668
0.704685
1.72807
1.12037
1.67981
1.37328
1.10449
0.798987
1.37971
0.853153
0.837857
1.18176
0.733151
0.626054
1.14075
0.795231
0.523856
0.977964
0.947604
0.74533
1.07748
0.66223
0.78027
0.903719
0.929651
1.2776
1.13138
0.864164
0.99097
0.822991
1.375
1.16549
0.569283
0.841545
0.395683
1.32853
0.99468
1.5626
0.684021
0.804509
0.586609
0.959983
0.67297
1.67932
0.520629
1.46927
1.06254
1.11468
1.25991
0.983224
1.17218
0.591597
0.854873
0.875621
0.783625
1.50256
1.04711
1.00101
0.730104
1.31128
1.08238
1.00175
1.00479
0.674484
0.731563
0.869067
0.986051
1.83563
0.365988
1.34646
1.03575
0.870812
0.678133
0.899773
1.00328
1.17812
1.45701
0.889078
0.95232
0.769966
1.04328
0.697274
1.03568
0.752187
1.24026
0.773291
1.13823
1.45116
1.34412
0.894299
1.06042
1.16742
1.92929
1.01916
0.547529
0.770229
0.470723
0.908314
1.01142
0.68282
0.645268
0.819538
0.89263
1.02147
0.646827
0.708806
1.15678
1.52835
0.726939
0.868797
1.04468
0.92711
0.994039
0.788543
1.26077
0.807287
0.627598
1.08678
0.950204
0.897269
0.872964
1.2644
0.991483
0.68024
1.13434
0.783608
1.52863
1.11656
1.04636
1.17939
1.36963
0.943843
0.902272
0.89301
1.15907
0.939721
1.38034
1.25165
1.0388
1.42135
0.771605
1.03537
0.480868
0.894831
0.677867
1.33426
1.6861
0.47749
0.905647
0.620351
1.1274
0.927306
1.04317
0.591848
0.823918
0.843673
0.908657
0.801672
1.21544
1.18542
1.09129
1.26253
0.821863
0.665394
0.884627
0.8528
1.59152
1.35574
1.17458
0.796279
1.44569
0.865166
1.12367
0.539484
0.939545
1.18971
0.851752
0.994687
1.05603
0.839173
0.697252
1.68102
1.16803
0.637718
0.83705
0.966222
0.730485
1.01531
0.594675
1.02937
0.750307
1.25042
1.44483
0.865566
1.29352
1.10879
0.52984
0.706485
0.438629
0.860622
0.756421
0.819598
0.781874
0.386283
0.609471
0.77529
0.771404
1.72234
0.631567
0.750378
1.08654
0.743507
1.07748
1.00277
0.794356
0.422619
0.921783
0.729439
1.49749
0.956196
0.57995
0.724589
0.649097
0.660762
0.944294
1.37096
0.992524
0.83145
1.2089
1.61105
0.956066
0.940885
1.2132
0.765564
1.44247
0.814129
1.1081
1.69091
1.15216
1.14221
1.43105
0.528995
0.819559
1.52197
1.01053
0.923582
1.58361
0.904498
1.02061
1.94195
1.13948
1.2599
1.40317
0.410284
0.896456
1.01969
1.05448
0.79564
1.40394
0.773468
1.83122
1.15757
1.236
1.40946
0.743583
0.706928
0.758951
1.19448
0.610705
1.42739
0.585326
0.668805
0.880551
0.604529
1.03207
0.654444
0.801861
1.45844
0.924502
0.810501
1.05519
0.934503
1.01726
1.48135
0.796975
0.915035
1.00176
0.290133
1.2585
0.690435
0.620305
0.720376
0.658839
0.883627
0.775653
0.487775
1.62277
0.767194
0.888494
1.42682
1.08014
0.999672
1.34129
1.47454
1.01058
0.922051
0.69065
0.770327
1.22442
1.22361
1.51977
1.01111
1.1252
0.726163
0.741433
1.07016
0.723099
0.97339
0.682322
0.980248
0.988596
0.863655
0.793976
0.682986
0.811731
1.20576
1.04935
1.14861
1.32107
0.779174
0.905699
0.897221
0.763175
0.879541
0.699104
0.546123
1.31678
0.788759
0.644805
0.954649
0.720352
0.895315
1.22696
1.07475
1.18092
0.727425
1.53558
0.894962
0.991005
0.857693
0.482866
0.902291
0.605019
0.676698
1.38015
0.644694
0.60169
0.618518
0.485731
1.37534
0.60463
0.738578
0.881658
1.29882
0.932851
1.26077
1.16733
0.63215
0.956335
0.481224
0.78945
0.556078
0.805131
1.26219
0.414697
1.47745
1.04345
1.13958
0.587512
1.39029
0.831307
1.53848
0.548989
1.08882
1.21358
1.05377
0.623618
1.14507
1.03018
0.883667
0.904685
0.896981
1.18479
0.909419
0.557299
0.663681
0.791338
0.747245
1.13869
0.984779
1.44949
0.961206
0.753209
1.02993
0.626763
0.892303
0.668737
1.36592
0.939951
1.45597
1.24006
1.53282
1.08699
1.03882
0.881093
1.29994
0.660004
1.79406
1.42648
1.29527
0.819215
0.779957
1.10757
1.23549
1.18002
0.883659
0.882857
1.0001
0.66586
0.868069
0.69918
1.55648
0.409645
1.07423
1.07355
1.32002
0.80754
0.568868
1.17502
0.865073
0.692487
1.26678
1.45637
1.04116
1.1598
0.756929
1.35443
0.922984
1.08762
0.892024
0.603944
0.786268
0.957539
0.450353
0.500421
0.514499
1.13523
1.22834
1.15277
1.04889
1.03199
1.12968
0.507038
0.851954
0.503215
1.33896
1.22308
1.12141
0.422591
0.510091
0.999671
0.68806
0.787476
0.811195
0.660453
0.944847
1.22147
0.927185
1.17621
1.77284
0.479436
0.606224
0.844452
0.642044
0.652224
0.705999
1.4779
0.435257
0.85049
0.602567
1.30898
0.958912
1.21269
0.863618
0.777288
1.04628
1.30237
0.828632
0.664676
1.52072
0.518128
0.867947
0.645892
1.18849
1.29573
1.77393
0.74625
1.14188
0.621586
0.789451
1.11338
1.09735
1.30903
1.27407
1.54575
0.909656
1.34403
0.889576
0.850649
1.71604
0.735944
1.60536
0.926145
0.540973
1.05007
0.609852
1.05307
1.09682
1.53249
1.14234
0.385008
0.745044
0.796969
1.09303
0.967694
1.0512
0.938067
1.31812
1.23937
1.04944
1.08704
0.702696
0.743065
1.2848
0.913901
0.884219
0.731691
0.864335
0.851913
1.04324
1.17873
1.33757
1.85555
0.637904
1.61693
1.03981
1.47466
0.946489
0.96901
1.03044
0.975477
0.978617
0.803188
0.95829
0.640405
1.18044
0.758078
1.01106
0.992146
0.875441
1.10818
0.497612
1.88431
1.40177
1.2645
1.25139
0.472469
1.05689
0.539556
1.1607
0.959444
1.50045
1.46942
0.632126
0.893218
1.01117
1.45112
0.994244
0.733465
0.688546
1.71314
1.1738
0.896137
0.860404
0.309493
0.635682
1.4391
1.06203
1.3074
0.742977
1.14566
1.20961
1.28651
1.44855
1.12468
0.791696
0.968843
1.60296
1.53222
1.74807
1.05782
1.51065
0.92806
0.825409
0.693496
0.620374
0.641497
1.22152
1.16474
1.40705
0.931472
0.756209
1.38004
0.49723
1.19948
0.783663
0.63954
1.32028
0.574706
1.21484
0.893226
1.26246
1.01339
1.23798
1.10409
1.31134
1.0323
1.07488
1.34636
1.01558
0.922327
1.44132
0.900863
1.44488
0.777381
0.526374
1.17784
1.02653
0.976099
1.41926
1.63596
0.760735
0.712915
1.08916
0.689098
1.06071
1.28975
1.03652
0.736828
0.879481
0.737633
0.610918
0.766756
0.741916
1.17691
1.20749
1.27186
1.04056
0.84015
0.570744
0.592469
0.81014
0.8799
0.624354
0.721018
1.55005
0.942664
1.55522
1.47247
1.10756
0.881545
0.816424
1.3138
0.79791
0.970649
0.584933
0.723433
0.633862
1.5638
1.0583
0.557462
0.916393
1.25361
0.687022
1.54433
0.792188
0.986708
0.486362
0.664205
1.47914
1.185
1.27207
0.748783
1.18572
0.894141
0.921459
1.87224
0.483337
1.17138
1.11377
1.08702
0.639178
0.814193
1.26762
0.67906
0.769587
0.992437
0.787596
0.611361
1.08578
0.55539
1.15413
1.46592
0.820368
1.14313
1.69602
0.794721
1.43306
0.66389
0.463954
1.01284
0.932317
0.911078
0.89547
0.875235
1.00586
1.28814
1.27437
1.05425
0.667085
0.583519
1.37041
1.17942
1.42716
1.33459
0.867547
1.03613
0.870389
0.954163
1.0651
0.988865
0.923086
1.0028
1.00134
0.957564
0.996664
0.688912
1.00332
0.889623
1.01771
0.889217
1.03176
1.46393
1.00812
0.501195
1.18661
0.972157
0.890061
0.895008
0.847343
0.495778
0.650376
1.18987
1.02115
1.2576
1.50396
1.20318
0.988806
0.891495
0.72266
1.09485
1.08303
0.734237
0.99548
0.495112
0.798528
1.75028
0.754322
0.890611
1.37126
1.35656
1.02678
0.724846
0.678787
1.45111
0.417351
0.619775
0.888462
0.871138
1.27018
0.58749
0.819154
0.824316
0.680529
0.766012
0.828278
0.537808
0.51224
1.12203
0.445171
1.22753
0.63665
0.996834
0.97518
0.930782
0.860931
0.997859
0.933333
1.00607
0.644591
0.845682
1.45725
0.553012
1.11549
0.97827
0.976977
0.94288
1.02213
1.04003
1.03355
0.506032
1.13532
1.48706
0.761977
0.815438
0.805495
0.55325
1.02813
0.790033
1.03337
1.0001
0.425187
1.22072
1.08084
1.33848
0.918744
1.36918
1.06215
0.886959
0.603921
1.40139
0.581096
1.37015
0.489545
0.817864
1.14058
1.11382
1.72373
1.05064
1.70645
0.973013
0.954695
1.11125
0.774816
0.555641
1.02268
1.56824
0.623495
1.22037
1.83048
0.905693
0.674886
1.0995
0.62295
1.06989
0.881857
0.796099
1.15164
0.648777
1.50718
1.21766
1.26899
1.15499
1.08323
1.30695
1.02193
0.71012
0.84916
1.17176
1.31389
0.726437
1.3141
0.699723
1.48068
0.870538
1.57436
1.02298
1.18036
0.619935
0.872366
1.15041
1.06088
0.830814
1.27072
0.773087
1.11284
1.17516
0.697597
1.34351
1.10598
1.28875
1.29619
0.937928
0.773932
1.6213
1.01973
0.772699
0.950619
0.545869
0.323762
1.04993
0.858339
1.70533
1.24545
1.22327
0.790076
0.727069
1.15018
0.943841
0.568659
1.06761
0.74375
1.08809
1.45065
0.720153
0.888103
1.25167
0.528151
1.27195
0.701447
0.789447
0.843351
1.04836
0.918649
1.30678
0.90165
0.623167
0.674319
1.43391
0.637159
1.02003
0.747082
0.73302
1.33516
0.94532
0.924064
0.416556
0.530544
1.34789
1.13732
1.47093
0.785757
1.19294
0.75535
0.947972
0.979322
1.19511
0.789188
0.993583
0.651333
1.03398
0.959196
0.712213
0.73959
0.624204
0.96958
0.880302
0.831335
0.94001
1.09907
1.20949
1.34453
0.62686
0.758965
1.20362
1.07214
0.853722
0.877773
1.16021
0.761681
1.29434
1.31018
0.887005
0.615093
1.10271
0.792277
0.763001
1.16108
1.24068
0.970629
1.0209
0.866075
1.77611
1.53206
0.793501
0.962502
1.19907
0.469297
0.700518
0.938239
1.44354
1.1878
1.89327
1.2562
0.805473
1.02648
1.39399
0.997003
0.55199
1.09194
1.11559
0.635364
1.05775
0.648118
1.30006
0.826274
0.78892
1.44003
0.644709
1.48776
0.763489
0.965504
0.947508
1.8146
1.22104
1.62329
0.870825
1.27426
0.714816
0.814298
0.946625
0.912161
0.863415
1.42612
0.356421
1.02174
0.601421
0.666732
0.458347
1.23936
1.16186
0.800965
0.867926
0.860158
0.779586
1.31456
0.867525
0.704532
0.863739
1.11358
1.00717
0.932948
0.32509
0.869335
0.688505
0.615623
1.68404
0.904898
0.67222
0.499579
0.799623
0.904496
1.08555
0.886423
0.820076
0.857006
1.09266
0.747839
0.476159
1.25782
0.994248
1.3693
1.41335
0.560891
0.497825
0.452428
0.766804
0.683146
0.797796
0.879301
0.890793
0.585543
1.1809
0.578872
0.92646
1.2915
0.713176
0.779445
1.018
0.647327
1.011
0.772478
1.26591
0.796
0.553702
0.539438
0.938168
0.797794
0.760576
1.25958
0.806384
1.05497
1.10493
1.14238
1.74358
1.56777
0.539802
1.30161
0.99806
0.826118
1.33417
0.893816
1.28091
1.4813
0.819519
0.912338
1.27042
1.02256
1.11297
0.857312
1.03475
0.724023
1.22305
0.678544
2.09799
1.27086
0.962531
1.13989
1.09706
1.24777
0.873208
1.03214
1.30224
0.788938
0.82137
0.77492
0.644631
1.18052
0.684447
0.688321
1.11788
0.777919
0.635574
0.802215
1.06706
1.17031
1.11644
0.690886
0.930275
1.20204
1.72072
2.21581
1.00534
0.736528
0.628481
0.460548
0.736126
1.81961
1.04696
1.11073
1.09355
1.04158
0.879803
0.804932
0.677013
0.93522
0.864808
0.694659
0.70606
1.34862
1.16753
0.683068
1.40012
1.24495
1.1611
1.45057
1.44377
1.46633
1.14592
0.913295
1.62153
1.31758
1.11472
0.745993
1.42804
0.856754
1.25199
0.949228
0.612506
1.10925
0.811401
2.41329
0.976979
0.742546
0.88873
0.83958
0.636225
1.57125
0.674058
1.00323
1.23012
1.20988
1.24118
0.764947
1.06417
0.628961
0.851857
1.08619
1.03266
0.723858
1.26444
1.02996
1.49468
1.1431
0.894639
0.86703
1.33238
1.29625
1.16118
0.598778
1.16147
1.07979
0.420908
1.28982
0.995489
1.22003
0.975574
0.970714
1.29622
1.15628
0.727214
0.959136
0.652817
1.03177
1.25218
0.944232
1.14042
0.943033
1.46111
1.6689
1.27699
1.41744
0.939785
1.11087
0.496916
1.05644
0.57292
1.02829
1.53376
1.11214
0.8633
0.919337
0.617361
1.03214
0.761519
1.5798
1.49005
0.839806
1.10994
0.952086
0.801137
0.734931
0.68472
1.01614
1.18209
0.434669
1.3329
0.929016
1.33823
0.804001
1.10937
1.27673
0.837331
1.16944
1.13441
1.06424
0.97277
0.465587
0.962521
0.902076
1.1817
0.853496
0.980148
0.980304
1.22311
0.83984
0.801431
1.05492
1.02248
0.792215
0.601888
1.29242
0.889414
0.967041
1.26839
0.746928
0.87473
0.961281
1.04365
0.65297
0.903967
1.22453
0.843816
0.81039
0.704262
1.00582
1.11327
1.05018
1.86922
0.729347
0.811258
0.846079
1.25163
0.52674
0.639555
1.15427
1.10467
1.72478
0.87216
1.11174
1.2685
1.04528
0.68221
1.18706
0.972762
1.11552
1.03499
0.756838
0.618756
1.7402
1.40759
0.931244
0.998826
0.858965
1.57987
0.3577
1.11353
2.07224
0.688264
0.475348
0.793551
0.646276
1.45197
0.689517
1.11549
1.31627
0.945805
0.95107
1.06217
1.31977
0.901659
0.776571
0.781194
0.780624
0.887994
1.2814
0.86196
0.881121
0.576858
0.419796
0.739584
1.18923
0.62536
1.26819
0.698984
1.40818
0.925545
0.926644
1.24342
0.902319
1.33875
0.988649
0.488973
0.895169
1.14357
1.27117
1.01021
1.29859
0.914692
1.42987
1.23302
0.976112
1.53096
0.863285
1.04841
1.50812
1.01089
0.752459
1.19303
0.477758
0.617617
1.02744
1.00958
1.18285
0.822777
1.91152
0.553069
0.914239
1.33129
1.41739
1.2218
0.965245
0.815849
1.03636
1.16055
1.19715
0.969644
1.03194
1.39919
1.18541
0.869907
0.918411
0.898176
0.610094
0.883974
1.1446
1.21131
0.849748
1.20388
1.31142
0.523902
0.609998
0.722002
0.642035
0.797318
0.871329
0.964559
1.34705
0.508276
1.3117
1.07568
0.877156
1.57771
0.454221
0.774573
1.60167
1.01289
0.806058
1.44577
0.798991
1.05698
0.949155
0.838742
1.21393
0.688387
1.10165
0.963404
0.732261
1.01426
1.05731
1.15596
1.21113
1.38253
0.609649
1.14077
1.20581
0.953785
0.930175
0.614859
0.544966
1.12733
1.5598
1.27588
0.818902
0.565822
0.772745
0.800167
1.01269
0.666169
1.08751
0.511027
1.17516
0.889871
2.0346
1.27493
0.381524
1.01562
1.06735
1.2051
0.908681
0.860189
0.931273
1.31922
0.801533
0.738445
1.10189
0.75194
0.799199
0.599937
0.674
0.432858
0.705551
0.826765
0.569844
1.07466
0.679535
1.39635
0.978395
0.911601
1.11823
0.934189
0.51897
0.650105
0.769864
0.991074
0.569175
0.530847
0.979474
1.2777
1.04208
0.629059
0.51387
1.46513
1.15923
0.793609
0.579246
0.750923
1.23409
1.33148
1.20084
0.906822
1.00367
1.22472
0.898646
0.710352
1.43073
1.13983
0.900223
0.549048
1.44293
1.18214
1.07757
2.12332
0.885525
1.45051
1.11184
1.56991
0.528614
1.08692
0.872794
0.874718
0.558336
1.19877
0.508306
1.15786
1.1002
0.675103
1.40769
0.753097
1.10656
0.976258
1.35834
0.840516
0.529482
1.06137
0.682463
0.594906
1.4896
1.90781
0.871489
0.682838
1.29071
0.5961
1.20149
0.823907
0.887094
0.95545
1.08902
1.51745
0.85174
0.792945
0.955246
1.05267
0.849492
0.835001
0.655315
0.375646
0.96707
0.906119
0.725335
1.51459
1.06822
1.28603
0.495943
1.17894
0.957838
2.01782
1.23619
0.662205
1.59965
0.58878
1.16616
1.16392
0.840854
0.620933
0.82753
1.27511
1.16871
0.774016
0.696378
1.2283
1.53333
1.03697
1.50874
2.47401
0.740462
1.18065
0.998928
0.750756
0.524851
0.955998
1.42759
1.11456
0.947993
1.27213
1.51834
1.01811
1.57753
0.786413
0.994651
0.775913
1.0538
1.40846
0.831294
1.22739
1.27281
1.7544
1.6201
1.1517
1.01981
0.967149
0.680514
0.58568
1.60037
0.664386
1.45593
1.10335
0.623726
1.02263
0.845132
1.21683
0.747191
1.15994
0.686295
1.46398
1.67978
0.79012
0.778039
1.28576
0.68861
1.63611
1.0935
0.692312
0.88053
1.28883
0.810736
1.28862
1.2989
1.24815
0.969554
1.18316
1.16786
1.1996
1.36529
0.929382
0.642505
1.02779
0.785241
1.91829
0.956109
0.914671
1.13063
1.68733
0.898111
1.18019
0.937368
0.690209
0.689728
0.964218
1.07143
0.539819
0.654725
0.942338
1.28847
1.36826
0.847941
1.09062
1.21141
0.80475
1.19102
0.936965
0.78488
0.937097
0.746686
1.02073
0.875957
0.943185
1.31916
0.854467
0.90251
1.45792
0.861562
1.02123
1.49296
0.836243
0.764515
1.13578
0.911573
0.969004
0.920878
1.02837
0.683411
1.43005
1.22921
0.838667
0.761341
1.13709
0.605696
0.544505
0.834024
0.787715
1.195
0.823668
0.844251
1.33931
0.855248
0.761748
0.903309
1.05082
1.44783
1.1899
0.863537
0.88035
0.796736
1.33623
0.993614
1.29288
1.89894
0.606217
1.14249
0.523192
0.697909
1.49248
0.710844
1.48241
1.14635
0.570067
0.914108
0.552525
1.81731
1.102
1.52002
0.973296
0.768972
1.38878
1.06017
1.97406
1.31241
1.22424
1.20697
1.10189
0.436043
0.917469
1.07168
0.990861
1.3504
1.19299
0.828769
0.703247
1.63962
1.0467
0.86553
1.17525
0.768611
0.681796
1.01758
1.3702
0.855087
0.821663
1.21043
0.737932
1.38256
1.41888
1.37564
0.533955
0.563592
0.657685
1.5641
0.973494
0.596512
1.04139
0.926509
0.851993
0.593022
1.3961
0.465
0.87758
1.03976
0.685358
1.09882
0.835407
0.903435
0.96573
2.01715
0.792345
0.532548
1.04021
1.57154
0.956257
1.15935
1.38703
1.44579
0.722327
1.27439
0.652011
0.718334
0.833996
1.02501
1.496
0.797796
1.23972
1.24094
1.51654
1.12741
0.659594
0.525304
0.77177
0.811722
0.888068
0.439285
1.16255
0.85452
0.737812
0.876361
0.998994
0.600766
0.71547
0.744853
0.691839
0.579754
0.392513
1.15711
1.58143
1.22302
0.762546
1.15589
0.444015
0.81351
1.09891
1.10657
1.37886
1.63138
0.964278
0.675517
1.27105
1.17767
1.05835
1.23857
1.23527
1.08985
0.681742
1.23208
0.929049
0.80896
0.666951
1.01987
0.942296
0.464277
0.844737
1.36312
1.20233
0.772721
0.858702
0.750582
1.39312
1.45095
0.594747
1.08496
0.814545
0.920031
0.923106
0.771205
0.707694
0.857769
1.38318
1.07316
1.38097
1.16949
1.0032
0.775525
1.24344
0.803777
1.07107
0.907442
1.04819
1.21215
1.07826
1.59257
1.80346
1.01346
0.715695
1.02435
1.03807
0.803048
0.922629
0.922475
0.633487
0.588397
1.25511
0.827448
1.28167
1.28064
1.39025
1.49372
1.47234
1.09245
0.731965
0.768615
1.35371
0.928729
0.770283
0.869411
1.29845
1.33259
0.599259
1.45353
0.58682
0.891867
0.998766
0.712486
0.944388
1.19883
0.950128
0.585187
1.22345
0.715404
1.18452
0.818256
0.700333
0.66375
1.23677
0.960707
0.813417
1.18072
1.08638
0.780857
0.615984
0.639184
0.782263
1.33812
0.816512
0.552856
0.844338
0.758925
0.738936
1.12845
0.88384
0.989515
0.994992
0.703967
0.84712
1.23531
1.13952
0.882394
0.771019
0.86283
0.670003
0.788932
0.923497
2.21143
0.688679
0.688317
0.556578
1.50268
0.788243
1.05425
0.50961
0.826956
1.02123
0.997873
0.773726
1.13493
1.22926
1.33047
0.458533
1.27436
1.01208
1.12015
1.16006
1.53836
1.04889
1.12401
0.96413
0.596669
0.763334
0.421437
0.626021
0.77391
0.803563
0.589303
1.01676
1.10471
1.07062
2.24245
1.07451
0.62535
1.36466
1.9269
0.896468
0.778931
1.03567
0.639496
1.07975
0.717517
0.564844
0.908663
0.818783
1.01894
0.894468
1.16654
0.78164
0.894906
0.96247
1.17052
0.929613
1.25982
1.28375
1.48191
1.28671
1.63648
0.907237
1.13447
1.10955
1.22466
1.28668
1.1504
0.652907
0.934809
1.13942
0.875056
1.03144
0.40814
0.780533
0.935097
0.888953
1.15407
1.02065
1.27128
1.01809
0.687222
0.923409
0.794577
0.461341
1.03527
0.720556
0.656981
1.19196
0.434948
0.584981
0.784947
1.33902
0.492245
1.26061
1.2067
0.919845
0.616548
1.00818
0.995766
0.919143
0.541026
1.01562
1.44198
1.00499
0.938454
0.38141
1.26751
0.913298
0.987453
1.30532
1.64873
0.992057
0.760595
1.30895
1.13972
0.731734
0.643551
0.881493
1.77824
0.752087
0.503153
1.07898
0.823905
1.36287
0.905749
1.19681
1.43816
0.556316
0.705361
0.870391
1.12536
0.968476
1.04071
0.826845
0.854756
0.818264
0.907872
0.804009
0.961398
0.474885
0.483112
1.06391
0.824938
1.48824
0.764413
0.805498
0.924711
0.662296
0.468129
1.11339
1.06994
1.10005
0.729131
0.700301
1.28823
0.682478
1.33694
0.850217
1.31535
0.656391
1.35057
0.915269
0.724692
1.39122
0.979624
1.39919
0.496598
0.78754
0.670766
0.833359
1.04905
1.46185
1.18205
0.887097
1.06128
1.33041
0.902909
1.94789
0.71261
0.928615
0.441774
0.684098
0.986377
0.678479
1.25866
1.22775
0.89226
1.20777
1.094
0.488008
1.27397
0.861763
0.730074
1.62021
0.893331
0.734268
0.969877
0.847505
0.867104
0.890536
1.11629
1.36366
1.09906
0.731521
1.28871
0.883964
0.920281
0.672413
1.40347
1.56038
0.870133
1.45737
0.973996
1.19769
1.52228
0.623821
0.822593
1.20404
1.13933
1.15402
0.945705
0.731534
1.47588
1.36723
1.14764
0.818981
0.843721
1.58558
0.481491
1.18966
1.75951
1.50878
1.00911
0.803973
0.632879
1.45985
1.48998
0.896654
0.631256
0.819952
0.773629
1.56639
1.23387
0.702176
0.593885
1.34355
1.06904
1.10334
1.43761
0.733775
1.14992
1.23919
0.944154
0.963642
0.837368
1.28023
0.586204
1.14398
0.840226
0.876363
0.527829
1.11602
1.02689
0.764861
1.61856
0.963792
0.473168
1.06105
1.0626
1.45931
1.00536
0.547052
0.814993
1.24756
1.0276
0.921254
0.900216
0.78282
0.770718
1.32152
1.09315
0.827907
1.07964
0.804188
0.903478
0.552731
1.80292
1.40939
1.11311
1.25922
0.752393
1.09251
1.08411
0.858287
1.05313
1.12736
0.570356
1.38885
0.517057
0.72921
0.525943
0.496726
0.746033
1.33505
0.786729
1.18056
1.19809
1.36574
0.838185
1.14432
1.01914
0.851095
1.51573
0.802853
1.12753
0.98428
1.51056
0.67526
1.04806
1.77871
1.13189
0.82147
1.23485
1.21565
0.389814
1.06984
0.895032
0.97223
0.868397
0.756654
1.20263
1.67176
1.68884
1.20989
0.565117
1.10249
1.37159
0.772642
0.784435
0.489037
0.988562
1.20328
1.48845
1.46371
0.918322
1.02493
0.979357
1.17711
0.5398
0.722832
1.02034
1.018
1.038
0.618152
1.51871
0.840851
1.10101
1.68213
1.34192
0.832259
1.3126
0.908287
1.27411
0.762455
0.782831
0.693395
0.962411
1.04276
0.526629
1.03791
0.489026
0.790337
1.42685
0.401714
1.40736
0.531162
1.1732
0.597644
0.889324
1.33047
0.965671
0.555792
1.31345
1.11657
0.700888
1.19401
1.58223
0.748639
1.32015
0.898052
1.37802
1.61077
0.715539
0.940052
1.19777
0.625004
0.964082
0.294888
0.918279
1.82895
1.19063
1.73831
0.770828
0.495002
0.702655
0.797557
0.838129
0.739315
0.896886
1.07449
0.498752
0.561585
0.864997
1.05278
0.519722
0.861203
0.559421
0.975351
0.902328
0.909058
1.44096
0.942769
1.08186
1.86153
1.35234
0.677797
1.03522
1.49837
0.850462
1.16281
0.558139
0.926788
0.49751
1.00922
1.15719
0.684665
0.727799
0.875567
0.917768
0.840197
0.669035
1.2203
0.972911
0.708615
0.569712
1.0422
1.54243
0.853541
0.683847
0.90776
0.72356
1.06687
1.68209
0.995199
1.06878
1.39312
2.04637
0.671634
0.936767
0.483584
1.22553
1.38402
1.31125
1.22911
0.822157
0.762219
0.871269
0.942893
1.09877
1.39287
0.940106
0.998971
0.851835
1.49626
0.812617
1.2607
0.622269
1.07849
1.08638
0.96712
1.22468
1.04053
1.06803
0.673519
0.998285
0.882009
0.448544
1.10911
0.782373
1.11257
0.724978
1.3107
0.777273
0.618611
0.680027
1.64461
1.01001
0.882786
0.996929
1.32422
0.741151
0.799641
0.866627
1.08361
0.463996
0.572551
0.673023
1.11011
1.25712
1.52638
1.10476
1.75742
0.682819
0.918394
0.706692
0.99761
0.597472
1.21297
0.676842
0.632887
0.99916
0.709378
1.31572
0.737045
0.840685
0.997022
1.01865
1.19271
1.30095
1.01827
1.42855
0.861615
0.436104
1.20923
1.47968
1.27639
0.762676
0.841253
1.39408
0.755893
1.37821
1.42369
0.853449
1.3297
1.37024
1.42863
0.739873
1.01954
1.50518
0.690344
0.761478
0.77381
0.860272
1.06425
1.0278
0.9517
1.34572
1.47407
1.03333
1.02904
1.04994
0.916306
1.34751
0.887153
0.846823
0.797049
1.03444
0.832986
0.870434
1.26053
1.2638
0.709532
0.824678
0.955375
1.25608
1.35916
1.33396
1.09393
0.794131
1.00565
0.685096
1.39086
2.04249
1.34811
0.584542
0.728453
0.951734
1.43391
1.23644
0.991664
0.877319
1.19921
0.880223
1.40302
1.14653
1.18808
1.2675
0.773951
1.35514
1.15407
1.35044
0.887674
1.1218
1.49734
0.968582
1.12836
0.92787
0.356572
1.3543
1.17252
0.718992
0.814579
1.0043
1.23072
0.939191
0.796344
0.978376
0.817319
0.826639
0.876381
0.374964
0.941879
1.05894
1.17493
1.0531
2.10072
1.30534
1.25352
0.729856
1.27536
0.879639
0.872759
0.834267
1.03177
0.8851
0.831357
1.82812
1.13492
1.17077
0.929751
0.593878
1.18837
1.16593
0.812193
0.821066
0.942471
0.852671
0.975898
1.01897
0.96984
0.797245
0.965736
1.16844
1.05672
0.353803
0.728349
1.02862
0.701292
0.719209
0.533613
0.543468
0.861782
0.980428
1.22772
0.684595
0.936494
0.928618
0.473152
1.1057
0.867782
0.969875
1.45566
0.922621
2.19598
0.788107
0.609296
0.901705
0.779059
1.1104
0.605342
1.37188
1.73926
1.37893
0.459943
1.2615
0.825808
0.738427
0.711694
1.26066
0.465492
0.965151
0.703296
0.736596
2.15082
0.847479
1.23122
0.888267
0.798897
0.951788
1.25126
1.06328
0.947875
1.16318
0.603192
1.68782
1.06713
1.66449
0.786311
0.790257
0.797247
1.35718
0.777481
1.05344
0.937709
0.896477
0.719562
0.650281
0.664133
1.22949
1.1938
0.829911
0.591568
1.13218
1.01429
1.35208
0.999458
1.3879
1.49603
0.940002
1.65159
0.486949
0.489143
0.879981
0.569111
1.01858
1.00516
0.920411
1.0226
0.755757
1.30097
1.0476
1.25365
1.09377
0.979104
1.6373
0.805963
1.34653
0.822364
0.951587
1.32289
0.655071
0.730762
1.39998
0.504687
0.758514
0.875408
0.826641
0.491512
0.56425
0.588828
0.723029
1.38659
0.656614
1.21566
1.01493
1.39572
0.512148
0.942403
1.17661
1.35842
1.21277
1.16966
0.355274
0.888143
1.45554
1.09179
0.995957
1.17168
1.17313
1.21334
0.719378
1.31381
1.12448
1.09944
1.35944
1.51096
0.798169
0.463998
1.02091
1.35079
0.768397
0.559482
1.60181
0.982595
0.970725
1.07655
0.778897
0.972459
0.62447
0.947427
0.547084
1.45977
0.876407
0.763843
0.764449
1.0563
0.843818
0.949844
0.992162
0.884152
1.10656
0.647987
0.717841
1.66519
0.933326
1.18771
0.894617
1.2331
1.23629
0.604611
0.955499
0.738164
0.667534
0.895487
0.998607
1.3862
0.478932
0.686503
1.02124
1.20251
0.721834
0.751697
1.0754
1.10635
1.248
1.35243
0.876859
1.09855
0.48433
1.24223
0.731044
0.746493
1.14939
0.435573
1.40195
1.30417
0.887918
0.92517
0.95302
1.11061
1.03338
1.38305
0.796795
1.22631
0.536399
0.832251
1.12961
0.856653
1.00695
1.48192
1.62794
1.02752
0.503457
0.866021
0.890511
1.49785
1.07481
1.54756
0.552813
0.734257
0.88373
1.10742
0.561766
0.869085
0.53145
1.16436
0.967828
0.94603
1.02025
1.22163
1.06037
0.961407
0.844974
1.09455
0.980551
1.06679
0.689244
1.07495
0.867573
0.929062
1.02313
1.2191
1.32914
1.77037
1.57965
1.21677
0.958186
1.76623
1.27059
0.548962
1.38859
1.00132
1.06476
0.588186
0.581254
1.17889
1.65504
0.74802
1.13904
0.992818
0.79032
1.1169
0.780732
1.37838
0.449874
0.857101
1.78977
0.906583
0.966917
0.505621
1.6295
0.926032
1.1186
0.668599
1.07611
0.750504
1.01306
0.877294
0.810325
2.02793
0.454423
1.27515
0.991921
0.826186
1.27826
1.52924
1.17457
0.604235
1.31072
0.964515
0.672772
1.24364
0.698784
0.662211
1.39493
0.444857
0.866113
0.985727
1.19576
0.643573
1.21838
1.1719
1.14365
0.728639
1.50977
1.78211
0.896815
1.71842
1.05283
0.715091
0.654603
0.814271
1.17285
0.99352
0.60465
0.847015
1.1279
0.67876
0.820339
0.601813
1.48058
1.22218
0.503633
0.87687
0.952451
0.911258
1.31516
1.15199
0.688116
1.02569
1.04178
1.38443
1.14001
1.17467
0.808058
0.65297
1.20109
1.21228
1.31575
0.996423
1.35147
1.31019
1.01173
1.24067
1.46966
0.997855
1.05101
0.965643
0.97842
0.546978
1.34558
0.940227
0.953867
0.607331
0.973663
0.959691
0.852237
1.57889
1.30123
1.28082
0.714823
0.502532
0.789349
1.77949
0.549612
0.940151
0.993712
0.697658
0.89619
0.519862
2.33312
0.871594
0.962646
1.41314
0.389753
1.23778
1.18888
1.07442
1.68641
0.83279
1.06501
1.10742
1.39853
0.961593
0.677337
0.879397
1.26805
1.27355
1.29009
1.24283
0.966282
0.523164
0.977627
1.44658
1.04451
0.972202
1.27888
0.786634
0.717873
1.01412
0.925564
1.0969
1.11659
1.27698
1.11616
1.52471
0.767488
0.956604
0.736929
0.475798
1.25215
0.622583
1.34961
0.998169
1.39403
1.49732
1.12864
1.33009
1.11959
0.91765
0.958273
1.45401
1.07404
0.714313
1.01372
1.21621
0.94563
1.11917
0.954983
0.862122
0.71629
1.3612
0.778633
1.04199
1.47898
1.53369
1.13422
0.65158
0.850396
0.670845
1.2963
0.82545
0.618863
1.35699
0.696993
0.930598
1.36508
0.892947
0.852575
0.729901
0.797726
1.30041
1.46288
1.29689
0.804167
0.858111
0.89766
1.17742
0.817434
1.61279
1.13212
1.00495
0.80518
1.13164
0.963764
0.856825
1.22981
0.501378
0.806305
0.890849
0.861875
0.824049
1.07251
0.720371
0.374046
0.757728
0.858926
0.861513
0.571241
0.646411
0.811333
0.942018
1.20783
1.22425
0.802578
0.673324
1.30797
0.515032
0.993378
0.88092
1.02784
1.19241
0.378167
0.737682
1.3101
0.739134
1.04135
1.03874
0.657549
0.702137
0.870177
1.18444
0.925464
0.755184
1.41962
1.17591
1.10349
0.830135
1.00044
1.05135
1.65931
1.09469
1.20891
0.661625
1.01926
1.47127
0.919712
0.905603
1.13865
0.748016
1.28123
0.97953
0.993869
0.62307
0.651344
1.12966
1.05065
0.715253
0.640066
0.987654
0.888385
1.52363
1.27838
1.45099
1.25385
1.24675
1.26346
1.04477
0.90481
0.993753
0.806292
1.28366
0.73232
1.28452
0.979725
0.600194
0.5591
1.20168
1.00363
0.782353
1.27407
2.06112
1.20994
0.838408
0.934798
1.01426
1.04931
0.969889
1.49962
0.674418
0.750062
1.32376
0.78379
1.8095
1.6017
0.746846
1.0363
0.753134
0.487609
1.21022
0.7918
1.71218
1.1713
0.642962
1.14302
1.06957
1.29317
0.87353
1.0097
0.788614
0.994139
0.97024
0.68958
1.44073
0.541721
0.739424
1.64319
0.642018
1.41762
0.65259
1.07995
0.871682
1.68232
1.60334
0.758231
0.804267
0.794715
0.790304
1.53191
0.925966
0.889857
0.772218
1.28585
0.899452
0.614488
0.971792
1.21943
1.21576
1.6233
0.545759
0.831865
0.59082
1.38705
1.54922
1.17275
0.838397
1.2515
0.760999
1.08347
1.02691
1.13289
0.854464
1.40279
0.839648
1.8423
0.786818
0.9931
0.432335
1.4087
0.923387
1.01612
1.19329
1.65363
0.668275
0.629132
0.970083
0.87646
1.09554
0.595287
0.779028
0.949684
0.899549
0.697044
1.46656
1.02848
1.07413
1.16921
0.790382
0.959854
0.748317
0.940882
0.979651
0.908905
0.669765
1.06502
0.46385
1.12742
0.940108
1.14361
0.717904
1.46516
0.870752
0.879306
1.31494
1.12148
1.02325
1.49602
1.01031
1.14804
0.316607
0.787348
1.14545
0.910304
1.2039
1.02046
1.75856
0.747768
0.401337
1.01129
1.69099
1.22225
1.18949
0.774319
1.69742
1.20918
1.13826
0.796371
1.72783
0.718483
1.11077
1.27503
1.2476
1.13754
1.33216
0.688163
1.12504
1.24015
0.846275
1.13168
1.81406
0.757498
0.835601
0.646388
1.18534
0.727107
1.22417
0.774352
0.953983
0.747866
1.14216
1.35314
1.22159
0.90421
0.525524
1.09715
0.891764
1.4253
0.521694
1.12203
1.44377
0.756068
1.50532
1.37548
0.77704
0.270984
1.11084
0.969492
1.25119
0.845847
0.664355
0.694193
1.04334
0.785654
1.11394
0.877525
0.842945
0.426011
1.37397
1.27101
1.08943
0.79148
0.854711
0.927498
0.900449
1.44259
0.891086
0.370598
0.987542
1.24876
1.01139
1.13572
0.452999
1.35895
1.18745
1.10068
1.15554
0.975621
1.30951
0.782946
0.699596
1.02335
1.68479
1.09817
0.987667
1.11322
1.31613
1.93462
0.846149
1.28738
0.616188
0.953656
1.16402
1.36836
1.25405
1.35422
0.700201
0.729835
1.08506
0.900825
0.865396
1.02
1.10751
0.707663
0.949316
1.55354
1.0061
1.04946
0.613
1.16961
1.04943
0.608461
1.28736
1.09564
0.527978
0.507469
1.59061
0.548604
1.25195
1.28539
0.433392
0.695931
1.12404
1.36471
1.15697
0.74547
1.05591
0.925323
1.10485
1.26564
0.668448
1.02645
0.686101
0.947978
1.43062
1.52112
0.895321
1.05894
0.998104
0.699541
1.08971
1.01882
0.866856
0.852968
0.601337
0.787612
0.689986
1.26934
0.848791
0.618964
1.49088
0.812827
1.07297
1.34467
0.92901
1.13348
1.04069
0.738321
0.727869
1.25338
0.853461
1.00594
0.849119
1.17288
0.939885
0.773031
0.676239
0.901018
1.20353
0.78813
1.59257
0.791027
0.593428
0.701616
0.561485
1.6553
0.870467
1.07223
1.46254
1.13327
0.950598
0.82113
1.76106
0.841906
0.981819
0.716168
1.28548
0.914982
1.03491
0.878894
0.784299
0.793621
1.15983
1.11142
1.56781
0.949849
2.07
0.83023
1.15062
1.74051
0.934676
0.89725
0.711207
1.49778
1.19856
1.47525
0.809905
0.715468
1.93051
1.25369
1.60426
1.45245
1.28159
1.20622
1.39918
0.76303
0.711998
0.654374
1.32741
1.33907
1.00937
1.11551
0.83463
0.490615
0.901235
0.538449
0.453044
1.43446
1.45457
1.78749
1.26454
0.924393
1.14327
1.10212
0.907998
0.900467
0.710149
0.938844
1.51166
0.902777
1.34094
0.649934
0.653746
0.478267
1.16887
1.78373
0.936521
0.998478
1.00315
0.782512
1.1536
1.52298
0.843347
0.685586
1.11956
0.990648
1.11021
0.564741
0.592989
1.10412
0.576669
0.629001
0.778202
0.894253
1.15909
0.992059
0.91649
1.03111
0.611849
1.44694
0.593986
1.1239
1.0594
1.78553
0.613707
1.42774
1.45252
0.525988
0.73591
0.774645
1.05946
0.919206
0.850605
1.01809
1.01308
0.827234
0.970588
0.961451
0.831822
1.25658
0.799777
1.47491
0.999595
0.916966
0.607749
1.14522
0.803686
1.31635
0.922212
1.19638
0.950144
1.03931
1.13537
0.467451
0.800859
0.836263
0.925385
1.02503
0.755862
0.511882
0.747955
1.01034
0.883959
1.27077
1.00393
0.834588
1.24468
0.554061
0.792369
1.27219
0.933329
0.902729
1.21217
1.17495
1.26977
0.740201
0.885161
1.09974
0.736996
1.29435
0.988518
0.671154
0.934678
1.7355
0.575198
0.95275
1.16503
0.722315
0.920438
1.03348
1.04875
0.81968
0.871895
1.34935
0.788505
0.669817
1.00707
0.831775
0.722249
0.749712
0.834501
1.27921
0.746978
1.48072
0.82211
0.984847
1.3033
0.417834
0.614783
0.601356
1.35352
0.959525
0.901932
1.21386
0.830474
0.420656
1.55572
0.90213
1.59462
0.955254
2.03763
0.768647
0.723166
1.09744
0.918369
0.647124
1.26171
1.14454
1.18076
0.556791
1.29659
1.01776
0.65914
1.20003
1.06366
1.03958
0.968185
0.813079
1.30341
1.05686
1.38087
1.01257
0.657862
0.62333
1.52283
0.742345
0.995591
1.08806
1.30251
1.24578
0.789009
1.11164
0.609099
1.06313
1.25222
1.47175
0.628029
1.11686
1.03954
1.12965
0.863245
1.26094
0.779563
1.13846
0.938438
1.04329
1.18061
0.862621
1.2935
0.612159
1.05324
1.05831
0.990444
1.02041
0.570214
1.16633
0.593098
1.18798
1.0225
1.29988
0.669752
1.1286
0.922713
0.897323
1.58365
1.01847
1.8036
1.06331
1.34179
0.705241
0.70824
0.891182
1.38839
1.15073
1.19064
1.02441
0.834954
0.515214
1.16994
0.801444
1.19268
0.933477
1.15155
1.63667
0.301309
1.49221
1.07863
0.805448
0.795862
1.00147
0.724505
0.943609
0.687623
0.958132
0.710662
0.629931
0.872476
1.50417
0.968358
0.763999
1.28459
0.659932
1.2226
0.838828
0.759575
1.20843
1.02474
1.15485
0.923696
1.14635
0.842211
1.16774
0.715362
1.32019
0.917247
0.637766
1.24642
1.42732
1.57392
0.820207
0.625911
0.786253
1.80466
0.844186
1.37979
0.781616
0.76164
0.762608
1.08948
1.05557
1.81297
0.928355
1.14027
0.540208
0.659982
0.975083
0.737648
0.772176
0.65264
1.43384
1.41252
0.531042
1.23876
1.1113
0.909884
1.00377
1.91688
0.899476
1.26508
1.3042
1.44401
0.874454
1.21837
1.09946
0.902713
1.54148
1.16075
1.83626
1.00276
2.14514
0.918786
0.522752
0.925187
1.25729
0.971035
1.26716
1.42772
0.970226
0.623232
1.66829
1.34664
2.15181
1.4776
0.909568
1.03774
0.853762
1.44913
1.08991
0.910656
1.0079
1.43662
1.32028
1.12367
0.809762
1.76423
1.51708
0.915632
0.900166
0.858413
1.57766
0.663665
0.738036
0.89702
0.557944
1.36596
1.01288
0.514662
1.57346
0.853842
1.10842
0.908329
0.539974
0.290141
0.945183
0.705602
1.35967
0.482709
0.75697
1.39534
0.671633
1.48313
1.04007
0.570882
1.78028
0.96373
0.440254
1.25954
1.06792
1.39609
1.47322
1.0647
1.2561
1.30354
1.28156
0.414727
1.47905
0.814782
1.65604
1.16939
0.740499
0.91454
1.14496
0.979317
1.17788
0.868839
0.904222
1.02406
0.682325
0.95775
0.52921
1.20119
0.940297
0.599787
0.8348
1.58029
0.824423
1.69363
1.06502
1.22236
1.16003
0.514412
1.14486
0.85164
1.04737
1.06209
0.673087
1.22471
0.916578
0.850925
0.62806
1.23806
1.43522
1.18257
1.04882
0.931247
1.57098
1.13547
0.781604
0.648851
0.719932
2.03227
0.424199
0.513526
0.869649
0.866005
0.7542
1.23447
0.980807
0.791988
0.72945
1.37432
0.473265
0.947394
0.984006
1.44363
0.675097
0.500793
1.25638
1.65129
0.807825
1.82541
0.900779
0.787281
0.512726
1.1615
1.15626
0.931811
1.45532
1.32124
0.937549
0.766719
1.04728
1.00086
1.00214
0.800968
0.999935
0.602669
0.596456
1.07585
0.901176
0.540929
0.730073
0.931626
0.785388
0.995819
0.664165
0.631213
0.709898
0.955103
0.691346
1.15218
0.960784
1.28386
0.786435
0.981527
1.11758
1.05032
0.624396
0.681749
1.03808
1.11104
1.21709
1.50208
1.10159
0.90846
0.976647
0.927889
0.991517
0.807347
0.967414
1.17684
0.754059
1.08864
0.574613
1.08164
0.956134
1.0222
1.05477
0.832841
1.13539
0.720367
0.810764
1.07348
1.70938
1.22041
0.920583
0.671821
1.55043
0.809482
0.88911
0.780667
1.1326
0.718867
0.641937
0.736228
1.00474
0.895026
1.18403
0.894337
0.568866
1.43274
0.664576
0.85722
0.982275
1.70191
0.804018
0.853773
0.794567
1.07598
0.883946
1.18197
0.734344
0.772156
0.783001
1.30421
0.854047
0.650631
0.629391
0.900417
0.768618
0.94378
1.19397
1.02979
0.866957
0.684276
1.29087
0.735728
0.620836
1.17262
0.38153
1.04459
1.09
1.08801
0.977876
1.55595
1.07576
0.789776
1.29444
0.492351
0.72216
1.26765
1.00595
0.592221
0.671499
1.14548
0.804089
1.22601
1.33944
0.979663
0.958455
1.15013
1.17202
1.18705
1.50419
0.851492
1.09184
1.0175
0.849356
0.748968
0.608872
1.16569
0.754537
0.729469
0.827438
1.04363
1.19224
1.05848
0.666071
0.982389
0.987039
0.966146
0.73486
0.709883
0.911573
0.856545
0.957513
1.07008
0.60174
1.11112
0.749284
1.20427
1.10734
1.26489
1.43309
0.473725
0.921542
2.08636
0.873809
0.809993
1.43855
0.981083
0.71215
0.708833
0.844861
1.12802
0.938039
1.08657
1.19135
1.00459
1.20294
1.6099
0.428293
1.01802
0.80063
1.23539
1.07596
1.35586
0.628832
1.10951
2.03406
0.706146
1.27269
0.847813
1.19323
1.08188
1.06494
0.787292
1.2223
0.802826
1.4225
0.923788
1.05311
1.09883
0.616045
1.04679
1.1148
0.797718
0.609538
1.33535
0.727704
1.40464
1.2237
1.09129
0.974251
1.02566
1.07187
0.743011
1.00109
1.06388
1.09133
1.49952
0.803282
0.985665
0.659485
1.20437
1.27458
0.683241
0.933788
1.53724
0.866085
0.591977
1.05244
0.693459
0.935037
0.983002
0.826952
0.971029
0.864643
1.12088
1.46312
0.796915
1.1075
0.621467
1.09957
1.28612
0.691801
1.5235
0.938975
1.36156
1.17972
0.57939
0.808967
1.59381
0.697764
0.720385
0.712025
0.764067
1.32848
1.48186
0.535412
0.970044
1.33503
0.985384
0.900911
0.972088
0.735668
0.57017
1.2741
1.37708
0.804368
0.810922
0.898459
0.657187
1.33064
0.737424
1.37239
0.653588
0.491446
1.4035
1.06286
0.237765
0.540361
0.998618
0.860227
0.82913
0.974793
0.814158
0.728808
0.984376
0.923995
0.979294
1.06658
1.10301
0.53461
0.865938
0.681595
1.08431
0.848
0.864571
0.767207
0.987517
0.596663
1.06285
1.20172
0.510757
1.10606
1.39215
1.04289
1.06279
0.911475
1.19316
1.18789
0.955894
1.0667
1.16312
0.758674
0.584172
1.61989
0.9761
0.855122
1.66504
0.640961
0.711795
0.860911
1.51911
0.956261
1.12385
0.877008
0.640173
1.41581
0.896256
0.406058
1.03431
0.748879
0.549317
1.25509
0.484483
1.2742
0.99647
1.26509
0.86172
0.658705
0.657011
1.22044
1.49807
0.629512
0.977813
0.81927
1.18707
0.696543
1.55417
0.811304
0.826936
0.769459
1.77662
0.891811
0.491365
1.07134
1.32642
0.953642
0.978218
0.787709
1.07167
0.501392
1.03732
0.682066
0.893731
0.828182
0.891939
0.872213
0.79394
1.62849
0.764538
1.23682
1.08251
1.27888
0.852263
1.14753
0.531624
1.37769
1.21863
1.11457
0.679856
0.551619
0.631131
0.938128
1.27761
0.834145
1.47449
0.94578
1.39188
0.663552
0.92274
1.25131
1.27694
0.713903
1.21524
1.27201
0.778926
1.56479
1.03603
1.03803
1.106
0.806348
0.635777
0.67134
1.4758
1.09992
1.1685
1.03707
0.494331
0.727703
0.919658
0.874231
0.822081
0.929145
0.45537
0.569199
1.77685
0.862938
0.564341
1.36103
1.20558
0.920954
1.04632
1.24904
1.15732
1.38149
1.45688
1.17128
1.13103
0.428524
1.48341
1.35303
0.606531
1.56917
0.991573
1.52302
0.702244
1.10677
1.10606
1.28894
0.952815
1.3044
1.2588
1.16928
0.945072
1.08838
1.29319
0.966228
0.973762
1.08319
0.947909
1.16986
1.42027
1.13041
0.66913
1.08797
0.965417
1.16361
0.812793
1.11637
1.06377
0.752037
0.646106
1.19666
1.48613
1.06642
0.915836
0.805465
1.18228
1.09225
1.63009
1.38522
1.41356
1.02251
2.6929
1.32526
1.1629
0.941954
1.06591
1.08002
0.639423
1.03338
0.889423
0.741237
1.26929
1.4619
0.883417
1.31444
1.18824
0.638508
1.00025
0.479181
0.862622
1.00063
0.524357
0.927358
0.933992
1.24392
0.966284
0.977951
1.00232
0.608196
0.647834
0.983752
0.784179
1.37062
1.14659
0.552599
1.01516
0.759451
1.59468
1.42127
0.799151
1.49623
0.618797
0.628422
0.927894
0.687558
1.00018
1.80993
0.860753
0.779396
1.13396
1.09796
1.16244
1.43094
0.800221
0.936453
0.507368
1.01119
0.983642
0.646718
0.771595
1.18186
1.83697
0.879435
1.13687
0.960201
0.635669
1.17106
2.1908
1.46834
1.51288
0.963895
1.10492
1.61284
0.984157
1.10589
1.29655
0.762745
0.990752
1.1281
1.40358
0.807713
1.07558
1.21119
1.31113
0.724676
0.872304
1.35022
0.770547
1.02983
0.485642
0.761691
1.17048
0.946642
0.662609
1.94746
1.13708
1.19533
0.894128
0.568182
1.14977
1.49162
1.00326
0.541287
0.572389
1.28665
1.17865
1.90749
0.963742
0.98558
0.498699
0.779104
1.22184
1.04813
0.682956
1.63814
0.598822
0.925281
1.07767
0.829326
0.61112
0.773968
0.707192
1.29613
0.643021
0.677332
1.06443
0.832922
0.732873
1.31777
0.87777
1.40388
1.14498
0.560281
1.20006
0.690061
1.56961
0.827283
0.859477
1.09618
0.478028
1.46108
0.691152
1.04207
1.079
0.85886
1.18367
1.2846
0.461292
1.11196
1.11527
1.01419
0.904468
1.37877
1.08849
1.35381
1.70189
0.515917
0.867811
0.86802
1.80975
0.635582
0.816762
1.08565
0.963105
0.639812
0.999657
0.511082
0.832905
1.15298
0.925759
0.813433
0.976373
0.533198
1.36722
1.14821
0.965494
1.31228
1.29957
1.24195
1.07017
0.950336
0.625629
0.912248
1.22722
0.810538
1.87919
0.843247
0.750585
0.919778
0.513084
1.22993
1.1623
0.85958
1.03874
0.770518
0.924388
1.35735
1.27879
0.857529
0.822162
1.2564
1.25562
1.03839
0.985792
1.04414
0.904308
1.19663
0.590125
1.03511
1.53325
0.737291
1.29403
0.754662
1.10848
1.0105
0.968342
0.378461
1.23988
1.28253
0.995167
0.667192
0.894501
0.589439
0.783913
0.569456
0.660734
0.69256
0.849587
1.04032
0.553866
1.05886
1.71804
0.85706
1.18131
0.936782
0.644224
1.01685
1.75713
1.75447
1.06345
1.51256
1.20505
1.19899
1.07476
1.25297
1.42012
0.804883
0.839423
1.00078
1.45056
0.729892
1.1347
1.32671
1.12251
1.30588
0.66793
0.868828
1.79465
0.994966
0.754783
1.18065
1.3478
0.544094
1.49875
0.812827
0.642855
1.22353
1.20804
1.55446
0.552637
0.913308
0.956589
0.935356
1.2981
0.673752
0.459973
0.668547
0.742734
0.707784
0.918674
0.850162
0.810072
0.880129
1.1323
1.032
0.664063
1.61362
1.14401
1.80213
1.42212
1.24445
0.818531
1.06705
1.01829
0.869867
1.49993
1.05665
2.21692
1.26496
0.763558
0.938318
0.695255
0.715295
0.969953
1.02003
0.45597
0.978257
0.44639
1.12439
1.29956
0.753808
0.58429
1.02068
1.31233
1.30143
1.10034
0.968513
1.15581
0.59195
1.09157
1.0347
1.01783
1.65565
0.720238
0.789511
1.08098
1.16852
0.772393
0.463104
1.33332
0.551224
1.58972
1.17846
1.41543
1.1169
2.27567
0.980075
1.29416
0.460834
1.24482
0.731275
0.871715
0.95235
1.49675
0.623537
0.874391
1.23018
0.881409
1.23019
1.01816
1.15378
1.59764
0.960295
0.918714
0.516701
1.42444
0.703289
0.936159
0.611447
0.96409
0.856737
0.908561
1.08695
0.959003
1.1145
1.14197
0.747048
1.01169
0.672827
1.06219
0.781752
1.49826
1.1731
0.73226
1.16594
1.79075
0.970754
1.12264
2.02224
1.09886
0.858975
0.767534
0.597031
0.8556
0.768336
0.566532
1.22062
1.05736
0.938281
1.12789
0.846922
0.99929
1.0346
1.60452
0.788768
1.43237
0.788653
1.52754
0.770028
0.298392
1.00661
1.36851
1.70555
1.52889
1.08904
0.719992
0.591669
0.952975
0.50114
0.634196
1.24605
0.877348
0.646721
1.18043
0.77374
1.62464
1.20777
0.792444
1.04948
0.97077
1.18132
1.24609
1.46739
1.44655
0.775784
1.12525
1.38323
0.54827
0.629421
1.05039
1.31743
0.938112
1.46422
1.71287
0.928517
1.58505
1.21016
2.09829
0.795
0.546361
0.953345
1.00488
1.58965
1.50656
0.95295
0.955047
0.802168
0.875456
1.25199
1.31779
0.706015
1.59572
0.737063
1.10238
1.34749
1.76248
0.857217
0.968391
0.956216
0.718512
1.02314
1.02974
0.402671
0.690813
1.36052
1.36328
0.658556
0.743945
0.764817
1.13007
1.72528
0.953572
0.84016
0.914517
1.33087
0.62338
0.550788
0.72992
0.905309
0.690309
0.948017
0.683414
0.705821
1.0426
1.55521
0.881724
0.658945
1.16608
0.629576
0.911652
0.869243
1.63017
1.2374
1.71654
1.23489
1.12362
0.745526
0.609081
1.16093
1.02802
1.98546
1.25909
1.29533
1.21533
0.250103
0.456088
1.02384
0.802362
1.26444
1.04419
1.41337
1.00534
0.882459
0.506534
0.63648
0.661551
1.01569
1.36422
0.506952
1.16459
1.51554
0.968989
1.1637
1.3786
0.770528
1.05376
0.75898
1.01151
0.933926
1.03149
1.08944
0.822657
0.490166
0.813788
1.4525
2.86401
1.00094
0.825983
0.621781
0.91409
1.38561
1.02981
0.633902
1.0577
0.799529
1.08348
1.37386
0.600405
1.03221
1.18198
1.14025
1.24641
1.39376
1.05843
0.721944
1.09025
1.02755
0.867646
0.951187
0.642745
1.33567
1.12756
1.04234
1.06939
0.845693
0.610989
1.45529
0.896725
1.50911
0.733737
1.08543
1.1237
1.27796
0.726804
1.01371
1.42426
0.711996
0.630283
0.899587
0.894022
1.55178
0.767097
1.16156
0.63334
0.882223
1.0762
1.40336
0.724454
0.900649
0.926045
0.614936
0.549569
0.715706
1.20498
0.835369
0.892503
2.32131
0.523941
0.598319
0.835777
1.2235
0.973061
0.962834
0.758272
0.979874
1.41539
0.788992
0.737774
0.912164
0.985805
0.697771
0.763979
1.02172
1.13172
0.847245
1.22348
0.873761
1.34939
0.875514
1.6912
1.05583
0.814479
1.12157
1.13646
0.795163
1.18888
1.08703
0.772094
0.821256
0.638784
1.13168
0.733094
1.25458
1.29429
0.585019
0.645311
1.07643
0.911718
1.25218
2.00358
1.49055
0.883228
0.712684
0.993296
1.15581
1.44121
1.13435
1.00232
0.602808
1.25532
0.424694
1.38298
0.952207
2.12343
1.01154
0.76974
0.772726
1.07408
1.31939
0.955907
1.14428
1.07472
1.20818
0.810994
0.66768
1.32273
0.66664
1.05448
1.20271
1.58408
0.649441
1.80819
1.12015
1.34693
0.84632
0.913547
0.886663
1.57237
1.74626
1.68913
1.25813
0.908957
0.929772
0.845242
0.922474
1.06431
0.851285
1.21856
0.720962
1.14581
1.29402
0.792737
0.903793
1.34411
1.05686
1.83807
0.920652
1.54059
1.1184
1.17642
0.928512
0.97454
0.912598
1.01404
0.667575
1.16059
1.12077
1.21654
0.92992
1.30617
0.937693
1.00486
1.19117
0.814914
1.04885
0.818287
1.43544
1.02645
1.22264
1.15249
0.745254
0.892921
1.02292
0.683339
1.48369
0.629558
1.05325
1.61402
0.48298
0.820857
1.49708
1.00493
1.23948
1.47208
1.08325
0.941707
0.645828
1.06496
1.02299
0.873398
0.55423
1.03357
1.22568
0.860746
1.25082
1.41489
1.3517
1.79727
1.64376
0.78718
1.14491
1.10126
1.14651
0.660856
0.461328
1.90795
1.01541
1.31984
0.618341
1.25291
1.00616
0.564354
1.05943
0.763505
0.689141
1.35172
0.585165
0.533602
1.64912
0.625618
0.745452
0.804231
0.617767
0.763429
1.15638
1.59624
1.20303
0.925973
1.41384
0.796074
0.821317
1.11676
0.981915
0.938047
1.29177
0.767538
0.572253
1.10709
1.05221
1.10241
1.22424
0.796796
0.712715
1.00513
0.506301
0.548487
1.09608
0.473282
0.734664
1.25382
0.558092
0.590578
0.563774
0.771496
0.550105
1.1541
1.04482
0.757133
1.00726
0.986968
1.16602
1.36466
0.534716
0.988857
1.05876
0.631305
1.37344
1.18105
1.16378
1.01664
0.837037
0.890888
0.656426
0.962084
1.28916
0.851352
0.782352
1.39617
1.20838
0.932045
1.25972
1.05764
0.684476
1.11629
0.880818
1.23576
1.04194
1.11904
0.853341
0.880101
0.986153
1.02102
1.17217
1.13021
1.1369
0.945295
1.34993
1.1079
1.78387
0.950332
0.90629
0.514052
1.44972
1.31715
0.967537
0.704088
0.682632
1.0288
1.06381
1.04729
1.07781
0.801024
0.561178
1.18894
0.498034
1.43918
1.82875
0.641711
0.897767
1.0309
1.12743
1.3543
1.33211
0.926442
0.681004
0.834111
1.2032
0.736398
0.889598
0.670158
1.17783
0.790814
1.66987
0.910953
1.15205
0.696224
2.19807
0.928656
0.925664
1.45661
1.13706
1.04092
0.763901
0.626245
0.709632
1.06913
0.767027
1.05032
0.810525
0.830458
1.17598
1.09612
1.00499
0.660859
0.942008
0.865265
1.00059
0.729373
1.09107
1.07217
1.00138
0.670319
0.610243
1.22939
0.96118
1.07728
1.4241
1.06151
0.845042
1.90073
0.54606
1.34683
0.960184
1.08255
1.44296
1.65127
0.908133
0.627364
1.2929
0.84178
0.882938
0.824518
0.970165
1.69227
0.595589
0.958257
1.68174
0.743429
0.948637
1.27433
0.595496
1.0127
1.36974
1.15803
0.705531
1.33417
1.43149
0.884706
1.17925
0.733405
0.862108
1.00892
0.883758
0.648421
1.19749
0.881841
0.750702
1.10332
0.84231
0.795148
1.16297
0.984474
0.808924
1.4417
1.10382
0.686463
0.681561
0.654179
1.03387
1.22225
0.923404
1.1488
1.77846
1.13257
1.48341
1.47954
0.653949
1.23804
1.01563
0.71136
1.53939
0.878638
0.672102
0.91508
0.933437
1.05682
0.952742
0.767143
0.799517
0.667152
1.07785
1.63502
1.16227
0.797353
0.625422
0.923552
1.17097
0.550412
0.927531
1.05174
1.27862
0.66061
1.49079
0.716688
0.848696
0.750854
1.00003
0.725109
2.2005
1.1523
0.798497
0.701604
1.2127
0.967268
1.10136
1.08245
0.705421
0.886888
1.3968
0.69393
1.08038
1.33449
1.05494
1.74533
1.53031
0.949334
1.00677
1.23104
0.922287
1.1671
1.11276
1.49266
0.923507
0.956018
1.11929
1.00562
1.00577
1.08291
0.807294
0.861306
0.912087
0.795953
0.835508
0.773567
0.600643
0.737936
1.43485
0.786974
0.738897
1.28624
1.40565
0.857815
0.714619
1.40797
0.789374
1.15936
1.30849
0.772881
1.23215
0.663841
1.16402
1.00985
0.54567
0.914781
1.11723
1.21216
1.69749
1.04061
1.00015
1.17244
0.759395
1.28192
1.0482
0.879423
1.05015
1.04658
0.964024
0.714044
1.13112
0.576308
0.938953
0.778321
0.822486
1.6752
0.782987
0.875175
1.14397
1.02368
1.27024
0.802213
0.65686
1.02794
1.12501
1.63607
1.22602
0.785326
0.842516
0.861748
0.756698
0.816047
1.01275
1.07365
0.538771
1.01946
0.895814
1.02251
1.28882
0.694114
0.414938
1.05236
1.1241
0.700366
1.24194
1.19707
0.473623
0.812795
0.960013
0.803717
1.76527
0.974468
1.10883
0.572901
0.480189
1.54483
1.50784
1.18386
1.0813
0.750513
0.713649
1.00549
1.04762
1.1818
0.737852
1.19774
0.883301
1.28072
0.841529
1.75499
1.10297
0.549423
1.37679
1.41379
0.564583
0.624034
1.15466
0.883259
1.06688
0.412246
0.431043
0.944344
0.981231
0.922729
0.948257
1.00737
0.804525
1.43674
0.643773
1.56324
1.17713
1.5398
1.42653
1.15605
0.751486
1.10932
0.959748
1.18506
0.771088
0.531028
1.21687
1.52646
0.587469
0.644334
0.93164
1.15699
1.20428
0.764218
1.26883
0.907832
0.359649
1.03933
0.546826
0.837893
1.48297
1.6719
0.840156
0.616972
0.829503
1.2076
0.943315
0.901241
1.49782
1.29263
1.0735
0.959323
1.55029
0.604875
1.46232
1.10147
0.933591
0.772583
1.71091
0.763537
1.03827
0.897739
0.803492
0.963714
1.69478
0.82534
1.33237
0.733203
0.565187
0.708633
1.29563
1.1467
0.68014
0.712577
1.11527
1.19385
0.945409
1.47541
0.875
1.02356
0.575327
0.557424
1.0182
0.858392
1.13152
0.567639
0.702704
1.08713
1.01452
0.854276
1.09639
0.528081
1.16001
0.546532
0.778559
0.906993
1.03987
1.39034
0.978113
0.948714
1.47467
1.37679
0.577534
0.788254
0.731035
1.1967
0.686869
1.05764
1.58004
1.2887
1.35695
1.03811
1.14374
0.969336
0.972792
1.09509
1.02283
1.30289
1.15179
1.12905
1.19798
0.999232
0.918252
0.598589
0.969846
0.577018
1.37697
1.13188
0.622731
0.791479
0.860345
1.43708
0.926485
1.24543
0.87838
0.921392
0.706575
1.02124
1.7019
0.755032
1.36218
1.63591
0.727276
1.56504
0.904454
0.951011
0.821768
1.34964
0.719643
1.01377
0.478627
0.768995
1.20578
0.939219
1.08841
0.881342
1.0963
1.57449
2.14704
1.19774
0.933541
1.06577
0.618053
1.57242
1.35221
1.23823
0.414901
0.662306
0.716255
0.970158
1.21655
1.84912
0.624503
0.913961
0.714966
0.844184
0.684667
1.54985
0.929822
0.634839
1.27778
1.0681
1.8365
0.753463
1.06874
1.11667
1.24141
1.15487
0.886249
0.874797
0.976188
1.34629
1.10962
0.668162
1.38183
0.967623
1.56441
1.31173
1.21921
0.953984
0.888691
1.03315
0.843004
1.25539
0.809491
1.17907
0.898849
0.975229
1.67553
0.86697
1.24376
0.717358
0.622265
0.434062
0.851394
1.16861
1.47299
1.23853
0.650291
0.779837
1.00128
1.05967
0.767625
0.940015
1.24931
0.715383
1.09347
1.60211
0.916975
1.50949
0.974851
1.37474
1.20638
1.15463
0.92461
1.68943
1.35205
1.37283
1.25812
0.791946
1.26019
1.50109
1.2322
0.706435
0.898517
1.09942
1.32757
1.08899
0.851932
0.88904
0.977314
1.14648
1.1902
1.06649
1.39059
0.801277
1.34086
0.915953
1.55124
1.14619
0.529207
0.670966
1.02838
1.00649
0.995005
1.35268
1.61269
0.937108
0.974504
0.516694
1.42269
0.918832
1.25032
1.12806
1.13344
0.945415
0.872448
0.734848
0.768874
1.48747
0.992111
0.977494
1.43763
1.62101
1.19111
1.41338
1.34934
1.46922
1.88575
1.01971
1.212
1.38231
1.32644
1.36487
1.18085
1.10122
0.891738
0.640565
0.662129
1.31325
0.87693
1.24378
1.35238
0.979697
0.898838
1.43903
1.01906
1.43917
0.920393
1.15688
1.76988
0.823761
1.06174
0.802419
1.0985
1.11259
0.579364
0.882084
1.43555
1.27212
1.12646
0.54968
0.922498
0.808128
0.631034
0.391179
0.801137
1.03678
0.941186
0.517472
0.592994
0.664137
0.822187
0.440925
0.682975
0.858907
1.09712
1.04239
1.22609
0.932763
1.27222
1.56237
0.935777
1.52444
0.914635
0.689451
0.857223
1.3538
1.27465
0.685917
0.621924
0.481148
1.68767
1.09097
0.741406
1.03503
0.785018
1.09512
0.659396
0.989985
1.18594
0.733367
0.869518
0.699511
1.0838
0.675106
0.676223
0.61544
0.834235
0.975204
0.647841
0.432859
1.24993
1.46033
0.601333
0.73746
1.22814
1.11255
1.46837
0.613912
0.287279
0.852797
1.27263
0.713483
1.25808
1.30692
1.09357
1.2097
0.690294
1.30196
0.41969
1.01255
0.725214
0.914836
1.06913
1.67143
1.00298
0.757541
0.726528
0.973185
0.425521
0.948813
0.838479
0.339011
1.23845
2.13764
0.900595
0.66245
0.864081
0.578967
1.65192
1.51568
0.738151
1.30361
1.22404
0.865222
0.938369
1.0031
0.634035
1.17445
0.594736
1.11814
0.539614
0.901835
0.998793
1.13745
1.17227
0.61599
0.935515
0.404518
0.698237
1.04378
1.20812
1.59802
0.718988
1.19242
0.679449
1.31766
1.04388
1.0915
1.00489
1.04883
0.754957
1.11367
0.87224
0.722249
1.07332
0.761479
1.14761
0.765523
0.959596
0.712559
0.795267
1.89245
1.22367
1.91302
1.33035
1.35208
0.686188
1.20066
0.837432
0.820414
0.858068
0.846975
1.17129
1.63803
1.10766
0.923702
2.24721
0.660625
0.964618
0.540686
1.0616
1.78391
1.07781
1.24496
1.29208
0.906045
1.08447
0.863748
1.2283
1.09327
1.1659
1.10771
0.965567
1.17557
0.827678
0.817371
1.44913
0.548802
0.917849
1.46568
1.84133
1.39797
1.12547
0.942466
1.21255
0.870372
0.968187
1.09145
1.09694
0.338861
0.804166
0.777096
1.20006
1.07909
0.997957
1.22161
1.32236
0.864253
1.21303
0.976234
0.956553
1.06728
1.50321
0.779589
0.781265
1.26848
1.0537
0.429662
0.79032
1.64265
1.05813
1.21914
0.626674
0.846505
1.15376
0.737431
1.57466
0.591101
0.908404
1.54975
1.30603
0.924807
0.825245
0.878133
1.02979
0.876865
1.38935
1.25237
1.31478
1.14711
1.10601
1.37932
0.568894
0.47415
0.707169
1.12947
1.01532
0.689564
1.18649
1.02839
0.861753
1.30277
0.898237
0.922403
1.24369
0.439826
0.860376
0.906439
1.10673
1.2578
1.42501
1.09522
0.604541
1.68468
1.27949
1.50132
1.272
0.723783
0.812111
1.6315
1.08269
0.804592
1.16746
1.31721
0.782419
0.730464
0.752054
0.917435
1.25206
1.6365
0.813085
0.667689
1.24026
0.658105
1.11971
1.49015
0.881478
0.860779
1.05732
0.787083
0.479149
1.4156
1.13698
1.157
1.04151
0.994305
0.686201
1.02285
1.03427
1.40399
0.930682
1.45859
0.844668
1.62333
1.05238
0.738187
0.643394
1.12538
1.36442
0.519054
0.52734
0.677129
0.80302
0.942037
0.847933
1.33778
1.21854
2.07373
1.11183
1.10545
1.07781
1.68864
0.614079
0.808913
1.06097
0.916931
0.875282
1.02049
0.887283
1.29718
0.889065
0.894747
0.555923
0.851479
0.843117
0.59406
0.7792
1.02618
1.30549
0.817119
0.705382
0.629548
1.64186
1.17823
0.624412
1.30171
0.946676
1.23755
0.580485
1.0628
0.9048
1.2221
0.466653
0.848487
0.933603
1.11362
0.896187
1.18728
0.987627
0.855495
1.51161
0.725391
1.78868
0.45843
0.60096
1.03705
1.23423
1.20655
1.16638
0.745194
1.36663
0.731625
1.14991
0.508542
0.805368
0.797022
0.798798
0.885848
1.4516
0.731301
0.954503
1.54908
1.14471
0.884512
1.4836
0.821324
1.03089
1.50524
0.537478
0.819741
1.10802
0.815849
1.3615
0.785015
0.755707
1.17673
1.0404
0.974984
2.02809
1.40601
0.760683
0.803763
0.578686
0.679385
0.751482
1.08598
0.924136
1.08369
0.853624
1.25118
0.491118
0.678788
0.771275
0.916786
1.12559
1.19155
1.25426
0.93441
1.16263
1.07948
1.16737
0.91531
0.562875
0.757896
0.538333
1.05061
0.827849
0.614877
0.693777
1.5416
0.436719
1.46133
1.06365
0.526084
1.04661
0.694178
1.48388
1.42803
1.29889
0.731337
0.651889
1.56992
1.44485
1.04615
1.09998
1.60774
1.15034
0.847656
0.52043
0.85057
0.89874
0.829471
0.888683
0.58751
1.45215
1.37497
1.15763
0.678781
0.736684
0.827989
0.539821
0.804845
1.04092
1.04742
1.01324
1.26012
0.480328
0.967315
1.75807
0.745926
0.692837
0.949633
0.720766
1.16958
0.78766
0.830405
0.670348
0.835111
1.53743
0.711764
0.781691
0.825623
0.625471
0.872479
1.41423
0.588695
0.833584
1.66293
1.05441
1.27913
1.02249
0.75183
0.574064
1.13975
0.731388
0.809499
0.770532
1.01921
1.14055
0.601463
0.496386
1.23768
1.58485
0.789888
0.856998
0.718832
0.472885
0.678438
0.816417
1.03176
0.691963
1.48378
1.75871
1.0215
1.72308
0.78674
1.2287
1.34916
1.03145
1.03764
0.761288
0.923582
1.00076
0.98892
0.869024
0.705872
0.927331
0.707173
0.741517
0.790841
1.3276
0.704426
0.79986
0.829308
0.648568
0.396784
1.05866
0.856633
1.10968
1.54366
0.5924
0.856812
1.14747
1.44687
1.27627
0.747058
1.16429
1.33116
0.514136
0.722051
1.48324
0.813163
0.796732
1.53349
0.634245
0.791221
0.675771
0.720568
1.73713
0.812821
0.814783
1.03662
0.856547
1.17441
0.769227
0.746202
1.0754
0.622537
1.2303
1.55838
0.67551
0.764505
1.29227
0.959579
0.847568
1.0826
1.38231
0.528118
0.977037
0.943708
0.952212
1.24684
0.513969
0.557847
0.83075
1.2706
1.29708
1.41218
0.804467
0.917116
1.14371
1.07949
2.01181
1.56619
1.65266
1.38943
0.712559
0.945462
1.53053
2.17073
1.62754
0.768829
1.26445
1.42939
0.393506
0.62512
1.04481
0.645586
1.52586
1.03752
1.033
1.08024
1.10526
0.519933
0.924455
0.956093
0.505017
0.685942
0.697537
1.11762
1.26359
1.47857
1.01823
0.992365
1.05445
0.830461
0.788626
1.21769
0.961808
0.913447
0.807334
0.577626
1.13905
1.32462
1.2452
0.654522
1.41891
1.50561
1.13076
1.6294
0.993121
0.813472
1.08837
0.470666
1.57591
0.685061
0.86636
1.74072
1.02578
1.31581
0.77848
0.729423
0.548805
0.903172
0.474304
0.990639
0.747429
1.04892
1.78194
0.969285
0.972631
0.643366
0.304345
1.52221
1.12864
1.24431
1.38605
1.19978
0.784947
0.929113
1.07306
0.592728
1.04507
1.13442
0.477506
1.07211
0.535017
1.40766
0.960061
1.04413
1.28711
1.15251
0.549841
1.0013
0.898332
0.565021
0.775493
1.25487
0.756723
1.18978
1.10935
1.6155
0.705959
1.00521
0.907502
0.484792
1.57701
1.32629
0.838059
1.1929
0.593271
1.01846
1.27136
0.954152
1.37609
0.517299
0.897566
1.72214
0.933105
0.469693
0.95674
0.900215
0.993476
0.75474
1.01224
1.118
0.820267
0.937432
1.34979
0.907495
0.881829
1.6799
0.86912
1.07149
1.2033
1.92021
1.15103
0.439487
0.794088
1.42902
0.747947
0.868459
0.72805
0.890144
1.24499
1.44794
0.768003
1.24593
0.902952
0.943562
0.763046
0.915189
1.15912
1.00628
1.12049
0.91555
1.15651
0.917752
0.751762
0.689717
1.1252
1.38419
1.16294
0.682993
1.012
1.13668
0.665368
1.10514
0.853484
0.735821
0.856364
1.08021
0.704867
0.773659
0.521524
0.959483
0.826915
1.24738
0.876375
0.778497
1.19994
1.05281
1.00079
0.818814
1.07929
0.775167
1.37083
0.502351
1.13907
1.20577
0.800145
0.328668
1.38671
1.68263
1.74131
1.30796
1.57103
1.14426
0.96018
1.36964
0.885468
0.773571
0.734211
0.63248
0.475357
1.29276
1.32553
0.69743
0.461108
1.21604
1.13848
1.0992
1.06938
0.853561
1.34086
0.785633
1.01262
1.15822
1.31105
0.940391
0.763305
1.36268
1.34148
0.984376
0.890808
0.920543
0.71815
0.77092
1.03075
0.596598
0.835421
1.54911
0.606284
0.429451
1.10108
0.752513
0.969818
1.20291
0.770054
0.658422
0.797908
1.06453
0.596656
1.14309
1.4886
1.18606
1.32881
1.41952
0.528121
0.501329
1.43813
1.40803
0.702339
0.628308
1.24292
1.18124
0.96826
0.887993
0.616938
0.708667
0.564775
1.00968
1.01326
1.35618
0.946915
1.28809
1.20457
0.617309
1.312
0.844344
0.976125
0.780577
0.695111
1.0298
1.52765
0.791366
0.805029
1.41733
0.807969
0.615612
1.04188
0.820188
1.81918
1.32387
0.770021
0.843638
1.32371
0.688991
1.40575
0.954296
0.87768
1.18094
1.0772
1.62219
1.00003
0.838372
1.24522
0.825864
0.993844
0.701063
0.886516
1.42461
0.923139
1.01427
0.748591
1.14493
1.1655
0.966403
1.6905
1.07991
0.73219
1.09508
0.983438
0.831457
1.15792
1.71063
0.970052
0.641865
1.56491
0.716222
1.37597
0.663059
0.591579
0.724642
0.584796
1.19482
0.780268
2.03686
0.471803
0.519829
1.34649
1.06401
0.519791
0.810627
0.745994
1.27523
0.970622
0.588934
1.67965
1.08343
1.44105
0.991262
0.740869
1.04762
1.02862
0.924283
1.29602
0.619673
1.04767
1.11508
0.835745
1.27052
1.26659
0.547348
0.754875
0.834181
0.867332
1.13786
1.06799
1.3908
0.872306
1.36627
1.26356
1.16036
0.903267
0.589809
1.07403
0.900136
1.13869
1.59924
1.32514
1.12447
0.987893
1.33414
0.850401
1.37548
1.16175
2.08268
0.931838
1.00264
1.17228
1.41422
0.54794
1.12157
1.50934
0.967717
1.30837
1.02569
0.680828
0.94949
1.17091
1.403
1.07163
1.44253
0.717662
0.956531
0.997729
0.648394
0.697918
0.669321
0.97131
1.2189
0.794732
1.03106
0.97606
1.14712
0.588835
0.628754
1.21793
1.17962
0.852758
1.28694
0.760798
0.653221
0.78443
1.35197
0.753605
0.81262
0.900125
0.893665
1.23176
0.510927
0.691674
1.08367
1.28628
1.10788
1.29198
0.691193
1.45859
0.63727
1.29824
1.37496
0.874801
0.811594
0.993299
1.66207
0.830571
0.878888
0.748001
1.15424
0.997726
0.493248
0.498095
1.77015
1.56694
0.850153
0.757914
0.6692
1.10211
1.16178
0.964926
1.37915
1.07082
0.987116
0.76004
1.60952
1.32974
0.803887
0.777601
0.824813
0.689418
0.818865
1.00941
1.0655
0.78716
0.832091
0.600133
0.805579
0.901835
1.40807
0.827962
0.744181
1.18062
0.83509
0.886883
1.36843
0.378138
1.33118
1.00743
0.799829
1.03446
0.670147
0.620645
0.956317
0.710456
0.809936
0.610287
0.766784
0.919
0.939685
1.22349
0.694255
1.49133
0.639502
1.71566
0.894893
1.7166
1.12014
0.634305
0.663667
0.751204
0.823504
0.910961
1.11856
1.57242
1.14146
0.864274
1.06162
0.625034
0.491041
0.954016
0.890575
1.21485
0.889563
1.04334
1.15774
1.16413
1.53913
0.624646
0.772291
0.922056
0.620141
0.898641
0.848872
0.735567
1.05187
0.994754
0.711364
1.01621
0.91392
0.783796
1.39155
0.400885
0.712934
0.873881
0.736507
1.28246
1.10955
0.459636
0.690491
0.610408
1.71882
0.343953
0.837649
1.06875
0.801015
0.820341
1.56447
0.916489
0.466038
0.545869
1.17384
0.998906
1.05401
1.57453
0.650438
1.1989
0.724051
0.763982
1.13073
1.30371
1.14879
1.43384
0.800779
1.20872
1.24429
1.55249
1.58359
0.91602
0.824847
0.644741
0.908512
0.97781
1.08617
0.746569
0.813535
1.0442
0.537645
1.24492
1.40731
1.1569
1.25853
0.856384
0.440949
0.543411
1.04309
0.967006
1.50253
1.61647
0.88929
0.808861
0.922078
0.754032
0.992455
0.608265
0.800017
0.660881
0.524778
0.72805
1.02927
1.20078
0.965003
0.90394
1.19399
1.40344
0.602889
0.990685
0.804152
1.12041
0.787431
0.926984
1.54506
1.22301
1.21101
1.75696
1.22494
0.806538
0.432093
1.01491
0.720056
1.76142
0.616053
1.49467
1.27866
0.856339
1.17033
0.755492
1.00207
0.668305
1.20589
1.17553
0.483033
0.325324
0.518275
1.15702
0.648508
1.37791
1.35849
0.650898
0.947676
2.16948
1.15855
1.37434
0.666191
0.596189
0.845451
0.929487
0.961211
1.88367
1.24718
1.20544
0.761979
1.13047
0.952187
1.28227
1.14605
0.72777
0.885773
1.25018
1.04322
0.792403
0.582146
0.693687
1.16992
0.877538
0.381324
1.6491
1.08142
0.764418
0.982176
1.18234
1.05541
1.13982
0.713081
1.04418
0.720417
0.79263
0.501233
0.856378
0.987393
0.968054
1.51795
0.825705
0.864497
0.777542
0.974014
1.36064
0.946366
1.55557
2.03902
1.495
0.670123
0.672582
0.910258
1.08819
0.571497
1.12939
0.942776
1.26708
1.10342
0.856054
1.75146
1.08168
0.983624
0.901206
1.09319
0.76923
0.972735
1.34843
0.617855
1.46258
1.43057
0.736369
0.978388
1.13351
0.575885
0.890861
1.4156
0.814392
1.57376
1.17631
0.820506
0.677208
1.02394
1.02313
0.513635
0.70515
0.795817
1.21149
0.631849
0.945788
0.955426
1.42014
1.15358
1.01639
1.1591
1.28463
0.944593
0.826168
1.04125
0.99065
0.549694
0.813914
1.48407
0.963913
0.881478
0.807662
1.6256
1.16441
1.00654
0.752951
1.15061
1.25516
1.34344
0.712385
0.691806
0.795669
0.639607
0.640496
0.838517
0.925144
0.804471
1.42413
0.769247
1.30766
0.645795
0.42692
0.967828
1.03567
0.789624
1.39379
1.34292
0.733306
1.23987
0.397432
1.32919
0.809961
1.17187
1.19061
0.706846
1.51161
1.23885
1.43793
1.19623
0.722669
1.19774
0.706973
0.581359
0.653213
0.83132
0.611887
0.730783
0.894683
1.01025
1.18064
1.1758
0.887385
0.745354
0.6987
0.782876
1.2614
1.25924
0.537058
0.860789
0.883432
0.467978
1.46605
0.698968
1.49889
0.9564
0.786672
0.92907
1.71262
1.24841
1.24794
0.572227
1.7242
0.827071
1.00323
2.01934
0.804098
0.339387
1.015
1.30778
1.72996
0.755059
1.1563
0.517183
1.00201
1.38773
1.12617
0.681788
1.05855
0.779477
0.858775
0.715876
1.06879
1.08306
0.884944
1.31148
1.1062
0.990555
1.13531
0.993265
0.517977
1.38256
0.834286
0.978346
0.882608
0.929634
0.616178
0.724981
1.21566
0.922624
1.50009
1.27951
0.67892
0.995264
0.844979
0.582172
0.856251
0.733474
0.757004
1.1674
1.17818
0.584884
0.429569
1.02144
1.00697
1.03758
1.15985
0.777247
1.02394
1.11373
1.09426
0.750062
1.19818
0.813354
1.01516
1.0001
1.20274
1.41619
0.922534
1.27974
0.734753
1.13853
0.897028
0.987506
0.932207
1.98625
1.1336
0.862851
0.638597
0.534726
0.795078
1.37293
1.59068
0.55752
1.83081
0.670015
1.05963
1.17138
0.640206
0.590189
1.36806
1.40017
1.17063
1.69682
1.09294
1.10209
0.693196
0.597148
1.62688
0.644828
1.26567
1.79313
1.63876
0.770899
0.769664
1.15557
0.687397
1.41642
0.972893
1.26027
0.692225
1.19789
0.763482
0.583284
0.723397
0.855972
0.72878
1.03169
1.35691
1.28666
1.41677
0.7355
1.30028
0.775679
0.984231
1.36855
1.16186
0.543069
0.876188
0.638456
1.14294
1.42716
0.641649
1.03517
1.05728
0.828468
0.463005
0.591549
0.966883
1.21711
0.849654
1.2346
1.09172
0.833178
1.05843
1.09204
1.01847
0.598537
0.926435
0.81583
1.73822
1.31019
0.839369
1.52517
1.25456
0.915712
0.714071
0.533733
0.970691
0.664135
0.724567
0.736225
0.547544
1.80492
0.999479
1.10834
0.891624
1.03154
0.749668
1.3141
0.689356
0.905379
1.10802
1.5423
0.910987
0.881557
1.03179
1.06923
1.11333
0.485354
1.42274
0.688907
1.26849
0.670991
0.953122
0.731969
0.558332
1.17386
1.63682
0.879888
0.678991
1.04371
1.3802
1.05661
1.32394
0.848207
1.03218
2.01015
0.801429
0.542132
0.986965
1.14114
0.967581
0.943863
1.23654
1.48336
0.629399
1.30193
0.839033
0.842299
1.00315
0.67142
0.485204
0.887292
0.914308
0.949657
0.953768
1.02162
1.33876
0.645568
1.10715
0.839343
0.678995
0.568952
1.68223
0.668535
1.44049
1.15703
1.19263
0.788629
0.808908
1.12815
1.15621
0.720773
0.777052
0.656631
0.870837
0.864699
0.90884
1.1994
0.759638
1.15499
0.65157
0.624822
1.24697
1.20347
1.34425
0.791617
1.04665
0.908362
1.30967
1.297
1.31795
0.968275
1.70789
0.958751
1.46795
1.34706
0.623347
1.09824
1.0854
0.909319
1.26929
0.846685
1.07513
1.37952
1.09501
0.796002
0.898501
1.34373
0.656109
0.953743
0.917578
1.40982
0.892517
0.996174
1.1413
0.760772
0.958312
0.964902
0.772513
1.04554
1.19184
1.62092
0.999351
1.19931
0.791643
0.903776
1.12318
0.79193
1.01789
0.418667
0.682602
1.34789
0.548729
0.94264
1.36263
0.590914
0.761829
1.51168
1.08457
0.653398
1.05437
0.851903
0.883001
0.938663
1.43531
1.28375
0.748651
0.983857
0.708777
0.812706
0.541469
0.857286
0.988029
0.532357
1.00486
1.32457
1.11432
0.703167
0.607345
0.709885
1.37718
0.713551
0.931993
1.46644
0.666744
1.55878
1.01916
0.884069
0.879868
1.47208
0.90243
0.635391
0.473664
1.51195
1.19734
1.07648
1.18048
0.91256
0.970492
0.954302
0.652233
0.664576
0.700465
1.36893
0.756586
1.33268
1.75438
0.566408
1.23251
1.35634
0.694534
0.885952
0.789836
1.36283
0.970718
1.18856
1.37583
1.03525
0.948779
0.948381
0.663496
1.11873
1.11303
1.05714
0.853572
0.549329
1.08473
0.589338
0.938872
0.931479
0.636013
0.687333
1.21635
0.658477
0.884646
0.472271
0.714231
0.582771
0.458882
1.26633
0.843027
1.21367
0.928507
0.66795
1.00518
0.994792
0.847918
0.614102
1.51454
1.49809
1.07365
0.749082
0.856571
0.881916
0.580813
0.942236
0.894175
1.35372
0.874077
0.531277
1.12196
1.28008
1.06116
1.45747
0.766768
0.927812
0.624871
0.786841
1.74091
1.53124
1.32424
0.966112
1.30525
0.981356
0.942596
1.08474
1.11604
1.05621
0.889614
0.896904
1.04051
0.532907
0.897195
0.716558
1.0701
1.27944
1.1288
1.39309
0.572262
1.0867
0.751342
0.787089
1.35164
1.09853
1.00439
0.895819
1.08013
0.832191
0.679066
1.33031
0.535954
1.24641
0.762665
1.05504
1.10284
1.04638
0.701323
1.38966
1.81762
1.31516
0.755333
0.589892
1.08005
0.533799
1.11812
1.04374
0.828113
1.214
0.973334
0.623533
0.978322
0.748883
0.63803
1.04753
0.802809
1.19673
1.07243
0.935492
1.61998
1.15355
1.11342
1.69969
0.913434
0.901932
0.866
0.8507
0.834933
0.961382
1.31723
1.32114
1.30864
0.609233
0.388104
1.0913
0.561453
1.19505
0.914257
0.554607
0.817362
0.661722
0.92167
1.10595
1.50081
0.964338
1.09359
0.99958
0.546986
0.675946
1.21279
0.827188
1.08916
0.677031
1.37968
0.978977
1.78859
1.25996
0.920944
1.15042
1.00553
1.62331
0.955573
0.642815
1.14715
1.0583
0.731708
0.934973
0.979006
0.799434
0.927734
1.10193
0.757407
0.635163
0.524034
1.06408
1.03149
0.989813
0.947821
0.825782
1.44614
1.79989
0.812306
1.33961
0.523716
0.846546
1.57059
1.65074
1.04443
1.26513
0.84221
1.09028
1.01502
0.669477
0.978856
0.612709
0.992298
0.791962
1.56685
1.13589
1.25896
0.820337
1.0416
0.687846
1.17615
0.715844
1.28016
0.918487
1.33372
0.758073
1.63619
1.14111
1.07454
0.987397
0.720957
1.14412
1.22245
1.29451
0.943374
0.72291
1.13968
0.912849
0.832004
1.43525
1.36897
0.498568
0.925803
0.985554
1.10204
0.810226
1.12046
1.46785
1.42675
0.66126
0.888967
0.744511
1.22489
0.924746
0.434203
1.60546
0.729749
0.950512
1.33674
0.822944
0.884236
1.12172
1.19121
1.15065
1.04875
1.04745
1.38694
0.769587
1.47023
0.915208
0.994003
0.801173
0.582709
0.997739
0.869588
1.24379
0.823383
0.951792
1.06259
0.651947
1.34403
0.727004
0.669097
0.996938
0.984448
0.93641
0.898597
0.463069
0.715143
2.30886
1.10594
0.681062
1.38441
1.06981
1.03778
0.786807
1.11448
1.21717
0.83584
1.25069
1.08824
1.1616
0.973187
1.2401
1.38761
0.573519
0.788492
0.791418
0.66406
0.629583
0.925675
1.17995
0.753983
1.02941
0.714028
0.714683
1.08804
1.16471
1.22544
1.30696
1.13368
1.06599
1.12757
1.36339
0.960031
0.978845
1.01981
0.888225
1.06375
0.890382
0.772635
1.0782
0.726759
0.918494
0.674227
0.85542
0.871041
1.0613
1.5002
0.830784
1.50215
1.34168
0.912442
1.65869
0.519126
0.979978
1.08012
0.956529
1.25305
0.960712
0.610299
0.694662
0.721237
0.805441
0.574382
0.963192
0.978058
1.51348
1.36609
0.716516
0.745251
1.67148
1.09067
0.815769
0.918892
0.627073
0.382706
0.731682
0.427282
0.577345
0.667965
1.09469
1.04832
0.930154
1.0077
0.808996
0.746254
1.4288
0.894687
1.32251
1.4727
0.784678
0.699121
0.927441
0.609974
0.439536
0.803009
0.956434
0.725018
0.624245
1.09889
0.992468
1.39802
0.899745
0.991716
0.864686
1.22782
0.390076
0.678225
1.2206
1.05374
1.30173
0.717631
0.955081
0.547262
1.19743
1.69205
1.25357
0.813572
0.746619
0.598187
0.838506
0.917205
0.724283
1.46254
0.635147
1.67992
0.699957
0.92898
0.83683
1.01666
0.746189
1.17051
1.58105
0.62985
0.963976
1.30158
1.35112
1.01068
0.792159
0.557643
0.921365
0.964297
1.13912
1.19874
0.852583
0.571575
0.550817
0.834598
0.846141
0.819019
1.30877
2.30652
1.45218
1.00854
0.414456
1.34682
1.58782
1.0329
1.70952
1.19804
1.29729
0.79349
0.843744
0.732824
1.12269
0.84002
0.718274
1.15964
0.207131
0.982202
0.525741
0.793489
1.3958
1.81912
1.08859
1.49535
0.82392
1.20504
1.23377
1.20155
1.27923
1.42652
1.02689
0.617301
0.610874
0.823356
0.824146
1.17745
0.952858
0.642609
1.16729
0.87266
1.16093
1.12675
1.52147
0.695859
0.656569
1.44713
1.38209
0.743287
1.04543
1.12231
1.21482
0.756559
1.04406
0.658302
0.977299
1.33698
0.792533
0.603438
0.887259
1.31414
1.16011
1.26619
0.877056
1.31305
1.20469
0.866509
1.56119
1.21205
0.678905
0.735526
0.556078
1.78571
0.859037
1.12517
0.986841
0.811945
0.768465
1.34522
0.592105
1.48042
0.911078
0.673394
0.905875
0.374963
0.894068
0.634309
0.945301
0.99045
1.03929
0.898238
0.762346
1.08989
0.914444
1.28405
1.11883
0.802282
0.43335
1.00889
0.836004
1.34701
0.935323
1.44697
0.976481
0.87108
1.87768
0.779472
0.848365
1.07326
0.918511
0.920707
1.11957
0.469263
1.09972
0.751506
1.22292
0.438621
1.10621
1.8323
1.25245
1.59024
0.910059
1.11474
1.21021
0.737973
0.953588
0.619307
1.11329
0.932497
0.991429
0.680131
0.791746
0.87418
1.47977
1.6786
1.22507
1.06272
0.937315
0.596371
1.49752
1.35612
0.980691
1.06161
1.10459
0.702014
0.988816
1.10239
0.975085
1.05103
1.12507
0.447008
0.783145
0.235348
0.750296
0.855805
0.965264
1.48007
1.37232
1.48561
1.00306
1.11462
0.585015
1.25782
1.19277
1.3916
0.567536
0.86928
0.800184
0.698464
0.639589
1.0666
1.50968
1.82178
0.672022
1.01927
0.726367
0.806048
0.496677
0.801209
0.849956
0.634302
1.43517
1.21131
0.818485
1.14617
0.790254
1.15181
0.778004
0.86414
0.543978
0.979859
1.18881
1.70151
1.15137
0.642563
0.678524
1.22936
1.31483
1.27331
0.650402
1.48709
1.04866
1.23338
0.833139
1.05632
1.27206
1.24314
1.7404
1.35802
1.14326
0.81686
0.877533
1.59064
1.14761
1.32363
0.800702
1.2454
1.58521
1.14584
0.918059
1.25384
0.495312
0.928726
0.757535
0.632471
0.601786
1.17653
0.931482
1.15849
0.926874
0.834499
0.761598
1.16949
1.41935
1.10328
1.28781
1.133
1.2279
0.974673
1.3009
0.89748
0.701578
0.740946
1.30784
1.03621
1.58604
0.846381
0.891335
1.23852
0.664949
1.12147
1.16082
0.428391
0.981035
0.388437
0.98532
0.973462
0.645758
1.16181
0.763076
0.887496
1.20027
0.857016
0.898816
0.940188
0.893737
0.98856
0.940533
1.32208
1.30143
0.973163
1.45708
0.366014
0.912342
0.670177
1.1897
1.30129
1.23532
1.13105
1.09672
1.27254
1.65708
1.054
1.56177
1.15221
0.612575
0.799466
1.16416
1.1116
1.01996
1.42987
0.362846
1.34594
1.065
0.654113
1.06605
0.555921
0.65781
0.738124
1.08098
1.2131
0.702636
0.740759
1.44163
1.78913
0.903008
0.556151
1.56598
1.00992
1.34622
0.527184
0.745395
0.937199
1.19402
0.924604
1.4299
1.03966
0.622929
0.55024
0.809184
0.975592
0.761612
0.855861
0.739864
1.37876
1.10858
1.41788
0.658383
0.770322
0.642137
1.25518
0.884058
1.47435
1.36713
0.660228
0.886535
0.61796
0.61043
1.33694
0.946611
1.08076
0.725093
0.782152
1.35188
0.629565
0.880394
0.927265
0.411162
0.425232
0.953636
1.15853
0.919052
0.923566
1.16977
1.1295
0.573937
0.909185
0.581641
1.20434
1.22948
0.836224
0.95722
0.516592
0.934283
0.65731
0.781794
0.749079
1.39059
0.646684
0.666882
0.64442
1.26695
1.61995
0.771095
1.0874
0.92827
1.09665
1.15071
0.629328
0.799667
1.60241
1.05793
0.872431
0.632618
0.965765
1.16098
1.37054
1.2951
1.01425
0.964538
0.974685
1.55225
0.600118
1.46645
0.827413
1.06185
0.852501
0.65516
0.857263
1.30202
0.889952
0.956201
1.1919
0.967938
0.675789
0.886644
1.08165
1.20762
0.895355
1.53565
1.29677
0.758391
1.2054
0.817867
1.19428
0.508367
0.944429
0.84065
0.80035
0.767723
1.06232
0.411658
0.671158
1.0586
0.522159
0.879752
0.970589
0.911625
1.43366
1.08963
1.11587
0.793048
1.49936
1.43374
0.589972
0.595747
0.650438
0.705863
0.858612
1.04789
1.9016
1.0367
1.08704
1.03858
0.825838
0.703641
1.20385
0.976465
0.626484
1.12307
1.2394
1.39327
1.88747
1.64069
1.19181
0.83431
1.30803
1.20852
1.03707
0.673045
1.58555
1.05014
0.722413
0.798676
0.687357
1.23498
1.01081
0.705779
0.846961
1.22409
1.40912
0.815793
0.971623
0.947612
0.81114
2.03056
0.581634
0.886102
0.678159
1.46883
0.941099
1.29245
0.800973
1.18866
1.5323
0.478583
1.45128
1.23594
1.19177
1.41667
1.06403
1.08003
0.404137
0.809475
0.889582
1.05471
1.57143
0.956532
1.43578
0.855854
1.40657
0.586334
1.05362
1.14861
0.794369
1.01833
1.14003
0.722783
1.15207
0.50537
0.737376
0.705723
0.950806
0.924848
0.948773
0.517681
1.2025
1.0672
0.69455
1.56047
0.906906
1.01827
1.0093
1.2768
0.642088
1.02613
1.10764
0.823395
0.443984
1.50058
0.507197
1.62631
0.930824
1.05735
0.86897
0.966218
0.590925
0.699687
1.07741
1.12036
1.05919
1.49357
1.414
0.493072
0.930492
0.566369
1.44403
0.951401
0.86789
0.688216
0.865044
1.13456
0.930141
1.14726
1.01195
0.925037
1.06748
0.828167
0.800526
1.17611
0.719339
0.944592
0.721692
1.09095
1.08203
0.893017
0.782727
0.916939
1.02568
0.891524
1.57283
0.932447
1.23924
1.09872
0.576561
0.907158
1.12954
0.717479
1.04197
0.81993
0.676737
0.931843
0.646127
1.55284
1.33716
1.14136
0.523056
1.10212
0.902529
0.98373
1.42346
0.928223
1.34682
0.717781
1.06067
0.848293
0.461635
0.591644
1.00263
1.37878
0.615707
1.20813
0.976316
1.18099
1.24812
0.58951
0.916629
0.836577
0.795983
1.91439
1.50914
1.30104
1.39228
1.06298
0.622085
0.776959
1.05265
0.866239
1.82004
0.902546
1.40221
0.795845
1.13392
1.01557
0.661486
1.04001
1.54359
0.489253
1.33668
0.942203
1.12056
0.877111
1.22292
0.883585
0.879341
0.682059
0.652399
1.71324
0.829308
0.743882
0.698337
0.930401
1.73383
0.427634
0.664984
1.15472
0.80319
1.0965
1.05945
1.60069
0.827823
1.11672
1.24633
0.936347
1.18392
0.998567
0.921326
1.24933
0.687679
0.862747
0.628433
1.48961
0.948876
1.53486
0.625505
0.809834
0.777226
0.805906
0.851739
0.900113
1.42111
1.41635
0.834728
1.29803
0.711262
0.751982
1.53359
0.828663
1.06807
1.66073
1.0986
0.716165
0.904087
0.852556
1.13515
1.01738
1.10204
0.760688
0.831188
1.40369
0.792315
0.603775
0.816314
1.16367
0.637993
1.13119
0.915521
1.11154
1.32591
0.935754
1.35028
0.83034
0.982986
0.977808
1.12356
0.853189
0.975219
0.851251
0.663872
0.624694
0.559026
1.73692
1.07786
0.765863
0.826884
1.71983
0.826513
1.49656
2.12261
0.777387
1.11441
1.13042
0.832138
1.10047
0.594275
1.52729
0.761169
1.28188
1.05015
1.35886
0.832956
1.12967
1.10088
0.847735
0.906504
0.607173
0.736682
0.593466
0.852386
1.62636
1.05855
1.36272
0.734009
0.534181
1.06974
1.2536
0.933082
0.78625
0.924719
1.00459
0.948535
0.993901
1.28687
0.962894
1.52584
1.10616
0.507232
0.953235
1.57102
1.22565
1.21394
0.936196
1.32501
0.98288
1.07927
1.48099
0.663607
0.762001
1.08021
1.36096
0.860671
0.610296
1.15468
0.835916
1.45759
0.818532
0.824843
1.14586
1.04232
1.05753
0.663598
1.47498
0.476972
1.141
1.36892
0.634218
0.842994
1.59109
1.30759
1.11897
0.738941
0.942261
0.943056
0.847214
1.2481
1.37818
1.34199
1.40135
1.25412
0.827322
0.929736
0.866463
1.54691
0.873094
1.00162
1.37332
1.15998
0.646984
0.638665
0.997633
1.34577
1.03211
0.84879
0.757582
0.923271
0.988142
0.625437
0.989282
1.98084
1.51173
0.966176
0.922096
0.692739
0.836374
0.667051
0.990552
1.35047
1.16016
1.13222
0.525413
1.65753
1.01233
1.16627
0.812675
1.57825
0.922878
0.774576
1.06179
1.06799
1.18562
0.981932
0.545105
1.09668
0.938819
0.972959
0.971646
0.807721
0.604776
1.07199
1.12214
1.5524
0.583887
0.50109
0.472212
1.11578
1.19936
0.690411
1.22742
0.756647
0.763554
1.00643
0.701345
1.22189
1.06254
0.853699
1.44677
1.04898
1.22087
0.733494
1.25349
1.05882
1.07234
0.959199
1.02238
1.06889
0.811812
0.517632
0.780218
0.989701
1.33225
1.05165
0.947027
0.93741
1.25168
1.03565
1.3236
1.11831
