0   3.36009   0
100   3.33518   0.0249111
200   3.32588   0.0171305
300   3.33134   0.0132888
400   3.32642   0.0114101
500   3.31995   0.0113394
600   3.32259   0.00993946
700   3.3209   0.00877138
800   3.32158   0.00776528
900   3.31749   0.00806292
1000   3.31712   0.00730262
1100   3.32074   0.00758688
1200   3.3218   0.00705976
1300   3.32343   0.00673527
1400   3.32285   0.00629724
1500   3.3196   0.0067258
1600   3.32209   0.00679035
1700   3.31888   0.00716013
1800   3.3204   0.00694168
1900   3.3194   0.00666216
2000   3.32019   0.00638667
2100   3.31918   0.00617234
2200   3.32027   0.0059973
2300   3.32015   0.00574328
2400   3.32146   0.00566314
2500   3.32129   0.00544367
2600   3.32003   0.00538819
2700   3.31791   0.00560858
2800   3.31841   0.0054352
2900   3.31935   0.00533465
3000   3.3201   0.00521284
3100   3.32137   0.00520651
3200   3.31979   0.00528745
3300   3.31887   0.00521294
3400   3.31875   0.00506305
3500   3.31834   0.00493778
3600   3.31672   0.00506991
3700   3.3162   0.00496171
3800   3.31718   0.00493206
3900   3.31709   0.00480805
4000   3.31685   0.00469545
4100   3.3164   0.00460443
4200   3.31644   0.00449623
4300   3.31695   0.00442237
4400   3.31802   0.00445515
4500   3.31849   0.00438171
4600   3.31851   0.00428752
4700   3.31959   0.00433316
4800   3.31949   0.00424485
4900   3.32068   0.00432472
5000   3.32049   0.00424329
5100   3.31997   0.0041925
5200   3.31912   0.00420135
5300   3.31953   0.00414306
5400   3.3198   0.00407608
5500   3.31904   0.00407406
5600   3.31963   0.00404515
5700   3.31854   0.0041211
5800   3.31959   0.00418588
5900   3.32047   0.0042075
6000   3.32035   0.00413962
6100   3.31972   0.00412158
6200   3.32007   0.00407151
6300   3.32078   0.00406922
6400   3.32053   0.00401423
6500   3.32032   0.00395825
6600   3.32085   0.00393453
6700   3.32071   0.00387864
6800   3.32123   0.00385625
6900   3.32131   0.00380177
7000   3.32144   0.00374994
7100   3.32216   0.00376767
7200   3.32157   0.00376327
7300   3.32147   0.00371339
7400   3.32146   0.00366357
7500   3.32105   0.00363741
7600   3.32116   0.00359138
7700   3.3218   0.00360239
7800   3.32118   0.00360906
7900   3.32149   0.00357687
8000   3.32139   0.00353394
8100   3.32132   0.00349126
8200   3.32105   0.00345904
8300   3.32071   0.00343458
8400   3.31981   0.00351119
8500   3.31932   0.00350498
8600   3.31955   0.00347211
8700   3.31942   0.00343478
8800   3.31924   0.00340086
8900   3.3196   0.00338191
9000   3.3192   0.00336846
9100   3.31885   0.00334983
9200   3.31808   0.0034018
9300   3.31849   0.00338984
9400   3.31933   0.00345896
9500   3.31941   0.00342359
9600   3.31949   0.00338896
9700   3.31881   0.00342066
9800   3.31854   0.00339734
9900   3.31821   0.00337899
