0   0.502985   0
200   0.496012   0.00697253
400   0.492961   0.00505085
600   0.494858   0.00404367
800   0.506394   0.0119542
1000   0.50699   0.00977867
1200   0.507175   0.00826656
1400   0.508615   0.00730235
1600   0.507601   0.00651939
1800   0.505419   0.00622598
2000   0.503605   0.00591647
2200   0.503193   0.00541669
2400   0.504593   0.0051757
2600   0.505949   0.0049798
2800   0.506531   0.00467233
3000   0.504886   0.00466973
3200   0.504607   0.00439533
3400   0.503789   0.00422381
3600   0.504561   0.0040692
3800   0.50366   0.00396431
4000   0.503827   0.00377454
4200   0.503199   0.00365333
4400   0.502786   0.00351521
4600   0.502301   0.00340035
4800   0.502191   0.00326336
5000   0.501825   0.00315661
5200   0.501589   0.00304663
5400   0.50102   0.00299029
5600   0.501032   0.00288536
5800   0.500854   0.0027932
6000   0.500704   0.00270579
6200   0.500935   0.00263002
6400   0.50124   0.00256736
6600   0.501995   0.00260253
6800   0.503536   0.0029598
7000   0.503759   0.00288503
7200   0.50309   0.00288452
7400   0.50356   0.00284665
7600   0.50354   0.00277277
7800   0.504052   0.00275074
8000   0.505084   0.00287448
8200   0.504764   0.00282345
8400   0.504168   0.00282074
8600   0.503582   0.00281747
8800   0.503583   0.00275415
9000   0.502306   0.00298128
9200   0.502016   0.00293151
9400   0.501519   0.00291251
9600   0.501401   0.00285489
9800   0.501214   0.00280343
