0.178966
0.677522
0.0177889
0.282658
0.998858
0.451619
0.440604
0.867673
0.481294
0.502925
1.34401
0.188408
0.537931
1.33648
0.153598
0.149209
0.220937
1.21762
0.865224
0.696342
0.783665
2.11227
0.060507
0.121282
0.334949
0.0387419
0.743497
0.883018
0.487245
0.271844
0.83547
0.0981166
0.00885708
0.320423
0.2728
0.56861
0.778596
0.924292
0.0220193
0.0889341
0.444105
0.839274
0.0675994
0.0179783
0.153937
0.752481
0.152305
0.707514
0.00207232
0.566153
0.118801
0.0128499
0.0270096
1.99631
0.642217
0.36498
1.35214
0.393918
1.29181
0.908426
0.233859
0.300763
0.140175
0.189111
0.127175
0.23234
0.00924241
0.369015
0.383859
0.386914
0.762999
0.0290631
0.12546
0.905964
0.154648
0.772056
0.775795
0.0303173
0.69603
0.0278151
0.145527
0.900348
0.0302357
0.0865143
0.260815
0.163654
0.144758
0.00334545
0.0340466
0.608319
0.203816
0.21685
0.00796816
3.84427
1.0566
0.159312
0.254479
0.0146936
0.363478
0.0316531
0.612928
0.784836
0.487343
0.622453
0.0365835
0.529449
0.997832
0.717928
1.09847
0.610795
0.333836
1.30694
0.0194432
0.680226
0.611642
0.206475
0.00777168
0.291032
1.53158
0.131097
0.595286
0.281042
0.229872
0.450067
0.1803
0.0721484
0.0742258
0.0488858
0.218311
0.498251
0.178941
0.891667
0.255083
0.289776
0.463907
0.0978359
0.180976
0.120606
1.01994
0.774482
0.427972
0.509007
0.090777
0.249461
0.0912298
0.489858
0.47685
0.109881
0.289635
1.21259
0.648149
0.477686
0.183778
0.355091
0.210685
0.161206
0.311664
0.843501
0.128251
1.28722
0.00568303
0.657185
0.252312
0.138759
0.489409
0.186376
0.0440837
0.174051
0.918466
0.305279
0.475597
1.10975
0.241769
0.307506
0.0964144
0.717702
0.0648721
0.585145
0.0680939
1.57983
1.14493
0.0353604
0.202064
0.0260647
0.959385
0.923187
1.25652
0.6935
0.978663
0.138866
0.506521
0.437438
0.341299
0.334424
0.173747
0.090308
0.537849
0.863097
0.202511
0.553014
0.0283493
0.343557
1.07507
0.74741
0.704719
0.124864
0.0533045
0.308943
0.587596
0.131491
0.467105
0.122881
1.91038
0.0608007
0.490928
0.0020109
0.480975
0.236492
0.0590496
0.40214
0.197835
0.814966
1.217
0.252376
0.389794
0.219922
0.535022
0.56277
0.22023
1.20087
0.516377
0.567184
0.0250574
0.0173822
0.0730559
0.102683
0.472917
0.17236
2.557
0.499646
0.269874
0.559766
1.6606
0.248425
0.760897
0.814741
0.77744
0.083972
0.0832326
0.665723
1.49166
0.211527
0.131638
0.45938
0.545843
0.182876
0.134753
0.142073
1.23723
1.38178
0.249309
0.178374
1.48533
0.332906
0.343392
1.71817
0.913034
0.097064
0.061484
0.178478
0.249767
0.351217
0.992142
0.440109
0.412152
0.785589
0.376588
0.00157839
0.433648
0.403603
0.166417
0.418186
0.706359
0.14911
0.112115
0.414815
0.954811
0.148456
0.0335698
0.0793622
0.669284
0.135386
0.311318
0.0612025
1.40887
0.0482337
0.0317477
0.126365
1.47772
0.16401
0.510972
0.092903
0.0571328
0.390483
0.603704
0.528294
0.354493
0.229556
0.456431
0.0466582
0.436224
0.183761
0.0974765
0.455296
0.0357571
0.497858
0.413603
0.0828508
0.190064
0.949203
0.169811
0.10563
0.244161
0.0941274
0.275507
0.835011
0.608874
0.255174
0.237876
0.779665
0.361118
0.419038
1.28014
0.133737
0.707432
0.222241
0.491021
0.473278
0.199159
0.0445211
0.00755489
0.101213
0.312432
0.760483
0.343862
0.260696
0.102761
0.0809556
0.322427
0.516761
0.427348
0.162357
0.503512
0.115216
1.60843
1.84071
0.233528
0.307011
0.973774
0.185795
0.473352
1.72387
0.278543
0.477957
0.272746
0.296537
0.0339486
0.267228
0.0401834
0.0797665
0.0113305
1.58162
0.241545
0.125037
0.144564
0.201278
0.474655
1.1408
0.216432
0.243461
0.699361
0.00187866
1.02382
0.369154
0.191283
0.622296
0.361149
0.000734141
0.582898
0.215851
0.108795
0.91039
0.433667
0.890093
0.169289
0.226524
0.975409
0.549332
1.2669
0.323607
0.794753
0.682414
0.34703
0.651644
0.155087
0.978098
0.451191
0.405373
1.09091
0.342242
0.423911
0.653064
0.245976
0.210607
0.331914
0.91317
0.229781
0.239695
0.0353011
0.219173
3.12438
1.54973
0.938765
0.143791
0.299797
1.12183
0.267694
1.0545
1.77189
0.0179994
0.101235
0.999176
0.105054
0.354516
0.261709
0.109151
0.00610708
0.119326
0.0313992
0.0367612
0.0164939
0.0211901
0.0322816
0.645002
0.731375
1.72718
0.177856
0.350308
0.171578
1.60657
0.337094
0.545999
0.0558166
0.11032
1.37164
0.129824
0.00521256
2.52077
2.21529
0.00299839
0.296448
0.291831
0.150445
0.306062
0.371171
1.39627
0.197666
0.107069
0.00915556
0.288548
0.273453
0.839405
0.385902
0.261874
0.201045
0.811398
0.440402
0.00186716
0.487518
0.908884
0.0187266
0.531377
0.158515
0.00564454
0.967528
0.0443211
0.694691
0.0306694
0.34349
0.241721
0.191752
1.35118
0.0303663
0.036335
0.28106
0.331241
1.3638
0.560387
0.227804
0.1165
0.299064
0.0787909
1.49784
0.985317
0.0904384
0.856478
1.10314
0.263948
0.295734
0.475909
0.160235
0.352111
0.18151
1.81454
0.0977322
0.00109534
1.46084
0.533242
0.277093
0.915412
0.00495159
0.0178324
0.146463
0.511344
2.55422
0.0156094
1.35264
0.041459
0.148091
0.102617
0.0693409
0.542434
0.255786
0.517845
0.658525
0.753903
0.364867
1.10145
0.463122
0.388911
0.0954217
0.813914
1.27239
0.0454725
0.0818367
0.0167186
0.768778
2.46735
0.580529
0.163541
0.0651913
0.622786
0.333124
0.0830011
0.633017
0.148324
0.239704
0.0440264
0.836742
0.482252
0.562225
0.290884
0.0359029
0.88308
0.339969
0.017471
1.90491
0.338497
0.563252
0.22368
0.555141
0.54105
0.814194
0.819399
0.570167
1.26771
1.3343
0.194926
1.16228
0.306307
0.604263
0.163299
0.648776
0.0651684
0.143273
1.14695
0.240345
0.185462
0.00461848
0.295027
0.363356
0.870114
0.111316
0.372728
0.125077
0.260062
1.37362
0.0643184
0.212005
0.564917
1.17873
0.414382
0.131782
0.0197656
0.164309
0.0287749
1.74111
0.126399
0.400416
1.36083
1.01796
0.358661
0.428887
1.14811
0.0253628
0.0512166
0.0664334
0.199674
0.314028
1.05126
0.140847
0.564618
0.150182
0.518562
1.52286
0.126325
0.195772
0.655402
0.00689398
0.0974629
0.158626
0.56849
0.286895
0.435166
0.483505
0.312748
0.922118
0.697397
0.489041
0.32705
0.0257036
0.14166
0.683697
0.428193
0.301349
0.466261
0.382285
0.401031
0.0697604
0.387792
0.572371
0.506701
0.0779382
0.545061
0.0742731
1.20699
0.166322
0.412819
0.192367
0.526742
0.0163518
0.383656
0.185333
1.53405
0.18708
0.0685623
0.13437
0.238016
0.0569147
0.00043673
0.156093
0.0584068
0.340024
0.0403802
0.23361
0.106764
0.420615
0.639945
0.32417
0.473446
0.664081
0.0125481
0.174418
0.82963
0.702892
0.573089
0.00358558
0.702764
0.600891
0.190526
0.135453
0.0206797
0.607209
0.00867026
0.321965
0.0139784
0.182258
0.0738662
0.0307874
0.24533
0.963141
0.398186
1.43219
0.260082
0.106422
0.172328
0.202567
2.64714
0.674705
0.252766
0.690217
1.74791
0.580239
0.14171
0.201374
0.0048995
0.486931
0.394087
0.0598679
0.857484
0.485505
0.322565
0.310271
1.59711
1.87533
0.108752
0.456776
2.28374
1.20593
0.0309726
0.794249
0.104459
0.338604
0.0535656
2.56201
0.677492
0.136513
1.02572
0.742659
0.848637
0.787257
1.25681
0.0145472
0.145942
0.265083
0.267591
1.23068
2.15108
0.332561
0.920201
0.330192
0.129646
1.5319
0.545733
0.24177
0.31617
0.191107
0.34564
0.588779
0.345389
0.255481
1.04373
0.521633
1.07934
0.132746
0.127706
0.121821
0.0337007
0.231216
0.298957
0.0688941
1.54037
1.35884
0.221145
0.395492
0.277824
2.06845
0.321355
0.652998
0.155491
0.092942
0.146379
0.0404612
0.199611
0.32486
0.384037
0.277859
0.0489624
0.280833
0.0799923
0.186433
0.192453
1.57571
0.841924
0.652743
0.606938
1.58811
0.912896
0.148083
0.523134
0.0758507
0.180119
0.630968
0.429058
0.0393628
0.390206
0.199457
0.117204
0.549423
0.186629
0.489085
0.599722
0.557309
1.76174
0.589672
0.12375
0.0357927
0.0625548
0.316768
1.31494
0.273706
1.30172
1.39558
0.237929
1.03397
0.770652
0.0553929
0.0582613
0.747245
0.16966
0.159792
0.067901
0.276005
0.804659
0.1258
0.166711
0.0520984
0.237818
1.56277
0.368253
0.0102357
0.08952
0.212664
1.08329
0.296506
0.0968658
0.491766
0.0189457
0.649288
0.0631611
0.51196
0.252529
0.272872
0.782175
0.227743
0.213095
0.858869
0.373349
0.31529
0.196005
0.162507
0.00315928
0.974979
0.805031
0.132129
0.195919
0.031082
0.846068
0.0332439
0.349157
0.874555
1.50922
0.438325
0.139818
0.261963
0.376207
1.08217
0.500064
0.052957
0.0154044
0.282643
0.112996
0.347461
0.536862
0.499115
0.190926
0.0455945
0.680093
0.105223
0.297837
0.29411
0.130131
0.337371
0.724526
0.114988
0.120083
0.961147
0.514632
0.488051
1.18381
0.229644
0.154065
1.30495
0.14109
0.0673877
0.426345
0.0433995
0.542803
2.04746
0.20957
0.291909
0.251874
0.851657
0.121281
0.463992
0.542411
0.915255
1.94673
0.602207
0.413453
0.350715
0.118801
0.386733
0.574203
0.370423
0.351394
0.403689
0.00502535
0.18898
0.68425
0.265746
0.168285
0.930291
0.0295722
0.0604581
0.875295
0.313897
0.0154611
0.391842
0.772959
0.122422
0.181316
0.00972181
1.12325
0.553879
0.239653
0.298038
0.947218
0.22357
0.154913
0.188593
0.278218
1.1455
2.33952
0.604355
0.129214
1.18139
0.702136
1.03139
0.0287998
0.0862638
0.0765908
0.0253962
0.902001
0.831199
1.75247
1.15896
0.196634
1.00265
0.461266
0.0638215
1.17035
0.46279
0.21219
1.38219
0.135993
0.13476
0.298799
0.810093
0.353664
0.284311
0.50336
1.70497
0.150544
0.559197
0.316598
0.389027
0.109975
0.495211
0.507963
0.840223
0.918151
0.394479
0.48327
0.0955928
1.08933
0.0306179
0.776613
0.701684
0.0801795
2.22512
0.971507
0.606878
0.295333
1.62527
0.0256401
0.338312
0.145383
0.228717
0.847283
0.268484
0.723546
0.0323216
0.176338
0.0247029
0.333418
1.21744
0.380687
0.0863891
0.126018
1.03394
0.312376
1.24506
0.08047
0.562705
0.310491
0.124471
0.557093
0.800529
0.196606
1.11133
0.0305573
0.285972
0.479448
0.158568
0.0576582
0.22654
0.71924
0.240331
0.826847
0.315566
0.446761
0.063355
0.141018
0.178059
0.942303
0.65842
0.699181
0.0990531
0.571191
0.489448
0.0730638
0.291841
1.18568
0.0406799
0.00340758
0.373562
0.0710306
0.0418001
1.26036
0.377054
0.0450636
0.457075
0.777672
0.934443
0.953955
0.408323
0.431266
0.789618
0.583474
0.56395
0.381872
0.162347
0.505913
0.177586
0.225153
1.86974
0.640672
0.269304
0.0944128
0.163613
0.0774631
0.0405614
0.159548
1.05218
0.71806
0.156822
1.16724
1.2453
0.262794
0.519756
0.461782
1.05781
0.160905
0.0236471
0.547606
0.419711
0.749248
0.923509
0.0847239
2.02789
0.0375265
0.391621
0.172556
0.309967
0.41681
0.710342
0.152191
1.05485
0.33898
0.0938035
0.0484549
0.0459643
0.625228
0.316626
0.0967454
0.167999
0.18135
0.367864
0.164563
1.10131
2.38248
0.137271
0.893332
0.232021
0.0708879
0.474882
0.158196
1.1802
0.0891052
1.07067
0.170041
0.304714
0.312479
0.65855
0.286768
0.0179605
0.596642
1.62323
0.273192
0.230225
0.000183915
0.106848
0.246884
0.307995
0.16984
1.30849
0.586023
0.922699
0.121592
0.0872911
0.180211
0.262969
0.414357
1.26731
1.15145
0.0777226
0.46981
0.646325
0.0639379
1.31896
0.990784
1.87277
2.17357
0.733351
0.0399349
0.853457
0.92213
0.449345
1.822
0.535171
1.07868
0.299701
0.19767
0.155399
0.165993
0.111091
0.0636981
0.720369
0.312799
0.00439705
0.0589057
0.183753
1.12538
0.245458
0.188728
0.567413
0.316963
0.478526
0.240049
0.108838
0.223297
0.973618
0.383098
0.0846591
0.0828353
1.37778
0.122892
0.113611
0.607208
0.231841
0.931048
1.11534
0.0871367
0.165312
0.44963
0.13923
0.555574
0.0546742
0.759266
0.057459
0.94277
0.283734
0.513288
0.497748
0.028925
0.0140439
1.30268
0.356849
1.2437
0.0495782
0.107503
0.0380405
0.346192
0.00875435
0.457773
0.360904
0.792115
0.0307308
0.860359
1.0218
0.059187
0.0661618
0.0535664
0.256344
0.703337
0.0687595
0.463795
0.354537
3.20106
0.0409097
0.91116
0.099957
0.100319
0.39776
0.105448
0.219909
0.297261
0.328652
0.00892884
0.236604
0.853074
0.199881
0.392707
0.00140926
0.0841313
0.225134
0.241323
0.549588
0.0823173
0.0812653
0.0274233
1.17138
0.258479
0.862936
0.574127
0.23817
0.226778
0.73844
0.19519
0.323165
0.508343
0.194327
0.135274
0.104608
0.341499
1.02142
0.0800692
0.387995
0.146002
0.912684
0.0269275
0.0236363
0.442609
0.00737025
0.607902
0.0466294
0.867378
0.422203
0.33434
0.211026
0.61432
0.0785389
0.00650307
0.715297
0.165878
0.0931778
0.284852
0.513756
0.613897
0.216046
0.100395
0.0432371
0.809969
0.432332
0.253273
0.992959
0.45295
2.06402
0.759385
0.451984
0.185146
0.277999
0.611098
0.84266
0.149816
0.131432
0.0359339
0.157625
0.57
0.611666
0.230401
0.0626063
0.056676
0.0654611
0.358118
0.180494
0.624286
1.46037
0.895013
0.0913194
0.004224
0.537331
0.131541
0.169139
1.80136
0.313367
0.0111664
0.491293
0.412766
0.131641
0.569223
0.0399783
0.364417
0.285383
0.589001
0.0615129
0.27566
0.913419
0.97229
0.111683
0.251592
0.306279
0.0654629
0.149086
1.81123
0.612828
1.42996
0.441602
0.448931
0.0874523
0.555775
0.00665213
0.0726634
1.0525
0.0661498
0.434433
0.983211
1.00749
0.475667
0.248225
0.495331
0.0484601
0.793812
0.647015
0.368299
0.986773
0.0297574
0.00457694
0.185805
0.83759
0.0676231
0.504664
1.92538
1.44714
0.328346
0.648405
0.479359
0.556692
0.135559
0.262849
0.105937
0.0177111
0.601808
0.497334
0.235685
0.72844
1.35769
0.353474
1.06154
0.254439
0.609351
3.02702
0.323066
0.149814
0.0331083
0.733372
0.541953
0.741668
1.31539
0.402182
0.00747344
0.368873
0.0786709
0.203406
0.517464
0.0459783
0.013387
0.179277
0.522631
0.678181
1.16883
0.475614
0.229163
0.809608
0.135616
0.39387
1.01911
0.168191
0.836753
0.102954
0.0868123
1.47823
0.791938
0.159078
1.22796
0.261936
0.474166
0.3271
0.114519
1.12893
0.63626
0.0298191
1.06095
1.58286
0.0460272
0.307397
0.606328
0.411135
0.466666
0.89144
0.336544
0.441641
0.0824587
0.0836845
0.411259
0.197083
0.6627
0.285739
0.578913
0.556386
0.32699
0.945217
0.0302163
0.160919
0.00291432
0.658681
1.72442
0.549301
0.405084
2.50765
0.921225
0.360108
0.842545
0.129476
0.0119052
1.18063
0.035223
0.337864
0.316563
0.180398
1.7683
0.497907
0.757959
0.00210167
0.0585826
1.21926
0.398185
0.38978
0.178987
0.436208
0.398044
1.58283
0.403165
0.237439
0.127438
0.590632
0.289615
1.21897
0.222561
0.748396
0.233178
0.239687
0.311526
0.600028
0.586139
0.0986401
0.00587512
0.0314058
0.358256
0.522948
0.114751
0.469197
0.46927
2.6662
0.576103
0.187343
0.0642327
0.164562
2.25407
0.629128
0.109889
0.615756
0.120755
1.4039
0.618432
0.971115
0.0895167
0.838571
0.145838
0.203265
0.243932
1.46854
1.05607
2.05149
0.117985
0.969005
0.363656
0.209536
0.578294
0.0480161
0.990252
0.84606
0.039242
0.763983
0.817942
0.998061
0.0497405
1.29998
0.065043
0.33932
0.642674
0.376296
0.165779
0.110193
0.339172
0.436695
0.577532
0.0673203
0.204876
0.224906
0.290148
0.0511777
0.114102
0.266004
0.742081
0.000748464
0.778386
0.442587
0.11787
0.145386
0.0708589
0.519766
0.487807
1.93435
0.0710892
0.230101
1.17008
0.464766
0.672191
0.0698266
0.065839
0.642452
1.00128
1.8255
0.275539
0.601131
1.25434
1.05194
0.0585294
0.215359
0.752102
0.0368321
0.199104
0.0605977
0.349485
0.564952
0.752842
0.209493
0.0375943
1.05981
1.48397
0.121021
0.821613
0.183583
0.667516
0.0931221
0.194713
1.45268
0.760732
1.38039
0.099208
0.0285712
0.709332
1.379
0.528181
0.0419162
1.02283
0.0592106
0.0388799
0.0782838
0.101426
0.442905
0.139593
0.498416
0.762955
1.74793
0.437123
0.306051
0.225891
0.647741
1.65472
0.473419
0.0816255
0.98373
0.806976
0.334653
0.177229
1.24321
0.363044
0.341876
0.384176
1.99011
0.626248
0.913453
1.29953
0.343348
0.0415373
0.302782
0.440483
1.51025
0.408282
0.744797
0.096302
0.233857
1.03613
0.641692
0.0650209
0.270454
0.882906
0.196594
0.0292773
0.025802
0.387293
0.239214
1.21313
0.429601
0.151751
0.162203
0.465576
0.114309
0.412886
0.210845
0.240243
0.301594
0.0953937
2.23117
0.368074
0.383626
0.178968
0.512299
0.385534
0.0552822
0.454842
0.274215
0.740788
0.182763
0.243818
0.0613243
0.688673
0.356
0.439038
0.0177345
0.207046
0.00472026
0.312242
0.520102
1.16882
0.882631
1.57815
0.129036
0.39539
1.41184
0.226232
0.550738
0.705445
1.8761
0.485741
1.38482
0.142036
0.0406686
0.817757
0.184249
1.56684
1.63986
0.192343
0.515763
0.150185
0.515809
0.769909
0.896598
0.328229
0.21794
0.273873
0.408409
0.0674207
1.85752
0.571799
0.115539
0.662084
0.222438
2.41855
0.0473017
0.192026
1.34184
1.98135
0.423954
0.51341
0.388739
1.47494
0.797842
0.362791
1.29271
0.229294
0.142234
0.398148
1.3692
0.542761
1.88272
0.377012
1.19031
0.46661
0.253709
0.475064
0.357246
0.8376
0.819295
0.907822
0.0727194
0.231058
1.85506
0.730475
0.156843
0.553203
0.340904
0.33775
0.226819
0.697282
0.675415
0.0493215
0.042573
0.225811
0.181794
0.283538
0.173237
0.743019
0.110667
0.560768
0.219265
1.39431
0.317143
1.39806
0.341536
0.555528
0.0720037
0.545297
0.0103947
0.109516
0.0243831
0.0247902
1.0766
0.102163
0.0524657
0.26275
2.19881
0.350032
0.423108
0.250819
0.800174
0.292519
0.537474
1.98551
0.113956
0.788825
1.66384
1.01837
0.121592
0.188597
0.33813
0.327789
0.704933
0.0231603
0.527293
2.45065
0.176553
0.231971
0.40179
0.963071
0.0314208
0.296478
0.0142385
0.658195
0.325316
0.718441
0.240406
0.918309
0.0628116
0.239151
0.371561
0.960863
0.540198
0.269872
0.252416
1.38787
0.0143707
0.0916274
0.242491
0.485609
0.600616
0.0296554
0.35808
0.00273987
0.388738
0.195866
1.51965
1.00838
0.199304
0.327767
0.797988
0.169803
0.136884
0.669034
0.748651
0.0429992
1.47582
0.3507
0.0160332
0.13249
0.0937564
0.999437
0.0793661
0.14547
0.147964
0.88664
1.82883
0.372953
0.0979332
0.468842
0.837328
0.525916
0.5035
1.11748
2.00407
0.131594
0.0141912
0.0355235
0.414256
0.732886
0.222557
0.329922
0.0925638
0.930396
0.366724
0.81457
0.0591958
1.31639
0.151837
0.499757
0.663238
0.258253
0.0984396
0.536668
0.16378
1.37103
0.16382
0.940812
0.172125
0.46905
1.11731
0.368816
0.993574
0.269436
0.32037
0.213705
0.0359646
0.0575933
1.08148
0.570345
0.690455
0.070508
0.409865
0.277726
0.623931
0.763939
0.753698
0.467453
0.932483
0.651813
0.707105
0.363878
0.0211792
1.45343
0.10686
0.114476
0.123028
1.46306
0.904841
1.08445
0.492341
1.37267
0.165154
0.434373
0.289067
0.171438
0.53043
0.0981628
0.184217
0.383342
1.40072
0.321353
0.453971
0.514441
0.0814801
0.179243
1.06418
0.029565
2.8665
0.251257
0.562216
0.0856425
0.855309
0.165881
0.0405267
0.836878
0.543032
0.29297
0.0339435
0.0530452
1.83184
1.04431
0.618299
1.38663
0.601806
0.471765
0.962211
0.0290881
0.787256
0.661673
0.211378
0.177365
0.236051
0.0697582
0.124092
0.0601567
0.0320767
1.4365
0.152674
0.209203
0.0434152
0.0861062
0.756391
0.159421
0.879154
0.567751
0.427187
0.228482
0.604126
0.622355
0.0138661
0.25209
0.636143
0.404096
0.225479
0.657966
0.15738
0.234462
0.0778606
0.347566
0.494938
0.0496178
0.350043
1.90666
0.191987
0.796059
0.25452
0.0992787
0.458475
0.30514
0.246047
0.730212
0.200576
0.337015
0.054242
0.15908
0.217285
0.133364
0.122599
1.08998
0.130246
0.796291
0.530376
0.708507
0.487573
0.736165
0.623676
0.208488
0.372282
0.144263
0.43234
0.0436185
0.643712
2.01975
0.0943025
0.827335
0.778082
0.910546
0.558868
0.925073
0.0638106
0.0885303
0.455786
0.232241
0.351161
0.924112
0.205509
0.897149
0.474572
0.563987
0.19227
0.385228
0.00180914
0.070522
0.0141393
0.0636058
0.832436
0.872023
1.77418
0.0641457
0.105917
0.847936
0.227044
0.597661
1.33226
0.295177
0.00342685
0.354186
0.0275097
0.134612
1.03514
0.915167
0.614372
0.036033
2.119
0.145634
0.418127
0.0977495
0.459312
0.0216036
0.106915
0.49616
0.828813
0.798745
0.376627
0.0792833
1.13875
0.923084
0.397846
0.875887
0.778569
0.253173
0.0524105
0.196492
0.396832
0.361109
0.462993
0.191019
1.6147
0.0290356
0.216302
0.501911
0.0564379
0.973885
1.02258
1.02755
0.264746
0.293588
0.0141619
0.0117382
0.835602
1.17433
0.00590766
0.437106
0.394972
0.219302
0.959693
0.720394
0.699871
0.3136
0.184382
0.0379628
0.0984748
0.193441
0.133978
0.042526
0.0560424
1.23695
0.438159
0.295015
0.0676977
0.299395
0.00193148
0.0161588
0.0966329
0.431074
0.134812
0.31271
0.438071
0.338808
1.38328
1.27974
0.702595
0.295933
0.409379
0.0728399
1.47602
0.303812
0.138969
0.019832
0.956983
0.804691
0.211228
0.306816
0.00290376
1.28229
1.22047
0.636796
0.138999
0.356391
1.30507
0.600577
0.262203
0.259723
1.203
0.0716336
0.303247
0.409888
0.147339
2.22411
0.120395
0.689706
0.347655
0.167377
0.929244
0.255498
0.238367
0.358392
1.44904
0.629382
0.679492
1.60883
0.103324
0.213794
0.755377
1.15432
0.0276387
0.247865
0.0480051
0.236378
1.02568
0.133259
0.254398
0.684203
0.00161237
0.0122259
0.272421
0.203803
0.113871
1.57047
1.23575
0.248014
0.136253
0.231954
0.206168
0.497797
0.439285
0.319083
0.857302
0.215935
0.145473
0.255524
0.48685
0.241601
0.252312
0.0355788
0.107818
0.786523
0.535284
0.398029
0.849326
0.715981
0.176804
0.393385
0.649847
0.461546
0.625231
0.280456
0.454842
0.227853
0.200241
0.0380549
0.311704
0.367653
0.0597872
0.0206032
0.225489
0.138641
0.643936
0.11243
0.0183882
0.737098
1.64216
0.0820587
0.594569
0.0670278
0.496328
0.321041
0.653806
0.326546
1.17907
0.402794
0.806685
0.0686505
0.050628
0.588045
0.467514
1.66817
0.037305
0.215838
0.97648
0.434591
0.452713
0.697781
0.0719936
0.664026
0.0963299
0.23925
0.184065
0.11501
0.0545777
0.258994
0.14483
0.613385
0.305449
0.105007
0.381285
0.11276
0.212804
0.0311452
0.591817
0.70731
0.269768
0.794723
0.069284
0.079371
0.100442
0.0407195
0.315853
0.177209
0.170974
0.565538
2.96761
1.11734
0.156677
0.461481
1.0766
0.0195337
0.0430581
0.0502064
1.02898
0.963101
0.112076
0.111582
0.163466
0.364858
0.51279
1.70493
0.403789
0.11954
0.0365945
0.0417581
0.565623
0.249715
0.576267
0.0107957
0.0572029
0.549352
0.040813
0.617903
2.99513
0.633997
0.0130536
1.76014
0.452954
0.225782
0.125925
0.0313237
0.0749732
0.673651
0.187887
0.849129
0.354361
0.473395
0.232923
0.493195
0.176642
1.03732
0.343791
0.169146
2.70983
1.05147
0.0423281
0.516664
0.0971473
0.561902
2.20182
0.527675
0.134918
0.243429
0.238907
0.642298
0.274076
0.497861
1.85277
1.36965
0.832224
0.283902
0.322989
0.170056
0.395648
0.507542
0.680315
0.53781
0.903119
0.131836
0.773906
0.927508
1.09974
1.21956
1.57226
1.06725
0.743724
0.639107
0.0288433
0.0896093
0.645594
1.89525
1.06992
0.197424
0.190811
0.265667
0.26364
0.00502295
0.396745
0.0814289
0.163328
0.970376
0.397697
0.823676
0.100995
1.18475
0.661336
0.64059
0.172681
0.333625
0.597783
0.285525
0.0300347
1.22464
0.200328
0.55009
0.0513412
0.300381
0.12589
1.16503
0.534029
0.0687586
0.380127
0.220097
0.144902
0.520976
0.59807
0.655825
0.0383492
1.24197
0.406918
0.175995
0.693222
2.36863
0.0108819
2.12001
0.0343385
0.416536
0.0392319
0.262657
0.505185
1.13557
0.90635
1.48593
0.419629
0.0993564
0.0775442
0.742168
0.532755
0.0909267
0.625382
0.109693
0.0296733
0.121627
0.498932
0.0891998
1.36138
0.0764992
0.516262
0.410876
1.19616
0.018868
0.413356
1.57647
1.31568
1.30969
0.578757
0.291368
0.175437
0.215045
0.319643
0.169428
2.82375
1.17572
0.121633
1.41278
0.336506
0.126275
1.19382
0.29521
0.985345
0.491138
0.0899443
0.0664681
0.277991
0.680312
0.379375
0.582613
1.26495
0.28214
0.942911
0.479113
0.196928
0.0465363
1.27472
0.493362
1.45065
1.14016
0.414192
0.300662
0.836483
0.0103068
0.0706809
0.256999
2.70981
0.213743
1.6637
0.9602
0.351647
0.258681
0.195778
0.653645
0.44864
0.165531
0.276867
0.12904
0.209348
0.300217
0.241969
0.853548
0.0622471
0.473301
0.0358393
0.155765
0.025862
1.04171
0.183072
1.2765
0.122784
0.0313287
1.46221
0.423979
0.0508579
0.0487654
0.223641
0.0243732
0.436344
2.74887
1.59502
0.506305
0.12061
2.70323
0.386219
0.0115447
0.96235
0.195371
0.39783
0.342654
0.0890856
0.488601
0.520814
0.652671
0.579368
0.943132
1.16979
0.449631
0.708564
0.203558
0.378923
0.998454
1.57849
0.667091
0.331383
0.713855
0.243419
0.692427
0.225987
0.0501029
0.0148353
0.234369
0.0204504
0.237636
0.140636
1.14684
0.647869
1.04758
0.421555
0.00941542
1.45561
1.42688
0.208136
0.392888
0.157641
0.444611
1.50247
0.0966372
0.590732
0.205586
1.15216
0.556692
0.0753613
1.42031
0.347706
0.468759
0.532376
0.0833569
0.200122
0.44575
0.0260625
0.910548
0.000450912
0.176295
0.973548
0.202512
0.0279802
1.4593
1.35432
0.0341489
0.600077
0.36792
0.272151
0.195093
0.560802
0.171186
0.235657
0.176906
1.02662
0.361121
0.412817
0.719281
0.664181
0.435232
0.692129
1.41774
0.310464
1.06887
0.477986
0.334081
0.0536153
0.121409
0.955205
0.223934
0.585625
0.0597867
0.214826
0.216008
0.277656
0.770359
0.0938319
1.34547
0.560634
0.0723902
0.046011
0.00525052
0.364055
0.977158
0.301921
0.137748
0.0514095
1.12417
0.443937
0.258453
0.392249
0.402008
0.0826249
0.405665
0.608306
0.262327
0.289095
0.0908842
1.43805
0.527521
0.387737
0.285055
0.0131548
0.53658
0.97083
0.605936
0.546283
0.223478
0.743701
0.00182789
0.0854044
0.0220362
0.100219
0.0059764
1.28075
0.500381
0.0319859
0.0355078
0.434678
1.1142
0.0575154
0.626748
0.0242696
0.151122
0.0964754
0.718612
0.0678649
0.723001
0.661336
2.03121
0.0903464
0.464243
0.0301616
1.34301
1.52645
1.30196
1.00877
0.181235
0.330168
1.66625
0.00656755
1.08675
0.0611787
0.341373
0.658691
0.0741011
0.671539
0.0995199
0.0201157
0.348683
0.725616
0.162287
0.0834039
0.483372
0.00966713
0.0238301
0.177166
1.89253
0.168708
0.177517
0.514386
0.331687
0.438937
0.404744
0.227247
0.732567
0.751656
0.29194
0.250558
0.208292
0.443477
1.10371
1.7017
0.279549
0.124007
0.302219
0.0743646
0.191169
0.520139
0.249296
0.12348
0.0866891
0.214292
1.01627
0.0095277
1.61571
0.0469589
0.325289
0.0141828
1.99263
0.860742
0.0719893
0.130258
2.3524
0.266383
0.578355
0.159276
0.229862
0.44517
0.218374
2.20843
0.16923
1.56966
0.539998
0.52587
0.0866875
0.413364
0.615986
0.47896
0.0339693
0.0779031
1.52439
0.530319
0.259498
0.465057
0.467388
1.70195
0.91887
0.691407
0.00150326
0.0162829
0.485178
0.615135
0.071367
0.139852
0.146578
0.445977
0.52248
0.182149
0.520986
0.689931
0.129635
0.238062
0.198696
0.838472
0.936215
0.259066
0.000569609
0.593278
0.292509
0.382108
0.0486668
0.32424
0.078896
0.216205
0.127868
0.172659
0.888807
0.0319176
1.02467
0.393221
0.572717
0.0152203
0.165155
0.202515
0.870459
0.159387
0.744871
0.408362
0.0898027
0.409742
0.37358
0.294063
0.415232
0.701949
0.0966719
0.17626
0.317518
0.384115
0.14685
2.07806
0.156538
0.493513
0.0357963
0.359047
0.0020804
0.357952
0.0677275
0.0596876
0.731897
0.0747936
0.186447
0.319197
0.0060143
0.291336
0.0713919
0.245265
0.172213
0.158508
0.714814
0.332263
0.309108
0.425924
1.6857
0.199178
0.00571426
0.552416
0.170044
0.885008
2.74159
0.128001
0.970596
0.174795
0.631355
0.0508959
0.381747
0.408913
0.766683
0.162161
0.0270886
0.714027
0.137656
1.1717
0.0587638
0.414886
0.896612
0.789093
0.0833224
0.433746
0.0086103
0.326857
0.669184
1.36401
0.393522
0.114775
0.36866
0.118258
0.181313
0.439712
0.329816
0.0950109
1.17437
0.577841
1.22248
2.09896
0.106788
0.448439
1.54228
0.0708841
0.767909
2.26169
0.202062
0.374539
0.423598
0.0918601
0.946484
0.558981
0.196003
1.07813
1.2625
0.0929831
0.595506
0.636101
0.821327
1.84551
0.185495
0.363356
0.279022
0.890581
1.16964
0.0257264
1.50782
0.103232
0.967788
0.428964
0.352377
0.128081
0.244461
0.0392526
1.33987
0.550112
0.344299
1.50662
0.519203
0.331739
0.623641
0.119507
0.425966
0.299039
0.0407431
0.610348
0.0975036
0.194589
0.00160037
0.0400641
0.397987
0.676467
0.330466
0.54931
0.111018
0.607288
0.216688
0.34982
0.553163
0.162483
0.285431
0.579897
0.731582
0.51494
0.0847534
0.420638
0.407034
0.0943556
0.050606
0.600798
0.00820378
0.134043
0.432002
0.172058
0.381003
0.364399
0.158479
0.0644599
0.0981342
0.167098
0.196166
1.66745
0.436621
0.288137
0.260782
0.837142
0.715149
0.00969282
0.204835
0.629171
0.118304
0.396388
0.334347
1.00118
0.138623
0.159855
0.966048
0.767065
1.23944
0.886745
0.149309
0.768955
0.867297
0.131229
0.445808
0.150006
0.850661
0.911125
1.22745
0.184515
0.800976
0.235969
0.298326
0.420335
0.721566
0.772426
0.523344
0.00881636
0.0517614
0.506178
0.313932
1.00466
1.53409
0.502606
0.0192386
0.119006
0.345993
0.944528
0.0734322
0.507228
0.674539
0.397046
0.196965
0.0311097
0.926676
0.550882
0.282757
0.2079
1.08722
0.164775
0.103028
1.51033
0.275428
0.832426
0.126097
0.568874
0.0204951
1.27614
0.312155
0.0916081
0.283886
0.0680571
0.713073
0.139718
0.582621
0.142354
0.789096
0.376002
0.0227696
0.249188
0.11632
0.514014
0.116803
0.294705
0.806403
0.320101
0.184007
1.45899
0.0100515
0.0117241
0.00133927
0.23698
0.991978
0.106939
0.470786
0.19728
0.0872212
1.16307
1.48701
0.656799
0.040185
1.12761
1.26624
1.14888
0.917306
0.447812
0.488357
0.258907
0.136639
0.013023
0.332568
0.0771074
0.399
0.105941
1.12168
0.173997
0.0973122
0.231029
2.37608
0.605727
0.567384
0.0489798
0.413623
0.164716
0.859666
0.213741
0.367093
0.513899
0.0101131
0.145811
0.726728
0.507749
0.823802
0.358957
1.02364
0.247774
0.936401
0.0391845
0.78188
0.216543
0.185948
0.169491
2.01032
0.788389
0.0523383
0.626417
1.00183
1.14837
0.0562673
0.185135
0.191194
0.265579
0.377938
0.793081
0.195932
1.2164
0.507488
0.233454
0.0694968
0.669406
0.209124
0.0727451
0.181161
0.896026
0.0158355
1.48517
0.342026
0.200045
0.0258128
1.10087
0.935909
0.107505
0.539713
0.341725
1.63785
0.027526
1.09503
0.648463
1.32721
0.280809
1.17094
0.236987
0.339588
0.413366
0.0506725
0.0693518
0.380822
0.184917
0.156476
0.0480617
0.117744
1.46109
1.41391
0.606556
0.218942
1.52237
1.87781
0.603211
0.0956741
0.035971
0.105167
0.340831
0.159162
0.116305
0.351647
1.18963
0.0629843
0.378964
0.0783768
0.698169
0.0147512
0.582284
0.243084
0.00792939
0.539157
0.251366
0.0562002
0.165044
1.49022
0.089908
0.848308
0.0987797
0.0421723
1.02796
0.228249
0.45866
0.769265
0.107326
0.220589
0.770641
0.142552
2.30821
0.354577
0.333723
1.9212
0.977177
0.0319694
0.457247
0.557914
1.36412
0.983093
0.0735136
0.761792
0.201085
0.0217345
0.219607
0.0400169
0.123731
0.368118
0.10038
0.734562
0.414765
0.241919
1.1837
0.0763825
0.0689571
0.193045
0.0486118
0.164101
1.07829
0.907604
0.612868
0.203549
1.80532
0.353779
0.0552139
0.175634
0.353125
0.42023
0.306674
1.23717
0.450361
0.822028
0.667897
0.0966084
0.0173398
0.406933
0.0307079
0.193211
0.175172
0.725006
0.114522
0.30076
1.2358
0.00497087
0.508085
0.0935294
1.13243
0.0180069
0.423667
0.65274
0.342529
0.208255
0.272675
0.0905033
1.43838
0.264912
0.22287
0.237458
0.83768
1.10337
0.289377
0.0118127
0.181005
0.0144654
0.346178
0.259708
0.456354
0.515582
0.558277
0.356896
0.171379
0.094205
2.36576
0.283706
0.0413011
0.601019
0.0487895
0.256264
0.176502
0.479539
0.297586
0.157322
0.0509833
0.103338
0.192852
1.50993
0.333365
0.208095
0.829592
2.39598
0.908078
0.622369
0.0392057
0.075273
0.334419
0.764011
1.24602
0.989973
0.00391513
0.134347
0.325419
0.408038
0.177438
0.503523
0.265402
0.692331
0.580331
0.37756
0.222077
0.230779
0.455596
0.209659
0.281126
1.81573
0.148385
0.0352153
0.123595
0.153245
0.376608
0.109102
1.59115
0.624266
0.900313
0.192459
0.142852
0.673555
0.569279
1.49564
0.231603
0.15779
0.277826
0.00197071
1.00379
0.289765
0.290725
0.324212
0.53837
0.405364
0.538702
0.950045
0.547278
0.387056
0.126378
1.30125
0.0957091
0.0991906
0.24974
0.99066
0.212644
0.297774
0.0506865
0.148497
0.171743
0.36515
0.68122
1.62497
0.122346
0.152643
0.199088
1.13793
0.217356
1.82384
0.0783243
0.118292
0.112468
0.339785
0.0128462
0.373694
0.321146
0.385258
1.27506
0.413605
1.24839
0.588419
0.45584
0.670765
0.201278
0.330158
0.415857
0.163884
0.214782
0.404833
0.0732311
0.333343
1.39924
0.742586
0.233688
0.805788
1.15725
0.00967739
1.2691
0.835174
0.42636
0.228007
0.319005
1.1562
0.119105
0.663092
0.167648
0.257127
0.34936
0.129874
0.184656
0.337715
2.06765
0.0533695
0.817124
2.58639
1.71374
0.226521
0.617447
0.213234
0.179926
0.787335
0.267727
0.400252
2.09121
0.489379
0.165547
0.300207
0.277679
0.231179
0.278423
0.333525
1.53399
0.322488
0.418131
0.280618
1.02778
0.113475
0.57256
0.00719391
0.782853
0.126831
0.552666
0.904414
0.680538
0.319747
0.0327395
1.12412
0.231012
0.318741
0.197752
0.652488
0.647466
0.35957
0.328032
0.396241
0.247046
0.760454
0.219031
0.0538241
1.28386
0.101647
0.0326105
0.425721
0.338046
0.590961
0.126867
0.195199
0.808066
0.197654
0.766135
0.159638
0.26076
0.17018
0.0893405
0.628963
1.11105
0.536919
0.01537
0.660538
0.134828
0.399659
0.4691
1.06034
0.474543
0.615481
0.610525
0.293948
0.41468
0.615419
0.0388692
0.125649
0.444705
0.412209
0.237383
0.172005
0.0115284
0.532111
0.455729
0.327024
0.0929475
0.186225
0.619911
0.00492574
0.109053
0.229864
0.71542
0.78285
0.348411
0.0805928
1.25714
1.67466
0.141198
0.0114116
0.00593212
0.0205899
0.307886
0.0209144
0.240409
0.13297
0.41135
0.112572
0.335932
0.97631
0.000896683
0.910469
0.534869
0.460255
0.971177
0.154217
1.03738
0.60795
0.0575223
0.403198
0.0805694
0.0560429
0.564358
0.346498
1.29129
1.9321
0.213386
0.203129
0.290243
0.131827
0.00735997
0.118647
0.162348
0.0312122
0.185601
0.249908
1.19707
0.778358
1.21853
0.237506
1.02552
0.359355
0.595156
0.974749
0.521601
0.918802
0.175753
1.04127
1.09359
0.425862
0.500671
0.0412378
1.41151
0.910797
0.0294655
0.47614
0.344913
0.144283
1.93503
0.386976
0.413182
0.217216
0.282097
0.122023
1.12932
0.0342733
0.811523
1.39819
0.0169073
0.292567
0.0480396
0.0265594
0.0406155
0.472851
2.60117
0.367292
0.465771
0.83807
0.0222718
0.465531
0.575698
0.527175
0.0341792
0.000169515
0.136779
0.280789
0.251221
0.139547
0.773352
0.362087
0.412704
0.899489
0.0481189
0.158355
0.237624
0.288948
0.00818479
1.57965
0.12992
0.674378
0.0925011
0.15506
0.468588
0.361174
0.460456
0.405903
0.0524512
0.46296
0.542143
0.212533
0.331128
0.858434
0.0136361
0.0129569
1.95493
0.000236781
0.13569
0.843335
1.07259
0.0666055
0.887372
0.446501
0.316185
0.48388
0.0389447
1.76141
0.900081
0.694922
0.813867
0.681489
0.4542
1.01735
0.764986
0.03454
0.67504
0.624968
0.192432
0.22301
0.289748
0.977024
0.351899
0.18484
0.977765
0.685421
0.95893
0.10286
0.50409
0.918458
0.312639
0.476496
0.158702
0.602828
1.03784
0.14974
0.499972
1.93369
0.00983618
0.207105
0.224227
0.190852
0.135223
0.630549
0.610063
0.0253332
0.971108
0.0472491
1.14019
0.879879
1.36254
1.03849
0.161742
0.23427
0.250138
0.0450728
0.186917
0.139458
0.551672
0.137839
1.35786
1.10378
0.532047
0.193699
0.276003
0.36718
0.0188476
0.262731
0.531527
0.829589
1.3741
0.00391638
1.7452
0.0331053
0.22045
0.302783
0.124832
0.868685
0.262211
0.290408
0.475458
0.138998
0.0616279
0.457224
0.417991
0.126456
0.325186
0.364391
0.888916
0.642964
1.11169
0.314415
1.05655
0.568308
0.102202
0.597156
0.000117019
0.386463
0.0923448
0.153012
0.562908
0.650491
0.111599
0.0759654
0.232691
0.792924
1.54948
0.550341
0.738546
0.141189
0.0505546
0.115152
0.0972933
1.27493
0.202022
0.0392488
0.0444888
0.235473
0.300192
0.175735
0.0312975
0.121346
0.0785253
0.107664
0.390259
0.324223
0.0434224
0.239833
0.16326
0.186991
1.20221
0.594125
2.89695
0.680108
0.133914
0.106278
0.481141
1.59166
0.624751
1.04849
0.0193059
0.0481254
1.08715
0.175405
1.108
0.0992848
0.239477
1.0218
0.813873
1.08096
0.361631
0.884719
0.00239497
0.433693
0.333961
0.0143017
0.383384
1.1156
0.469512
0.614711
0.0572347
0.0506644
1.42
0.488453
0.313628
0.621406
0.00716625
0.478542
0.0575271
0.0306905
0.765809
1.33357
0.977271
0.456124
0.781258
2.48552
1.72926
0.955891
0.47107
0.0777688
0.374622
0.217676
0.549326
0.408445
0.469992
1.03299
0.447874
0.264555
3.52683
0.34363
0.256356
0.667267
2.52909
0.912447
0.284633
0.349053
0.47899
0.404493
0.24284
0.400321
3.15958
0.643366
0.846399
0.216211
0.209158
0.644356
0.563481
0.118589
0.0297044
0.989281
0.927602
0.812068
0.780064
0.545019
0.185655
0.67181
0.129943
0.979116
1.03526
0.357293
0.0459514
0.319893
0.110151
0.34131
0.188017
0.03698
0.581716
1.11208
0.418551
0.151329
0.117878
0.298863
1.85445
0.262225
0.280934
0.373244
2.14027
1.35749
0.078968
0.314691
0.256814
0.103941
2.33368
0.137218
0.00326565
2.45041
0.100483
0.581791
1.84409
0.550104
0.410362
0.302927
1.76826
0.166153
0.0673592
0.277017
0.55518
0.604808
1.77049
0.0609655
0.56769
0.531135
0.203347
0.572223
0.280938
0.712411
0.0715876
0.652977
0.819056
0.350356
0.335863
0.413803
0.498743
0.130416
0.22252
0.539686
1.07645
0.0459164
0.459988
0.328096
1.4831
0.463652
0.605758
1.1184
0.206456
0.228329
0.413519
0.0271365
0.236192
0.606614
0.404418
0.000739897
1.72201
1.38398
0.227463
0.0464799
3.48538
0.487701
0.578789
1.94626
0.313837
0.219644
0.601041
1.92684
0.105
0.423262
0.540844
2.40885
0.0463866
0.876538
0.0199164
0.0659762
0.218322
0.0578403
0.0758163
1.17052
0.267553
0.971462
0.41501
0.965187
0.0349459
0.602347
1.394
0.633971
0.164349
0.00478851
0.165089
0.355032
0.346883
0.598805
1.18015
0.667572
0.27929
0.262736
0.41907
1.88588
0.247124
0.0766457
0.622741
0.242748
0.0952598
0.0230193
0.00322257
0.0936419
0.342828
0.978172
0.26227
0.128327
0.32688
0.192898
1.00836
0.213534
0.302691
0.307078
0.161454
0.577275
0.123085
0.408857
0.954292
0.145443
0.13989
0.92632
1.29459
0.28203
0.0507236
0.30765
0.920375
0.269481
0.0569592
0.75541
0.886286
0.17277
0.715918
0.508436
0.154615
0.848699
0.542903
0.0107559
0.436457
0.911321
1.15844
0.369966
0.308246
0.23926
0.113597
0.155674
2.47697
0.424533
0.890782
1.28386
1.08467
0.3988
0.655682
0.0144932
1.09439
0.885881
1.97239
0.435753
0.305749
0.164043
0.0538166
0.102153
1.29193
0.0767468
2.13075
1.39672
0.223915
0.291263
1.07239
0.539599
0.0427154
0.997902
0.552502
0.123112
0.646406
0.514012
1.52848
0.12542
0.460465
0.25007
0.0316982
0.658512
0.175174
1.48176
0.653376
1.39096
0.0502461
0.138018
0.981066
0.0263881
0.924923
1.19077
1.81924
0.166964
0.167576
0.448064
0.107385
0.226625
0.313609
0.481709
0.432029
0.166338
0.263175
0.85736
0.290301
1.58661
0.0809865
0.238819
0.308628
0.260562
0.621247
0.563097
1.43926
0.188202
2.0216
0.570397
0.675963
0.123557
0.452101
0.400558
1.56038
0.793659
0.16842
1.48769
0.700269
1.97152
0.0319725
0.229492
1.13781
0.208999
0.407404
0.438733
0.0464036
0.390175
0.907631
0.10934
0.0506532
1.31426
0.465409
0.195831
1.07253
1.81213
0.131441
0.634325
0.423394
1.06781
0.391226
2.11655
0.928455
0.239188
0.121068
0.052232
0.0633389
0.225559
0.239262
0.00924844
0.0665603
0.186964
0.295669
0.594968
2.70796
0.348091
1.1744
0.092282
0.0430589
0.0416535
0.021401
0.234986
0.801996
0.816
0.115933
0.888483
0.105343
0.0658346
0.740142
1.4165
0.83474
0.339749
0.789277
0.25273
1.25553
0.207394
0.0232563
0.245548
0.00683217
0.272719
0.383531
0.033897
0.162293
0.000360833
0.389055
0.185821
0.138825
0.0810332
1.06626
0.102579
0.961648
0.376172
0.570752
1.0678
0.412332
0.5092
0.650479
0.130691
0.620388
1.96033
0.13922
0.1861
0.769363
0.753554
0.0642072
2.19427
0.152522
0.481676
0.22596
0.497446
0.191218
0.734012
0.412162
0.304802
0.252038
0.260772
1.3139
0.0294685
1.94653
0.00450741
0.0515241
0.167842
0.344334
0.527122
1.23428
1.88624
0.196911
0.714565
0.455235
0.244479
0.838222
0.228587
0.508865
0.990551
0.0523889
0.296884
0.51435
0.432272
0.435311
0.102828
0.00242742
0.0697932
1.31948
1.10604
0.192911
0.722264
0.758887
1.03932
1.36081
0.0396597
0.0666386
0.135034
0.954091
0.155167
1.76059
0.506365
1.06275
0.433361
0.392122
0.612876
0.312269
0.320625
0.625612
0.326843
0.0144474
0.177599
0.918471
0.420088
0.112071
1.1879
0.226229
1.50555
0.0985242
0.349481
0.0959906
0.0030245
0.298935
0.158425
0.458073
0.333229
0.445161
0.425644
0.270633
0.625548
1.15462
0.957468
0.0163255
0.387463
0.0517928
0.376734
0.159074
0.0951892
0.198551
1.52126
0.277322
0.308547
0.668563
0.575556
0.196835
0.479385
0.0903577
0.702253
0.517176
1.16142
0.656729
0.649416
0.0193151
0.555715
0.0869597
0.102055
0.161407
0.112905
0.163959
0.096854
1.30128
0.46942
0.405724
1.28011
0.0376097
1.02023
0.905353
0.100827
0.741762
2.46798
0.138954
0.734148
0.894921
1.00552
0.640184
0.119022
0.468188
0.180567
0.0324641
0.019716
0.0769311
1.14068
0.947958
0.0185983
0.240409
1.07742
0.0479428
0.406628
0.350985
0.262546
0.0509007
1.05494
0.814429
0.120924
0.0491229
0.118184
0.854147
0.203623
0.266584
0.213082
0.480949
0.0699481
0.451156
0.714148
1.16435
0.0199941
0.0773448
0.0378006
0.68599
0.0938267
0.0126377
0.996845
0.775755
0.0544771
0.122958
0.517682
0.104166
0.644125
0.148062
1.28321
1.18261
0.987145
1.07827
0.420569
0.189548
0.0303673
0.336213
0.307871
1.31187
0.635098
0.296795
0.398204
0.182625
0.616697
1.42889
0.152591
0.0135855
0.234577
0.0716628
0.252814
0.875533
1.73126
0.0289854
0.380837
0.495578
0.0393098
0.472155
0.184528
0.808859
0.35572
0.0195135
0.523211
0.186206
0.0133125
1.86807
0.0769861
0.0587072
0.169091
0.318981
0.0214479
0.305734
1.30734
0.0278061
0.510579
0.245137
0.0265259
0.286655
1.47427
0.346077
0.332023
0.712071
0.169549
0.678896
0.790032
0.0659242
0.368791
0.0645996
0.345924
1.40183
0.64406
0.100636
0.324713
0.157012
2.05267
0.562935
0.860052
0.501019
0.115616
0.71575
0.19285
1.12293
0.0178576
0.128976
0.0869605
2.03672
0.664952
0.0494283
0.704129
0.802479
0.955467
0.0665373
0.155719
0.0988782
1.41084
0.671091
0.007369
0.0330638
0.264481
0.81191
0.420168
0.66737
0.718495
0.0901854
2.84583
0.235477
0.889193
0.502039
0.696508
0.0942911
0.224635
0.402121
0.769622
0.28271
0.719398
0.0282656
0.144996
0.61292
0.340874
0.325012
0.757544
1.07874
0.498876
1.58101
0.995194
3.21386
0.940679
0.607309
1.5996
0.189379
0.762439
0.21463
0.00890826
0.0490455
0.385638
0.650749
0.170887
0.447354
0.129355
0.566657
0.300221
0.788921
0.041406
0.38559
0.637553
0.451271
0.792646
1.05788
0.080783
0.298556
0.652891
0.0302507
0.418105
0.808422
0.00825154
0.0993547
0.368227
0.843136
0.046022
0.127886
0.242026
0.312543
0.0391753
0.00557619
0.810399
0.0178303
0.188403
0.155718
0.58485
0.141381
0.380771
1.89624
0.477505
0.0541986
0.0850677
0.925548
0.0258657
0.0316337
0.26358
0.72785
0.387213
0.0910594
0.220111
1.90885
0.0964228
0.472804
0.331728
0.056525
0.220378
1.68311
0.608332
0.263181
0.619799
0.483201
0.257421
0.288448
0.277545
0.212772
0.141686
1.07391
0.269053
0.0649104
0.19926
0.869923
0.203103
0.196477
0.716507
0.135461
0.206534
0.205192
0.360999
0.798425
0.492384
0.310175
0.569339
0.542377
0.299008
0.450837
0.0768596
0.19682
0.00464677
0.312493
0.089083
0.290771
0.0208695
0.453941
0.198403
1.0699
1.24789
0.922067
1.61021
0.550491
1.03777
1.04604
0.0163883
0.631001
0.875714
0.123379
0.0333589
1.55392
0.832567
0.645035
0.0149187
0.909021
0.0312883
0.307907
0.00645124
2.38136
0.114033
0.0436849
0.842663
1.74114
0.112241
0.0747487
1.194
1.26543
1.41742
1.3557
0.464375
0.766072
0.304148
0.0405584
1.61192
0.0027582
0.325851
0.393176
0.123535
0.0375006
0.423531
0.573549
0.302441
0.756778
0.531759
0.491815
0.661016
0.106933
0.00442182
0.473796
0.501386
1.95155
0.280551
1.04704
0.2155
0.0658534
0.105211
1.56304
2.25301
1.45861
0.00133887
0.635231
1.0546
0.680559
0.514251
0.362115
1.0825
1.07009
3.44071
0.0533615
0.532546
0.427128
0.900544
0.0295574
0.20581
0.241108
0.44462
0.0828873
0.41837
0.0770969
0.238056
0.308864
0.0395234
1.59869
0.379477
0.117622
0.0726424
0.225136
0.0656206
0.401334
0.766388
1.59244
0.0953497
0.140767
0.210084
1.03651
0.276631
0.0656998
0.446321
0.109965
0.281431
0.0537593
0.0225051
0.0833539
0.457643
0.0668651
0.379037
1.27229
0.617324
0.033835
0.254559
0.226506
0.105523
0.205564
0.718789
0.159849
0.440902
0.182085
0.852983
0.274452
0.171371
1.48966
0.821238
0.211033
1.00704
0.32445
0.22663
0.384374
0.547825
0.280866
0.0359568
0.0455297
0.245419
0.246437
0.326133
0.456688
1.10375
0.807345
0.133483
1.13621
0.464334
0.0149892
0.146762
0.130151
0.0493332
0.00600723
1.65931
0.328182
0.478896
0.338511
0.141558
0.00188278
0.159253
0.321756
0.452827
0.787864
0.909092
0.212932
0.0327919
0.305772
0.224177
0.0094748
0.118817
0.147134
0.0112063
1.02295
0.47429
0.814016
0.343916
0.369552
0.441731
0.154026
0.698901
0.106877
0.000593989
2.39995
0.0202789
0.170389
0.0534601
0.0325147
1.15418
1.10902
0.473205
0.617481
2.48254
1.01698
0.594753
0.269876
0.916842
0.994255
0.978034
0.132248
0.35635
0.317449
0.251329
0.185797
0.308586
0.229896
0.379737
0.516579
0.0539709
0.202327
0.849818
0.829113
0.0994117
0.0421007
0.346439
0.967907
0.0487682
0.391008
0.24169
0.510447
0.176339
0.56467
0.829227
0.0597717
0.541235
0.452321
0.63372
0.490863
0.0261381
0.0236596
1.75813
0.11658
0.490875
0.685827
1.24113
0.0606414
0.73604
0.385194
0.214055
0.336432
0.796805
0.540138
1.84207
0.735033
0.258978
0.85125
0.119733
1.29199
0.254593
0.113901
0.74827
0.597978
0.452419
1.16709
0.00342354
1.63944
0.485613
0.206296
0.341197
0.707823
0.157812
0.568542
1.08787
0.692612
1.16998
0.01279
0.14724
0.0711925
0.29648
0.957651
0.341711
0.213614
0.00176863
0.788765
0.141284
0.655182
0.515257
0.541645
0.161378
0.0178629
0.176157
0.104207
0.18772
0.858173
1.10075
1.17641
0.274454
0.362149
0.0499879
0.606196
0.1844
0.320643
1.13892
1.06658
0.777009
1.11139
0.016891
1.87189
0.095947
0.802515
0.275911
0.558184
0.6728
0.509635
0.790943
0.0251276
0.980394
0.717492
0.179924
0.993511
0.0144505
0.320846
0.434631
0.15838
0.669549
0.280903
1.85758
0.15493
0.190939
0.00310417
0.870008
0.0560585
0.124241
1.17342
0.560351
0.348629
1.39726
0.230111
0.534487
0.330286
0.539007
1.07347
0.466387
0.226921
1.16629
0.469509
0.467375
0.508662
0.42621
0.879202
0.658404
0.929659
0.0039882
0.427306
1.2019
0.263541
0.332006
0.0177357
0.743524
0.224419
0.109561
0.142221
0.474129
1.00555
0.320001
0.407188
0.116228
0.202518
0.0143126
0.0165523
0.326943
0.837393
0.584216
1.01359
1.33056
0.355191
0.173078
0.229442
0.224088
0.12931
0.704426
0.291614
0.151095
0.598779
0.257078
0.113157
0.22828
0.00205417
2.72738
2.16315
0.738029
0.31182
0.125419
0.226294
0.720342
0.33018
2.1639
1.9445
0.153279
0.0777899
0.332283
0.522979
0.0154519
0.127645
0.930093
0.205323
1.41721
0.0894796
0.933147
0.419704
1.74955
0.107687
0.0203545
0.44399
0.346637
0.00322484
1.65658
0.0620717
0.090227
0.0596828
0.229784
0.68091
0.337142
0.278735
0.897604
0.537201
0.271204
0.0636382
1.39877
0.100814
0.90386
0.384274
0.687777
0.0408216
0.0322856
0.0185656
0.702092
0.225136
1.15924
0.119576
1.98335
0.618653
0.14616
0.42641
0.430511
1.13781
1.28541
1.96011
0.244151
0.123207
0.351651
0.464509
0.214094
0.514523
1.94716
1.37731
0.443985
0.472951
0.794259
0.158488
0.279373
0.858064
2.01642
0.480031
0.33558
0.923744
0.474375
0.0630808
0.236377
1.21467
0.268905
0.73432
0.0919501
0.0438086
0.143841
0.624659
1.01168
0.0404072
0.635895
1.25536
0.0758477
0.571121
0.429051
0.154367
0.524715
0.0981355
0.199113
0.198674
0.112121
0.00708692
0.193513
0.511846
0.128012
0.0680479
0.292572
0.341677
0.846527
0.0346375
0.606493
0.950017
0.0602157
0.145212
0.438273
0.544899
0.110378
0.210725
1.28355
0.466779
0.0993958
0.471462
1.24825
2.33197
0.738518
1.64601
0.618845
0.911842
0.479648
0.782564
0.115006
2.01611
0.810183
0.131372
0.543844
0.109077
0.477362
0.477067
0.0135619
0.452072
0.270509
0.840235
0.586135
0.358585
0.722823
0.228953
0.559763
2.24745
0.0956434
0.624482
0.157778
1.36773
0.407793
0.598227
0.772155
0.202419
0.534282
0.608307
0.572259
0.0104654
0.122774
0.088422
0.271886
0.16775
0.261046
0.45886
0.546856
0.285062
0.187171
0.371393
0.739317
0.790298
0.570266
0.784653
0.157518
0.065608
0.189376
0.241979
0.193785
0.648868
0.116046
0.868212
0.882672
0.797915
0.262124
0.316893
0.355003
0.320367
0.126956
0.349544
0.0859879
0.25429
0.236801
0.00844677
0.351123
0.0865816
0.446011
1.65803
0.0956805
0.904629
0.324214
0.0191519
1.06644
0.236559
0.716197
0.301479
0.0649213
0.653416
0.413093
4.53285
0.145157
0.289165
0.872234
0.104561
0.43177
0.0743957
0.573003
0.298112
0.0662269
0.0358931
0.505
0.434574
0.175286
0.201275
0.516091
0.2852
0.199105
0.091164
0.237897
0.198835
0.73524
0.360613
0.824455
0.142109
0.281021
0.836389
0.491088
0.316158
0.115307
0.0709065
0.424815
1.31645
0.371871
0.0148984
0.0489127
0.18275
0.140893
1.02766
0.505572
0.161998
0.699798
1.78485
1.29414
0.194722
0.333868
0.753162
0.107019
0.552913
0.644487
0.100941
0.214288
0.545646
0.249079
0.030241
0.639195
1.07349
0.934783
0.214962
0.0213184
0.448528
0.620219
0.0332062
1.95348
0.208575
0.179081
0.429021
0.292312
0.253544
0.00224996
0.6006
0.0999983
0.584669
0.0458207
0.46452
0.458196
0.613072
0.147063
0.0375113
0.0905574
0.320083
0.0790257
0.507312
1.39045
0.898473
1.00034
0.435368
0.486852
0.795075
0.0906757
0.28552
0.388088
1.15621
0.517363
0.831072
0.0629576
0.198308
0.0738127
0.134491
0.120416
0.754014
0.42893
0.485367
0.851691
0.713568
0.0851899
0.552955
0.615019
0.474627
0.174387
0.508774
0.212265
1.35131
0.212894
0.199689
1.7256
0.530425
0.192888
1.47728
0.146119
0.112619
0.0328246
1.49999
0.199687
0.274978
0.0411601
0.159781
2.25047
0.219245
0.803019
0.122423
1.19525
0.985999
0.646588
0.0804301
0.0856518
0.250009
0.229979
0.0884618
0.219952
0.00853999
0.548533
0.536742
0.0927971
0.838019
0.0419456
0.827805
0.236533
0.0456077
0.368857
0.118671
0.073291
0.569484
0.52583
0.155881
0.0982524
0.0791222
0.0195487
0.334037
0.033431
0.677198
0.460619
0.867698
0.0820071
0.778163
0.0874916
0.114888
0.0144478
0.0423539
0.867289
0.642291
0.600416
0.0331272
0.0721045
0.566127
0.0372494
0.257057
0.881907
0.202978
0.0879979
0.426593
0.0443171
0.136
0.0503645
1.3535
0.0269252
0.0699427
0.147093
0.264424
0.0201442
0.423936
1.33305
0.0726413
0.157938
0.420153
0.228237
0.61898
0.868379
0.65106
0.0932117
1.22075
1.1493
0.174716
0.242122
0.0146532
0.533117
0.0890959
0.0941989
1.03381
0.39731
0.247489
0.381685
0.336504
0.451424
0.378484
1.02187
0.180567
0.705716
0.214299
1.30624
0.573332
0.163586
0.0729303
0.711489
3.04088
0.19889
0.221847
0.0881506
0.559801
0.44387
1.62413
0.356937
0.937682
0.0606509
0.056368
0.304188
0.0845251
0.00821668
0.000245292
0.170952
0.0813846
0.294119
0.783695
0.169192
0.672699
0.489831
0.140621
0.82905
0.0219391
0.660918
0.191573
0.371507
0.621237
0.316674
0.0667605
0.487438
0.0539195
0.000982459
0.690837
0.275897
0.0917428
0.213795
0.295772
0.0156289
0.134761
0.148758
1.91125
0.648857
0.240765
0.478876
1.40619
0.180181
0.162527
0.729091
0.206623
0.231371
0.32968
0.528068
0.257342
0.532818
0.215474
0.203799
0.223723
0.0331166
0.0375489
0.194338
0.0606751
0.51353
0.0172793
0.537085
0.156591
0.0685267
0.167874
0.354322
0.617246
0.122777
0.479609
0.801253
1.43624
0.463307
1.47289
0.258275
2.17611
0.902381
0.181761
0.495666
0.0301052
0.566697
2.47338
1.03315
0.176707
0.26624
0.0843803
1.60536
1.06331
1.34273
0.0457331
0.573473
0.0233995
1.72511
0.602948
0.709573
0.847121
0.95773
0.371798
1.03165
0.506858
0.051637
0.689432
0.41978
0.108397
0.238305
1.06083
1.55545
0.670649
0.169499
0.560841
0.942667
0.00418993
0.024051
0.522412
1.23279
0.0548584
0.180066
0.553633
0.344672
0.212487
0.375359
0.0708037
0.184722
0.265706
0.464075
0.948581
0.204115
0.0657753
0.00551376
0.125762
1.37477
0.409361
0.99152
1.23675
0.619427
0.213613
1.91692
0.232342
0.618954
0.543038
0.108459
0.0627429
0.847104
0.527117
0.314222
0.0292457
0.296029
0.553309
0.809446
0.584521
0.395355
0.0458573
1.03405
0.195793
0.180945
1.08655
0.0316206
0.453442
0.000251473
0.173095
0.77897
0.482538
0.412464
0.00689732
0.0377143
0.336279
1.21252
0.0124263
0.0960085
0.0157177
0.210663
0.197091
1.33037
0.0320017
0.243734
0.813821
0.345647
0.187823
0.586194
0.358914
0.739729
0.538495
0.252872
1.25156
0.097378
0.451893
0.105581
0.25
0.937227
1.52559
0.315321
0.258553
0.802885
0.40774
0.0369865
0.122838
0.305762
0.675778
1.15629
0.715539
0.150253
0.011492
0.178206
0.416417
0.664725
0.387614
0.767493
0.0805731
1.20753
0.245842
0.879421
0.0049445
0.55447
0.33983
0.804521
0.426442
0.224403
0.0781923
0.511897
0.501027
0.793218
0.234009
0.462186
0.104974
0.288029
0.843194
0.645176
0.129034
0.172499
1.24807
0.127457
0.130969
0.0969242
0.046177
0.310777
0.46382
0.0495535
0.470809
0.400728
0.197953
0.360486
0.529275
0.184012
0.764586
0.935219
0.0822213
0.346785
1.82443
0.404622
0.163403
0.947276
0.0207692
0.132075
0.18098
3.46546
0.762401
1.63101
0.0339481
0.460632
0.793317
0.225719
0.426962
0.174688
0.781233
0.0605321
0.297825
2.07003
0.0621632
0.28813
0.170284
0.342852
0.445905
0.124343
0.380138
0.0265224
0.162244
1.31845
1.93081
0.395381
0.180018
0.385364
0.494221
0.40821
0.112008
1.76359
0.661568
0.0361207
0.380574
0.15711
0.326919
1.0656
1.28627
0.371885
0.0900505
0.615527
0.213826
0.414429
0.448727
0.145932
0.132307
0.103608
1.98015
0.575967
0.0153959
0.182189
0.175047
0.405159
0.382484
0.174355
0.797503
0.234447
1.19343
0.0836137
0.695508
0.645818
0.601128
0.0806539
0.727664
0.557745
1.13205
0.253656
1.523
0.364731
0.0590803
0.891033
1.10004
0.924947
0.395437
0.892458
1.43038
0.00987166
0.337981
0.0701263
0.27849
0.290237
0.236725
1.07375
1.8447
1.11404
0.0923133
0.490613
0.708028
0.542885
0.0138383
0.577939
0.0650486
0.944922
0.278442
1.15784
0.105202
0.143618
0.246947
0.645925
1.67993
0.192269
0.177069
0.15548
0.803276
0.647878
0.158967
0.0111756
0.265167
0.542457
0.676697
0.0758095
0.0830821
0.241329
0.22751
0.448454
0.275064
0.475583
0.374005
0.397367
1.49899
1.64074
0.196439
0.098888
0.342557
1.3591
0.194692
1.00061
0.0281073
0.344422
0.487143
1.10188
0.0435144
0.272679
0.348827
0.0263515
0.0890172
0.0970573
0.328259
0.314792
0.895659
0.4664
2.0486
0.124829
0.281391
0.321259
0.560932
0.338722
0.343412
0.396025
0.0272467
0.227733
0.740251
0.0541146
0.148288
0.686301
0.543171
0.0580299
0.417136
0.370244
0.154638
0.405905
0.249078
0.268434
0.043198
0.0849397
0.0838401
0.385049
0.0443361
0.121881
0.212788
0.500396
0.166095
1.11434
0.0854822
1.1261
0.678598
0.0519668
0.285097
0.094447
0.237604
0.340041
0.930261
1.01268
0.0274253
0.226174
0.144956
0.836148
0.432607
1.12464
0.120199
0.243232
0.0975428
0.636868
0.966056
0.0266436
0.621868
0.202809
0.0680026
0.589409
0.243576
0.719959
0.647054
0.320788
0.161192
1.09022
1.05327
1.30608
0.715194
0.0898623
0.184644
0.0360237
0.0136569
0.865743
0.257176
0.132812
1.3806
0.281482
0.627924
0.2025
1.09231
0.0591495
0.165557
0.000336978
0.108072
0.571623
0.722077
0.863837
0.0440267
1.15137
0.30744
0.0920102
0.672711
0.445104
1.49181
0.149101
0.955743
0.081062
0.0620313
0.238714
0.873879
0.127911
0.0753301
3.61001
0.724558
1.74151
0.432596
0.00691918
0.369749
0.060126
0.953415
1.80588
0.842092
0.298634
0.158847
0.832166
0.245363
0.167403
0.753982
0.766699
0.614422
0.00692802
0.746556
1.51274
0.0357255
0.409685
1.31747
0.934846
0.391325
0.29216
0.860197
0.00511953
1.40068
0.498261
0.093696
1.12625
2.78268
0.862118
0.640116
0.116154
0.154355
0.938414
0.183615
0.137498
0.301973
0.561942
0.0782683
0.900604
0.0591917
0.843231
0.931281
0.347085
0.0753554
0.355595
0.25603
0.465643
0.109586
0.0732197
0.437213
0.284387
0.122561
1.10825
0.336126
3.02501
0.151552
0.590931
0.900302
0.713209
0.0280616
0.0082196
0.00485341
0.268091
0.0705289
1.61062
0.505142
0.441074
0.28124
0.336686
0.667223
0.108084
0.498408
0.813541
0.516897
0.125273
0.167943
0.71665
0.0945484
0.0509013
0.708144
0.0905977
0.447978
0.708122
0.848526
0.172915
0.577288
0.00509601
0.062717
1.08474
0.0609012
0.886834
0.105742
0.0669899
2.10621
0.0443281
0.358758
0.635766
0.434056
0.31026
1.5118
0.0212047
0.488585
0.317896
0.707094
0.222817
0.0616926
0.753416
0.190265
1.52419
1.43861
0.113195
0.226592
1.33561
0.308799
0.705592
1.71321
0.424942
0.34198
0.466275
0.359705
0.0298175
0.321364
1.48236
0.579787
0.683641
0.16768
0.919572
1.13345
0.0798401
0.0981091
0.209929
0.133765
0.0398698
0.280688
1.14854
0.336213
0.0122631
0.0233806
0.10293
0.133253
0.655959
0.77243
0.359567
0.0189331
0.328043
1.21768
0.600165
0.326097
0.248471
1.41493
1.81899
0.082426
0.565709
0.221744
0.0794376
0.0555746
0.329116
0.412585
1.15016
0.179536
0.473786
0.579866
0.608324
0.195354
0.688213
0.433743
0.258152
0.552288
0.0804101
0.64926
1.59898
0.0289607
0.158849
1.09046
0.00566184
1.079
0.134083
0.453094
0.735103
0.644287
1.13983
0.196004
0.000506164
1.76419
0.0498028
0.153495
0.29367
0.560074
0.909909
0.463907
0.422443
0.308742
0.106837
0.197197
1.68164
0.165947
0.0332702
0.347482
0.304676
0.499999
0.79228
0.591283
0.0738612
0.516238
0.673594
0.0735018
0.140738
0.0236612
0.97143
0.0622457
0.0623376
1.16227
0.49591
0.375032
0.584256
0.0946702
0.889522
0.242195
0.951644
0.797628
2.40729
0.527338
0.925308
0.729202
0.84189
0.937928
0.25118
0.752611
2.90512
0.152778
0.774948
1.06983
0.0882912
0.366235
0.0111603
0.0843604
0.0762025
0.272514
0.0424819
1.11822
0.258311
0.245999
0.222208
0.101417
0.41645
0.147171
1.13221
0.743873
1.10344
0.840891
0.44217
0.612873
0.330147
1.15743
0.0314623
1.96503
0.0893848
1.22696
1.75741
0.0203828
0.127265
0.558424
1.26427
0.71391
0.379541
0.588012
0.489658
0.073213
0.43752
0.454491
0.0236884
0.330816
0.694129
0.179147
0.403563
0.673932
0.196909
0.123641
0.271007
0.536787
0.0479817
0.207077
0.356579
0.136917
0.782962
0.121411
0.572321
0.576154
0.230698
0.188047
0.114477
0.115605
0.382567
0.815474
0.39296
0.0680398
0.680329
0.401858
0.867589
0.13841
1.30538
0.0989634
0.146405
0.164685
0.168494
0.625904
0.499651
0.533176
0.364148
0.160342
0.262782
0.0721849
0.282545
0.766351
0.700466
0.701774
0.83667
0.0110389
0.0639228
0.354686
0.310494
1.90141
1.34541
0.0267447
1.01606
2.03643
0.652323
0.0284457
0.102902
0.186656
0.135017
0.44725
0.914278
0.610931
1.25502
0.0645577
1.06663
0.727729
0.166907
0.63689
0.131639
0.341256
0.0692094
0.00403514
0.311407
1.37586
0.432396
0.0960808
0.136722
0.261374
0.570458
0.05462
0.465837
0.894289
0.027961
0.0518671
0.00971115
0.117405
1.70386
0.371275
0.191435
0.069213
0.801494
0.703585
0.142146
0.81883
0.303621
0.299381
0.072102
0.357143
0.188615
0.0566485
0.581416
0.10946
0.0207806
0.0850338
0.606314
0.0196621
0.284464
0.0935535
0.898449
0.263406
0.426476
1.05255
0.0533893
0.312818
0.142291
0.0570793
1.77229
0.0152226
0.0303878
0.0676735
0.618555
0.156793
0.0281455
0.236332
0.101711
1.73161
0.0882791
0.828484
1.07851
0.983963
0.302693
1.35235
0.0129032
1.19385
0.12931
0.474976
0.0284198
0.95937
0.128381
0.31584
0.462964
0.350841
0.0102207
0.33554
0.0902571
0.468437
0.499419
1.59706
1.13114
0.963747
0.886676
0.762055
0.467887
0.194245
0.088213
0.275763
0.0193056
3.41078
0.339758
0.433617
0.00216714
1.00905
0.503657
0.603462
0.142925
0.165925
0.0875878
0.087661
0.1582
0.174582
0.821929
0.175579
1.0246
0.167779
0.288103
0.0480144
0.329338
0.299292
0.254348
1.18544
0.783109
0.629919
0.577819
0.306047
0.0121795
0.345471
0.460795
0.0398537
0.111212
0.0935135
1.23675
2.34879
0.310826
0.185956
0.64126
0.489843
0.18702
1.57162
0.783343
0.280834
0.271367
0.502822
0.541091
1.63066
0.141262
0.208537
0.633731
0.215222
0.378226
0.719395
0.258672
0.126279
0.734673
0.32688
2.97493
1.13442
0.214383
2.80225
0.46813
0.140252
0.0560122
0.0402937
0.216529
0.238196
0.541976
0.473182
0.627644
0.910315
0.224292
0.221509
2.17202
0.353407
0.24229
0.159708
0.848535
0.412686
0.341334
0.199217
0.442049
0.111757
0.567551
0.937906
0.630182
0.126631
3.08399
0.33957
0.204716
0.218968
0.331658
0.280716
0.175499
0.635916
0.577297
0.0976361
0.115525
0.61701
0.0232603
0.0345323
0.252636
0.332965
0.0637732
0.299502
0.178063
0.0258434
0.249471
0.046885
1.57815
0.875798
0.183074
0.136659
0.0251942
0.236604
0.0301233
0.180351
0.0706827
0.559258
0.163909
0.575418
0.374425
0.211899
0.355015
0.206313
0.361081
1.61033
0.108439
0.0165967
2.08952
0.216098
2.12399
0.254858
0.305872
0.599656
0.274106
0.284577
0.0362387
1.2264
0.40715
0.215109
0.693017
0.0490346
1.62027
0.988009
1.28941
0.589502
0.118641
0.482479
0.517536
0.43024
0.172724
0.0546685
0.401561
0.248868
0.94887
0.713568
0.254304
0.354298
0.315004
0.14051
0.337073
0.0619484
1.39188
0.505088
0.0370929
0.295735
1.14729
0.239965
1.01548
0.162269
0.293241
0.10926
0.240548
0.270504
1.10625
0.289587
0.310607
0.040105
0.352185
0.433807
1.07476
0.218497
0.316272
1.23778
0.165075
0.774104
0.000984223
1.0512
0.512323
0.0194614
0.392235
0.0452186
0.474742
0.400943
1.0329
0.177414
1.36862
0.165818
0.830263
0.872649
0.160077
0.167553
0.550846
0.606585
0.185535
0.839999
0.0786622
0.374446
0.0266947
0.236371
0.200388
0.343194
0.350792
0.249236
0.376975
0.881787
0.0221832
0.224426
0.686066
0.662029
0.315995
0.0225203
0.623679
0.872709
0.602916
0.333883
1.95711
1.26959
0.733421
1.63241
0.0106918
0.17197
2.02867
0.107516
0.354473
0.345397
0.123935
0.493917
0.70061
0.0175434
0.00296553
1.18874
0.0306957
0.14712
0.396591
2.26514
0.540628
1.81069
0.016304
0.149567
1.20015
0.00833275
0.202224
0.0813601
1.46751
0.688708
0.364467
0.945365
0.516048
1.06675
0.163748
1.4953
0.0734617
0.734498
0.150906
0.0135169
0.395508
1.70587
0.108259
0.0239639
1.9698
0.321129
0.291353
0.729399
0.787609
0.103292
0.703748
0.55517
0.210718
0.13018
0.395553
0.633808
0.505415
1.23764
0.186361
0.0322611
0.664378
1.0341
0.780137
0.643461
0.596576
0.409867
0.431147
0.823634
0.744857
0.0770592
0.646878
0.666965
0.202564
0.00447752
0.0525787
0.670159
0.334271
0.253956
0.138384
1.20404
1.01134
0.712068
0.940405
1.13794
0.88869
2.46504
0.0363685
1.02026
0.10639
0.0261176
0.12351
0.0808333
0.19006
0.230284
0.203861
0.575936
1.43106
0.830094
0.0353458
0.311536
2.4876
0.39608
0.317578
1.03814
0.036005
0.240572
0.0942211
0.486258
0.246008
0.0181966
0.0542808
1.74214
0.0778709
0.0452834
0.718481
0.082254
0.157473
0.248675
0.1009
0.376377
0.166738
0.3138
0.281881
0.532658
0.184534
0.530354
0.750854
0.230599
1.55227
0.71318
0.777037
0.229907
0.999652
0.583011
0.362083
0.733734
0.193469
0.466101
0.86545
0.74819
0.11477
0.0637901
0.553529
0.942684
0.0343939
0.150203
0.964594
0.26171
0.326328
1.46013
0.186376
0.00256786
1.19588
0.600019
0.269074
0.398334
0.674412
0.113563
0.955167
0.199283
0.0796065
1.2875
0.122139
0.377205
0.110388
0.0517759
0.464446
0.119761
0.690627
0.292213
0.532485
0.323137
0.635266
1.22785
0.701777
0.031926
0.34107
0.34384
0.0295809
2.03392
0.228906
0.557314
0.18854
1.24748
0.641067
1.24132
2.00228
0.00117309
0.323938
0.0237888
0.172507
0.0616618
0.0625695
0.511766
0.384259
0.28237
0.264328
0.206152
0.20314
0.530137
1.01113
1.39911
0.578714
0.227011
0.647983
0.284374
0.516847
0.91488
0.186042
0.063383
0.00125264
0.747992
0.00228301
0.501953
1.17004
0.00830291
1.36227
0.0666042
0.129869
0.34911
0.0235919
1.60692
0.179457
0.521386
0.156261
0.885173
0.226194
0.907897
0.395104
0.0783544
0.472507
1.14225
0.872766
0.0256904
0.760933
0.709633
0.576797
0.983165
0.339509
2.08405
0.804811
0.204504
0.0546997
1.07455
0.208948
1.39306
1.16323
0.00721364
0.64118
0.294727
0.123215
0.456556
0.99832
0.219074
0.481434
0.843056
0.595724
0.0352627
1.38123
0.321456
0.293854
0.376338
0.309924
0.19347
0.115946
0.868601
0.184319
0.0415213
0.15318
0.0827003
0.79877
0.338002
0.812034
0.989325
0.457711
0.460178
0.429294
0.0982874
0.20512
0.27535
0.0966029
0.312695
0.21519
0.163919
0.975751
0.990975
0.0851543
0.220086
0.221234
2.20521
0.718213
0.459323
0.0287844
0.825654
0.0882343
0.434474
0.986877
0.0883524
2.13945
0.283112
0.789423
0.964978
1.66563
1.27121
0.513662
0.213876
0.409179
0.832706
0.0927381
0.190813
0.227347
0.257374
0.705418
0.529788
0.296806
2.07208
0.332905
0.472409
0.138204
2.12759
0.353667
2.52611
0.648121
0.306208
1.19334
0.452789
0.619159
0.93479
0.69549
0.079441
1.60867
0.178112
0.46858
0.0511302
1.56895
0.383382
0.864634
0.502993
0.929534
0.677906
0.354954
0.0106552
0.0236038
0.470055
0.169336
0.95928
0.413225
0.141399
0.0869847
0.113987
0.276978
0.760139
0.263286
0.178647
0.548582
0.459582
0.632013
0.650161
0.507947
0.374501
0.883739
1.42851
0.0408596
0.240318
0.171371
0.786864
0.0164346
0.102669
0.352309
0.864135
0.0201828
0.0680793
0.124349
0.286834
1.36634
0.0333994
0.312467
0.912135
0.32652
1.7699
0.0307739
0.242628
1.11251
0.879968
0.196182
0.172711
0.255402
0.0626454
0.0825004
0.0743986
0.0821475
0.365049
1.35273
0.152711
0.243163
0.41311
0.840386
0.0153534
0.415632
1.64845
0.704353
0.0928641
0.205448
0.655709
0.0707704
0.266265
0.37119
0.00954753
1.10177
1.45762
1.41736
0.210545
0.21876
0.259657
0.295527
0.0646936
0.72749
0.111249
0.124796
0.646217
0.675678
0.570747
0.474195
1.43563
0.614813
0.26666
0.856002
0.00560481
0.440434
0.542196
1.49211
0.464295
0.410158
0.80941
0.242609
0.153945
1.06119
0.0930523
0.361039
0.890489
0.49266
0.739619
0.431826
0.233337
0.841199
0.0447544
0.0471375
0.651652
0.0182249
0.0524746
0.948337
0.700723
1.35522
1.11039
0.218706
0.267914
0.397314
1.14179
0.0696167
0.269318
0.242126
0.0450652
0.458337
0.537874
0.487947
0.143082
0.0500853
0.585731
0.0924466
0.264334
1.29031
0.965521
0.167871
1.47174
0.402958
0.0337696
0.871501
0.421563
0.101071
0.114676
0.0122578
0.133738
0.951046
0.00462066
0.181944
0.605369
0.893441
0.794101
0.42149
0.462424
2.93283
0.2169
0.109289
0.128293
0.0131969
0.259971
1.37019
0.797814
0.270633
1.11641
0.561766
1.0623
0.0178569
0.198825
0.488069
1.81123
1.22729
0.132913
0.807766
0.746371
0.106073
0.159049
0.174639
0.52706
0.351468
0.369182
1.22492
0.0495109
0.060582
0.319686
0.453084
0.39604
0.22969
0.74836
1.56913
0.608314
3.16438
0.385183
0.0591958
0.547836
0.0346104
0.695757
0.462838
0.231395
0.0936611
0.161823
0.563036
0.072915
0.538207
1.37895
2.6589
0.38985
0.00975635
0.69616
0.284426
0.0879655
0.0801978
0.0974533
0.813503
0.605779
0.602521
0.0718387
0.0968972
0.111441
0.00135705
0.545877
0.0985097
0.116197
0.80704
0.454737
0.352986
4.92689
0.120572
0.435874
1.11197
0.0908471
0.189446
0.27345
0.260039
0.331747
0.360071
0.404078
0.612624
0.317243
1.33738
0.700382
0.564751
0.483731
1.72441
0.12808
0.534612
0.222174
0.579886
0.0305059
0.485998
0.236132
0.129297
0.743382
0.33727
0.029579
0.420771
0.0961417
0.0535102
0.582182
0.0772049
1.71471
0.0299561
1.42596
0.416169
0.0500309
1.05394
1.09378
0.267446
0.339495
1.09986
0.309205
0.0276825
0.0700622
0.824804
0.375505
0.152117
0.575462
0.451663
0.442467
0.148776
1.22023
0.0350945
0.598494
1.18669
0.389956
0.0335725
1.68318
0.620419
0.978513
0.0914901
2.65942
0.985017
1.78115
0.609273
0.0539729
0.269483
0.0913989
1.62734
0.0808341
0.619853
0.371413
0.0862107
1.48115
0.317694
0.100937
0.20215
1.51993
0.085329
0.466511
0.0680284
0.0200656
0.366002
0.0244434
0.409051
0.488083
0.479004
0.0607355
1.49791
2.25546
0.270807
1.47714
0.596301
0.0105377
0.558757
0.657056
0.543719
0.414488
1.11639
1.81154
0.392224
0.114584
0.0362602
0.709821
0.10742
0.865617
1.12802
0.487136
1.28849
0.724373
0.774453
0.146886
0.143411
1.0488
0.548265
0.189684
0.0847834
0.0266342
0.0182694
0.359756
0.176687
0.572504
0.151002
1.27146
0.475131
1.82834
0.63819
0.286669
0.790396
2.17118
0.347942
0.149208
0.165809
0.241291
0.0522922
0.141946
0.389088
0.0304213
1.39958
0.801354
0.0769441
0.116653
1.40652
0.0721563
0.583014
0.0537304
0.331236
0.244509
0.036251
0.342863
0.396746
1.31449
0.337119
0.289287
1.00955
0.546355
0.700306
0.157646
0.323676
0.585035
0.282323
0.302178
0.0165075
0.0641513
1.02195
0.66874
0.561607
0.126587
0.845949
0.0156272
1.57193
0.0971293
0.280436
0.738616
0.08258
1.31219
0.176772
0.874421
0.106518
0.428034
0.844446
0.871517
0.0245913
0.0801525
0.0911832
0.0202489
0.59062
0.303181
0.483922
0.297133
0.111685
0.144164
0.321859
0.439171
0.105612
1.75778
0.885045
0.300715
2.04957
1.76915
0.179569
0.373379
0.329743
0.040028
0.23239
0.254087
0.162459
0.178071
0.458454
0.33951
0.473571
0.095472
0.246729
0.429011
1.72752
0.0660038
0.0780381
0.238843
1.03082
0.605061
1.2106
1.18057
0.222486
0.0877363
0.0711724
0.057073
0.0319706
0.337706
0.870514
0.186795
0.16117
0.19727
1.4743
0.303946
0.145176
0.557609
0.140264
0.0021873
0.354216
0.449926
0.325948
0.020428
0.580208
0.175765
0.322191
0.916682
0.355969
0.538852
0.139742
0.260962
0.0864565
0.299661
0.862816
0.307846
0.00358308
0.147175
0.188202
1.01965
0.272762
0.472058
0.349071
0.142792
0.198787
0.845946
0.724055
0.147949
0.821021
0.137533
0.865661
0.194567
0.978229
0.258653
0.00879802
0.00429082
0.193852
0.128873
0.546453
0.627896
0.0434935
0.139755
0.00359342
0.139995
1.46681
0.508592
0.0636687
0.63993
0.0663769
0.0258387
0.545675
0.172615
1.00513
0.328698
0.964741
1.53804
0.481983
0.277652
0.487417
2.36914
0.583094
0.566719
0.316405
0.0333541
0.0616512
0.018882
0.334562
0.455072
0.42212
0.163561
0.620772
0.200203
1.75512
0.00360364
0.191816
0.362416
0.243982
0.0579592
2.40803
0.176545
1.25441
0.0118023
0.148376
0.159222
0.808394
0.313191
0.0545247
0.415605
0.118479
0.0014856
0.290139
0.0782733
0.123775
0.156588
0.338753
0.26015
0.138073
0.95109
0.334183
0.545255
0.083175
0.0862474
0.799962
0.289076
0.100511
0.847914
1.27191
0.984011
0.42973
0.247768
0.553501
0.813504
0.046022
0.154728
1.29771
0.383526
0.139946
0.0688208
0.0578289
0.268931
0.21614
0.169472
0.755287
0.0594372
0.99643
0.622774
0.764935
0.772398
0.137204
0.325669
0.126728
0.550917
0.187569
0.914581
0.909059
0.442807
0.389365
0.347421
0.89767
0.520459
0.952618
0.125807
0.859662
0.614661
0.0219974
0.374853
0.143975
0.273728
0.321237
0.140258
0.182271
1.01427
0.742914
0.437219
0.897255
0.242227
0.0995983
0.262365
0.640174
0.0195728
0.33655
1.38259
1.48392
0.413031
0.00163139
1.44516
0.77695
0.935724
1.68178
0.117619
0.545168
1.0652
0.078106
0.940212
0.639291
2.15912
0.0481374
0.504671
0.105427
0.0680071
0.364294
0.814729
0.0830097
0.112543
0.639004
0.0282
0.855277
0.279912
0.22293
0.000707818
0.22015
0.874133
0.378239
0.476425
0.386969
0.497055
0.270927
0.501505
3.59228
0.0620088
1.73883
1.17486
0.861404
0.185244
0.296904
0.0302457
0.109456
0.466883
0.43849
0.181191
0.226238
0.245507
0.314409
0.0162312
0.0638205
0.433962
0.55828
0.545506
0.71134
0.155501
0.210778
0.0999338
0.972122
0.266268
0.188727
0.0775219
0.129396
0.153021
0.961176
4.37802
0.42653
0.00401286
0.231675
2.06931
0.497422
0.632044
0.21412
0.00198066
0.20465
0.864859
0.00868802
0.193417
1.95987
0.467516
0.505826
0.267522
0.101911
0.0474325
0.761047
0.659466
0.55417
0.683254
0.386063
0.675853
0.141156
0.685784
1.24241
0.0857205
0.331544
0.589954
1.18137
1.88928
0.718052
0.165699
0.120536
0.0203472
0.205635
0.27537
0.535161
0.690795
2.05585
0.175963
0.0548631
0.0638209
0.267895
0.281618
0.403668
0.656668
0.988278
0.935953
0.0153393
0.076317
0.0793018
0.34449
0.0540012
1.13191
0.25241
0.988901
0.617363
1.30591
0.0203339
0.531777
0.00313814
0.691587
0.232645
1.02119
1.14808
0.688334
0.0104699
1.72825
0.0640859
0.45472
0.000463328
0.0205953
0.801868
0.664443
0.288205
0.721834
0.776224
0.0512072
0.69723
0.0900827
0.0460414
0.089141
0.21057
0.477043
0.898533
0.967484
0.183357
0.468572
2.44539
1.05917
0.0321502
0.00648101
0.172952
0.55678
0.115656
0.308273
0.372131
1.09935
0.253063
0.000173818
0.122902
0.0931586
0.179687
0.0957817
0.169849
0.0746143
0.0467949
0.136865
0.47422
0.00648952
0.479264
0.844336
1.08709
1.29574
0.220149
2.60972
0.501371
0.5355
0.525105
0.593927
0.04773
0.00413055
0.330019
0.191094
0.84111
0.600939
0.370352
0.528742
0.291091
0.354767
0.373195
0.21839
0.0245587
0.137766
0.543928
0.355939
1.39188
1.59965
0.111778
0.0668277
0.351032
0.271433
1.77747
0.203272
1.15842
0.35291
3.51869
0.254188
0.403203
0.148358
0.449401
0.0292416
1.19
0.0822892
0.316017
0.18911
0.0392707
0.194962
0.364905
0.584261
0.0074824
0.110937
0.266217
0.197174
0.17576
0.200736
0.182957
1.46978
0.116343
0.441587
0.418615
0.569484
0.327293
0.719454
0.11733
0.267008
0.0806986
0.551457
2.11004
0.110581
0.292415
1.03979
1.11271
0.38807
1.3978
0.0919408
0.020442
0.254435
1.22898
0.00582741
0.890527
0.692033
0.46151
0.374702
0.35881
0.0787469
0.173748
0.0305892
0.147728
0.606168
0.364229
0.533832
0.735283
1.54311
0.155856
0.0366894
0.138434
0.223344
1.10331
0.121761
0.347699
0.856253
0.0902985
0.464358
0.151464
1.20013
0.701669
2.08119
0.932184
0.0049688
0.628411
0.0903795
0.0414985
0.855948
0.671325
0.439158
0.0676881
0.512488
0.0847563
0.147433
0.314239
0.2113
0.0438413
1.25226
0.515653
0.0187185
0.187168
0.0142347
0.551373
0.485231
0.0236786
2.7525
0.100008
1.0579
0.265619
0.160426
0.00716831
0.0967731
1.34105
0.381235
0.0382716
1.9239
1.62363
0.426551
0.261174
0.0695336
0.37875
0.56068
0.613385
0.0524944
0.00716014
0.866866
0.65304
0.538653
0.623585
0.335407
0.247961
0.68152
0.484165
0.0349191
0.311054
0.242142
0.199529
0.368148
0.32863
0.0107792
0.0514001
0.419813
1.90569
0.139443
0.305819
0.421951
0.373308
0.842743
0.0625586
0.242089
0.0328669
0.0896922
0.15672
0.0707828
0.0243634
0.196151
0.198179
0.230578
0.211772
0.201726
0.401418
0.33008
0.217582
0.711045
0.288855
0.312717
0.107461
0.140514
0.039788
0.133592
0.299919
0.292999
0.208458
0.260615
0.572868
1.04185
0.441882
0.232364
0.87528
1.40976
0.972302
0.42595
0.00333314
0.136181
0.138819
0.163026
0.242525
1.08952
0.165448
0.438802
0.432198
0.298033
0.826442
0.0175106
0.271471
0.118043
0.735221
0.293364
0.698557
1.48621
0.812716
0.256912
1.1541
0.0659169
0.0169844
0.43591
0.859239
2.09288
0.0888702
0.194871
0.771865
1.02393
0.477424
1.37138
0.370156
0.524264
0.737518
0.349386
0.244532
0.425181
0.16297
0.24212
1.05302
0.864025
0.275587
0.587739
0.0480672
0.606135
0.642018
0.168559
0.488681
0.10968
0.308353
0.508875
1.79001
0.670374
2.48351
0.533063
2.19096
0.137262
0.255266
0.238801
1.24687
0.207072
0.332746
0.420121
1.05027
0.251711
0.295534
0.330343
0.0264763
0.0128896
0.349021
0.826832
1.04076
0.0708302
0.620169
0.112874
0.109357
0.771004
0.601358
0.300974
0.541996
0.375441
0.261058
0.0360311
0.0556769
0.163555
0.608331
0.0575791
0.576847
2.68731
0.0667551
0.272772
0.0469841
0.226904
0.299983
1.03232
2.05974
0.312804
0.434614
0.384832
0.339751
0.437614
0.43805
0.56945
0.0833765
1.10456
1.52229
0.568417
0.138138
1.04489
0.270753
0.615412
0.257488
0.155772
0.0478465
0.0643368
0.257629
0.223965
0.512537
0.699015
0.46352
0.386773
0.329158
0.323135
0.208937
0.158176
1.45971
0.0313621
0.0513867
0.598081
1.03075
0.053636
0.501453
0.187225
0.205724
0.0068859
0.789642
0.127267
1.6157
0.0798606
0.276569
0.478782
0.739221
0.150348
1.11634
0.397943
0.294727
1.44977
0.249318
0.130914
0.10178
0.25447
0.102511
0.54067
0.0509507
0.932169
0.904263
0.518026
0.716415
0.0907014
0.384094
0.120517
0.163443
0.220057
0.776876
0.134143
0.452536
0.10774
0.586675
0.33075
0.452693
0.323114
0.172417
0.577292
0.371695
1.13858
0.023106
0.257385
2.18496
0.32638
0.106871
0.311798
0.0594658
0.762816
0.29134
0.394425
0.602973
0.0478124
1.70077
0.139393
0.165057
0.420032
0.270347
0.270399
0.0517767
1.68963
0.085603
0.702642
0.0648923
1.15789
0.515346
0.540843
0.142501
0.585739
0.0192391
0.0262412
0.914378
0.0784606
0.362659
1.25137
0.5068
0.0733968
0.035237
0.228283
0.583555
0.690666
0.0332765
1.92781
0.123079
1.28557
0.471703
0.927325
0.0289526
0.0115671
0.2784
0.415681
0.156587
1.72012
0.113951
0.158701
0.474233
0.81022
0.124079
0.509287
0.163835
0.553834
0.311084
0.558784
0.521524
0.272264
0.0559027
0.323279
0.138499
0.0682596
0.249832
0.0318875
0.201093
0.590777
0.80148
1.0551
0.189023
1.60048
0.379602
0.0211662
0.625879
0.109541
0.462084
1.18032
1.02915
0.766243
1.41741
0.000871249
0.769564
2.50587
0.251233
0.147688
0.277505
0.129215
0.426492
0.512522
0.948254
0.109808
0.578624
0.0246794
0.839542
0.271537
0.0035525
0.163922
1.0025
0.151698
0.0484821
0.0792625
0.258771
0.230721
1.33925
2.46488
0.113896
0.627147
0.0818744
0.254069
0.956598
0.230347
0.0604788
1.99413
0.400161
0.11522
1.62444
0.10553
0.088177
0.425268
0.889076
0.734629
0.219421
0.102904
0.516219
0.421462
0.322243
0.193962
1.74422
0.909773
0.228936
0.183848
0.0096339
0.906815
0.0623216
0.262572
0.0788763
0.0528278
0.237597
0.622776
0.161628
2.23748
1.42858
0.338792
0.161978
0.16165
0.159096
0.726403
0.623938
0.550858
0.0118293
0.0836029
0.0257345
0.498108
1.55314
0.357076
0.976894
0.240273
0.0643411
0.622603
0.628604
0.859925
0.446461
0.0567457
0.321416
0.523528
0.132951
0.868739
0.343317
0.520027
1.21139
1.13229
0.022072
0.31083
0.818158
0.0805968
0.743235
0.238252
0.0596122
0.189245
0.259274
2.1325
1.13178
1.09767
1.47237
0.017072
0.01768
1.1471
0.106083
0.68081
0.767516
1.09872
0.468807
0.30007
1.92072
0.893041
0.517573
0.669704
0.0368011
0.0827653
0.167417
0.232667
0.400373
0.0602317
0.148729
1.02595
0.240651
0.0574044
0.478022
0.820629
0.309333
0.167858
0.329244
0.990744
0.150107
0.742348
0.203929
1.51877
0.062759
1.07515
0.354497
0.269706
0.638518
0.0302743
1.10437
0.537346
0.153585
0.165131
0.698617
0.937115
0.206644
1.13134
1.36317
3.16769
0.617
0.279294
0.230928
0.367882
0.302658
0.448752
0.146371
1.09687
0.304891
0.0722934
0.443873
0.457367
0.251506
1.04878
1.67279
1.12419
0.144371
0.0013102
0.12328
0.189962
0.109826
0.30588
0.0159092
0.209973
0.533427
1.00976
0.0367526
0.706966
0.297929
0.435296
0.170643
0.595445
0.243331
0.609021
0.26123
0.385351
0.267875
0.0451596
0.147481
0.706835
0.43888
0.207981
0.914983
0.03839
0.406477
0.632817
0.0104681
0.636204
0.123618
0.00826002
0.210476
0.133365
2.54675
0.0547987
0.326032
0.202806
0.465411
1.0021
0.120058
0.0324637
0.173001
0.608348
0.0253142
0.34661
0.281693
0.601513
1.27031
0.00026584
0.14517
0.167544
1.03977
0.370999
0.230212
0.0800091
1.0556
0.391003
0.0500965
0.0107231
0.149922
1.15043
0.461332
0.0678428
0.0541056
0.504431
0.483764
0.101735
0.813237
0.0217938
0.0926978
1.23596
0.600856
0.152628
0.319431
0.401531
0.226751
0.550336
0.0768703
0.546952
1.71487
0.521294
0.677804
0.0920677
0.372265
0.541162
0.0800313
0.0416757
0.603348
0.157552
0.404478
0.992357
0.798508
0.127556
0.547142
0.115941
0.0133248
0.366756
0.134854
0.0376491
0.138703
0.845922
1.46397
0.771947
0.77731
0.0950347
3.36968
1.24134
0.422954
2.01788
0.110471
0.3003
0.0540272
0.0792272
0.965864
0.120332
0.0784565
0.423071
1.34436
0.112879
0.143619
1.92406
0.634052
0.106623
0.402138
1.58592
0.0423114
0.0188082
0.448993
0.221043
0.172063
2.0104
0.517339
1.85769
0.472859
0.250039
0.450392
0.538159
0.297601
0.570444
0.0402285
0.00314895
1.29236
0.0675554
0.259995
1.4259
0.230405
0.670935
0.317367
0.217903
0.217491
0.0791069
0.784558
0.0604487
0.490338
0.67676
0.197001
0.280731
0.343014
0.39809
0.243426
0.0485695
1.00354
0.14324
0.836848
0.413211
0.013712
0.0403865
0.309882
0.587936
0.433431
0.174229
0.256758
0.159164
1.16254
0.0508094
0.373343
0.554359
0.599709
0.234739
0.107927
0.733005
0.592755
1.11739
0.0313821
1.37032
0.386082
0.189841
0.385075
0.0430982
1.30978
0.041374
0.751199
0.124167
0.65749
0.144361
0.137542
0.732983
1.44537
0.0754968
0.501851
0.633085
0.26538
0.0705554
0.217882
0.278774
1.18614
0.673367
0.697649
0.0761556
1.33231
0.567237
0.0193275
0.254104
0.00662455
0.185433
0.0973082
0.277108
1.07208
0.312555
0.469531
1.60305
2.49721
0.495634
0.0729599
1.32005
0.0633437
1.55148
0.147384
0.0376911
0.172038
0.50602
0.094296
0.22252
0.723869
0.654006
0.227449
0.189049
0.102493
0.392179
0.0546239
1.14662
0.0379106
1.0278
0.617401
2.48208
0.208688
0.298476
0.206552
0.00889383
0.0755176
0.388073
2.85541
0.50535
2.21226
0.0696745
0.401393
0.191963
0.108766
0.0547679
0.401533
0.0304174
0.0217055
0.2785
0.091897
0.273572
0.150471
1.20911
1.86434
0.0043473
0.0361233
0.696125
0.296119
0.21059
0.362865
0.632138
0.723472
0.0129928
1.89693
0.463404
0.170163
0.0795005
0.60577
0.0712568
1.01222
0.457959
0.766741
0.642697
0.0494597
0.580836
0.147669
0.0142066
0.0696863
1.45444
0.570635
0.332799
0.122368
0.132361
0.75729
0.777402
0.303843
0.776261
1.29195
0.365444
0.506379
0.280267
0.602201
0.371643
0.231451
0.28441
0.997146
0.0631494
0.403191
0.483731
0.585054
1.13902
0.282157
0.0387025
0.428264
0.0208561
0.438741
1.07191
0.486919
0.0511024
0.492936
0.796026
0.136209
0.315779
0.0935985
0.176195
0.250027
0.532496
0.43952
0.0312622
0.283002
0.425608
0.565983
1.32151
3.27906
0.170625
1.6019
0.409324
0.0244588
1.61967
0.304695
0.815729
0.653055
0.701033
1.2172
0.170387
0.302091
0.343295
1.13411
0.664068
0.149165
0.804371
0.0258087
0.286398
1.33264
0.381401
0.0872294
0.157806
0.665724
0.69728
0.435483
0.128716
0.120013
0.245005
1.20694
0.159612
0.828835
1.71939
0.77459
0.165112
0.1307
0.02572
1.16038
0.511064
0.589184
0.322707
0.0986634
0.106304
0.864514
0.442448
0.761624
0.398161
0.0457397
0.306606
1.20122
0.02814
0.229668
0.280768
1.12377
0.148577
0.96612
1.28821
0.0948277
0.342059
0.764862
0.966373
0.126367
1.56557
0.978064
1.07105
0.247141
0.214761
0.255092
0.210733
1.38013
0.317737
0.251268
0.538716
0.00744812
0.472651
0.522022
0.109938
0.120581
0.559754
0.016204
0.428506
0.681479
0.358993
0.226002
0.889939
0.13178
0.275159
0.363194
0.0844478
0.854768
0.508908
0.931224
0.325268
0.166781
0.359664
0.626058
0.149789
1.35557
1.17736
0.403051
0.571721
0.0430844
0.588572
0.149623
0.041325
0.0204896
0.991812
0.390434
1.23568
0.150463
0.074549
0.699418
0.84257
0.0266342
0.204348
0.189802
1.40058
0.0121879
1.37445
1.71581
2.28875
0.0441718
0.595813
1.23403
0.0304776
0.79433
0.0344909
0.35768
1.13873
0.316529
0.114983
0.349003
0.243152
0.291594
0.129023
1.3354
0.272777
0.166636
0.790495
0.577542
0.22013
0.318961
0.225184
0.0577352
0.472826
0.477109
0.265007
0.10305
0.20426
0.134136
0.123416
0.091713
0.889389
0.085305
0.488927
0.173191
1.16917
0.759511
0.296917
1.09166
1.91194
0.0425234
0.384811
0.721652
0.485999
0.431608
0.849802
1.01374
0.25462
0.254683
0.17003
0.436943
0.336733
0.819108
1.34093
0.193035
0.273304
0.126804
0.235615
0.0298632
0.0507581
0.202114
0.375632
0.319993
0.0695011
0.36159
1.08603
0.219228
0.376425
1.06535
1.06654
0.0703111
2.8547
1.39915
0.197964
0.387178
0.365085
0.0926759
0.0701785
1.06199
0.152512
0.383023
0.110911
0.538635
2.03184
0.0319396
0.295817
0.939876
0.451067
0.809488
0.596719
0.165697
0.0907389
1.51024
0.955514
0.772275
0.298134
0.682968
2.69653
0.108953
1.06975
0.578779
0.141586
0.386497
0.898791
0.137198
0.300054
0.750717
0.0193702
0.284079
0.602426
0.50141
0.563171
0.943169
0.673709
0.581564
0.388825
0.940389
0.292647
1.93754
1.10381
1.29161
0.302982
0.117399
2.01991
0.897069
0.0674238
0.0929548
0.269617
0.352527
2.89733
0.454972
0.0332116
0.0428723
1.17302
1.9901
1.61278
0.0300341
0.663161
0.196981
0.475797
0.200627
0.556799
0.0608216
2.0763
0.552221
0.190551
0.0265183
0.153089
0.0334019
0.238782
0.0710077
0.482068
0.674895
0.842571
0.35443
0.228761
0.0209018
0.740525
1.2029
0.407831
0.514265
1.13748
0.206599
0.41337
0.497444
0.0512207
0.583587
0.728598
0.0461288
0.522329
0.0902422
0.386939
0.382462
0.238443
0.0314247
1.01046
0.186298
0.812298
0.950976
0.00460187
1.26639
0.598516
0.986886
0.271351
0.171932
0.110907
0.0347557
0.552708
0.287847
0.408233
0.0278637
0.00502234
0.295549
0.0200793
0.909142
2.41537
1.59929
1.2636
0.134844
0.0197415
0.168408
0.113078
0.658261
0.0609081
0.100168
0.671002
0.210823
0.230616
0.385243
0.152622
0.898611
0.711399
0.310196
1.51244
0.431898
0.549388
0.126656
0.0813045
0.334504
0.0910541
0.300221
0.739078
0.256932
0.0664895
0.0344089
0.275234
0.0720608
0.210319
0.104503
0.975094
0.690102
0.400574
0.265255
0.0173256
0.196698
0.409512
0.2464
0.308177
0.192187
0.189101
0.545531
0.0641405
0.0964416
3.13998
0.502178
0.00323287
2.23922
0.365565
1.20893
1.11177
0.0852208
0.653018
0.0551606
0.646926
1.57353
1.45971
0.0353129
1.77136
0.11358
0.671736
0.233215
1.13553
0.185825
0.821458
0.315589
0.584982
0.459239
0.553698
0.400379
0.0431444
0.0718933
0.0564764
0.194486
0.735316
0.0416754
0.0524018
0.972346
0.186849
0.130555
0.440851
1.62227
0.439355
1.19883
0.663718
0.192421
0.424206
0.929095
0.431439
0.0749866
0.668712
0.46789
0.597658
1.7246
0.115034
0.448412
1.14841
0.0195281
0.0546538
0.0817318
0.140901
0.25903
0.882268
3.30729
1.192
0.988315
0.508034
0.131239
0.630559
0.0734133
0.137074
0.650866
0.13917
0.0706647
0.162396
0.161231
0.141596
0.345112
0.292682
0.573529
0.281185
1.45898
0.0343471
0.333187
1.17316
0.196593
0.242851
0.57383
0.362832
0.369823
0.158645
0.092315
0.156518
1.02029
0.163131
0.269699
0.114003
0.260333
0.574604
0.0357492
0.102065
0.581396
0.343466
0.717509
0.419524
0.511277
0.401919
0.190078
0.295433
0.235648
1.21735
0.275289
0.213953
0.0734357
0.588741
1.04902
0.339482
0.112535
0.17047
0.0726009
0.0344253
0.159477
0.0646244
0.112072
0.918589
0.550409
0.99919
0.236952
0.694797
0.406844
0.213883
1.20358
1.31842
0.0449824
0.464724
0.671815
1.23913
1.02805
1.0139
0.0199745
0.196975
0.077256
0.74155
0.520756
0.493195
0.340552
0.769328
0.236753
0.888607
0.179655
0.270245
0.126576
1.49927
0.491718
0.425594
2.07885
1.05399
0.604417
0.103952
0.353634
1.17064
0.68167
1.52404
1.13328
1.05685
1.45469
0.302629
0.100694
0.0677693
0.334853
0.453744
0.260772
0.506939
0.947661
0.0749478
0.193494
1.18836
0.134519
1.46627
0.0738836
0.846418
0.909659
1.04766
0.263724
1.52423
0.89862
0.813025
0.230858
0.419837
0.126924
0.0827425
0.10171
0.199844
0.128606
0.381209
0.772269
1.14471
0.0601409
1.27346
0.279033
0.224503
1.339
0.698792
1.29482
0.0529159
0.0387636
1.00585
0.00939679
1.51994
0.312375
0.0769905
0.108494
0.56771
0.0604833
1.21726
0.0109497
0.749835
1.137
0.597072
0.200623
0.428816
0.732692
1.27922
0.475123
0.053279
0.674093
0.0693882
0.432824
0.118366
0.249899
0.419165
0.0165354
0.43115
0.200224
0.277609
0.868675
1.00997
1.03214
0.172719
0.45877
0.18632
0.722308
0.444289
0.0758815
0.173569
0.0726308
0.0050587
0.0764959
0.612802
0.17022
0.345597
0.0298127
0.00858936
0.978403
0.597333
0.988618
0.0969458
0.790499
0.358693
1.81093
0.921531
0.781769
0.251253
1.13067
0.498937
0.807395
1.15238
0.852032
0.140786
2.81426
0.177235
0.218762
0.991236
1.46446
0.430555
0.0649719
2.81662
0.136821
0.422344
0.616439
0.256959
0.438835
0.537932
0.0767933
0.101248
0.333505
0.183916
0.961204
0.148997
0.480215
0.222836
0.546245
0.0347064
0.164203
0.575615
0.0461037
0.00802051
0.0818425
0.320142
0.304333
0.567119
0.242849
0.589619
0.455138
0.13755
1.4605
0.14447
0.100101
1.22486
0.697238
0.0813515
0.874031
0.88406
2.16795
1.03013
0.918082
0.0137009
0.232862
0.503336
0.200935
0.0186563
0.694859
1.06104
0.325317
1.01171
0.0514792
1.11925
0.249816
0.13249
1.84983
1.7299
0.028714
2.08807
1.3574
1.19706
0.673522
0.0794349
0.992268
0.19356
1.35904
0.789521
0.54697
0.162046
0.168505
0.194907
0.693135
0.190927
0.279436
0.258625
2.22459
0.928581
0.731334
0.854863
0.172185
1.04599
0.205177
0.249587
0.408114
0.50605
0.411288
0.790083
0.0850955
1.47594
0.128225
0.96229
0.382612
0.0159946
0.824484
0.389954
0.0825317
0.657242
0.429477
0.216082
0.207085
0.889637
0.179962
0.753635
0.346528
0.0441894
0.509091
0.0378941
0.225655
0.294804
0.147176
0.382875
0.758291
0.149152
0.0326901
0.281868
0.246807
0.641564
0.156525
0.978829
0.715165
0.471845
1.80162
0.460337
0.245375
0.0738018
0.279458
0.634884
1.71581
0.155902
0.133918
0.060591
0.12979
0.00102189
0.300896
2.0181
0.305203
0.818609
0.104659
0.303866
0.533765
0.0932877
0.202874
0.0697298
0.682827
2.90508
0.0119928
1.09501
0.458688
0.159288
0.80223
0.34846
0.202142
0.253302
0.248064
0.0994118
0.444432
1.58137
0.16109
0.155298
0.519862
0.0596762
0.522917
0.770144
0.498807
0.829664
0.894768
0.0364851
0.403183
0.32101
0.245982
0.081093
0.3521
0.551775
0.809415
0.208396
1.06983
0.379685
0.458972
0.161217
0.989556
1.16371
0.273409
0.478016
0.44329
0.165339
1.4558
0.298571
2.29635
0.993828
1.89206
1.18545
0.213232
0.210381
0.103948
0.0561266
0.308072
0.11236
0.278315
0.0648868
0.301579
0.310757
0.911001
0.115249
0.0817823
0.0139773
0.322322
0.953165
1.1469
0.476347
0.353121
0.113966
0.270618
1.90322
0.33644
0.293652
0.353072
0.715924
0.20324
0.609553
0.202173
0.0902469
0.329461
0.122447
0.900773
0.239144
0.117319
0.129433
0.019948
0.627399
0.56621
1.079
0.312036
0.670876
0.11876
0.0852531
0.199223
0.0594415
1.19743
0.899482
2.50745
0.459233
1.33645
1.07899
0.365587
1.40583
0.144219
0.695478
0.860686
0.392315
1.39111
0.308265
0.533168
0.677333
1.10371
0.139016
0.26787
0.233996
0.687306
0.454132
1.28492
0.628079
0.163338
0.5031
0.220993
0.155503
0.0655626
0.824166
1.41206
0.638774
0.0431371
1.03823
2.21268
0.107054
0.372126
0.511802
0.235048
0.602575
0.222435
0.483008
1.18954
1.30895
0.98398
0.342134
1.85636
1.98636
0.66853
1.98833
0.00680266
0.391308
0.387956
0.207509
0.675583
0.110991
0.093408
0.091106
0.0390178
0.482448
0.0437442
0.764306
0.343272
0.421015
0.0234331
0.159776
0.0594856
0.481461
0.124411
0.276874
0.509802
0.0564334
0.0578828
1.07725
0.036014
1.04
0.394781
0.0837411
0.137241
0.0229587
0.697494
0.7083
0.264171
0.302943
0.248942
0.0888982
0.0306167
0.093585
0.694594
1.26007
0.211971
0.726584
0.390082
0.893513
0.200418
0.0438683
0.3696
0.672373
0.28149
0.151691
1.08412
0.212045
0.26138
0.32563
0.233882
0.110458
0.128589
0.778454
2.42556
1.16901
0.405995
0.302877
0.0324469
0.324852
0.478356
0.144237
1.03989
0.705085
0.160721
0.443807
0.174693
0.132356
0.105877
0.0404755
0.00359795
1.11386
0.442888
0.0143043
0.326155
0.306534
1.27208
0.668854
0.85132
0.110473
0.682347
0.120301
0.146184
0.657733
2.90824
1.84474
0.390243
0.0818587
0.58642
2.65607
1.02463
0.731503
0.254246
0.857219
0.222338
0.608606
0.373291
1.06245
0.441947
0.665009
0.204481
0.354931
0.154734
1.1853
2.33289
1.39533
0.527631
0.397791
0.113939
0.263565
0.0360505
0.00461017
0.668294
0.312851
0.291306
0.348548
0.0986669
0.814928
0.153232
0.192364
0.931495
1.4258
0.440343
2.78921
1.63027
1.23031
0.243302
1.1944
0.496688
0.01665
0.716618
1.02672
0.360567
2.02372
0.566797
0.260675
0.233046
0.244742
0.0180166
1.14351
1.21137
0.220097
0.474748
0.438104
0.0330652
1.08943
0.174031
0.206925
0.501989
0.423307
1.26372
0.098186
0.605829
0.466233
0.267961
0.0944045
0.726688
0.119596
0.232977
0.360882
0.0210212
0.140167
0.22141
0.403031
0.559133
1.85269
0.410874
0.930912
2.2084
0.0315625
0.202083
0.243116
0.630325
0.754177
0.207226
0.0324292
0.0488436
0.301037
0.476103
0.328156
0.412967
0.0240489
0.363399
0.285422
0.692799
0.111273
0.275963
0.668893
0.351137
0.19721
0.537198
0.212802
0.90856
0.0851633
0.437287
1.50004
0.0412479
0.169257
0.536526
0.587948
0.452148
0.547793
0.226826
0.325507
0.00110588
0.979438
1.11978
0.335266
0.349065
0.208799
0.0797155
0.821662
0.102423
0.647064
0.291807
0.435926
1.02868
0.0107325
0.0257217
0.133468
0.124694
0.697797
1.05723
0.963821
0.643989
0.523692
0.774268
0.264177
0.190491
0.00701614
0.602835
0.167884
0.187816
0.516015
0.293423
0.12853
0.100318
0.0299655
0.212667
0.235922
0.275306
1.1414
0.771799
0.592629
0.851645
0.7328
0.106985
0.00125184
0.124494
1.68537
0.0408574
0.967649
0.434098
0.745268
0.574415
0.412169
0.0337928
0.11728
0.0817633
0.361631
0.105813
0.625021
0.0220365
0.292093
0.144457
0.634526
0.609894
0.489297
0.551325
0.995555
0.604956
0.174403
0.0566241
0.537418
0.334352
0.367309
0.211399
0.515173
0.570723
0.204189
0.217757
0.213968
0.0425522
1.068
0.169913
0.181485
0.757329
0.0129417
1.38693
1.01535
0.432519
0.153048
0.371387
0.727364
0.251483
0.872573
1.20997
0.148674
0.253533
0.225705
0.336721
1.93372
0.136641
0.302862
0.0611965
0.299448
1.14498
0.770443
0.0486605
0.302338
0.0704946
0.049648
0.527017
0.0271405
0.191087
3.0683
0.531644
0.553709
0.200106
0.182774
0.115852
0.626679
0.834316
0.252329
0.969832
1.35126
0.502985
0.0348051
0.228119
0.298511
0.077835
1.72499
0.409454
1.64746
0.590929
0.18149
0.0171746
0.411287
0.596732
1.05277
0.0540286
1.84328
0.416391
0.399197
0.00400507
5.49175
0.047255
0.339935
0.186246
0.215437
0.542305
1.39964
0.495771
1.68076
0.675338
0.927251
0.0189882
0.0547954
0.611056
0.532584
0.11772
0.188761
0.0817476
0.187116
0.436501
0.184305
0.156897
0.0725812
0.619383
1.83601
0.507813
0.312739
0.800126
0.233703
0.997625
0.995959
0.775273
1.35912
0.420904
0.212668
0.0371729
0.534138
0.204106
0.271736
1.82398
0.48719
1.42583
0.187592
0.642134
0.142642
0.467256
0.424278
0.163099
0.368146
0.24433
0.363525
0.49085
1.77311
0.340152
0.585976
0.0072301
0.578946
0.190297
0.367291
0.0288996
0.494639
0.278133
0.331373
0.033407
0.379293
0.0373539
0.105253
1.46529
0.219181
0.378316
0.105973
0.0948949
0.584121
0.266838
0.00344238
0.730036
0.405811
0.311618
0.590854
0.0811775
