1.81523
0.551597
0.190634
-0.717891
0.122317
-0.526581
0.333707
-0.232725
-1.60789
1.91237
-0.967078
0.647432
-0.442844
-0.216785
-0.270858
-2.42851
-0.367959
-3.02481
0.73726
14.3346
0.656831
-0.405479
1.00064
-0.907537
-0.157574
0.0372915
-0.105126
-0.816797
-3.71521
0.393344
-0.411269
-0.38916
-0.408244
-1.17189
0.717815
0.485515
-0.681631
2.32517
-0.597755
-2.22403
0.333993
0.992176
3.1608
1.25422
-32.025
0.194968
1.26028
-12.3341
0.50739
0.56235
-0.284006
0.0016658
0.332384
0.342598
-0.177115
0.213103
-2.90969
0.760534
0.0327487
-0.263619
-1.46144
-0.593693
13.1107
-3.08731
0.0345062
0.0269181
-56.8005
-0.805381
-1.51683
-0.0316584
0.771485
0.0630683
0.478819
7.73952
0.509559
0.293539
0.227596
-3.25012
1.81447
0.133442
-0.104192
-0.149516
-3.92636
-0.591364
0.288472
0.219482
1.53698
-14.0152
13.2955
-0.425641
0.395638
-1.97972
-1.39815
0.133998
0.0354499
0.00939487
-1.84829
1.1164
-1.28403
-0.0625154
0.0285458
0.0473593
-0.988568
-0.756079
-0.176579
-0.253191
-0.418541
-0.591472
-0.232637
0.032164
0.366669
0.119839
-0.298557
0.879837
0.832381
-0.0656611
3.26732
-2.7796
-0.161689
-0.86443
0.501214
0.995208
0.049528
1.08362
-0.685466
-1.96263
3.85638
-3.08851
-0.412216
0.277739
3.57325
-0.326748
-0.124942
0.0199593
0.149317
0.161511
0.506705
-0.123408
-2.27355
-2.38372
-0.165114
-0.318297
-0.203182
-1.76463
3.16751
0.59085
-0.874944
-0.781659
0.998626
-0.796289
-1.78949
-0.385524
-0.0209203
0.395032
0.136662
0.0367416
-0.2971
1.07209
0.300321
0.126534
-0.586755
0.42789
-0.676455
-0.207838
-0.350705
-0.818872
-5.54084
0.939845
-0.741861
-0.809091
0.168606
-2.43383
-2.46613
2.15794
0.165539
0.353938
-0.234685
0.106504
-0.515006
-0.0673759
0.120068
0.639107
0.460374
0.614335
-0.989879
4.10096
0.421253
18.3428
-0.60613
-1.22259
-0.0605898
0.936246
0.293624
-0.719256
0.0148298
-1.49393
0.498315
2.36113
0.192361
-1.0729
-0.603876
0.299266
-0.532856
-0.305449
-0.203446
1.08574
1.78891
-0.481411
0.124734
0.174155
0.450834
-1.26474
-0.357892
1.49938
0.143846
18.8893
0.987292
-0.388036
0.035337
0.112883
-0.235579
1.04393
1.33041
4.1421
0.474752
0.336566
0.266394
-0.0309363
0.553787
-2.90947
0.0383975
1.91487
-2.16686
-2.84378
41.0719
-1.65996
-0.736182
0.146473
0.653675
-0.259499
-0.18099
0.00969299
-1.50537
0.368341
0.0699304
0.348677
0.313801
0.970608
-0.212788
0.131834
-1.35395
0.413667
-8.8297
-0.834988
0.718623
-3.78397
0.130286
0.340639
0.696011
-0.0968663
1.75379
0.238174
0.195087
-0.402188
1.28305
-22.3114
-0.8616
0.272862
0.887248
0.0101557
-0.0994006
-0.259648
0.0936145
2.13849
0.0770452
0.216759
0.55011
0.815394
0.222335
-0.201745
0.735025
-0.0644464
-0.288535
-0.275716
-0.41622
-0.779213
-1.00178
3.26828
1.14338
-1.56056
0.814344
-2.68848
-0.824768
-0.067899
-1.27382
0.845641
0.0757124
0.225348
0.597657
-0.419346
-0.342195
10.6121
-0.488648
-1.10089
-0.104773
-1.2748
0.00349753
0.300486
-0.406789
55.1265
2.38321
-1.65202
-0.196416
0.576341
-0.560937
0.106118
-1.43728
-0.0413889
1.05193
-0.623456
-0.465984
25.5877
0.479921
0.0300257
0.221612
0.0857318
-0.632328
1.02809
-0.560384
0.756299
1.16943
-1.68463
3.45587
0.0059496
-3.31247
-0.104588
3.40625
-0.956656
0.397987
0.24628
-0.0951971
1.48323
0.222467
-0.419928
-0.218118
-3.91693
1.42761
-1.99856
-0.115315
-1.09322
-1.5859
-3.69225
0.413295
0.146816
-0.578918
0.753053
1.50686
0.450713
0.212535
4.3249
0.00922003
5.97941
0.220004
-2.51226
0.356829
0.874849
2.54899
0.604932
-3.19034
0.97376
2.40389
-0.193432
-2.9408
-0.111974
0.0530753
-1.04527
-0.588695
0.850954
0.175273
1.56977
-0.525749
-0.229511
0.187439
-0.0071419
0.468407
-0.178802
-0.742263
-0.622196
-0.332864
0.789205
-0.854495
-4.85717
-0.987543
-0.307531
-0.258925
1.73412
0.624751
-0.347208
6.46932
-1.1676
-0.0769256
-0.16876
-0.799955
3.30277
-1.14581
-0.397803
0.851701
1.18033
0.721902
-1.72547
-0.206598
0.455886
0.50588
0.203847
-0.242896
0.604646
-0.0384582
0.0385754
-0.0475112
0.0114809
2.56089
0.530545
-0.634073
0.134502
0.152028
0.0589469
-0.659595
-2.46973
-2.82276
-1.07299
-0.0465823
-1.66553
1.34935
0.306541
0.109084
-1.04182
1.109
0.775499
-0.622672
0.0883321
0.625579
-0.138869
0.484041
0.573238
0.030039
-0.149779
-0.426239
0.315376
0.561528
-0.374271
0.169839
4.3812
-0.346272
0.0527185
-0.854225
0.0303097
-8.51131
1.0787
2.12015
0.181519
0.440716
0.927004
-4.19248
0.745627
0.321147
-0.447908
0.597491
-0.69807
1.552
-0.522295
-0.105208
14.7445
-0.817684
-0.443327
13.0163
-4.60937
0.241017
0.0616325
-0.250472
-1.35843
-2.29416
1.81463
0.300596
-1.62053
3.23041
1.52116
1.44958
-0.494382
-1.71395
0.347873
-0.58298
-0.448594
0.431257
0.354366
-0.25986
-0.0690428
0.520855
-0.859805
-3.38061
0.767678
1.19659
-0.855413
-0.3275
-0.208547
-5.04893
-0.941383
0.181086
-0.607505
4.20861
-2.67
0.83178
0.85134
-0.47888
-0.109302
-0.533022
-1.00106
0.373872
2.82483
-2.05924
-0.636585
-0.244847
0.137093
-1.18903
-0.267118
0.00219789
-0.391988
0.141973
-0.230582
-6.49573
-0.759097
0.636041
-0.157468
-0.581631
-0.111
-0.487156
1.40032
-0.383297
0.400371
-0.680659
-3.58676
-0.410257
0.314257
0.249739
-0.512729
-0.220106
1.08771
-0.192958
-0.235334
0.595575
-0.0516146
0.108617
0.471661
-0.421833
0.372901
-1.61794
0.431965
-0.145961
-1.14021
0.237909
0.698668
-0.757775
-3.46499
0.616368
0.132621
-0.388128
-0.470677
-0.93464
-0.933216
0.533735
0.631928
0.187505
-1.43084
0.194131
0.71078
-1.30888
-0.184125
-0.657722
0.0200266
0.679208
8.87741
0.17501
-0.825442
0.353533
-0.22713
2.10115
0.449991
-9.02516
1.09944
0.14709
-0.260375
4.84002
-0.189499
1.95822
-0.770983
3.90306
5.15892
0.256383
0.541842
0.956552
0.107458
-0.511
-0.149249
-0.0230854
-0.495624
-0.0364567
-1.11507
0.544282
157.569
1.13164
-0.0142287
-1314.96
-3.40053
-0.0374382
0.348672
0.0254352
-0.0770894
-0.334705
-0.603504
-14.4109
0.53233
-0.198334
-0.12844
-0.688682
-1.72012
-0.0297711
-0.557469
0.516518
-0.715885
0.604088
0.43283
2.44252
0.0341273
0.978777
0.517161
-1.70318
-0.0961211
-1.01952
0.774949
-0.127305
0.53714
-0.990661
-0.119322
0.16942
1.55123
1.74174
-0.12079
-3.8608
-0.489249
-0.209954
-0.218829
-2.13886
6.87181
-0.545059
-6.91068
-0.0712057
2.51401
0.321861
-0.62636
-2.24669
-0.733507
2.68265
0.481045
-0.991528
0.0425885
-0.175243
-3.88154
0.0575471
-1.11912
-13.9013
-0.70681
0.0122782
0.26196
1.14044
-0.215593
0.3477
-0.00487469
0.977239
-0.761344
-0.125652
-0.298944
0.17035
-0.421365
0.103162
0.246905
-0.672041
1.78436
-0.259715
-0.400278
-0.3913
-0.137873
0.690155
0.462338
-0.210985
0.259493
-1.3264
-0.737025
-39.4595
-0.269064
-0.403062
-0.759683
1.69589
-1.45579
0.0515961
-0.0903097
-2.03776
1.71444
-0.425332
-0.0979757
0.134131
0.357175
-1.65277
-0.262413
-0.274314
0.201736
0.0477848
-0.0237966
1.34652
1.4787
0.415973
0.541618
0.705981
4.00815
4.55234
-0.46566
0.46976
-0.351904
0.193752
-1.7801
0.966217
-0.180247
-10.7986
-0.562715
-0.0306762
0.508407
0.688339
-0.33878
-0.868298
-0.0708621
0.797697
0.625218
-0.0401043
1.34679
1.2877
-0.4212
0.328064
0.63222
1.00528
0.805023
3.58205
1.09731
-1.78989
0.894048
0.262892
-1.64057
-0.144181
1.43639
1.0941
0.255929
-0.346691
0.0361926
-43.6645
-0.398631
0.830685
0.160797
0.112209
-0.894855
-0.292248
0.173549
1.30803
0.472815
1.4356
0.19221
-0.0899716
-323.822
-2.24429
4.47512
-1.72816
-0.101619
-0.509548
0.227498
-0.834839
1.52353
0.587848
-11.7604
0.577778
-1.09311
-1.43484
0.635284
0.413863
-1.04683
1.16029
-0.875096
-0.0124576
-0.777912
0.581287
0.410845
0.225231
-0.727664
79.7012
0.474704
-0.545093
0.0204706
1.01542
-0.250264
-0.560007
0.076605
-0.122502
-1.9899
0.128383
0.0537233
-1.84548
0.137682
2.47493
-0.0748049
0.684417
0.277249
0.134401
-0.976225
-5.89171
0.35234
0.405426
-0.0655256
0.289751
0.106737
-0.0757908
1.44267
0.435843
-3.5774
-0.787485
-1.27483
1.06601
-0.642523
-0.366322
-0.140936
0.295542
0.841036
-0.0948128
-2.46045
-0.767983
-0.0751711
0.216294
0.735927
-2.6809
-2.23148
-0.22338
0.146918
-0.124666
-0.0265082
-0.198641
-0.366718
0.188141
0.672568
-0.534657
0.086102
0.797604
0.111684
-0.0559573
-0.0567275
0.152815
-0.0328
-0.596683
0.686019
0.424372
0.484491
1.91743
-2.7527
0.645492
-1.06262
-0.284459
0.326551
-11.616
0.711963
0.330077
0.292068
0.329611
-0.410822
1.35763
-0.335102
-0.0841951
0.181146
-1.47153
1.4443
0.875425
0.647553
-0.0434885
-7.08125
0.602777
0.14737
-6.47006
0.294113
0.968389
-0.328394
0.56367
-0.174262
1.57401
0.17029
-0.316663
-0.327062
-1.25472
-0.584219
-0.10501
0.0826188
1.73014
0.917984
-0.280052
0.0681535
0.228403
-0.44852
-0.238492
2.3755
-0.657398
-0.288901
0.0440774
-0.982527
0.751304
-0.51611
-0.00783697
0.613486
-0.311371
0.653879
-0.889678
-0.0418701
-0.135313
0.303456
-0.297391
0.279988
-0.730996
44.105
0.171289
0.597061
-1.99205
-0.579261
1.06422
-4.25561
-2.05299
0.465254
-1.06593
0.362345
1.73959
-19.6408
0.387861
0.0827869
-0.431312
-0.060797
0.814346
0.201822
-2.67138
-0.69104
0.251732
-1.80605
-3.36526
-1.14817
-0.621698
-0.118385
1.35869
-0.0649799
-0.094747
0.908635
-2.81407
0.216764
-0.956443
-0.124396
0.449906
0.154891
-0.0416982
0.595182
0.500339
-10.1061
-1.96243
-0.0323296
0.93602
-0.00993298
-1.31468
0.108561
1.16439
-0.311957
0.0733125
-0.259417
-0.424523
-5.1487
-0.800308
0.944391
-0.363871
-0.372771
0.472853
-28.4495
-2.25993
0.766026
-0.58958
-2.35239
-5.57271
-0.154825
2.01256
-0.0395479
-4.25372
4.1141
0.580088
0.0665059
-49.0184
0.619617
0.349551
20.3326
3.05085
0.750799
0.317043
-0.396008
-31.8465
-0.183937
36.6193
0.313573
0.525689
0.118786
-1.00754
-0.418931
0.126828
0.0417608
0.141018
1.69586
1.12462
-1.56408
4.11716
-0.160128
-0.331503
-0.581462
0.243521
-0.0519852
-1.08637
0.52125
0.121835
1.77837
-0.0135764
-0.197074
0.889031
-0.494555
0.1537
-0.500099
0.259702
0.139539
-0.361524
0.0551314
73.796
0.7354
-0.214926
0.00310331
0.208974
1.24055
-0.174356
-0.340005
-1.43459
-0.402848
0.0152445
-0.267608
0.354229
-0.165013
0.178591
4.31498
1.95724
-0.0202232
0.587314
0.161446
-0.0579984
0.634444
-0.839941
-0.186366
-1.71953
0.526933
0.042465
-0.184828
-0.870259
0.270394
0.0818823
2.66336
-2.22637
-22.9695
-1.2643
4.02685
-0.938388
0.364712
0.130827
4.79569
0.0285103
1.76441
-1.41145
-0.486661
1.02706
-0.474824
-1.10519
0.0480196
-0.617535
0.211604
0.584984
-0.102931
-22.1344
0.37149
6.39348
-6.1932
0.834722
0.0402718
-0.639482
-0.612087
-0.00599651
0.744959
8.02186
0.178175
17.7163
0.0343876
-0.352973
-0.0532582
-0.0309432
5.62385
-1.60855
-1.29518
-0.128667
-0.296733
0.0765812
0.340751
1.54895
0.0716587
1.20515
-1.43853
0.517343
0.20986
0.181918
-0.102258
0.55668
7.78711
-0.077166
3.01314
2.19812
0.0839143
-6.33394
-0.454812
0.953219
-0.232691
-0.65063
0.0441672
0.549976
-0.64224
-0.480226
-2.79607
0.0901179
-9.44898
-0.519145
-5.5632
-0.0807365
1.53548
0.414337
0.288603
27.5794
-0.032272
-6.2047
-0.0229615
-0.347527
0.380086
-2.23649
0.263305
-2.6474
0.320492
-0.238366
-0.174778
-1.14021
0.480058
-0.415468
0.383708
0.263281
0.11177
2.67042
-0.05489
16.426
0.926799
0.289887
0.365712
0.893521
0.0141567
-0.176377
0.966187
-1.71062
0.836072
-1.81813
1.05246
0.357866
0.667473
0.279688
0.095881
1.23122
0.176973
18.7114
-0.0933686
0.00339293
-0.155032
-0.57886
0.472902
-3.42824
-0.44848
-2.0267
0.0315359
-0.121009
0.301778
-0.241054
-0.17898
0.198368
-1.43828
-0.0026573
5.45351
0.822486
-4.09061
-1.1581
0.406191
0.222966
-1.22077
0.124878
0.194309
0.334001
-0.827841
0.180773
2.61313
-0.366378
0.764783
-1.55998
0.190533
-0.291856
1.23824
1.23538
-0.0923714
0.727358
-0.217767
-19.3848
0.175271
-1.91905
4.80284
-0.625982
0.0558963
-1.18974
-0.336221
-0.033025
4.31171
1.63353
-53.9594
1.46917
0.564198
-0.420998
0.00448763
0.924094
-0.0125563
-0.00608768
-0.537404
0.0476342
0.356981
0.397543
9.44671
1.80067
-0.168743
-0.00890901
-0.178735
1.6055
-0.298645
-0.189319
0.204224
0.319008
4.29041
0.95997
5.76341
0.286621
-1.87865
-2.62474
0.617643
-0.735429
-0.0221259
-0.0937592
0.761731
-2.48049
-17.7606
-0.189601
-0.521807
0.718978
-0.483579
-0.420498
-1.10137
-0.634282
-0.489626
4.05476
0.0836498
0.529111
-1.77074
0.0144935
-4.46784
-1.35517
-0.327559
0.0409803
0.219574
-1.78688
0.812778
0.244502
0.282231
0.612615
-0.0140651
-20.0939
3.5795
0.448949
-0.00151257
-0.934139
-0.10345
-0.0171051
-2.04771
1.31952
7.62146
0.151046
-0.0852541
0.152201
0.288585
-1.83716
-0.179884
1.04011
0.109754
0.939585
0.0419791
-1.42708
0.580922
2.13262
-0.0377698
-0.22033
-0.85594
0.714064
0.903958
-7.7204
0.568765
0.652376
-0.0787399
3.38817
-0.923952
10.5567
0.758687
0.616212
-0.606103
0.0313004
1.40733
0.80596
-0.088921
0.545654
-0.141366
-0.570061
-37.7115
2.16498
-0.163167
-0.196481
0.33377
-0.0943522
-0.396751
0.238243
-0.312847
0.499765
0.00995202
0.320584
0.564523
-3.818
-0.533572
0.151547
-0.974413
-5.87645
-0.0449333
-5.35479
-1.60798
-0.093952
-2.94997
9.03152
-1.6631
-0.0591981
-0.767174
-2.53508
-0.928331
1.54073
1.09049
-7.44507
6.04364
0.712767
-0.227279
0.49849
-0.195467
-1.07264
0.229498
-0.435492
1.0385
-0.386546
0.110763
0.573074
0.558957
-0.00156946
-6.36094
-5.83159
-0.557664
0.132501
-1.41017
0.30645
-5.06203
0.235
1.07269
0.0676407
-4.14202
0.0215486
1.60803
-1.19492
-2.73986
0.0349135
2.28991
0.420979
1.63062
-0.681088
0.111505
-0.161391
-0.273548
-0.710513
-0.457708
2.0276
0.0678122
0.960353
0.0363913
-6.71211
0.581063
-1.66308
-0.977105
0.0371009
0.0406839
0.329059
0.749587
-0.759199
0.260956
-0.795821
-0.197455
0.971891
1.68801
-0.970227
0.0268531
-0.685763
-1.95107
-0.2714
0.475443
1.27601
-2.78152
-0.212281
-3.0122
1.12694
-2.32368
4.19541
0.489313
-10.1234
1.22016
0.0883586
0.0489946
-1.56221
0.163615
-0.00831685
0.429352
0.928226
-0.662378
0.586812
-0.126496
0.28571
0.247567
-0.339075
8.56152
0.205544
0.0918143
11.9758
-0.787102
-0.429813
0.316948
0.988993
-0.0203611
0.484069
0.172759
1.6229
-0.423104
0.0840735
0.290197
-0.152195
0.64859
5.60375
1.01326
0.15558
-2.81666
0.592566
0.225699
0.0227632
-0.605763
0.938978
0.55415
-0.370832
-0.424185
-0.202714
3.55561
-1.15471
-0.494201
3.08131
-0.37591
-2.0428
0.698605
-0.108053
-0.359839
-0.505005
-13.4165
-0.727557
-0.623487
-0.0135959
3.00697
-0.149526
0.879487
0.384334
-0.590151
-0.0126984
4.03495
-0.233113
-0.547379
-0.078212
0.261545
-0.318147
0.302716
0.0835222
0.478367
-0.685871
7.54698
-0.01444
0.47981
-0.264072
-0.526428
0.0766074
0.261344
0.356903
12.2858
-0.364722
0.649735
0.361908
1.64587
0.318875
-0.88416
1.72694
3.62942
-0.00522618
-4.21832
3.74589
0.474961
0.177081
6.3626
0.138526
0.240294
-0.458261
-1.84761
-0.017804
1.9909
0.488579
0.010768
-0.930505
0.589812
-0.577585
-3.49677
0.222034
5.07671
-0.239207
-0.0223269
0.129941
1.04666
0.211768
0.524124
2.36954
-1.47511
-0.573943
-2.99347
-0.600326
-0.0685164
-0.0401933
1.35246
1.9749
-0.127314
0.0140146
0.159196
-0.0984027
-0.118877
1.57081
0.396916
1.56346
0.799477
-2.25498
-1.1672
-0.0298311
0.124979
-0.153031
-1.28934
0.132287
-0.791128
-0.237834
-0.205144
0.178333
0.558431
-4.52439
1.2048
-0.795617
19.8446
-0.152265
-1.99791
-0.855246
-2.08586
3.26724
0.408284
1.66317
7.9536
-1.09607
1.56567
0.109325
0.875232
-5.55267
0.900687
-0.0549081
-0.0143795
0.291605
-0.331251
0.55638
0.180108
-0.187587
-0.024298
-0.591389
-0.217168
0.335593
-0.211717
5.39811
1.34611
1.43486
-1.11988
-0.116468
-6.57409
-0.226879
1.2223
0.679845
-0.487771
0.543974
-0.254601
0.392349
0.725858
0.0945706
0.155379
-1.21839
-1.172
-0.212375
1.10133
0.309008
0.0754708
-0.2569
-0.153405
-0.551245
0.358878
-0.144474
0.307731
-1.04465
-2.54405
-6.55389
-3.80612
0.601181
0.319079
-0.232215
-4.41577
-3.59066
0.950493
1.24131
2.58247
-0.40364
0.437064
-1.10612
-2.92138
0.258023
0.476504
-1.26224
-1.2757
0.413902
1.09683
-0.0638016
-0.262412
-8.78898
-0.21994
-0.463145
-0.0620938
0.627716
-0.759577
-0.265202
0.28097
-0.785025
-0.273391
-0.525585
0.921144
-0.969394
-0.455838
0.11339
0.454488
0.377592
2.07168
-0.136894
0.158601
4.41541
-1.11091
0.490781
0.382313
0.321289
0.179869
-0.254443
0.0710805
-0.206261
0.113148
290.644
-0.0337052
-0.709704
-0.26811
-1.42651
-0.168553
0.581889
-0.0284427
0.762007
18.0906
0.423457
0.248113
-0.265255
0.773762
0.491872
0.241727
3.58646
-1.24857
0.313304
0.338129
-0.571018
0.127556
0.147688
0.49904
0.355677
-0.973789
0.163843
0.0375778
0.286031
-0.330257
-0.151472
0.720781
1.78143
-5.61179
-0.673455
-0.994105
1.08551
-0.670646
-0.0293387
-0.504032
0.489113
0.168682
0.114898
0.822811
0.290173
0.186581
0.564681
0.868485
0.454406
1.01505
-0.115081
-0.806363
-0.0371073
-1.12713
0.649832
-0.219506
-0.233421
0.448728
-0.272826
2.56154
0.847855
0.612885
-0.406092
0.156733
-11.8197
0.395309
-0.554529
-9.12207
-4.17059
-0.550226
-0.340762
-0.63408
-0.369315
-0.229164
-0.163647
-0.0927473
-0.245831
0.740706
-0.120752
1.15676
0.0614257
-0.278902
0.116185
-0.754236
-0.243708
0.424428
0.447875
-0.34284
-0.947659
-2.79631
-0.264679
-0.05885
-0.697306
0.144909
-0.0863305
-0.490613
-0.285156
-6.29805
-0.135205
-5.71267
-0.0770606
0.091948
0.31902
0.188543
-0.713099
-0.441421
0.680167
-0.280512
-1.37265
0.128603
0.960393
0.344805
-0.738073
0.24097
-0.880165
2.75401
-0.441674
-0.356287
-17.9064
0.0834331
-0.73978
1.88942
-5.65992
-0.11295
0.418965
1.00864
-1.86432
0.131308
-1.41158
0.00330625
-0.169701
-0.178595
0.0444498
-0.18799
0.25262
-0.380784
-0.0558599
-0.213709
1.70844
-0.0565632
-0.577997
0.270281
-0.029355
1.84029
0.204842
-0.210641
-0.337692
-0.452078
-12.1817
-1.06028
0.443551
-8.59939
0.844424
-0.0943859
-0.304052
-0.586576
0.478695
-0.810493
1.17889
-0.0491862
-0.187001
-0.0959853
0.493359
0.503701
-1.20555
0.112421
-0.594219
-0.172621
0.103335
-0.212705
0.231934
4.20531
1.19874
0.239158
2.09098
-0.0223884
5.06564
-0.0341276
-1.13942
-0.502988
8.58342
-0.551486
0.842585
4.74667
-0.984192
-0.151157
-0.295159
-0.207777
0.0765912
-0.03659
0.306274
0.982482
-0.326267
-2.98709
-0.584676
-0.00957697
1.21857
-0.828734
-0.164264
0.422997
1.78891
2.35735
-0.0675795
0.00164918
0.314639
0.177707
-0.543399
-0.626406
0.545636
-13.308
-3.13122
-0.0883555
-0.153315
-0.390688
0.11089
0.0595207
-0.404649
0.602821
-23.1765
-0.183142
0.374214
0.242503
-0.68287
-2.42118
-2.50002
-1.92558
0.944556
-2.66584
-2.51378
-1.57016
1.67468
0.419897
0.762707
0.304476
0.660479
1.22517
0.103733
-3.32792
0.360573
-0.694335
-0.290298
0.868716
-0.122107
0.0905658
0.173328
-0.47018
-0.427008
-0.121302
0.316653
-0.116499
-44.7239
-0.235437
-0.884152
-35.6057
0.215806
0.145919
-0.200256
0.896084
0.735146
-0.457434
-22.6159
0.710141
0.289169
-1.90222
0.646912
1.07427
-37.3807
1.14005
1.19777
-1.27983
-3.35465
-1.22857
-0.360989
-0.475106
0.00811148
0.248297
-0.420152
-0.0408489
-0.453322
0.304676
-0.497392
-4.44001
0.0652579
-0.297679
-1.02626
0.194285
-0.73363
-0.89933
0.79732
0.38557
-0.455338
0.225576
16.2996
-1.89779
3.14017
13.2022
-0.370351
0.690017
2.39042
-0.250548
0.515306
-0.568182
-0.928384
-0.0880671
-0.45134
0.250164
0.485443
0.886247
0.635637
-0.322648
-58.6465
0.212828
-0.12521
-0.596529
-0.175744
-0.16674
0.6154
-0.185503
0.382596
-0.437318
0.203149
-1.6993
1.40116
0.478799
0.342144
1.52045
-0.465542
13855.7
1.01562
1.90021
-2.42731
0.298708
0.840415
2.35858
-0.714552
-0.0629989
0.18537
3.2987
-0.114731
0.0476329
0.0124732
-0.00957435
-0.0824479
13.879
-2.00307
0.907438
2.83126
0.171134
0.0982745
15.9712
-1.45043
-2.85925
-0.679739
0.602199
-0.287716
0.0836275
-0.977912
-0.311726
2.15606
0.0976675
0.103436
0.0662537
-0.523672
-0.44917
-1.14838
-1.02142
-0.595358
-0.47724
-0.0349643
-0.723452
0.241826
-1.08545
-0.898982
1.00498
0.219531
-6.99953
-0.146532
-0.0304943
-0.255331
0.098426
0.0146482
0.225532
1.17031
0.0920258
-0.293187
0.688033
-0.0482212
0.581159
-0.472513
0.0119359
-0.173738
-1.03073
-4.66966
-0.207998
-327.322
0.101688
-0.325667
0.315464
-0.427003
0.0757935
1.08435
1.39755
0.151942
-0.34944
-0.691615
0.648048
-0.107378
1.50005
0.267158
-0.831387
0.53871
0.913417
-0.82834
0.21796
-0.025868
-0.191266
3.04823
0.330876
0.00716861
-0.58892
0.557237
0.517033
-0.549322
-6.78654
0.334629
0.281689
-0.0650157
-1.31357
-0.972695
-1.38799
1.35441
-0.192554
1.47502
-0.0889225
-0.531509
0.279534
-0.70801
-0.610842
0.109902
-0.995844
0.503064
-0.439614
0.268227
-1.21799
-0.223676
0.614561
0.677766
0.435195
0.191599
-0.682821
1.80799
-0.696669
0.787141
0.242033
1.24565
0.341929
-0.0150975
-2.38831
0.768931
-19.3778
-0.446007
3.05835
-1.74649
0.50988
-0.518574
-0.0861136
-0.412395
-2.59186
-0.438661
-1.50844
0.68387
-0.418965
1.05334
0.0728261
-0.530862
-1.36014
0.33857
0.168924
-0.170524
0.658564
0.224973
0.0102035
-0.629192
0.945859
-11.8205
-0.580544
-4.72119
1.43755
-2.66639
-0.647558
-0.118501
0.0294391
-0.690509
-1.0545
1.02631
-2.25848
0.292907
3.17125
-0.0540694
-0.278159
0.0528298
0.116792
-0.284749
-0.01029
0.776578
-0.0487496
2.7633
-0.753439
0.810178
-0.253457
1.42837
0.140696
0.662797
0.582158
0.109773
0.085288
6.98361
-0.351943
0.884115
-0.340274
-0.803089
3.016
-0.0711036
-4.50531
0.32283
1.37999
-5.87274
0.0441575
0.450703
0.325833
-0.492786
0.128808
0.07932
0.178658
-0.0533389
0.111291
-0.0376364
0.331617
67.1697
0.859244
0.16018
1.23093
-0.641049
-1.47902
0.630147
-0.514368
-0.535524
-0.265374
-0.0351045
0.557434
0.368595
1.04823
0.381518
-0.336494
-1.11236
-0.560299
-0.537105
0.644214
0.31519
-0.238853
0.276407
-0.684139
0.642029
1.39122
0.875431
-0.401909
-0.176661
0.984159
2.1782
0.352949
-1.4404
0.778177
0.852884
-0.342437
0.715609
1.33948
-0.481454
0.455182
1.05885
-0.435915
-3.41553
-267.267
1.42598
0.230994
1.55713
-0.949645
0.147183
0.00562123
-6.12125
-0.380044
4.14833
3.25259
-0.286715
10.6879
-0.524101
0.297579
-0.226077
0.14613
-0.443945
-0.198864
0.25518
0.398032
-0.728696
-1.11041
2.72193
0.0600233
1.07731
6.3331
0.00708643
0.12739
0.090495
0.847631
-1.1471
-0.21423
0.641509
0.00101565
-1.42176
-0.00822454
-0.447698
0.268495
4.54007
-0.0253423
-0.168284
1.21304
-0.0758796
-0.00577494
-0.0737985
-0.143047
-1.2861
0.83445
-0.0528877
-0.866275
0.0514391
0.477211
-0.557802
0.337506
-0.269457
0.0617341
-0.0917688
-0.547273
0.923674
-5.04363
1.58014
-0.209596
0.568422
0.591207
1.2786
-0.47017
1.28652
0.0845565
2.14797
1.06289
-1.07531
-0.777876
0.224299
0.565987
0.827032
-0.893449
2.42237
8.72022
0.224942
0.110401
-4.66633
0.135886
0.745228
0.82137
-0.733046
0.529321
0.154498
0.00637204
0.171721
-2.1578
0.140368
-1.53483
0.363071
0.0580234
0.657503
-0.447885
-0.0576286
0.0430775
-0.0152037
-0.0246218
-0.513619
0.983414
-0.0576009
-0.23115
0.303751
-1.22542
0.880462
-0.324719
-0.668278
-0.100136
0.165566
-0.745026
-0.19977
1.53134
1.54663
0.0110953
-10.0685
-0.668117
-0.256361
0.680671
-0.0357809
0.0355487
0.400072
0.882239
0.181233
0.293121
0.0600531
0.469419
-3.58561
-0.7512
0.756786
0.705556
13.3971
-0.164541
0.231475
1.48304
0.0683138
2.51913
-9.64754
-1.9366
-0.0823422
-0.301326
-0.0591713
4.52358
-0.934325
2.43544
-1.31923
-0.0354285
0.482063
-0.102325
-3.36621
0.460822
-0.391588
0.452418
-0.952917
-2.63062
0.186741
-0.434187
-1.53153
0.357968
-0.054985
-0.00273532
0.261098
0.0188094
0.574019
-4.68251
-0.233846
0.187786
-0.0949657
-0.44151
0.763815
-0.730723
0.0421294
0.0262334
-3.37433
0.523857
-0.219406
1.15103
-0.351982
-0.123617
0.312475
-1.0547
-0.150479
-0.780418
-0.216157
0.826272
0.445323
0.0637157
-0.35795
-0.0766998
-1.54247
-1.81957
0.44765
0.875777
-0.117825
1.76148
-0.134935
-7.39766
0.810379
0.327963
-0.286715
0.274446
-0.0303513
0.585247
-0.329382
0.0150915
-0.576809
-0.518472
0.307314
-0.902429
-0.209309
-2.46326
0.258741
0.568839
0.312498
3.55747
-1.37288
-1.10324
0.560505
0.186731
-10.3309
-0.222283
5.6631
-0.73126
0.0909259
-2.89053
-0.437205
-1.23084
1.22114
0.169563
-0.0308399
-0.321113
-5.41065
-0.0941484
-1.4591
-2.35534
-0.20912
-0.399537
0.15856
0.46455
1.90464
0.186659
0.382725
-0.176769
-0.182745
0.603416
0.288586
-1.85443
1.23211
0.885115
-0.321842
-0.498879
0.721612
0.360077
0.622829
0.197619
0.177627
0.00376928
0.0672021
-0.39155
0.551456
-0.00499946
-1.88438
0.640792
0.335271
2.2781
0.777043
-2.17533
4.76319
0.235691
-0.815829
0.112378
0.987121
0.112042
-0.00727378
-1.51762
2.3766
0.214892
0.064322
0.966051
1.38688
3.60161
-2.58782
0.10519
-0.500289
-1.28359
0.121946
-0.278013
-0.0365709
0.249238
0.382024
-0.0281908
-0.0610511
0.238908
50.7454
0.595977
0.767681
0.0170412
-1.20817
-0.799918
-0.159619
-4.29081
-1.20895
-3.68981
-1.86168
-0.534935
3.00488
-0.621377
-0.758868
0.067318
-0.157629
0.285202
-2.36368
0.545388
0.912365
0.600798
-2.08394
0.554464
-0.614609
0.637633
-0.260591
-0.254862
0.239967
-0.351707
0.67988
-0.602645
0.645031
-4.62594
0.385243
0.126097
-0.170184
0.379246
0.405978
4.27273
0.0166346
3.4516
-0.53646
-0.933781
-0.131297
1.718
0.000696893
-6.94628
0.234177
0.625134
0.796361
0.0721815
1.00022
0.184487
0.251211
0.470665
0.678738
-2.2288
-0.187819
0.552033
-0.30891
-0.779583
-0.26162
2.01425
-1.7246
-0.233769
-0.241247
-0.172703
0.00124329
-0.135852
0.363614
0.668561
-2.38413
0.347391
-0.325935
0.592899
-0.126078
0.043309
-0.172702
-1.19733
-3.66426
0.739489
0.843055
0.54037
-0.0317953
-1.05042
-0.407697
0.141832
0.0548872
-0.691594
0.877469
1.24134
2.00004
-0.255039
-0.420027
-0.0398269
0.408484
1.84235
0.756656
0.694281
0.157987
2.74107
-0.527294
-0.811614
15.8113
1.61366
-0.444225
-0.681459
0.073571
0.660793
-0.313275
-0.0123685
0.382692
-4.67916
0.491445
0.144729
0.593713
-1.81213
-0.190171
0.73613
-0.664427
-0.112558
0.799347
0.288309
-0.386948
0.0732204
0.753929
-0.119415
-1.56502
0.889237
-5.96696
0.879142
-2.53748
-0.706137
-5.99015
1.37123
0.558853
0.419524
0.650975
-4.53596
-0.431028
-0.591142
0.0753405
-1.10036
0.358351
0.156241
1.50233
0.91997
0.169471
0.0764113
-0.0954808
-0.21526
-1.49176
0.254135
1.20336
1.64665
1.01323
-0.186289
-0.45601
-0.744285
2.48934
-0.751795
-1.24313
-0.635175
0.11571
0.342644
0.0978778
-0.489751
-13.6795
0.124437
-0.319756
-0.201413
0.329476
0.424381
-1.55899
20.207
-0.0158201
-0.0492505
1.84535
-0.424708
-0.153353
-0.695358
0.863124
-0.626608
0.0260688
0.970025
-0.967996
0.164673
1.49661
-0.093157
0.256875
-0.267809
-0.812127
-0.621006
-0.918568
0.365762
-0.277213
0.848668
0.0585978
-8.50452
-0.298875
0.117107
-0.550379
3.27825
-1.9574
-0.172109
0.718556
-0.594562
-0.740512
-0.501147
-0.247853
-0.404418
0.237919
1.5485
0.00109784
0.656931
0.451237
0.256368
-0.192713
-3.12243
-0.503886
-18.8469
1.76132
-0.705896
-0.601803
3.00944
-0.275215
-0.199638
-0.0279205
-1.14976
0.0417459
0.563418
-0.650149
-0.112621
-0.381529
-0.246519
-0.0356102
0.0303851
-0.108534
-0.420874
0.0282045
0.628249
-0.508584
3.94003
1.1182
0.637386
-0.117534
0.158711
0.105979
2.04695
0.0297608
0.0724649
-0.225439
0.125636
0.361963
0.151327
-0.091181
-1.84221
0.324185
0.567603
0.0979263
-0.173669
-7.88293
0.879763
2.58664
-132.438
-0.510854
-0.0783525
-4.90499
0.524941
1.25077
0.402972
0.127474
0.185995
0.245843
0.093713
-0.0737333
0.618134
4.72761
0.368662
-0.159626
-0.0738136
-1.64636
0.371523
0.756712
50.8356
0.529459
207.081
3.22758
-0.560444
-0.943763
1.10777
-0.50099
0.812843
0.672099
0.406393
0.063739
-0.227141
0.349996
1.47659
-0.281291
0.0444798
-0.012602
0.628331
-0.175225
-0.619699
-1.58853
-0.292995
5.61298
0.0978192
-11.9679
-0.340259
0.579939
0.343159
-0.369202
-0.114545
-0.946255
-0.312797
1.47692
0.819579
0.240413
-0.0866614
-0.454121
-6.24305
-0.926803
-1.66143
0.212442
-18.1883
0.4281
-0.0430591
-1.15805
0.651581
0.211118
0.142719
-0.0944602
0.530216
-0.676827
-1.4078
-1.51439
0.478955
-0.652996
4.01318
37.7062
-0.335766
-0.061877
0.116555
0.530167
0.017513
-0.617237
-0.203634
0.043188
-6.59101
0.0344567
-1.61546
-1.24806
0.567647
0.71818
-0.27119
-0.308586
0.883007
1.31071
-0.187532
-0.65836
-0.0440448
1.34398
0.738828
-0.738888
-6.18919
0.0994275
0.459045
0.0300672
-1.94695
0.90407
0.891965
0.398325
0.994068
-1.43789
-0.157284
-3.71864
1.04508
0.597732
54.7964
0.788201
2.33607
-0.372793
-2.87105
2.8484
-0.0882001
0.498671
-1.07353
-1.4
0.688578
-1.74056
-2.3695
-0.624034
-0.116586
0.964853
-0.969141
-2.90383
2.86286
-0.729689
-0.699602
2.74659
-0.108656
0.508001
-0.220669
-14.1066
1.50478
-0.232334
0.763119
0.982258
-0.249146
0.239198
6.18245
-0.136854
-0.192715
-0.521619
-0.668805
-3.27823
0.574614
0.917442
-0.205894
-0.280334
-0.113916
-1.18841
0.492363
0.55125
-0.243285
1.42746
0.783765
0.940441
-0.0680908
0.166471
0.62166
-5.30823
-2.53866
-11.1638
0.653815
-0.413115
0.810832
0.0816252
0.688882
2.66443
-0.248061
-1.39225
0.350476
0.461016
-2.56297
-0.24699
-0.468674
-0.431299
-0.387214
0.263495
-1.36551
0.0662681
-1.10379
0.0799154
1.18483
0.334088
-0.248106
0.994667
0.222358
0.145763
-0.081721
0.0117252
-0.262706
0.673678
-0.926155
-0.0208651
0.175782
0.721292
62.125
1.12841
0.698964
0.523437
0.781852
1.02194
-0.0437128
1.40789
-1.12615
0.487386
1.99383
1.38895
0.289842
-3.30618
-0.230764
0.800364
0.332272
0.524099
0.168148
-1.09417
-0.565977
0.364394
0.130887
-0.240455
1.25075
23.7425
-0.0467788
1.17498
4.51531
-1.64331
-0.672764
3.18164
-0.208142
-1.98721
1.39762
0.542849
-2.19336
-0.709093
0.126427
-1.02443
-1.26709
-0.249318
-0.278587
3.52046
1.58652
1.2633
0.866577
0.104294
-0.804205
-1.7224
1.4854
1.77726
4.5839
-0.938911
0.115567
-1.01239
0.282214
-0.0450307
-0.0205841
0.392823
-0.350843
0.457477
2.79627
-0.936316
-1.461
0.571283
45.1359
-0.0107057
-0.738745
0.536749
4.91625
22.4326
-4.30318
1.3309
1.49155
-1.11408
-0.142274
1.18815
0.163673
0.00731017
0.0180991
3.80684
-0.929057
18.406
-0.385971
-0.847991
-0.196175
1.23633
-0.330769
-0.159036
-0.387365
0.59502
-0.0392196
0.982591
0.34905
0.729185
-1.03076
-1.41487
-0.591355
-0.331494
-4.53272
0.103017
0.348617
0.767564
0.639959
-2.28638
-0.290868
9.49599
15.5625
0.205903
0.454247
-1.35034
-0.168938
15.3701
-0.0717742
-0.461407
-0.145578
-0.313817
0.655255
-0.0536341
-0.28071
0.647758
9.17997
0.29703
0.0449396
0.204879
0.662592
1.89335
1.1551
-1.34587
-0.57849
1.42705
1.77851
-0.0532858
-5.58006
-1.29553
0.796366
-1.00283
-0.960248
0.340675
0.280152
0.551617
1.16567
-0.289344
0.890053
-0.701564
-0.329797
-0.0247365
0.96964
-1.38777
2.58589
6.30813
-0.176387
-0.0639077
-0.277527
-0.558252
2.74634
0.996216
-0.0375022
0.238372
0.398803
-0.0333134
0.283326
-0.192461
1.08486
-3.96761
-0.440922
-0.259864
-4.90597
0.298184
-0.177769
-0.41292
-0.13253
-0.433022
0.427813
0.242287
-1.01819
-0.813626
-2.01053
-0.0911256
-0.0978147
-1.05087
0.868009
1.07789
-0.671351
-1.72059
-1.75357
0.167389
0.286726
-0.0858421
0.431523
0.245361
0.662555
1.48862
0.399335
-0.329503
0.135444
0.889246
-0.502382
-0.320671
2.57337
0.0779803
0.302595
-0.418233
0.778736
2.00912
0.0862938
-0.0618876
-0.0759805
-0.321675
0.854487
-0.300923
-0.104615
-0.613658
-1.58707
-0.34539
-0.546426
-3.84592
-7.2024
-0.533682
0.0760292
0.143832
0.155422
-0.37378
0.0900061
1.78846
0.296464
-0.695461
38.0681
-3.30911
0.0484801
-0.689055
-1.45805
-0.200199
0.174156
0.882292
0.00352703
1.48616
0.0992605
1.21593
0.439862
-2.69362
1.72827
-0.325912
0.539952
-0.310345
1.30218
0.219802
-1.25808
2.615
1.81995
1.54095
-0.938734
0.066671
3.25561
0.345724
-0.113432
-0.349782
0.158334
0.92372
-0.121307
0.0991057
-0.342388
-1.50618
0.816004
-3.29243
-0.0129259
-0.323622
0.0961167
0.0601533
-0.494485
0.437673
-0.313295
-1.1111
4.74954
-0.219873
-0.158338
0.0143976
52.7267
0.662302
0.948428
-3.49099
-0.438377
0.132754
4.90705
-1.61879
0.310742
0.0547582
-0.035955
10.7222
-2.32937
-0.207328
-0.113903
-0.113
266.489
-0.511875
-2.44304
0.183406
-0.253002
-0.262876
0.692331
-0.496693
0.414485
-8.51959
8.15063
1.23085
0.183833
-0.558917
1.60773
0.310056
-0.65053
8.66625
0.366702
-0.186494
1.39318
-0.113102
3.45794
0.296701
-0.324651
0.802971
-2.16303
-0.127618
3.68084
10.5422
-0.477863
0.396036
0.0418789
0.412386
0.27487
-0.0924179
-0.415999
-0.330376
1.44885
0.0837721
1.59035
0.250654
-0.142967
0.0327554
0.216593
0.282376
-4.79242
-0.474238
0.544846
-0.407988
9.53846
0.301996
-0.49043
0.144463
0.0636553
-2.21233
-0.876497
-0.166897
0.103272
0.139216
-0.311024
-0.222558
2.43901
0.50185
-0.350543
0.765935
0.596735
0.25067
-1.32485
-0.252854
-0.158495
-0.433051
0.530626
0.00771444
-0.302539
0.0618336
0.522411
0.992653
0.0837253
0.681795
-1.76819
-0.0898236
-0.0741276
8.07578
0.428617
-3.47613
3.12814
1.25339
0.695633
-0.329472
4.69948
-0.102395
-0.271594
1.26054
15.5954
0.70514
1.91785
4.37697
0.212417
0.587791
-0.110075
0.509315
0.339096
1.5371
-0.151617
1.27288
-23.3544
-50.8563
-4.55322
-2.68406
-1.08802
-0.109368
0.331946
0.40933
0.0926593
-0.657011
0.139836
-0.16833
2.33368
0.00835238
-2.18358
-2.878
0.23349
1.43939
-0.310274
-0.131026
0.688994
-1.34243
-0.0139256
-0.535884
-0.101926
0.586288
0.952779
1.20711
0.408346
-1.98018
-0.709795
-0.591871
-0.220785
4.24829
0.452251
-0.0450203
-0.133686
-0.474882
-0.526882
0.670621
-0.147407
-0.347776
1.20452
0.17454
1.24628
1.26941
0.0177636
0.112285
27.5492
-0.204071
0.660152
19.6063
0.144527
-0.253089
0.518371
-0.0572371
0.309169
-0.516057
0.267354
-0.0275128
0.420972
-0.487479
0.460265
-0.584328
0.0603256
0.998137
0.954483
-0.467581
-0.918264
0.202052
1.55798
0.781591
0.0179182
-0.383612
-2.95856
0.392761
-0.348346
0.696606
-0.609134
-0.86284
-0.703869
0.874558
0.251027
-9.88409
-3.63651
-0.0538398
0.781319
1.41312
0.0934555
3.01049
0.631282
0.102104
0.579689
-0.057461
1.13475
-0.497325
2.83905
1.91611
-0.995389
1.00907
0.123753
-0.405704
0.5523
-0.0232732
-0.460961
-12.0473
-0.00122995
-0.019569
0.478535
2.04588
-0.84248
-0.592167
1.24172
-0.326261
-0.208423
-0.326457
0.100988
2.45109
0.194325
-0.0327252
0.58999
0.163165
-2.42984
0.172457
-0.619537
-0.414974
0.105935
-1.60892
1.5652
0.305649
0.869391
-0.134133
0.601541
-0.0185658
0.112795
-0.536761
-0.688886
0.391244
0.734482
-1.97355
8.88619
-0.1643
9.13656
0.476466
1.05315
-2.80355
-0.262089
0.898679
-0.959639
-0.141385
-2.03528
0.473882
0.0123418
2.55597
0.74075
-0.306019
153.566
1.50783
0.738182
-1.81608
0.396768
-0.211432
0.413922
0.0778526
-0.271807
2.8256
0.0978914
0.0678833
-23.5815
-0.27279
2.245
0.147428
0.428102
-0.860524
-1.28817
0.483407
1.21603
-1.70977
-0.741899
-2.01975
2.46205
0.548174
3.38193
-0.706482
0.321435
-3.04352
0.513909
1.13663
1.26819
-0.201592
-0.193499
0.0108294
-0.410534
0.00792899
-8.00223
-0.742818
-7.64842
0.329945
0.107682
-0.525285
-0.407925
0.296431
-1.50234
0.236026
0.176094
1.44794
0.0596114
-0.0120601
-0.318615
-0.180634
-0.640368
-0.653773
-0.339036
0.0387362
-0.187099
-0.177782
-0.00784678
34.0713
-0.459574
-0.0560538
0.0325449
-5.88223
0.196464
-0.200915
-0.613407
-0.304221
0.332938
0.428318
0.157396
0.925614
-0.446542
-19.8938
-2.51911
-0.961287
0.220023
1.11127
0.170947
0.0855909
0.688618
0.081988
7.26969
0.0288909
1.76198
2.35233
0.438441
0.433982
-1.12602
0.032938
-0.73428
0.301537
1.55066
0.0733313
-0.070868
2.48804
-1.43277
0.0862513
-0.0443458
-0.166849
-0.293365
-0.294654
0.977201
-0.349971
0.265498
1.17836
-1.49303
0.115113
-0.0335053
-0.159636
0.805481
0.289318
0.165206
0.342506
0.647816
0.780323
0.0874925
-3.77621
-1.25216
-0.962666
0.0119277
0.207227
-1.67257
25.4059
-0.37145
-0.303428
3.26815
0.289705
-0.313511
-0.869047
-0.0644022
-0.920385
0.369834
-0.0127705
0.28473
-0.381385
0.347812
0.947193
1.89303
-0.0599526
0.283458
-0.329575
0.302941
-0.783518
0.553314
0.188529
0.173557
-1.32082
0.754996
0.3055
2.54962
4.05449
-17.7109
-0.204693
1.55982
-0.352491
-0.268147
0.891062
0.499007
-2.02679
-0.621903
-0.164492
0.366194
0.0274758
0.4961
0.54552
-0.415856
0.73085
-0.843165
0.199877
0.123631
-0.367835
0.00245295
29.7986
-0.117805
-86.5333
0.313023
0.0508128
3.30087
2.88178
-0.0207199
-0.353075
0.91962
0.45175
0.251458
-0.0750784
-0.524148
-1.6825
0.386112
-0.108296
0.323671
-0.350122
0.490254
0.169009
5.62181
-0.0484538
-0.53811
0.430063
0.259484
-15.0561
0.491965
-0.222828
-0.464531
-0.0577021
0.245531
0.0217307
-0.968318
-0.816501
-0.902292
0.102811
0.732418
-0.33651
-0.40198
-0.118904
-11.8391
1.66596
5.27966
-0.00737855
-0.0362298
4.04294
0.304829
0.487733
-0.765148
1.55389
-0.24044
0.492267
3.29079
0.451436
3.84332
-0.950685
6.33834
-0.0591785
-0.674812
0.161253
0.121387
13.1906
4.05046
2.69429
-3.98744
0.391026
0.69781
11.0596
-0.168604
3.72732
0.327825
3.59321
-1.40278
0.172344
0.559933
0.262847
0.557154
1.32365
-0.40307
-1.28314
0.30454
-1.58433
-0.174099
-0.70487
-0.175315
-0.129125
-0.0277158
-0.161725
-0.344191
-0.368524
1.17359
-0.987996
0.194525
-2.57353
-0.623006
0.203855
-1.45471
-2.40744
0.415443
-0.363663
4.04774
-0.851772
1.06187
-0.26123
0.882468
1.21024
-0.00266478
0.404851
-0.159238
0.445662
0.822053
-0.0387088
0.851898
-0.529511
-0.0422609
0.888828
0.621132
0.388085
0.00399432
12.1061
-0.241919
-0.430127
-0.414784
-0.659289
0.734972
-0.322094
0.14055
-0.131103
-0.424506
-0.472997
0.618817
-0.939996
0.124547
-1.61733
0.303191
-0.151218
-0.850622
-0.330402
-0.187561
0.818614
-0.201169
-2.65672
0.207335
0.307793
0.485366
-0.228031
0.684164
0.050903
0.0555432
0.117945
0.473628
-0.149135
-0.208739
0.43336
5.83788
-0.0680214
-0.0295369
1.5105
98.4229
1.55032
1.06875
0.266086
-0.45439
-1.62911
3.67307
0.158735
0.491716
0.873313
-0.698295
-1.51494
-0.578986
0.603001
-0.524778
-0.745091
-0.913842
-0.330956
3.5351
1.66042
-0.136306
1.82818
0.27006
-0.00469586
-0.117082
-1.02966
-0.679189
-0.115675
0.069685
-0.361124
-0.622725
-0.412696
-0.456843
0.0290162
-0.155477
-0.193858
3.28471
-1.07933
-0.475184
0.194731
0.160988
-0.0550987
0.171021
-0.119092
1.34867
2.03122
-0.752458
0.0730022
-0.00535456
13.0051
-0.221949
0.146397
-0.144497
0.0236011
4.06083
-0.527711
-0.274551
1.35928
-0.0952213
-0.297839
1.00083
-0.909514
3.16828
1.34347
-2.3694
0.403275
1.97016
-0.164997
0.348223
-0.65996
1.78092
-2.13567
0.984319
-0.591531
0.604709
-0.340457
-0.0080896
0.196157
-0.151321
-0.397901
-3.09491
-6.43549
-2.813
-0.103955
-2.36491
-0.58908
0.511627
0.204625
-0.104504
7.74401
0.503086
-0.602163
-0.0959305
1.14656
0.897299
-0.0574413
0.476407
-9.66772
0.0241341
-0.618251
-0.163768
-0.201657
-0.0704176
-0.437877
0.00686919
0.651678
0.103421
0.888195
-0.296331
-0.342117
0.394694
-0.803159
0.27491
0.294998
3.29656
2.10743
3.2303
-1.61015
-3.02872
-0.319042
-7.14466
-2.9512
-0.371238
-0.426058
-1.05767
-0.950063
1.09639
-0.547882
1.54641
-2.42898
-0.194484
-0.448756
-0.0347755
8.74062
-0.233798
0.996362
-0.376168
12.0647
0.218705
0.575438
-0.152465
-0.910414
-0.155613
0.570155
8.71197
0.452985
-0.149906
-0.287149
3.80822
-0.0275624
-0.36812
0.338771
0.054754
1.48269
-0.343296
-0.00423394
1.39296
-0.705031
-0.608999
0.848391
0.983331
0.219798
-0.737872
1.86331
0.428575
0.0419002
1.39493
-0.494261
-1.47517
0.969552
-0.012345
0.137946
0.504168
-0.375218
-0.170549
0.895753
-0.63452
0.379132
0.247203
-0.800779
-0.384113
0.00980185
0.133868
0.221116
0.983208
0.0260547
0.640892
-2.34015
0.428969
-0.409689
-0.102912
8.46321
1.02835
0.129959
0.97132
-1.16342
0.268555
-0.0537041
2.95585
0.338978
-0.0741021
-0.0980736
-1.01407
1.15879
-0.192701
0.184708
0.172484
-1.90748
-1.21373
-0.31456
-1.5522
0.885281
-0.175572
1.13416
-0.193093
-0.0688351
-0.717306
-0.124172
-0.258228
0.13808
9.07076
0.0572021
-0.421502
84.0248
-0.647268
0.655579
0.276401
0.60797
-0.407451
0.684683
2.36869
0.312864
-2.60064
-0.253545
-0.250292
-0.897727
6.42765
-0.741505
0.166612
-1.23967
-0.121325
0.149126
0.195987
-0.333313
0.775322
16.3622
0.663505
0.594393
0.173483
-1.32828
-0.842352
-0.611661
0.334151
0.498915
-0.184589
-9.65266
-1.22449
-3.01051
0.988272
0.197143
-0.29419
0.0136776
0.212265
-2.75058
-0.0449477
2.33208
0.0676442
-0.948866
-0.580254
-0.446511
0.00590412
0.51723
-0.109454
-0.352254
0.126355
-1.03667
-2.75274
-0.00177374
-0.39165
-0.0952618
10.4805
0.628986
-1.30675
0.448771
-1.00648
-0.411656
0.355625
-9.37106
-0.086224
1.52131
-0.0262375
1.19954
1.8699
0.859691
-2.9432
0.0843283
0.528991
-0.612819
-0.230892
-0.324679
1.89069
0.895383
-1.06329
-0.0221344
-2.02601
5.018
1.02095
-0.0718848
-0.361552
-4.27843
4.25349
-0.059723
0.345358
-0.544719
3.56582
-0.0918796
0.435374
-3.01883
0.139195
0.196961
-0.723998
-0.107059
0.529911
0.0211842
0.264232
-0.211657
-0.216522
1.04473
-0.379532
0.107403
0.939409
1.62278
0.295539
0.651506
-0.0460117
-0.292428
-0.592933
-0.556743
0.342437
-0.824122
-0.995611
-0.131581
-0.346602
-82.732
0.465771
23.6204
0.453611
-3.97684
0.906357
0.216396
0.7398
0.25537
1.5884
-1.78683
0.358746
-0.975671
-0.619699
-3.85
0.540945
-0.55193
0.133595
-6.27957
-0.608166
-0.207393
-0.172996
0.306226
-0.462813
1.58871
-0.359555
0.540887
-0.0868463
-0.197114
-0.453079
-1.34844
-0.0394484
-0.255895
0.0485733
0.251835
-0.428835
-0.280663
-1.48529
-0.182579
-0.800977
-0.0263672
0.757035
-0.242122
-0.682697
0.161855
-0.287617
0.908048
-0.265655
0.242726
-0.755946
-0.192579
-0.246939
-0.722148
-0.0998103
-8.14745
-7.87811
0.519177
-0.427174
0.115979
-0.602967
0.752966
12.3447
-2.10779
-2.4832
2.67117
-0.714939
-0.157808
0.706767
1.50708
0.425823
0.54059
11.0012
-0.955998
1.02641
-0.0126369
-0.00255728
-2.03278
-0.496022
-0.0362854
-2.40528
-0.165841
0.34014
3.50242
0.831019
-3.60138
-0.119332
-0.461712
-0.778139
-8.99154
1.84149
0.827746
-0.202842
0.0327685
1.06894
1.45507
-0.163232
-0.166366
-0.0560091
0.795977
0.42689
0.114457
-2.84825
0.134249
-0.605082
-0.515685
-0.0555785
-0.972618
6.99477
-2.96587
0.191463
0.788703
0.209314
-0.289247
0.551678
-2.40197
0.226774
-0.0952604
0.683766
-0.492466
0.104515
-0.399264
-0.151253
-1.5962
2.25758
0.279086
-1.05307
-0.353202
-0.280243
0.138599
-0.992017
0.701796
0.013774
2.06435
-0.245685
0.00689493
0.00909863
0.0837177
-0.59655
-12.2096
-0.169816
0.513788
0.796778
-0.762669
-0.15295
0.0124175
-0.396908
-0.511663
0.0471581
0.427977
-3.43648
-0.277312
-1.98761
0.689204
-0.464076
-2.00116
0.827856
-0.0688134
-0.579891
-288.57
0.0941799
0.371692
-0.927435
0.518452
0.435076
0.111289
0.47878
0.0118435
0.788168
0.0247629
-0.345602
-0.249925
-0.0364337
-0.343055
0.638786
-0.0662117
-0.18055
-0.118183
0.0355466
-1.01203
18.292
-0.0308909
0.214682
-3.08693
0.319125
1.41772
0.10884
0.580212
-1.42918
-0.410625
-3.81377
0.769585
-0.184394
-0.186247
-1.42151
13.46
-0.607833
-0.168114
-0.248382
0.000660049
3.91362
-0.118764
0.590828
0.121246
1.34174
0.0693664
-0.694144
-2.60752
-1.34233
0.607438
-0.157686
-0.992658
0.86628
-0.306479
0.177898
-0.233535
0.179542
0.364421
0.0724089
-1.12317
3.11425
1.87012
-0.225857
-0.588712
-1.48965
0.926786
-0.0079388
-0.344059
-0.199085
0.356161
0.306231
47.2196
0.561559
-0.147415
0.267144
0.406025
0.15252
-0.106772
-0.854942
0.470282
0.175433
0.421709
0.958602
0.37294
-0.0942346
-1.27069
4.11278
0.0491465
1.05839
-0.863197
-0.111797
-0.937914
0.15758
2.73757
-1.48767
-0.828338
0.573438
-31.8047
-0.101143
0.872072
0.154252
-0.736615
-1.60314
1.29737
-1.23167
-0.791149
1.08688
1.47951
0.192473
-0.748617
-0.215385
-0.653092
-0.248678
0.262619
-0.846613
-0.215432
0.233534
0.101078
0.150185
0.0813053
1.95785
-0.357352
0.303271
-0.0757607
-0.850782
-0.418639
0.0136728
-0.45253
0.126128
0.39329
10.2103
-8.94624
0.708983
2.92178
0.234575
-0.434938
0.30189
0.111135
2.53421
0.459885
-1.02235
195.231
0.162407
0.167493
-0.511006
0.063134
0.0854436
0.105536
-0.69368
-0.709724
-3.36965
-0.923348
0.585281
0.429328
-0.0492699
-0.444519
-0.252406
1.21943
-0.267111
-0.439406
0.296375
1.70075
-16.5621
1.20913
-0.732011
-0.643128
1.4366
-0.0919296
-0.266737
0.845793
0.174826
0.48476
-3.13346
-0.109095
0.626884
0.67848
0.110289
0.505452
0.15126
-4.84611
5.4047
0.63264
1.71536
-0.0920076
-0.964503
-0.033553
0.14512
5.84868
5.77829
0.0973284
16.0743
4.63428
0.00711642
1.18441
0.26536
-0.107919
-14.373
-1.24252
-1.07686
1.06832
0.152042
0.376225
-0.935988
0.257613
0.607396
-0.0657976
-0.0834713
0.0620214
4.71074
-0.118104
1.6989
-17.0466
0.264299
-1.06204
1.70676
-3.81345
-3.97418
-1.3685
0.0896819
99.5412
-0.0573144
-8.66241
0.00429215
-0.305874
0.383089
-0.0593233
-0.232276
-0.199906
0.0890125
-0.289641
0.295919
-0.372699
-0.112724
-0.40685
0.217476
0.389071
0.220483
-0.97609
0.158111
-0.123009
-0.104219
-0.250109
0.848023
-1.28373
-0.677043
-0.419014
0.387769
1.94482
-0.0731574
-3.57706
-1.30941
-0.493333
-0.698642
2.22884
0.180673
-4.40723
-0.0914657
-0.179962
-0.0636382
2.38765
-0.522094
0.0427929
-0.32575
-11.2165
-0.790718
0.186198
1.00528
4.36547
-0.149541
-11.7722
-1.74051
0.380767
-0.327414
-0.196944
-0.955744
4.01939
0.985176
-4.08133
-0.15787
0.444636
-0.0536162
-0.689429
-3.27849
8.62982
0.398653
-0.47033
0.275454
-0.247874
-0.422371
0.0276887
-0.280708
2.05165
0.924005
0.877831
-0.988759
-2.59388
-5.81474
-1.39368
-0.462032
-0.0593363
-0.0687412
5.21909
-0.148523
3.77557
-0.367936
-0.245393
4.29978
-0.12208
0.638314
-2.42127
0.339969
0.57091
-0.0156124
1.74656
-0.393627
-1.4832
0.822034
0.335935
0.0137636
-0.380917
0.110798
-0.810908
-0.829253
-2.34006
0.872074
-0.990717
-0.173364
0.215888
-0.36464
0.391876
0.116813
-0.0762966
-1.55115
20.8344
1.76144
0.0570395
-0.113208
0.109677
0.0474424
0.361153
-0.0647681
-0.729395
0.558384
0.0184057
0.811448
-1.4941
-0.217288
24.1274
0.177745
-0.719969
-0.241251
-0.945827
-0.241298
0.0111203
-0.526142
-0.0393507
1.60141
-0.28738
0.0499549
0.0299146
0.0204094
0.851635
-0.490383
0.0250651
-0.108682
-0.185262
0.019892
1.81755
-1.14739
0.485655
-0.425099
-14.3839
-0.0149732
-0.554928
1.52069
0.430457
-0.0750574
0.479277
-0.723091
0.457793
-0.432491
0.605375
0.0499128
-0.180984
0.501157
0.852434
0.656592
-0.233517
0.0976882
-0.270383
0.160557
0.294656
-0.784237
-2.35782
0.817358
0.32533
0.0242057
0.414605
0.714123
0.877537
-0.579974
0.0625797
0.72691
-2.76473
-0.46085
-0.833147
0.334712
-0.706162
-1.47579
0.118261
-1.46155
0.885909
1.94776
-0.23115
-0.635223
0.662298
0.913383
-4.49408
-0.0120114
3.93376
1.5893
-0.603762
0.317703
0.654101
-0.209786
0.346411
11.4641
-0.0076063
2.99743
-0.165014
0.24203
-0.362854
6.13626
0.103285
-5.48117
-0.924129
-1.43569
0.461565
-3.56711
-28.096
0.109725
-1.39812
-0.342857
-0.174985
-0.792161
0.627719
-1.50954
-3.25824
-1.38824
12.1782
-0.0915306
0.274346
-0.00309068
-8.95626
0.159548
-1.93109
-3.79538
2.04259
0.0736916
-5.24288
0.767986
1.44253
-0.936926
-0.16287
-1.41993
2.73252
-0.342127
-1.25857
-1.12312
-0.178092
0.959189
-0.124183
-0.431896
1.7542
0.137518
0.438859
0.43872
-19.0393
-3.56173
0.13611
-0.248055
5.35971
0.555177
-0.265596
-0.13974
0.153417
0.682356
-18.2901
-1.66998
2.97845
-0.724518
1.48574
-4.09013
0.196806
-0.627312
6.47805
1.34311
-0.207174
0.457598
0.731872
0.364018
0.382772
-0.363185
-0.228137
-1.36225
-1.07664
-0.270729
-0.0154002
0.366965
-0.127489
0.140737
0.661355
-1.45395
-1.00842
0.559208
2.95184
-0.220318
-0.304476
-0.11308
-0.623075
-0.576477
0.457877
-2.43023
-0.788994
-1.96269
-0.074722
-0.274031
-1.26558
-0.968425
0.478847
-0.109935
-0.110144
0.0121157
-0.949385
11.0289
-0.0822111
0.0601479
-0.227876
6.77262
-0.710076
4.76614
-0.317094
-0.0175213
0.110886
0.123107
-4.37701
0.264074
-0.641036
-7.16924
0.37336
0.189543
-0.0406981
0.055279
0.217247
-0.897816
-0.248168
-2.91361
1.67659
-2.46173
0.0178038
-0.177789
-0.583994
2.50251
0.0450452
-0.299812
-0.452452
0.183539
0.224265
1.74439
0.303451
0.102903
-0.482331
-0.353814
0.0511665
-0.839573
-0.765992
-1.57204
-5.85941
0.910113
0.296118
-0.165125
0.929094
2.26585
0.500902
0.936836
0.349409
0.0959446
-0.97497
-0.623196
3.46317
0.415535
0.139276
0.749063
2.69976
0.308635
0.332743
-0.218241
-0.588671
-0.0683327
-0.088243
-1.49396
-4.86518
1.11781
-0.0774311
-0.0744307
-0.7867
-1.28844
0.00772585
-2.22195
1.60411
0.729268
0.852723
-0.102923
1.21554
-2.47031
-0.271422
0.856859
0.93904
-0.0676658
-0.165927
0.789702
-0.0191522
0.36523
0.0733356
-0.123155
-1.25793
-0.0369455
3.09814
-0.444665
0.849264
0.00806888
0.585198
-0.234141
2.1327
0.259038
1.12913
-3.23643
0.164298
-0.607555
0.0688933
-0.118302
-0.159631
0.087769
0.113515
0.305312
-0.481098
0.309451
-1.42431
1.43531
0.515265
-5.06278
0.71753
-0.191843
-0.0864225
-1.07918
-0.68732
-1.28755
0.638821
-0.825239
2.81043
0.423797
1.26356
-0.403671
-0.383137
-0.113045
-0.419552
-0.250259
-0.374239
-0.0959046
-0.138255
-2.65124
-0.27016
0.152455
0.6181
0.15136
0.48616
-1.94561
3.40618
-0.0568058
0.610894
0.548908
0.0522955
-1.18994
0.432609
-0.342468
0.11618
-3.32042
0.243759
0.589871
11.2667
-0.424878
0.42561
0.50369
2.29387
-0.17986
-0.140325
2.22989
0.220172
-7.17628
-1.68685
-0.184553
0.454403
-0.971563
-0.706291
6.8375
-0.0943585
0.0548523
-20.8772
18.6401
0.0793389
-0.154972
-0.210415
1.68574
-0.842694
0.513818
1.12566
1.693
0.884653
1.66266
0.59531
-0.225766
0.00260122
0.378882
-0.324401
0.13007
-0.0327681
0.404035
1.20912
49.9656
0.201364
0.218856
-0.00328367
0.256438
0.0598163
-1.30719
-0.641843
2.26052
0.0258381
-0.541892
0.891864
-0.651241
-0.553903
-0.661889
0.257867
0.257415
0.54896
-0.134546
4.41586
0.695739
-0.0197167
0.326615
0.258479
-3.10705
-1.09986
0.181471
8.19615
-0.766851
0.0297085
-0.216948
1.37653
-0.827019
0.366082
0.29919
-0.122839
-0.0765145
-0.849443
0.728857
-0.704052
-0.473345
0.0855353
0.0402707
0.613898
-0.648212
0.343159
3.16924
0.40982
-1.78527
0.0294483
-0.505247
-0.119596
0.355394
0.57651
-0.341423
0.273486
-0.319699
-0.0269853
-0.541759
-0.787053
-0.111288
0.0262278
-0.395184
1.23902
0.0991498
-0.951183
-1.81469
0.333554
0.8084
-25.3993
-0.187679
1.52272
-0.655162
-0.866616
-0.0299332
1.71771
0.00182164
1.53752
2.20738
0.287166
0.438362
0.0143016
9.76611
2.04957
0.0911785
-0.381945
0.149981
0.0877297
-1.5244
-0.534638
1.3426
-0.451025
1.29382
0.578013
0.0723155
0.704002
-0.533968
-0.203411
0.0239056
0.42072
0.940164
-0.453456
-0.309394
0.101514
6.10464
0.447914
-0.361046
-0.0498917
-1.45918
0.760639
0.313458
-0.319343
2.16843
-0.56181
0.461912
3.85577
-0.97622
-16.4903
0.14245
-0.323856
1.70917
-4.51447
2.32021
1.15453
-0.602076
-0.753325
-0.219058
-2.01217
1.93491
-0.104291
1.16841
0.470966
0.49899
4.0286
-0.20199
0.90212
0.411757
-1.35675
0.440861
0.539278
-0.839059
3.87193
-0.665097
-2.36283
-3.85616
1.87954
0.180426
-0.206314
7.0455
1.63798
-0.159801
0.899934
8.5069
0.634112
1.77019
-31.8981
-0.365498
-0.134729
0.818782
-2.63591
1.29406
1.36404
-0.593785
-0.244498
2.26887
-21.3555
-0.0171709
-12.6169
-1.71123
-0.179417
-2.59632
-0.550724
0.435695
1.69213
-0.140033
0.584771
-0.226694
0.205784
-1.34136
0.941857
0.139587
-0.401331
-0.0900647
-0.0611456
-0.114711
0.127029
0.335799
1.31527
0.900947
-0.092397
-0.568759
-1.05966
-0.91624
1.52079
-24.3064
0.298367
0.76432
-0.0355063
0.226017
0.139787
-0.499239
0.23279
0.372365
0.549546
0.105951
0.310844
0.412569
0.650295
0.787085
-1.51716
-0.138065
-0.348116
-0.43604
0.432354
-1.16545
-0.273735
-0.171111
-2.62924
0.312464
-0.0870959
0.498958
0.035865
-0.572472
-0.144614
5.29718
0.168002
0.0913888
0.845996
0.216046
-305.55
0.211086
-0.752616
-0.138131
0.377891
-0.293333
-0.825945
-0.493543
371.535
1.16805
-5.25231
-0.162326
-0.119135
-0.162874
-0.213302
-0.981597
0.34029
-6.90563
0.251846
-0.58041
-0.215702
-0.936547
0.137377
-1.76708
0.0881957
0.148524
1.85914
-0.115032
0.540069
3.87416
-8.51276
-3.55139
-0.3272
0.995285
0.718063
1.47912
-5.58128
0.138781
2.53945
-0.427577
0.0215443
3.35953
-1.01089
-0.210871
-0.13925
0.101776
0.331196
0.206862
0.531774
-0.114943
0.184215
0.236161
0.147825
0.211756
-1.36164
0.242733
0.842499
0.347068
0.00284468
-0.0103293
0.32824
-0.628606
2.55739
0.372663
5.19927
3.82433
-0.179154
0.27789
-0.0556359
-0.222819
-1.20752
-0.298157
0.907529
0.150308
0.661447
-0.524645
0.716007
0.394512
-0.483003
-0.563294
0.0741329
-0.127596
-0.182007
1.74928
0.401167
-0.446726
-0.163464
-0.872229
-0.782335
0.333273
-0.551805
-0.735267
-0.122147
0.453495
0.457631
0.229219
-0.876682
-0.0117313
0.503926
-0.185118
-0.948042
0.309196
0.0394033
0.430012
0.093671
-0.229705
5.88938
-0.0517381
-0.584008
-0.0154816
0.440735
1.08226
-0.5488
-0.295257
0.584822
-2.68498
-1.0637
-0.100242
0.528571
-0.633352
0.073198
-0.192228
-0.130336
-1.99488
-0.516717
-0.942859
-0.175029
0.0812602
0.520779
-0.0442261
0.79962
-5.07969
-0.162461
-3.25467
-29.3868
2.73159
-1.70477
-0.209672
-0.0646968
2.55053
1.6761
0.428426
0.258238
-0.194901
0.591387
0.288711
0.510557
-3.54068
0.336559
-0.465121
0.0299195
0.242566
1.76898
0.750986
-0.704335
10.5296
-0.215203
-0.0576297
0.126622
-14.1719
-0.171902
1.75773
-0.50946
1.70157
0.114121
0.0607262
-2.23629
-0.37182
-0.0504059
-2.39095
-0.315907
-0.630077
-0.657108
0.161418
0.279081
0.190526
0.453233
-0.0164243
1.21772
8.1396
-0.971344
-0.393225
0.775143
0.461972
0.288583
-0.0086053
0.44042
23.3154
53.4926
-0.07619
4.49469
-0.00541421
0.782916
-0.381932
-0.350251
-0.420791
-4.47005
-0.39612
0.21915
0.538923
-15.2985
-0.708804
0.0354651
0.0146439
1.19472
0.218686
0.294769
0.442812
0.58812
-0.585617
-0.0295314
-0.277729
-0.254472
-0.661328
-1.48056
2.877
-0.264621
-0.179502
6.02869
0.335196
0.133011
-0.0151041
32.5978
-0.263161
-0.362807
5.87534
-0.821914
-0.117489
-1.42543
0.260504
26.8007
1.75589
1.49238
-9.10093
0.187853
-0.0760638
-1.43553
-0.0210065
7.87249
16.8894
0.745692
2.1438
0.494878
-0.820276
0.435525
0.241355
-0.253438
-0.419515
0.59794
0.0984434
-4.99154
0.276094
-0.139949
0.196243
-1.21374
0.130981
-0.572972
0.0811985
0.0358745
-0.411816
-5.95781
1.93229
-3.33638
36.426
0.229938
0.274181
0.00885602
0.13701
-0.202647
0.171385
-0.188201
1.54376
0.635933
10.5677
0.141354
-0.246884
-0.060957
-5.7868
8.41058
-0.309394
0.229163
0.030222
-1.53855
-0.439226
-0.100643
4.03875
0.0187007
0.19601
1.00157
-0.86033
-0.0802273
0.007938
3.57698
0.104983
0.297954
-0.976063
-0.0972559
0.355469
-0.303707
0.227886
-5.339
0.251184
-0.615067
0.440351
-1.27493
-0.427853
-0.222868
0.655537
-1.62356
0.0359201
0.0023014
1.55187
-0.209209
-0.454074
30.9384
0.28649
-0.205302
-0.0716842
-0.794552
1.03305
-0.864133
0.515942
0.490594
-1.24304
-55.8765
-1.34117
-0.253452
0.481673
-0.0366469
1.87329
-0.209876
0.0621932
0.256825
0.559047
-0.241546
-0.125322
0.593859
0.522228
-0.0455279
0.356629
0.368833
-4.72573
0.969757
-0.271962
0.107824
-4.36286
-0.446049
-2.65457
-1.38321
1.70935
0.2081
-0.977939
2.90521
-0.55208
0.0155505
0.222002
-0.448696
0.0636989
-39.9416
0.973879
-2.7148
-0.400222
-1.02406
-0.611354
-0.611669
0.350591
-0.649868
1.28554
-6.16038
0.0306854
0.374096
0.787264
0.106231
-0.41587
-0.0855203
-0.146905
0.276997
0.460505
1.67515
-0.451399
-0.286765
-0.202972
1.73269
-0.839054
2.14255
0.26334
-2.10879
0.259727
1.69768
-0.4532
-8.47909
1.00993
0.332321
-1.53278
-0.0708343
-1.21763
-9.99823
0.250635
0.227075
0.258653
0.694057
-0.452764
0.0320374
0.406973
-0.183112
2.6137
5.99553
0.970463
-1.52839
-2.20556
0.204964
-0.00649426
-0.0207133
0.966652
-0.737093
0.240166
-1.02401
-0.418902
-0.377532
-3.58237
-0.528899
0.378135
0.00164815
-0.677257
-5.93481
-0.255552
0.243276
0.0530016
-0.296243
-2.46156
1.00107
4.64888
0.485614
-0.506973
-1.66311
-8.13646
-11.9668
1.17631
0.938771
0.110698
1.19097
-0.22108
0.419036
-0.157228
3.64771
-0.45837
0.404882
-0.0548654
-0.148059
0.185859
-0.938493
0.110085
0.956557
-0.159939
0.454281
-0.439774
0.542184
-0.480979
1.09515
0.169616
1.74699
-1.01608
-0.406607
-0.742585
1.31188
0.245387
-0.594744
0.373261
0.332316
-0.171956
-0.169927
-0.0617807
-0.0910745
-1.50667
0.0972388
-0.167458
0.0935291
1.00807
-0.353135
0.415765
2.34984
-0.181148
0.426805
-3.98106
0.407215
0.388799
0.995897
-0.215697
-0.234153
-6.6776
-0.0695694
-0.757278
-0.613995
-0.555088
-0.207732
0.230644
3.60762
-0.181339
-2.02419
-0.19581
0.837348
0.244054
0.646453
0.917948
-1.91703
-1.34754
0.158816
-0.649503
-0.397424
0.635434
-0.509786
0.0960299
-1.30496
-0.033684
-0.108882
9.56865
-0.132374
-2.02353
0.397654
1.43117
0.42495
0.588441
-0.135818
-0.175442
-0.122234
29.4941
-0.197752
0.632476
-0.181247
-0.108493
0.567229
0.135014
-0.287062
-37.1582
0.211701
0.0609845
0.170409
0.0226474
-9.25073
0.399326
-0.288561
-0.943306
0.372346
6.4227
-0.05817
0.543931
0.343837
0.740946
-0.442598
1.13656
-42.5384
0.12747
0.5113
0.339334
2.51001
2.26397
-0.648984
-0.104835
-1.67435
1.02547
2.09016
-0.0613998
0.580125
-2.30384
-0.169173
0.159049
-0.454092
0.171911
0.00187101
-0.358954
3.0518
-8.52219
-0.171673
-0.478862
0.0676737
-0.0783954
0.276017
3.06765
1.07951
-0.00569784
0.101462
0.600586
0.0463013
2.13924
0.682623
-0.301134
-3.07753
-0.760736
-0.325568
0.429285
0.0729494
0.588466
1.43328
-2.6281
-0.85621
-1.28196
1.0011
1.05557
1.02328
0.285458
-0.0599938
0.266696
-0.448846
0.661411
-0.547589
-0.591109
0.247354
0.00220154
0.691732
-0.319568
0.0525021
0.536568
0.659224
0.747002
0.46245
0.432747
-11.3987
-0.910997
-0.271186
-2.51214
1.3253
1.08734
0.3129
0.0750256
-1.14231
-0.33464
0.435967
1.09853
-2.82115
-0.858764
-1.79347
1.4211
-0.344755
2.63284
10.126
1.25509
0.0580545
3.21904
0.308935
-1.66589
0.505049
-0.091457
-0.914705
0.564859
1.71736
0.812568
-0.0969519
0.461825
0.178209
-0.393795
0.515021
0.153234
0.0923006
-1.15756
3.03968
5.82366
0.091401
1.01127
0.92906
0.163758
-0.449997
0.0929722
0.23721
0.207284
-0.326578
-0.173169
-0.607748
-1.1015
-12.1484
-0.240327
-0.358721
2.67207
0.308721
0.776538
-8.04653
-0.300087
0.167516
0.243844
0.482579
-0.0237962
1013.05
-0.23992
-0.0178062
-0.370578
-0.234525
-0.172132
2.01285
0.586566
-0.184029
-0.2212
-0.431112
-1.24831
0.113724
-0.00241694
-0.234794
0.18112
2.79531
0.0319995
0.531811
0.0942657
0.708301
3.95485
1.35812
0.361202
0.364206
-0.0484158
0.0342561
0.156867
0.171529
0.538445
-0.640434
-0.673909
1.0404
0.30204
5.96562
-0.396604
-0.248094
-0.605477
0.769221
-1.52177
-51.6639
0.0383923
0.491383
-2.94004
-0.315897
0.457668
-1.2319
1.30205
3.3444
-0.837335
-0.648078
0.262218
-1.05691
0.575394
0.238653
-6.67125
0.441474
-0.0251584
0.878269
-0.350349
-8.50289
0.136965
-0.683292
1.57478
-2.88624
0.000684873
2.35663
-0.928372
-2.56836
0.670641
205.271
-0.158265
-0.0542749
-0.214029
-0.187816
-0.656944
-1.60896
-0.60796
-0.10838
-0.424887
2.22551
-0.304645
0.404835
-2.69101
-0.411513
0.0343522
-0.582276
0.0420673
-0.135804
-0.00405018
1.11059
-0.0341865
0.286134
-0.437571
-0.078892
0.11202
0.0190592
0.114518
0.0603157
0.185254
0.297491
0.35002
-0.0655218
0.376179
0.321934
-0.899741
5.28426
2.11197
-0.714413
-1.82911
0.403991
0.100243
-0.662382
0.102467
-0.372829
-0.101503
0.424481
-0.74566
0.823134
0.175342
-0.458199
-1.23718
0.0959718
0.289223
-0.0607759
-1.21768
0.959414
0.0150093
2.73598
0.606314
0.230558
1.04831
-27.5049
-0.0969477
-0.576146
-0.473218
-0.61725
0.22111
-3.74259
-0.0768616
0.236639
0.410633
-0.278451
-0.537373
-0.810213
-0.535976
0.439004
0.194021
0.352497
1.06515
0.329067
-0.849637
1.56793
-0.309903
0.0886225
0.342295
0.757424
0.10292
-0.1211
0.709633
-0.0119127
-2.07494
-1.86224
0.493074
-0.432573
1.55678
0.572787
0.107601
0.505441
0.437
0.924518
-0.386249
0.416174
1.31342
-0.325342
2.06719
-10.6526
-0.278718
-2.7965
-34.2381
1.61812
1.86771
-1.64372
-0.607713
-0.023539
0.46368
-0.948617
1.34495
-3.63882
0.29701
0.095542
2.01334
-0.402964
0.0736876
-1.07924
0.343944
0.13388
0.0190728
-0.282276
0.721972
-0.702818
0.560871
-1.94941
0.152428
-3.94598
2.00967
0.522647
-0.139557
0.655251
-3.34772
0.255099
-0.569671
0.124589
0.0359581
0.94936
-0.25837
-0.477333
2.67033
0.238476
1.08215
0.817375
-0.396535
-0.179431
-0.084095
1.01413
0.388493
4.7781
-0.314094
-0.514776
-0.367377
-0.477991
0.203173
-0.0840904
-2.74552
0.0712084
0.0651364
-1.48888
-6.88332
62.8767
-0.267615
12.6894
-40.1067
1.25291
-2.11901
0.543944
-0.0779817
-0.977971
-1.58858
-0.477882
0.266867
2.53287
0.541053
0.274972
0.37397
-0.107585
2.85176
-0.0125141
11.1609
-0.611747
1.73278
0.864172
0.453349
-0.573284
-0.340899
0.638205
3.01929
0.081165
0.44714
-0.129573
0.103577
-0.0637261
0.0111137
-0.163723
-0.500702
-0.247012
0.245962
1.75072
-0.609786
-15.2258
-0.674218
-0.827371
1.74079
0.138742
-3.88088
-0.228343
1.81047
-0.128223
4.54304
-0.038375
-0.216911
0.337414
0.08834
-6.11259
-0.130307
0.0544494
-0.204902
3.41206
-0.272942
-0.615969
0.144912
-1.15408
0.0422473
-0.623034
0.645538
-0.0651089
1.21507
0.53666
0.743049
0.428621
0.0799221
-2.78722
0.442333
-0.259856
-1.06427
-2.07521
0.463413
0.131343
-0.119391
-0.259589
-0.834692
-0.659702
-0.351422
-2.04888
-1.33889
-0.589324
0.108757
-0.523705
-0.0119044
0.810673
0.229502
0.13255
0.556397
-0.904383
5.01107
-0.465133
0.491623
2.49569
-0.226929
-0.405657
1.38301
-0.389905
-0.935643
0.945831
-1.86354
2.21271
-0.570079
6.46017e-05
-0.440338
-0.299579
0.270702
0.432641
0.176605
-0.523767
0.484271
0.755296
1.50769
2.39378
-0.290115
-0.24643
0.775203
0.611009
-1.16647
0.0980194
0.101609
1.45337
0.131986
0.0121825
0.720557
-2.98776
0.210014
0.16576
0.159822
-0.0556522
0.858942
0.193021
1.56513
-0.819649
0.0163309
0.0898469
0.425004
0.0728317
1.6143
-2.84681
-1.63433
-0.565572
-0.140458
46.095
-1.14219
2.36746
2.29271
1.93576
0.396776
0.385608
0.926161
0.44377
-0.25209
-0.213968
-0.327311
-0.0418703
-1.3747
7.22437
0.451434
-0.0121239
-0.455647
0.106034
1.2831
0.0261737
0.903054
1.45647
0.355348
1.19437
0.275676
0.346493
1.07706
-0.0123455
0.530665
0.453328
-0.478383
-0.182651
-0.929044
-0.681841
0.179308
-1.36295
0.901556
0.231076
0.792688
3.46855
-44.2072
-17.7418
-2.51371
0.354666
12.4189
0.476784
-0.263686
69.5286
-0.392563
-0.34671
1.03046
-0.438932
-0.582844
-2.80304
0.552507
0.318989
-0.123035
-0.256832
0.450693
0.497295
0.369555
4.63128
-1.52313
0.0297503
-0.147024
0.213102
-0.141657
-0.459149
0.211503
-3.51518
1.02442
0.928497
-0.28043
0.971006
-0.117365
1.00271
-2.9706
0.056917
0.860252
-0.716843
1.10155
-9.7124
0.191573
-0.293347
0.182471
0.0382082
0.637735
0.736421
3.99043
0.972962
1.59315
-0.735551
0.648748
-0.146647
-0.0177084
1.08789
-1.08948
-0.00359812
0.614281
1.07927
-0.991085
0.68282
0.276762
-3.10543
0.0945539
-0.310723
0.0848374
0.140594
3.4566
-0.144653
-1.6407
0.0594487
4.67853
-1.10142
0.399082
-0.0375471
-0.720853
3.84501
0.363963
-4.22805
-0.98957
2.49614
-0.807588
-1.04928
0.142147
-0.258107
0.42959
-1.41004
1.42707
0.471598
7.45316
0.0113535
-0.251749
0.50682
-0.00570167
-0.146412
0.421397
0.0765481
-4.64232
-2.88295
0.453869
-0.202223
-2.13712
0.698632
0.130777
9.50506
-1.62534
1.18898
-1.21238
1.03606
-7.15301
0.520451
0.21631
-0.0853983
0.153437
-0.136289
-0.135151
-0.389294
-1.3129
0.0153731
0.573666
4.37949
-0.339718
0.851032
0.339548
10.3513
-0.561478
1.43432
-0.739905
-1.06341
1.2438
-0.8319
0.905892
1.70766
4.31115
0.158993
-0.643583
0.666242
-1.28107
0.168185
0.386112
0.481255
0.0360202
15.5436
-0.978755
205.346
0.782485
-3.89384
0.0778321
-0.404073
-0.178686
-0.304818
-0.138611
-0.49663
-0.710702
-0.207355
-1.1314
0.347286
1.0497
-0.118729
-1.54303
0.080157
0.0927034
0.133603
0.505453
0.858236
-1.33782
-0.0327071
0.195252
-4.20675
1.58846
0.244714
-0.0376577
0.0216647
0.836535
0.460435
-0.140637
0.455846
-1.86666
-0.65071
0.0677544
-0.999651
-0.277093
-0.264851
0.536276
0.466685
-4.01936
-0.108907
0.0861333
0.444446
-0.0822958
0.0293507
1.01955
2.35462
-1.22743
-0.29504
-0.467395
0.203197
0.215206
0.229755
0.983229
33.8144
12.6325
-0.316059
-1.0903
1.86938
6.97482
0.267671
-0.106203
-2.69858
0.411874
-0.118089
0.346544
0.132702
0.209891
-0.00546615
0.11804
4.5761
2.34032
0.952653
0.0183211
0.670089
0.0831242
0.493553
0.16259
0.0423685
-0.19327
-0.525159
-0.227892
-1.50386
0.283071
-0.796109
-0.00404208
0.216708
-0.328742
-0.673501
-0.114506
-0.704276
1.91939
-1.81572
-0.14929
-0.14617
-0.497433
1.29442
0.214171
-0.72681
0.761384
0.0739978
0.373525
17.3635
-0.848727
0.592432
-0.163417
-0.457866
-3.01095
-2.375
0.415514
0.102782
-0.893746
-5.57986
0.693495
0.0405302
-0.142552
16.7371
-0.576089
0.403644
0.0565348
-0.0251939
0.880777
1.2038
3.98487
-0.172008
-1.86707
-2.48861
-2.69392
-6.18533
-3.98595
-0.168231
0.118517
1.28456
-1.1721
-0.37583
0.135426
-0.128651
19.007
0.30903
-0.0789933
3.13816
-0.266442
0.380391
0.214082
-1.77902
-0.595036
-2.08868
0.650125
-0.730455
0.110251
-0.512707
0.220591
0.689224
-0.691759
0.32828
-0.941054
0.312997
0.238561
2.91961
0.188673
-0.25688
0.0521747
-0.496793
-1.73547
-0.20463
0.454893
-0.0886416
0.396846
0.34495
-0.22701
1.15677
0.175458
-0.191283
0.980624
101.996
0.326661
-6.89205
12.787
0.483194
0.833802
-0.872245
3.50511
-1.3649
1.07648
0.0404327
-0.669098
0.263936
0.238393
0.610581
-1.78669
-0.0313856
-0.386727
-0.178764
0.209416
-0.952285
0.286688
-0.259034
1.18659
0.0558106
0.582117
1.23346
-0.679696
0.536479
2.2042
0.318712
-0.184487
-0.263436
-0.107282
1.21698
0.161159
0.218995
0.436799
-0.736895
-6.85677
-2.66215
-7.45469
0.0322616
0.510362
-0.284657
1.94865
0.284055
-1.04475
-0.0818179
0.437598
2.77279
1.16216
-0.0616706
0.0416849
0.157879
0.26805
-0.144149
-0.0594663
-0.564235
-0.0227857
0.57584
18.096
-1.09175
-0.158861
0.0332311
0.403146
-2.57674
0.563179
0.194829
0.260062
0.229812
-0.80808
1.81724
-4.704
-0.26929
-0.600534
-0.779829
-1.88372
-1.56819
0.26413
1.32323
0.65814
-0.0425436
-1.40062
26.542
0.71952
0.056343
-5.735
0.248493
0.119073
0.0740082
0.103509
1.76978
0.190983
0.0365966
-0.857148
0.338191
0.412552
-8.102
-1.32255
-0.0653821
-0.788047
0.583145
-0.165993
-1.79404
0.988226
1.96291
0.149875
-1.99518
9.50246
0.367067
0.0132046
13.0797
-1.88539
0.506722
1.11408
-0.0802263
0.477762
-0.169485
0.122789
-0.321547
-0.0845462
0.331449
0.185395
0.00280318
-0.178367
-0.137791
-0.294728
-0.0691072
0.253853
0.129835
-0.00811053
-0.473233
-0.0445631
-1.05236
-0.302231
-0.275497
0.318034
0.330103
-0.0239477
-9.8053
-0.244251
-0.338496
-3.63427
-2.85821
-8.62212
0.364644
1.14047
0.373498
-2.76449
0.0498179
-1.25144
0.0506223
-0.620168
-2.38017
-0.0591479
0.0767339
0.220894
-0.253707
-0.0731328
-0.0904159
-0.0326833
-4.60764
4.96809
-0.237797
-1.17549
0.0259945
0.14544
0.928309
0.0479032
-0.861588
-3.26079
1.8683
1.19286
0.329239
10.6152
-0.0866836
0.00355349
-0.0966489
0.375707
-7.29055
0.058854
0.691884
-3.82877
0.468109
1.54993
-1.43165
0.824839
0.56941
0.675375
0.894482
0.127075
-0.194188
0.55496
1.80621
-0.172443
0.182381
0.470967
-0.0457705
-0.175946
-0.0164398
-2.0383
-3.32824
0.519844
0.168897
-0.895224
0.0832135
1.24432
0.0963808
-1.04292
0.0857274
0.18237
-0.946263
0.749695
-4.33244
-0.206068
0.77054
-0.359107
0.247966
1.55854
-0.444396
-0.281834
-0.770209
0.641968
0.461833
0.0656649
-0.0121123
0.280025
-2.6139
-1.06244
0.00716311
-0.227072
-0.00956458
0.963539
0.310123
-2.20244
2.0745
0.49023
9.53382
-4.76765
1.00722
-3.06017
0.113654
-0.176481
-0.260723
-0.308864
0.167394
0.297171
2.01777
0.425276
-0.342322
-0.252273
0.949339
76.3279
-0.865356
0.607144
0.966066
-0.457576
11.3031
0.0854334
-10.3609
-0.274909
0.571571
0.292854
-0.476449
0.447612
-3.05744
114.874
-7.62909
3.45623
-1.41311
6.3432
1.03304
-0.621366
0.240442
-0.0389839
-0.552126
-0.0182963
-4.34507
0.149583
-1.17473
0.0308315
0.895097
0.314522
6.53596
0.111092
0.0753072
-0.0888056
0.153638
0.997127
-0.043486
-0.542457
0.0445886
-0.81729
-0.182703
-0.229194
0.0191685
0.719712
-0.492972
0.0344506
0.482199
0.515074
-0.863901
-0.156019
-0.541247
-0.109598
-0.0891795
-1.55208
0.240128
-2.51303
0.586469
-0.379903
0.783718
-0.084523
-0.179681
6.10853
-0.126403
-2.14435
-0.148728
-0.0748335
0.147783
0.603662
0.026965
-0.168622
-0.455869
0.222908
-0.288338
-7.07084
0.450308
-0.0304663
-0.272077
1.92436
-0.586738
0.081458
1.45712
0.278629
1.20196
0.759281
-0.412117
0.21964
-0.39924
0.35734
5.64717
0.0573402
1.20084
1.02333
0.644876
-3.15541
-0.00239287
-0.165253
-0.291005
1.05003
1.49421
-0.50957
0.018987
24.0483
0.58826
1.37787
2.08038
0.192536
0.845657
4.66716
0.424314
4.40105
0.135325
1.81605
-0.518028
0.384114
3.79021
1.26658
-0.147657
-6.94801
-0.234865
0.342617
-0.173676
0.129131
0.187307
0.336335
0.482199
3.87764
19.3895
-0.184255
-0.125448
0.35311
-0.484603
-0.132595
0.42614
0.274306
-0.855682
-6.83806
1.39902
0.255222
-1.4482
-2.42992
4.99513
-16.944
0.68951
-0.467677
-0.0886204
0.167161
-1.32621
-0.731982
0.100085
-0.180094
-3.86648
2.42532
-0.14852
0.78547
0.0385812
-0.350358
-8.71942
1.43146
0.402271
-0.234474
-1.01182
0.149406
0.994453
0.437857
-2.70331
0.426353
-0.827585
-0.0872488
-7.22612
0.0846872
-0.00872163
-0.424422
-1.78332
3.37106
0.408137
-0.0348521
-0.176118
-0.0101696
0.0847085
0.121016
0.359586
0.457537
1.17427
-2.73736
-2.84915
-0.776314
0.514936
-1.20498
0.117679
-0.0554661
0.429174
-1.77545
-5.31491
-0.179607
0.166863
-0.434281
0.0361647
1.20243
0.181621
-22.6062
-0.141109
-0.278546
-2.28903
-0.580722
-0.412132
-1.78197
-0.648418
-0.00692598
-0.187094
-1.27795
-0.54048
1.98818
2.71153
0.687974
-2.7123
0.531041
-0.666362
-0.393967
-0.185654
-1.71894
0.286886
-0.207344
-0.796689
-0.654905
-0.812338
0.572166
3.79562
-0.525281
-0.131322
-0.0882421
-0.472717
0.762796
-0.402516
0.0113689
0.795317
-0.133466
-1.06155
0.838585
-0.028701
0.689101
-0.74282
0.739247
-1.97108
0.0516457
0.513265
-3.81557
0.264043
-0.254596
0.688236
-0.234117
-0.0310103
3.15006
1.5991
-0.0653398
0.896076
-1.68849
0.203013
1.44459
-0.543807
-0.0687679
-0.584312
-0.267327
-1.34562
0.454845
-0.163375
-0.595794
0.422274
-0.377816
-0.334604
-0.282189
0.0577577
1.47041
-0.111784
-14.8962
-0.940672
-2.5791
-0.354916
0.520546
0.2648
-0.0427824
-0.752618
1.59722
1.37244
-0.223893
-0.445351
-1.28894
-0.554742
-0.978893
0.0667016
-4.59492
-0.0372704
3.02777
-0.638723
0.187404
-3.06785
0.147404
-2.73235
0.441543
-3.16764
0.230198
0.206215
-28.8972
0.576538
0.387068
-0.264185
-0.387062
3.27856
-24.4382
-3.12886
-0.302915
6.83429
-5.20178
0.0461134
-1.19918
0.99122
0.883727
-1.60952
-1.11739
-0.0585295
0.141904
-0.448848
-0.535574
0.761775
0.205701
0.483611
0.198355
1.42956
-2.38005
0.315142
-3.32707
10.5743
-0.439246
0.298941
0.978272
0.47155
2.86914
0.966687
1.27897
0.206516
0.642356
0.067649
0.16602
-0.261854
-0.354662
-0.334992
-1.13068
-0.24282
-0.0966625
-9.18814
1.10926
0.24764
0.165891
-0.911989
8.57211
-0.17791
1916.79
-0.317467
1.18479
1.04447
-0.391143
6.17135
1.55481
-0.00556313
-1.69806
1.0846
0.543242
-3.42175
-0.204515
2.62767
0.395902
-0.386563
-0.17839
-0.124818
-0.135689
-1.87728
-0.455571
2.1275
1.15234
-0.417538
-0.161164
1.08433
0.820017
-5.73258
-5.9935
-0.332439
0.84321
0.559152
64.6947
-0.374662
-0.022118
-0.12049
-1.2143
0.362056
2.17777
-0.0227327
-0.12704
2.21731
0.29027
-0.163377
-1.68036
-0.0678352
3.74714
-0.281045
0.103195
0.236877
-0.562932
0.598738
-1.75556
-0.266058
0.8302
-0.382798
-0.0343001
0.0368297
0.250245
0.424903
-0.123856
-1.69207
-1.26449
1.27839
0.78645
-0.2746
-0.454716
0.138038
-0.945802
66.5028
-1.1141
-0.646405
0.308862
1.47724
0.0612825
0.761792
0.320636
-0.984322
-1.87379
0.525745
0.197698
1.39415
2.04688
1.2597
1.02132
1.22893
0.00255699
0.0833069
-0.864116
0.600559
-0.117274
-1.2044
0.186223
0.00358505
0.232692
0.0208528
1.40814
0.151198
-0.111657
0.00220827
-0.241441
-0.305331
0.175384
7.32583
-0.235741
0.0134701
-0.315917
3.90943
-0.220175
-1.52058
-0.139585
0.0185172
0.574751
-0.530948
0.347214
-0.87699
-0.0747664
-7.66264
0.184771
-0.93229
0.431321
-1.93155
-0.0806545
2.57289
0.282603
-0.147842
-0.334103
-0.400832
1.17712
0.0531054
5.17214
0.0841208
-0.0397958
4.82661
-0.0135153
-1.2226
-0.21343
-1.19843
0.40616
0.248604
-1.79806
-0.0298625
-0.69468
1.58895
-2.32583
14.2609
-1.3832
-1.24284
0.298441
-0.184144
-1.88467
-0.210941
-5.86039
-0.366616
-0.355661
1.35229
-0.348918
0.118389
1.63374
-0.810323
0.467184
0.0936586
0.21208
0.66157
-1.74757
-1.12916
-0.616697
-0.524702
0.236169
-2.17389
1.16299
-0.0255616
0.0101141
0.223762
-0.734313
12.7835
1.20158
0.420529
-0.372574
-0.596007
-0.00972733
0.421223
0.564916
0.247786
-0.619922
-0.112219
-0.211997
-3.1461
0.743382
0.0730468
0.425885
0.106201
2.64423
-0.417104
0.0421808
0.683802
-0.201205
0.241896
15.1532
0.396071
-2.04847
-0.0805552
1.99331
0.278717
-99.222
0.00801867
0.430017
-91.5805
3.04671
0.14487
-0.556261
-1.59889
0.132907
-22.2184
3.9574
-0.202476
-0.663943
-0.453334
0.391369
1.03918
-0.348979
-0.209036
-0.289402
0.700499
0.194657
0.0251799
-0.1313
1.77242
0.129775
-0.675845
0.0578653
-0.0209532
0.921861
-0.142854
-0.0772976
1.53194
0.0995165
-0.160078
-0.313321
0.755332
-2.48227
0.613802
-0.643842
0.171608
4.07062
0.247526
0.198309
-0.0424072
7.68779
-7.25135
-0.349742
0.436844
0.0500921
-0.895861
-0.437975
-0.401765
1.57634
-7.58673
0.11145
1.45399
-1.01004
-0.490699
-1.36803
-0.996491
2.92275
1.5299
0.716708
0.0496845
0.267785
-1.75341
0.572042
-0.162353
-0.612399
-0.566229
-0.161637
0.736516
1.38397
0.486504
-0.157502
0.299648
0.417219
2.2031
0.395748
-0.228438
-2.91213
-0.0616348
0.623939
-1.96306
-0.427806
1.45646
-0.402917
4.70838
0.138608
-0.13128
0.516239
-0.485405
-0.933813
0.885586
-0.344078
0.49049
-4.97552
-0.590061
0.514126
-0.268568
-0.147849
0.00860987
0.113527
0.930415
2.55923
-0.0459023
-0.138569
0.241209
0.542581
0.614399
-1.7491
0.314196
1.79956
-0.0108691
0.101435
-2.76925
-39.0644
0.427155
-3.13398
-0.491182
-8.87575
0.0523823
0.76637
2.93733
-0.558417
0.621972
-0.265807
6.69822
-0.050619
-1.19939
3.29837
-0.245177
6.00798
2.55045
2.12181
0.302787
-0.484101
-0.00815735
0.458234
1.0482
-0.251087
-0.0689926
0.148584
-0.175456
0.424553
-0.625871
-0.0263715
0.0762673
0.254416
-0.10838
-0.297941
0.207123
-0.152045
-0.476374
0.435949
0.836186
-0.0333084
-2.50868
-0.271251
-0.117855
-0.0476008
1.24434
0.296062
0.800196
0.0144571
2.80947
-1.85563
0.581939
-6.05153
0.0474338
0.389011
-0.542346
-0.531152
-0.207383
-0.799892
-0.464818
-0.627282
-0.631274
-0.23764
0.0452336
0.230699
0.81921
5.04827
2.61032
-0.00557434
-0.420668
-3.38771
-1.15739
0.197493
-0.306262
0.203525
0.54489
1.70732
0.57587
5.33591
-0.204963
-0.247191
0.0943813
-0.773045
0.331347
-1.09343
3.01813
6.52614
0.104438
-1.62874
3.00164
0.564387
4.11259
-0.616745
-0.0914504
0.375411
-0.308636
1.61567
1.18591
-0.480065
0.314198
-0.0829891
-1.71579
0.469562
-1.12809
21.9674
0.163794
-1.00386
2.96259
0.180751
-1.90094
-0.342391
-0.0241323
0.242906
-0.722623
-1.19708
-0.0285137
-7.33356
-0.0289556
-0.454041
0.337562
0.4257
4.33478
0.752367
0.196205
-1.50989
0.647661
0.00600622
0.902704
0.188127
0.313544
0.164683
10.3526
-0.933325
-0.199168
0.476488
1.23626
-2.47956
0.661104
-1.14614
-0.66017
1.26653
-0.804817
0.32653
-2.28085
2.60711
0.131483
3.41689
-1.20992
0.405942
-8.42037
4.27275
-0.0351915
-1.13968
3.02273
-0.603976
18.9845
0.26407
-0.0192753
7.99626
-0.336858
2.86441
-0.834435
0.9721
-1.56879
-0.414014
5.44538
0.538022
-1.06389
-0.47064
0.245184
0.0872874
-0.821303
11.2869
5.80091
-0.386683
-1.04569
-0.126537
4.59236
-0.252035
0.442599
-1.51043
-0.0367947
-0.137465
0.104405
-0.196336
-0.0343323
0.326894
-0.37466
-0.160824
-0.263526
-0.188494
0.14031
2.7239
0.0177345
-0.565412
-0.732518
3.19823
-0.200222
-0.261232
0.319464
-1.18048
-0.951331
0.0810434
-0.90879
0.120774
0.396201
0.319154
-0.04118
0.263761
-0.0570206
-0.390794
0.427703
-0.279635
0.545721
755.484
1.09369
-0.387498
-0.0592289
-0.180891
0.320203
-0.206604
0.887485
0.637678
1.97589
-0.0816188
-0.719651
2.86106
0.156773
-0.734486
2.41467
-0.637607
0.578746
0.716826
-0.0595629
0.302928
0.12607
-3.4721
-1.65723
-0.0999686
-0.424852
2.21254
0.298397
0.659994
1.55101
0.00677106
0.846904
3.92342
0.945302
2.64558
-0.202146
-1.61699
-0.233465
-0.282761
-22.6271
1.21199
-0.363903
-1.55802
1.2198
-0.212816
-0.0866246
-10.1937
0.00911131
0.777806
52.2729
0.806757
-0.698653
-3.05626
0.0346713
1.00813
0.396241
-0.258048
1.74986
-0.878508
-0.0645116
1.03241
-0.214825
-0.11425
0.686822
9.52505
0.173279
-20.6537
-0.0478846
0.176747
-0.199749
-0.118413
-0.582333
0.520983
-0.393818
-0.183161
1.79732
1.93308
0.337798
-0.526851
0.660631
-0.621797
-0.334664
-0.635486
-0.414386
-0.115063
-0.0257711
0.58465
1.18615
-1.60882
0.215569
-0.184212
16.2326
-0.0481591
-0.121324
0.387082
-0.73014
0.0822409
0.357673
1.77829
1.78772
0.221298
-4.45053
-0.423924
0.570058
0.605014
-0.166265
0.73101
0.16113
0.00552546
0.0495984
7.72493
-0.581232
-1.06993
-0.156814
2.95686
-0.761293
-2.04765
-0.572745
-1.43957
0.361331
-0.0825148
-0.314285
0.604122
2.78024
0.676997
-0.422957
2.64432
-0.588337
-3.91488
0.446663
0.66101
2.38723
-18.4344
3.62404
0.0918864
-0.501424
-0.242857
10.6751
-2.66718
-1.24059
0.276532
-0.489942
0.838912
-0.113948
-0.224714
-0.371748
0.36058
0.305674
0.168733
0.75088
0.759285
0.180246
3.99583
-0.36261
-0.371764
3.14811
-0.0278393
0.414855
-1.23453
-0.638227
0.124252
0.544077
-0.36795
1.41631
-0.297671
0.741364
7.17977
1.03497
0.626659
0.281259
-0.31919
-0.557871
-0.377878
-0.100275
0.559414
-0.398409
-0.303094
-0.492839
1.84367
8.97545
0.227366
0.50942
0.214302
-1.31229
-0.753999
-1.44942
1.00928
-0.532125
-1.97366
0.306055
-0.420876
-4.34501
0.2807
-0.0948972
-0.71939
-0.312836
2.68217
0.319835
0.413202
-0.0513316
-1.53941
-0.517422
0.166801
0.200221
-3.15293
0.145477
0.455793
0.139496
8.08802
2.23117
-0.619213
-0.0590623
-0.189128
-0.275655
-1.93399
3.46233
-0.173932
-0.294992
-1.77391
0.00230242
0.208865
0.219338
-0.490347
0.406217
0.0669348
2.3275
0.693209
2.67772
-0.292829
-2.09557
-0.294074
0.105345
1.64325
-0.665441
-0.829838
-29.2117
-0.292941
-0.869165
1.73977
-0.480399
2.66357
0.818799
-1.39929
0.366336
-1.55056
-1.46637
-0.0203362
0.101069
0.63722
-0.0468342
0.324348
2.98565
-0.26017
-108.659
0.431124
-2.79308
-0.271583
0.219952
-0.503467
0.18467
1.39613
0.146004
-2.98052
-13.5306
-0.531778
0.297078
-4.83611
2.22425
2.58662
10.4199
0.338256
-0.817347
1.10705
10.4694
-5.08479
-1.80773
-0.166668
-0.106582
1.28199
1.37899
-0.501966
0.685233
-0.429872
0.155521
-0.0189702
-0.238882
-0.163456
-0.203084
3.63693
0.206402
0.0687735
-0.436108
-2.39776
-0.56277
0.163996
0.233336
-0.111125
2.16871
-0.0229248
-0.426704
-0.252465
-3.1699
-0.25515
0.127353
-1.59563
12.8756
0.373963
0.892017
-0.0245402
-0.304793
1.35988
0.0468544
0.108502
-0.451092
1.7345
0.541951
-0.408673
0.129482
-0.177069
-0.265188
0.368387
2.5909
-0.0563501
0.753975
1.39378
-0.228427
-0.190377
0.351054
4.52793
-0.0655833
0.537991
-0.0291324
0.216069
0.554384
-0.126041
-2.83621
0.112507
-0.657295
0.764112
0.00427727
-0.501974
-0.34391
0.06303
-0.62472
-0.706132
-0.135246
-1.51229
0.533664
-2.97394
1.45299
0.836343
1.19694
0.411587
0.106996
-0.422116
2.67704
1.58354
-0.30043
-0.815985
-1.36436
-0.215607
-0.00514833
0.417479
-0.0340439
4.60747
0.0886773
0.479268
-1.36466
5.55706
-0.272537
-10.913
1.69171
-0.503231
-0.0152979
-3.28566
0.202288
0.00415582
-0.289901
-0.1235
0.744215
-0.0811127
0.740115
0.204757
-1.22625
-1.07409
-0.483136
-0.449183
6.1384
-0.0939952
0.352149
-0.599961
0.191719
-1.60642
-1.38396
0.205106
-0.298529
0.993025
1.14946
-0.603065
-0.271732
-0.954038
-0.607361
-0.553864
0.120832
0.113387
0.575953
0.0146676
0.0467919
0.0592501
0.178961
0.360134
-0.823782
0.720204
4.4762
-0.0662619
0.117465
-44.1124
-2.06579
-1.61905
0.195422
-0.304866
-0.81455
0.710159
0.305762
-0.150008
0.711968
4.93979
0.132448
1.40835
0.162623
-0.428759
-0.842093
0.767384
1.2668
-0.301626
0.151744
0.131579
-0.681316
0.101234
-0.359557
-0.354849
-0.280214
0.50657
-0.0452544
0.26297
0.983668
3.34067
-0.715793
3.11733
0.543213
5.55553
0.359673
2.05225
-0.853394
-0.513826
-0.436337
-0.398432
0.259857
-0.157356
-0.271459
-0.530972
1.43801
16.1286
-0.733866
-0.100255
2.10979
-5.15762
3.91482
0.090778
-0.0402532
31.4561
0.397099
0.0563409
-1.24228
0.430508
-0.521894
-0.276346
-0.0675292
-4.13062
0.349734
0.237997
0.861347
0.252904
0.959617
0.153424
5.67636
-0.253228
0.0455304
-0.27715
2.68553
0.389402
-4.36535
0.314585
-0.242177
3.69086
-2.00768
-0.0555605
-1.01424
-0.526271
-0.212497
-0.71576
0.146001
-0.417799
-1.35769
14.4145
-1.27163
6.59965
0.358122
0.676802
0.69926
0.0304846
1.06477
5.43794
-0.05602
-0.527808
-0.910212
0.0305943
0.213146
-0.343965
-0.929249
0.400135
-0.250373
1.02875
1.73674
-0.3221
0.284081
0.718577
-1.54437
0.560963
-0.132785
0.198125
-0.0124793
-20.5837
0.258559
-2.17163
1.72216
-0.555879
-1.54818
0.0455414
0.319052
-0.0822145
-0.23153
0.867512
7.40471
-20.4297
-0.864381
1.03301
0.727046
1.79202
-0.116639
-5.89307
0.482163
-5.74402
0.266083
-1.39443
-0.597294
2.60422
0.107878
-0.0902262
-0.665241
-0.267161
1.24667
0.0124024
0.276526
0.179096
0.753452
0.262643
-0.133432
3.61797
0.0472543
-1.28251
1.00289
-0.583245
-0.159932
-23.1781
-0.264241
0.395153
-0.645164
-2.95709
0.187239
0.200157
-2.97326
1.99828
1.26253
-0.390837
2.37901
-0.533901
-1.00298
5.04368
-0.3761
6.00346
0.36795
-0.412846
-0.208896
-0.8361
-1.93821
1.14103
-0.198492
-0.350705
-19.1716
0.586047
0.32807
0.623625
-1.97511
0.476849
-0.669475
0.705097
1.07305
-0.151999
0.86441
-1.29007
0.137433
-1.63287
-0.193105
-1.02593
-1.30552
0.95964
-0.303243
0.582552
-0.153828
-2.04524
-0.243258
-0.29935
0.0311254
8.99827
-0.817995
-0.230391
-0.0719046
3.6037
-3.10019
0.231397
0.211885
0.0860271
0.588888
-3.18556
-5.53574
0.138169
-0.696885
-2.16374
0.39553
24.6138
-0.57594
-0.916181
-0.140302
0.509283
2.22162
-0.478421
0.546669
-0.282889
-0.370081
-0.285514
0.13571
-0.129172
0.480782
0.129169
-2.64065
0.256408
5.4399
-0.691651
-1.70313
-0.433769
-0.32215
1.13535
0.209246
-0.56013
-1.40961
0.267935
12.0896
0.48834
8.41952
-0.398358
-1.06075
3.32452
-0.386829
-5.89063
2.15605
0.432017
2.52947
-0.243868
0.0388633
0.215672
-0.115622
-4.08014
-0.751442
0.0158026
0.0522487
3.87514
0.213032
-7.3213
-1.0715
-0.21869
-0.0572766
-0.478158
-35.7412
-4.68033
2.54571
-0.943154
-0.470401
1.34549
1.21244
-0.789908
-0.516256
-0.417824
-0.392921
-2.12611
-0.959407
-3.25007
0.0288096
10.1457
-1.20826
0.224739
3.80598
0.710811
0.446153
5.89639
-0.199878
0.409277
1.24892
0.0923075
-0.0637125
-0.231016
-0.409792
0.253496
-0.540055
-1.92778
3.90173
-0.903556
0.149128
1.97527
-0.411792
-0.0938081
-0.020751
0.00287251
0.157432
-0.80797
-1.00975
4.06195
-0.0275213
0.138239
0.01985
0.909853
-2.19815
-0.164732
0.6405
-1.34259
-0.00749942
0.463332
-0.0710508
-0.146267
-0.141956
0.46944
-0.313469
0.427759
-3.95491
0.509455
0.510211
-0.597943
1.47169
-0.216695
0.0916859
0.433394
2.00373
1.44914
2.13587
0.767027
-0.408636
0.0398903
0.119723
-0.384852
0.0914949
-0.13965
0.024592
0.959512
-0.469979
0.0322597
-3.64698
3.99071
0.228672
-2.58017
-13.0948
0.392187
-4.50302
-0.547275
0.385347
-0.0611447
-0.773366
-0.0186226
5.54314
2.03781
-0.199729
2.29706
2.18818
-0.56869
1.30173
0.413315
-0.440297
0.303055
0.684604
0.183704
-0.139816
0.833914
-1.30504
1.85318
0.392707
-2.18178
0.545404
-0.271569
-5.74522
1.39104
0.152112
-0.0288798
0.874461
1.91885
-1.31375
2.57937
0.200505
13.4106
4.39682
-0.521854
1.2772
0.0570744
4.42155
-0.446869
-0.0927092
1.66468
-1.84855
1.31091
-0.11857
-0.873181
-0.124856
8.84906
0.313859
-0.700909
7.55692
-1.40943
-1.18073
0.502852
0.131421
-7.68469
-1.06981
0.131833
0.452618
-1.44646
-0.0144399
0.0378092
-2.02132
-0.167334
2.20456
0.781719
0.52787
0.643647
-0.22158
0.471671
-0.0308484
1.44974
-0.290601
2.46341
4.10404
-15.1635
-0.629242
-0.975637
0.185037
-0.966352
0.959252
-0.132865
-0.0917886
-0.043411
1.00428
-0.28993
0.202779
-0.304125
0.0226906
0.994124
-0.401744
-0.109683
0.234405
1.35272
-0.180717
35.4925
-0.311431
0.958862
5.10366
-0.150866
0.0594965
0.264895
-0.0554072
-0.333015
0.0394708
0.114061
0.636467
-1.31043
0.258619
0.185005
-0.280793
0.0284041
-0.589355
-0.738391
-0.0803117
0.191666
-0.576463
1.53025
-0.279143
1.1957
0.020154
0.277489
0.642599
-0.526277
-3.24874
0.056473
3.79056
0.899663
0.985661
1.38744
-0.665689
-0.308143
0.0227337
0.810976
0.483408
0.959857
-0.911534
-4.65654
-10.2652
1.84305
-0.070119
-0.963995
-0.421266
-0.0646266
-0.168044
2.83409
0.0500411
0.51737
9.68361
6.01337
-48.2191
0.744299
-4.35261
-1.08264
-1.72343
0.119057
-0.309702
-1.59743
1.7331
-0.304472
-3.89635
-0.0159585
0.467661
-0.0186329
0.324299
-1.6813
-0.864161
-0.124325
-0.071307
1.71415
0.235562
0.360031
0.488396
0.181848
2.7444
0.226142
0.591255
0.249968
0.0396197
-16.7814
-0.247871
0.379182
0.250947
2.96181
0.329891
0.15908
0.81957
0.512855
-0.260287
1.08261
0.611247
-0.12232
0.178321
5.86299
-0.554024
0.245108
-0.154451
-0.240604
-0.0341521
-0.379606
1.65372
-3.02403
0.150109
0.583157
5.63783
0.840214
0.318909
-0.0285192
-0.589605
-0.231919
-2.68953
0.0386192
-1.10237
-0.0787281
0.222389
-0.316331
0.503248
0.133527
-0.0594689
0.000822949
-0.109562
15.7433
-1.56408
0.217839
0.514808
0.552054
0.470645
0.491238
-0.749339
-0.641394
-0.251924
0.399825
0.800364
44.2485
-0.967151
-0.0172425
-4.12604
0.0552407
0.135081
1.52376
0.537324
0.108264
0.769952
-0.141355
0.419137
0.392505
1.2395
-0.576458
-3.89348
1.51642
0.914689
-1.46215
-0.801743
-0.291687
-0.232441
0.23789
-4.04425
5.28044
6.76952
0.312246
-0.316659
-0.0683014
0.0975819
0.0939316
-0.725463
1.24451
-0.198828
0.746158
0.258815
-0.219726
-0.370325
-1.09828
-0.212212
-0.52151
0.122692
0.017044
-1.75836
-0.0151273
0.453921
0.318189
0.0691184
0.284664
-0.499204
0.309141
-3.14112
1.54785
-0.118018
0.366887
1.00844
-0.713363
1.1747
-0.371472
4.91392
0.0256705
-0.341494
1.24878
1.45885
1.09205
0.131514
-0.0102099
1.17851
-4.55531
0.41821
1.16338
1.30765
0.358813
-9.48812
4.59601
0.473629
58.0952
0.0190889
-0.31731
2.23738
-0.211495
-6.31474
-0.0645097
0.276171
4.50459
-0.407955
0.279223
-0.0474275
0.247362
-0.179871
0.719846
0.423594
0.397307
0.35207
-0.139457
-0.529632
-1.91173
0.653825
0.649029
1.21779
0.155486
0.198273
-0.0221133
2.54153
-0.84986
-0.362969
0.216454
0.220301
0.529006
0.250236
0.567622
1.32641
3.11408
0.285106
-0.600991
0.53502
0.60523
-0.565516
0.431652
0.317608
-0.0362865
0.203655
-0.0952206
0.213697
-0.0858653
-0.276046
-3.66544
0.978915
-2.18441
-0.41975
0.559884
2.32276
1.37666
-1.29715
0.0609404
-3.26035
-0.831869
-0.110886
-0.392494
-6.28107
-1.49576
0.0427019
-0.0977343
-0.407195
0.847797
-0.0349271
0.386427
3.11494
3.24986
-0.0631244
1.45258
-8.15893
-0.179964
-0.91148
-0.056172
0.246094
-0.552203
-0.972957
-0.752237
1.10848
0.449353
-2.24325
-0.90342
0.144609
-1.90125
-1.53926
-0.11735
0.470425
0.181767
-0.193424
0.352075
-0.289775
-6.40745
3.39704
0.541846
-0.739948
-3.93873
0.491813
-0.779098
-1.76112
-0.115717
-7.17737
-1.55559
0.122963
0.00577548
0.431576
0.0159543
0.161029
0.274397
-0.509543
-1.01975
0.00782272
0.621046
0.0278433
0.778535
-2.22322
-0.237311
0.0278703
-0.501487
0.605423
0.245222
-35.1326
-0.0942006
1.66028
-0.091916
-0.457002
1.56058
0.389514
-0.413174
-0.122881
-107.962
-0.113385
-1.14725
-0.673077
-3.78483
-0.179566
-0.0435906
-1.47663
-0.612369
0.117705
-0.784402
-9.12919
-0.17941
2.99998
0.441892
1.11215
0.38496
1.27704
0.474911
0.125103
1.10808
-0.0165019
-0.327183
0.353128
0.216511
0.663411
0.8225
-1.58942
1.15702
0.293916
-6.40088
-0.285374
-0.341919
-0.0742941
-0.616419
-0.370403
0.418086
-0.112424
1.11529
-0.333012
-0.661667
0.577294
0.861722
-0.272599
0.687083
0.0841306
-0.278722
1.0027
0.00101605
0.216888
-3.85351
0.929976
-1.05403
-1.03144
2.1518
1.02903
-0.183604
-0.0756026
-0.605537
0.702416
-1.20996
-1.27725
0.207967
2.1907
0.531078
-0.130169
5.19743
0.578363
0.272703
-0.88567
0.719284
-1.98151
-0.239184
0.917554
0.74875
3.06119
0.879658
-0.123477
0.194896
-0.278212
0.388299
-2.73326
2.7034
-0.592841
-0.15891
-0.0651249
-0.732244
-1.39311
-0.781457
-0.122841
0.229427
0.0162796
0.140087
0.355196
-0.125041
0.044514
-0.290105
0.20458
-0.303371
0.953915
0.76261
0.397806
1.10187
0.102861
-0.109463
0.245416
2.83165
2.34492
0.294059
-0.381434
-0.324986
3.03786
-0.125005
-0.425707
-0.598529
1.15195
-2.1578
-0.891209
-1.26434
-0.357686
4.15657
6.09759
0.949
0.870042
-1.2895
0.734258
1.08205
-1.26565
-0.635986
-0.210105
-4.00524
-0.0901581
-0.649781
0.153598
-0.649596
-0.194982
11.3684
0.0254595
-5.68203
-0.141576
-0.492354
0.538639
1.75253
0.485159
0.126049
-0.603334
-1.51808
4.69588
0.021479
0.261164
0.338633
-0.436824
-1.14069
0.344003
0.0516089
-0.547228
-0.103843
0.270584
0.214794
0.271143
0.457482
0.28684
-0.0523152
0.106876
-0.588275
-4.06841
-7.95958
1.15936
0.221392
3.40118
-2.20268
-0.286104
-0.291923
1.07019
-1.24821
2.08297
0.912681
-0.329027
0.438408
-0.132621
-2.75383
0.47269
-0.502947
-0.17982
-0.307439
-3.51427
0.999348
-5.03563
-0.0381126
-1.66897
0.589604
1.52139
-0.134139
0.133154
63.4261
-2.55691
0.196044
1.68817
-0.932278
0.267834
0.166918
0.642659
-0.155852
-0.098338
-0.14563
3.27856
1.87367
0.050997
-9.54075
-0.271513
0.673982
-0.0999584
-0.55624
-0.0315649
0.351684
1.3172
-12.2756
1.57031
-0.241546
-3.28046
-0.65927
-0.335558
1.15126
0.507072
-4.98253
-0.171485
-1.38904
0.576908
-0.590833
-0.722687
-1.88322
-0.0314638
0.228636
0.759297
0.308767
-0.244549
0.256741
4.74633
-3.51737
-0.675353
-2.3917
0.0443473
-0.390248
-4.57652
-0.718213
-1.90488
-0.160384
2.07133
2.26666
-13.0501
-0.339128
2.15354
1.20721
-0.179174
-1.06365
-0.90333
0.625928
-0.206699
-2.50772
-1.39123
-0.278013
-1.67982
-3.15695
-0.369568
-0.711675
1.09686
0.462622
1.11616
0.45026
8.15008
-2.81028
2.15724
0.287522
0.917328
-0.224701
-0.163913
-0.291368
1.89608
1.63746
-0.0184332
-0.318592
-0.0812841
-0.18744
-1.96673
0.388269
0.249278
0.23471
0.00271788
0.0608745
-0.303162
-0.614931
-41.2759
0.818321
0.332827
0.0656925
0.270707
13.0859
-0.227534
-0.160412
-0.36055
0.244643
-1.2411
0.931889
0.91385
-0.237355
-0.0101747
-0.20488
-0.769709
-1.58624
0.174919
-0.240423
164.226
19.6592
-15.8191
0.482183
-0.404468
-2.36178
0.959667
-0.144485
0.0158969
-1.37189
0.771303
36.3259
-0.454884
1.45107
-0.72143
5.28857
-0.249099
0.817117
-0.270349
-1.75944
-1.6683
-0.119154
0.775735
0.332467
-5.04151
-0.474526
0.277801
-18.3828
0.327798
-58.8191
-0.745394
0.410653
0.460978
-0.606162
0.135892
-0.00545506
2.60218
-12.0792
-0.532426
0.267471
0.43629
0.263563
-1.17366
-0.0500237
-0.277714
0.138191
0.698847
0.226016
-0.278766
0.635317
1.45414
-0.240466
-0.0428431
1.01961
-0.207014
0.722068
-0.199946
-0.286766
-0.141175
0.11002
2.09644
0.858471
-0.199675
0.435444
-6.6731
-0.0999127
-0.0403423
0.0776166
4.52418
-0.216477
-0.103495
2.12328
-0.0357523
-1.68152
1.80761
0.123173
-0.0644908
3.05269
-1.3712
2.59104
2.25593
0.408315
-1.30119
-0.325499
-0.313907
-1.84277
1.51077
-0.117929
-0.14529
-0.45601
0.940875
-0.171344
0.218715
-4.05399
2.0262
0.192322
-0.789395
0.566075
0.321718
0.851969
-0.270776
-0.753209
-1.37553
-0.353636
-0.252512
0.222872
0.11192
14.3805
-0.673915
1.74748
-1.12682
1.06463
-0.419337
-5.04855
-0.0080275
1.84581
-0.889573
-0.6227
0.0675019
-0.28413
-0.779472
1.04615
-0.101333
-0.15831
-1.41878
-0.269336
-8.59166
0.142385
-0.48189
-0.201353
-0.938037
1.63926
-0.33254
0.292944
0.0996712
0.171136
-0.545015
-0.241715
-0.331179
0.137234
-0.0950358
1.00682
1.48011
0.321132
-1.51792
0.969224
0.523907
-1.19082
-0.340801
0.802031
-1.47786
5.84044
-0.758452
-3.37478
0.176505
0.54684
-9.5863
0.0294437
0.889503
-3.09101
0.060979
0.210537
97.8209
4.32952
-0.586391
0.0775517
-1.87314
0.132121
1.00498
1.07053
6.72565
0.129279
0.322657
1.11107
0.219136
9.01568
0.394131
-0.0857713
-0.744382
225.938
-0.94427
-0.124407
2.73593
-23.8827
-0.420152
-0.0791608
-0.0109113
0.419228
-3.28492
-0.188485
-1.20087
0.183602
0.833348
-2.22032
0.223814
-0.698473
-8.41946
1.58991
-0.778815
-1.066
0.793472
16.7642
0.00797353
-0.423055
0.861103
0.388194
0.0639314
1.28469
-0.355315
-5.29069
-0.161565
0.175615
0.190256
1.34744
-0.513023
-0.114672
0.214642
0.0116198
1.98004
0.0490959
-0.00871812
10.2679
1.47571
0.825513
-0.0169637
-0.465239
2.56372
0.103866
-0.20841
-0.143539
0.232667
0.0832884
-0.50643
0.213471
-0.808107
-0.0825825
-0.294908
-0.0385654
-0.9507
0.071571
0.0148143
0.834568
0.113882
1.18409
0.415199
0.702251
0.207399
-0.971127
0.370152
-0.771048
0.184505
0.0591471
0.413514
3.90919
-0.690463
0.380362
-0.418929
-0.202355
-0.295006
2.1282
-0.00760534
-2.42848
-0.171749
0.356131
0.923399
0.0961921
0.0319475
-0.232224
0.3574
2.06475
-0.427521
2.8643
-0.509954
0.00402186
-1.08487
-0.431634
-0.256591
0.593427
-3.29916
-1.26126
-0.493959
-0.532228
0.130876
-0.182929
0.0473755
-1.1953
12.7306
12.9366
2.58188
0.296382
0.786051
0.114837
0.0769353
-0.319227
-0.420974
-0.397759
0.0750189
-0.145885
3.56983
-0.115069
-0.0300936
0.0621074
0.00847045
1.27085
0.802208
1.29682
3.31919
-0.103967
-1.28614
0.327544
-1.42539
2.07255
-0.270652
-1.8431
0.510362
-0.206462
-0.0969805
-0.530889
-2.6923
-0.983829
0.125427
0.449226
-7.02266
-1.17653
0.50169
0.341724
0.0992967
-1.32955
0.37165
0.236595
-1.09604
-0.0225679
0.152235
-0.461723
-0.228286
-0.478988
-0.321518
-7.91964
1.59839
0.170107
-0.133984
1.1095
0.211917
2.05849
-0.166758
-0.787407
0.644598
1.7247
0.881121
4.13494
-1.71346
-0.680565
0.723775
0.144476
-1.12296
0.970451
-1.53835
0.687911
-0.211279
-0.338098
0.433361
0.22644
-21.1455
0.409659
-2.71407
2.29428
9.44167
0.194747
-0.510743
0.0957283
17.1913
-20.3157
0.145562
-0.459224
0.169223
1.24373
-0.439754
-4.55468
-1.17121
-1.12189
-3.28179
-16.0381
0.530889
-0.605266
0.284455
0.16857
1.04703
-0.393136
0.539212
1.0504
1.74547
0.157736
-0.317784
0.893424
0.120314
-0.661461
-1.07029
-0.146044
-0.163129
2.77538
-0.0256404
-0.0977467
1.11914
-1.75068
-0.43619
0.0227864
-0.0317724
-1.8003
-0.288964
0.514882
-0.573082
0.26704
-0.34862
0.030809
2.8603
0.243674
-0.352212
-0.655809
-0.33811
-0.242536
-1.56464
0.16994
0.0485637
0.0926641
-0.712029
5.14394
-0.191394
-1.44257
1.34479
-0.143507
-0.122526
0.351434
-0.0453121
1.44559
0.874494
0.21684
1.08497
6.28335
0.532194
-4.79274
0.154211
-0.84304
-4.95256
-0.105255
0.167662
0.142076
-8.49965
-0.284738
-0.0532477
-0.0759047
1.1325
0.528622
-0.258601
0.31436
0.236182
1.84247
-0.290219
-0.327036
0.378321
-0.0454782
-2.29745
-6.60651
-1.56445
-1.15427
0.351395
0.706557
-0.329526
0.539436
-0.900046
0.360223
3.80839
0.0709921
0.922974
0.0525978
0.224871
0.583378
-0.0719794
-7.992
-0.594056
-0.189976
0.38936
-0.203359
11.001
0.774993
3.45688
-0.0768966
-0.0849189
0.745616
0.516958
-1.88267
-0.0861894
0.352954
