0   3.57143   0
100   3.21429   0.357143
200   3.09524   0.238095
300   3.01587   0.186128
400   3.05786   0.150163
500   3.10377   0.130922
600   3.0572   0.12005
700   3.07828   0.106081
800   3.10662   0.0977531
900   3.10845   0.0874523
1000   3.15054   0.0896037
1100   3.19664   0.0938914
1200   3.17052   0.0902294
1300   3.19916   0.0883081
1400   3.17636   0.0853138
1500   3.18617   0.0804045
1600   3.15773   0.0807038
1700   3.1115   0.089032
1800   3.10254   0.0846916
1900   3.13259   0.085784
2000   3.13703   0.0817175
2100   3.10531   0.0841269
2200   3.12022   0.0817574
2300   3.12462   0.0784003
2400   3.12463   0.0751989
2500   3.1084   0.0740489
2600   3.12555   0.0732882
2700   3.11897   0.0709286
2800   3.17562   0.0888452
2900   3.18088   0.0859935
3000   3.19348   0.084122
3100   3.22955   0.0890815
3200   3.22638   0.086398
3300   3.22062   0.0840165
3400   3.20582   0.0829119
3500   3.1799   0.0846421
3600   3.17841   0.082336
3700   3.17217   0.0803828
3800   3.1763   0.0784036
3900   3.16446   0.0773301
4000   3.15697   0.075792
4100   3.16117   0.0740845
4200   3.1541   0.0726858
4300   3.14554   0.0715278
4400   3.15795   0.0710119
4500   3.14968   0.069941
4600   3.13586   0.0698188
4700   3.16974   0.0762832
4800   3.18354   0.0759748
4900   3.17392   0.0750585
5000   3.1793   0.0737684
5100   3.17158   0.0727468
5200   3.1768   0.0715518
5300   3.18411   0.0705935
5400   3.18131   0.0693545
5500   3.18403   0.0681589
5600   3.17829   0.0671976
5700   3.19533   0.0681924
5800   3.19767   0.0670674
5900   3.21684   0.0686699
6000   3.22266   0.0677845
6100   3.21548   0.0670672
6200   3.21918   0.0660974
6300   3.21483   0.0652013
6400   3.22948   0.0658395
6500   3.21842   0.0657696
6600   3.21073   0.0652363
6700   3.21603   0.0644883
6800   3.21334   0.0636038
6900   3.21352   0.0626888
7000   3.22042   0.062184
7100   3.23608   0.0632821
7200   3.2298   0.0627242
7300   3.23442   0.0620428
7400   3.23296   0.0612273
7500   3.22251   0.0613128
7600   3.21777   0.0606971
7700   3.2278   0.0607474
7800   3.22417   0.0600831
7900   3.21958   0.0595044
8000   3.2132   0.0591107
8100   3.21335   0.0583856
8200   3.21229   0.0576877
8300   3.20457   0.0575167
8400   3.20609   0.0568562
8500   3.19788   0.0567879
8600   3.19595   0.0561644
8700   3.18954   0.0558916
8800   3.18407   0.0555302
8900   3.18837   0.0550781
9000   3.19403   0.0547631
9100   3.18792   0.0545085
9200   3.1827   0.054171
9300   3.18013   0.0536532
9400   3.18714   0.0535464
9500   3.18371   0.053097
9600   3.17732   0.0529336
9700   3.17324   0.0525491
9800   3.18004   0.0524578
9900   3.18157   0.0519532
10000   3.17364   0.0520435
10100   3.17416   0.0515333
10200   3.16958   0.0512353
10300   3.16146   0.0513852
10400   3.15781   0.0510245
10500   3.15284   0.0507841
10600   3.15258   0.0503079
10700   3.15532   0.049915
10800   3.15914   0.0496021
10900   3.16678   0.04974
11000   3.16328   0.0494143
11100   3.17075   0.0495377
11200   3.16427   0.0495225
11300   3.15901   0.0493677
11400   3.15569   0.0490487
11500   3.15723   0.0486481
11600   3.15873   0.048254
11700   3.16021   0.0478662
11800   3.15912   0.0474748
11900   3.15532   0.0472309
12000   3.15507   0.0468396
12100   3.15565   0.0464577
12200   3.15802   0.0461399
12300   3.16037   0.0458261
12400   3.15932   0.0454699
12500   3.16478   0.0454357
12600   3.16058   0.0452717
12700   3.18184   0.0496956
12800   3.17758   0.049493
12900   3.17023   0.0496576
13000   3.17147   0.0492928
13100   3.16738   0.0490886
13200   3.16782   0.0487201
13300   3.16613   0.0483848
13400   3.16657   0.0480271
13500   3.16627   0.0476736
13600   3.16343   0.0474092
13700   3.15958   0.0472219
13800   3.15683   0.0469614
13900   3.15809   0.0466418
14000   3.15786   0.0463104
14100   3.16496   0.0465287
14200   3.16225   0.0462814
14300   3.16424   0.0460018
14400   3.16796   0.0458347
14500   3.16583   0.0455694
14600   3.17264   0.0457676
14700   3.17719   0.0456845
14800   3.17451   0.045456
14900   3.17633   0.0451888
15000   3.17599   0.0448898
15100   3.17566   0.0445948
15200   3.17599   0.0443036
15300   3.17245   0.0441567
15400   3.17214   0.043872
15500   3.17249   0.0435912
15600   3.17283   0.043314
15700   3.16985   0.0431417
15800   3.17321   0.0430008
15900   3.17124   0.0427768
16000   3.17036   0.0425193
16100   3.17208   0.0422908
16200   3.16722   0.0423099
16300   3.17136   0.0422544
16400   3.16997   0.0420207
16500   3.17404   0.0419649
16600   3.17375   0.0417139
16700   3.17052   0.0415903
16800   3.17216   0.0413761
16900   3.1694   0.0412246
17000   3.16626   0.0411033
17100   3.1679   0.0408965
17200   3.16885   0.0406707
17300   3.1698   0.0404473
17400   3.17012   0.0402168
17500   3.16834   0.0400272
17600   3.16531   0.0399158
17700   3.16625   0.0397021
17800   3.16783   0.0395111
17900   3.16485   0.0394038
18000   3.16271   0.0392438
18100   3.15942   0.0391659
18200   3.15923   0.0389517
18300   3.1608   0.0387713
18400   3.16061   0.0385616
18500   3.15855   0.038409
18600   3.15837   0.0382034
18700   3.15819   0.0380001
18800   3.15705   0.0378159
18900   3.15428   0.0377179
19000   3.15522   0.0375316
19100   3.15882   0.0375087
19200   3.15916   0.0373154
19300   3.15433   0.0374354
19400   3.15418   0.0372432
19500   3.15267   0.0370837
19600   3.15358   0.0369064
19700   3.15131   0.0367901
19800   3.15117   0.036605
19900   3.15104   0.0364217
20000   3.1561   0.0365906
20100   3.15697   0.0364196
20200   3.15841   0.0362681
20300   3.15874   0.0360914
20400   3.15688   0.035963
20500   3.1583   0.0358159
20600   3.15575   0.0357332
20700   3.1556   0.0355613
20800   3.15594   0.0353923
20900   3.15452   0.0352521
21000   3.15204   0.0351721
21100   3.14992   0.0350699
21200   3.1498   0.0349051
21300   3.15066   0.0347521
21400   3.14763   0.0347223
21500   3.14629   0.0345873
21600   3.14575   0.0344317
21700   3.14407   0.0343149
21800   3.14398   0.034158
21900   3.14435   0.0340044
22000   3.14426   0.0338503
22100   3.14261   0.0337379
22200   3.14171   0.0335984
22300   3.14044   0.0334722
22400   3.14037   0.0333232
22500   3.14122   0.0331864
22600   3.14115   0.0330399
22700   3.13834   0.0330147
22800   3.14081   0.0329628
22900   3.13726   0.03301
23000   3.13765   0.032869
23100   3.1361   0.0327638
23200   3.14052   0.0329213
23300   3.14183   0.0328067
23400   3.14136   0.0326703
23500   3.14374   0.0326187
23600   3.14326   0.0324843
23700   3.14562   0.0324331
23800   3.15065   0.0326865
23900   3.14794   0.0326627
24000   3.14552   0.032617
24100   3.14432   0.0325038
24200   3.14424   0.0323698
24300   3.14458   0.0322386
24400   3.14308   0.0321417
24500   3.14301   0.0320108
24600   3.14255   0.0318842
24700   3.14289   0.0317572
24800   3.14514   0.0317095
24900   3.14589   0.0315913
25000   3.14759   0.0315109
25100   3.14712   0.031389
25200   3.14831   0.0312874
25300   3.1505   0.0312406
25400   3.15323   0.0312372
25500   3.15312   0.0311151
25600   3.15229   0.0310048
25700   3.15147   0.0308952
25800   3.1531   0.0308184
25900   3.15299   0.0306998
26000   3.15218   0.0305927
26100   3.15331   0.0304967
26200   3.15399   0.0303882
26300   3.15228   0.0303211
26400   3.15059   0.0302541
26500   3.1498   0.0301504
26600   3.1484   0.0300696
26700   3.14909   0.0299651
26800   3.14978   0.0298613
26900   3.14901   0.0297606
27000   3.14929   0.0296519
27100   3.14997   0.0295504
27200   3.14988   0.0294421
27300   3.15141   0.0293748
27400   3.15097   0.0292711
27500   3.15163   0.0291723
27600   3.15057   0.0290863
27700   3.14952   0.0290007
27800   3.14818   0.0289272
27900   3.14846   0.0288251
28000   3.14772   0.0287318
28100   3.14699   0.0286391
28200   3.14449   0.0286471
28300   3.14442   0.0285462
28400   3.1501   0.0290065
28500   3.15036   0.0289061
28600   3.1488   0.0288474
28700   3.14779   0.0287649
28800   3.14925   0.0287026
28900   3.14854   0.0286125
29000   3.14653   0.0285846
29100   3.14453   0.0285563
29200   3.14518   0.028466
29300   3.14448   0.0283775
29400   3.14379   0.0282895
29500   3.14311   0.0282021
29600   3.14375   0.0281143
29700   3.14279   0.0280363
29800   3.14241   0.0279449
29900   3.14343   0.0278702
30000   3.14197   0.027816
30100   3.14102   0.0277398
30200   3.14166   0.0276554
30300   3.14046   0.0275903
30400   3.14383   0.0277047
30500   3.14316   0.027622
30600   3.1428   0.0275343
30700   3.14243   0.0274472
30800   3.14151   0.0273738
30900   3.1425   0.0273033
31000   3.1443   0.0272751
31100   3.14567   0.027222
31200   3.14627   0.0271415
31300   3.1501   0.0273242
31400   3.14868   0.0272743
31500   3.14963   0.0272044
31600   3.15057   0.0271348
31700   3.15049   0.0270495
31800   3.15142   0.0269807
31900   3.15165   0.0268973
32000   3.15003   0.0268622
32100   3.15027   0.0267797
32200   3.14866   0.0267449
32300   3.1483   0.0266648
32400   3.14693   0.0266179
32500   3.14604   0.026551
32600   3.14597   0.0264698
32700   3.14562   0.0263913
32800   3.14619   0.0263172
32900   3.14878   0.0263646
33000   3.14842   0.0262872
33100   3.14708   0.0262423
33200   3.14875   0.0262167
33300   3.1472   0.0261839
33400   3.14929   0.0261889
33500   3.14735   0.0261822
33600   3.14649   0.0261186
33700   3.14477   0.0260982
33800   3.14567   0.0260365
33900   3.14561   0.0259599
34000   3.14616   0.0258895
34100   3.1467   0.0258195
34200   3.14794   0.0257738
34300   3.1454   0.0258244
34400   3.14481   0.0257563
34500   3.14504   0.0256828
34600   3.14421   0.0256221
34700   3.14544   0.0255779
34800   3.14598   0.0255102
34900   3.14492   0.0254589
35000   3.14291   0.0254658
35100   3.14378   0.0254082
35200   3.14233   0.0253776
35300   3.14089   0.0253469
35400   3.14084   0.0252755
35500   3.13982   0.025225
35600   3.13903   0.0251667
35700   3.13802   0.0251166
35800   3.13681   0.0250758
35900   3.13838   0.0250556
36000   3.13892   0.024992
36100   3.13699   0.0249977
36200   3.13753   0.0249346
36300   3.13838   0.0248807
36400   3.13923   0.0248269
36500   3.14008   0.0247734
36600   3.14092   0.0247201
36700   3.14209   0.0246805
36800   3.14131   0.0246257
36900   3.14364   0.0246684
37000   3.1419   0.024663
37100   3.14136   0.0246025
37200   3.14366   0.0246442
37300   3.14388   0.0245792
37400   3.14291   0.024533
37500   3.14155   0.0245054
37600   3.14125   0.0244421
37700   3.1399   0.0244146
37800   3.14104   0.0243767
37900   3.14009   0.0243313
38000   3.13894   0.0242945
38100   3.13842   0.0242363
38200   3.13923   0.0241865
38300   3.13919   0.0241234
38400   3.1397   0.024066
38500   3.1402   0.0240088
38600   3.13947   0.0239579
38700   3.14026   0.0239093
38800   3.13933   0.0238659
38900   3.13929   0.0238047
39000   3.13952   0.0237448
39100   3.13758   0.023763
39200   3.13647   0.0237283
39300   3.1406   0.0240249
39400   3.13949   0.0239896
39500   3.13858   0.0239464
39600   3.13748   0.0239112
39700   3.13621   0.0238849
39800   3.13531   0.0238419
39900   3.13461   0.0237924
