0   0.0936191   0
200   0.0889464   0.00467266
400   0.0852591   0.00456885
600   0.0847467   0.00327104
800   0.0834513   0.00284571
1000   0.0848619   0.00271823
1200   0.0846059   0.00231154
1400   0.0850369   0.00204772
1600   0.0845239   0.00187736
1800   0.0850092   0.00174787
2000   0.0846183   0.00162862
2200   0.0845532   0.00148814
2400   0.0842996   0.00139218
2600   0.0843018   0.00128891
2800   0.0842106   0.00120337
3000   0.084554   0.00117686
3200   0.0849451   0.00117262
3400   0.0846966   0.00113314
3600   0.0845633   0.00108011
3800   0.0845043   0.00102637
4000   0.0841498   0.00103862
4200   0.0840134   0.000999644
4400   0.0840125   0.000955193
4600   0.0840943   0.000918171
4800   0.0843446   0.000915557
5000   0.0843677   0.000879943
5200   0.0845159   0.000859593
5400   0.0845669   0.000829894
5600   0.0845299   0.000801619
5800   0.0846083   0.000778398
6000   0.08464   0.000753534
6200   0.0843653   0.000779608
6400   0.0844199   0.000757585
6600   0.0847493   0.000805422
6800   0.0846445   0.00078906
7000   0.0845911   0.000768686
7200   0.0845119   0.000751811
7400   0.0843506   0.000749312
7600   0.0840398   0.00079329
7800   0.084177   0.000785296
8000   0.0841294   0.000767382
8200   0.0841147   0.000749033
8400   0.083994   0.000741302
8600   0.0837091   0.000778286
8800   0.0834475   0.000804488
9000   0.0833649   0.000791133
9200   0.0833589   0.000774141
9400   0.0831659   0.000782029
9600   0.0830292   0.000778008
9800   0.0832638   0.000797584
