0.485626
0.150473
0.0607522
0.313803
0.268129
0.416562
0.436928
0.26475
0.0781279
0.0343871
0.410083
0.498926
0.367457
0.326779
0.141311
0.270689
0.420677
0.336672
0.158681
0.188506
0.013141
0.0789399
0.429825
0.443914
0.367202
0.294816
0.238286
0.140566
0.287702
0.299892
0.454638
0.314863
0.111967
0.0666355
0.103689
0.0423526
0.304869
0.146202
0.200505
0.418884
0.177047
0.131784
0.382314
0.0448767
0.423987
0.144621
0.106547
0.230836
0.455108
0.410144
0.0578251
0.491039
0.393868
0.339608
0.333354
0.462158
0.130711
0.174174
0.116208
0.33944
0.457789
0.0441999
0.0428456
0.383187
0.0250225
0.184786
0.202862
0.333831
0.157392
0.296188
0.0377664
0.459418
0.349264
0.489161
0.428143
0.422275
0.498075
0.0834791
0.055948
0.122687
0.0113868
0.483911
0.0163745
0.290418
0.281958
0.0206692
0.431478
0.436688
0.498419
0.168305
0.0197468
0.139886
0.276899
0.433296
0.220636
0.260994
0.45358
0.489813
0.313623
0.0156717
0.470994
0.236869
0.244964
0.268704
0.382706
0.318007
0.0536355
0.0654752
0.46188
0.0847197
0.327071
0.330083
0.458721
0.3729
0.207589
0.0993176
0.0486664
0.00185694
0.286773
0.33803
0.145774
0.380097
0.176534
0.209341
0.331646
0.121441
0.0259043
0.0209328
0.336398
0.327651
0.38951
0.00757052
0.0809808
0.196145
0.259629
0.164452
0.385437
0.458349
0.0953092
0.243503
0.310367
0.268589
0.15033
0.446004
0.333674
0.0461302
0.382246
0.173752
0.385249
0.2532
0.267141
0.274174
0.242045
0.076695
0.233263
0.0725721
0.107431
0.206257
0.429919
0.120042
0.403967
0.179845
0.168839
0.194929
0.0490161
0.241557
0.100974
0.328356
0.268774
0.0449208
0.244033
0.332913
0.458393
0.386026
0.0610812
0.303731
0.193405
0.0907277
0.34859
0.341599
0.329543
0.162811
0.148319
0.28052
0.142436
0.357627
0.410442
0.152112
0.213266
0.338745
0.349006
0.104735
0.178231
0.442022
0.223014
0.337456
0.0549362
0.078778
0.00950689
0.0823608
0.0233893
0.302237
0.205639
0.250802
0.268262
0.211883
0.385913
0.480657
0.136879
0.429854
0.464002
0.116273
0.398018
0.431087
0.165609
0.207482
0.123162
0.201829
0.0438734
0.218853
0.0870681
0.0247029
0.480461
0.0384415
0.390284
0.206274
0.266551
0.0129202
0.144033
0.166513
0.28587
0.0126012
0.288363
0.468575
0.498256
0.0479816
0.307756
0.379552
0.303167
0.274761
0.494047
0.294539
0.138385
0.0955639
0.323289
0.0313047
0.0148188
0.205748
0.15949
0.393576
0.0128389
0.252793
0.181419
0.117558
0.462667
0.15191
0.316031
0.047439
0.228829
0.0960664
0.329809
0.147803
0.328894
0.440986
0.213218
0.348858
0.386362
0.162301
0.338627
0.156992
0.477671
0.153737
0.18299
0.449417
0.349272
0.145626
0.397112
0.236632
0.302433
0.309197
0.246761
0.327328
0.0550152
0.213943
0.129795
0.00260027
0.359449
0.216159
0.0298217
0.313297
0.0875561
0.272682
0.0521953
0.0977349
0.372873
0.244445
0.112918
0.496455
0.451552
0.332133
0.0355607
0.16417
0.269697
0.17677
0.235038
0.172374
0.168652
0.370123
0.41883
0.213543
0.444994
0.11547
0.264367
0.191474
0.468102
0.223383
0.393262
0.472622
0.468628
0.138091
0.0760485
0.418666
0.463949
0.088822
0.491245
0.0875606
0.424059
0.0218253
0.415833
0.0238744
0.300028
0.17001
0.435609
0.0319041
0.0181263
0.388984
0.487851
0.488097
0.301511
0.364534
0.249307
0.181637
0.0176997
0.0642002
0.382702
0.0309798
0.198169
0.154484
0.387645
0.294968
0.45481
0.278762
0.0587177
0.143403
0.47964
0.0351907
0.236289
0.0652206
0.39637
0.108454
0.40468
0.0423708
0.40681
0.396422
0.118091
0.00211382
0.397848
0.188533
0.446478
0.155531
0.136095
0.255611
0.470313
0.139865
0.0522335
0.312898
0.0130916
0.188956
0.314728
0.13428
0.0911628
0.469984
0.30638
0.4943
0.148986
0.434321
0.375299
0.166679
0.310568
0.0522734
0.446321
0.438348
0.250421
0.230459
0.0966562
0.233765
0.114964
0.469477
0.351366
0.166354
0.312373
0.409246
0.305893
0.0259944
0.149393
0.159164
0.283797
0.210491
0.300671
0.127114
0.37251
0.454995
0.132534
0.180881
0.116729
0.399491
0.0106677
0.211
0.39097
0.257056
0.0513244
0.157232
0.00717914
0.254083
0.339146
0.0313322
0.161714
0.460451
0.0516614
0.464491
0.0946268
0.418579
0.180391
0.454702
0.263336
0.123984
0.210193
0.241496
0.34737
0.368522
0.160252
0.125145
0.159981
0.395733
0.359546
0.434999
0.189687
0.354013
0.14371
0.175512
0.408138
0.488824
0.345371
0.405305
0.0223222
0.16432
0.391906
0.479183
0.115882
0.125172
0.0184001
0.0779435
0.19707
0.331592
0.403746
0.217427
0.365215
0.358469
0.408261
0.245293
0.423192
0.330004
0.355144
0.35899
0.334554
0.454314
0.3881
0.396481
0.46918
0.17133
0.145636
0.12605
0.353498
0.178218
0.220121
0.384549
0.377832
0.0489869
0.37753
0.154438
0.0858898
0.421317
0.171956
0.326788
0.235891
0.339759
0.126937
0.346101
0.469818
0.0790108
0.412317
0.377309
0.331452
0.335928
0.118953
0.358032
0.444542
0.489281
0.131721
0.410347
0.293109
0.0502379
0.39096
0.274464
0.364458
0.0353718
0.290097
0.208419
0.0342989
0.312119
0.218406
0.267893
0.339106
0.221555
0.0679097
0.461422
0.0245315
0.155799
0.486649
0.469542
0.0457901
0.141084
0.490987
0.25088
0.0762063
0.189431
0.320346
0.341179
0.337808
0.272045
0.311537
0.217983
0.471441
0.229074
0.128567
0.0677034
0.216353
0.459638
0.0588945
0.294732
0.357842
0.482349
0.289225
0.373755
0.448051
0.272558
0.22336
0.21438
0.415377
0.473819
0.480618
0.207603
0.292702
0.156473
0.305013
0.0105827
0.338513
0.217619
0.170783
0.431864
0.457155
0.449203
0.446725
0.364031
0.188526
0.362577
0.497064
0.0131607
0.0113793
0.370058
0.0766287
0.461034
0.150359
0.161061
0.208702
0.211597
0.0916438
0.0498992
0.410105
0.490422
0.176684
0.145005
0.00446262
0.43597
0.27335
0.0288248
0.304921
0.0233129
0.418784
0.331044
0.475216
0.251945
0.022417
0.415002
0.325431
0.294684
0.229624
0.121403
0.458096
0.00793057
0.129246
0.0709993
0.45284
0.336374
0.378979
0.318195
0.424261
0.177205
0.493152
0.273093
0.178297
0.498038
0.443719
0.325966
0.0564929
0.304873
0.0577638
0.274358
0.234172
0.135756
0.128354
0.180838
0.425768
0.394519
0.099279
0.0939613
0.456153
0.147391
0.0316611
0.0143028
0.147641
0.171968
0.439551
0.152937
0.224872
0.0894825
0.104752
0.435714
0.0896912
0.422347
0.494874
0.0807986
0.110557
0.322352
0.244121
0.0997387
0.110478
0.0116952
0.378941
0.127729
0.237768
0.498273
0.13027
0.413509
0.438363
0.27563
0.0548129
0.133655
0.499597
0.231967
0.0581947
0.432949
0.145259
0.185154
0.275865
0.4284
0.0817204
0.473361
0.110541
0.498719
0.235769
0.0834404
0.269531
0.366175
0.306567
0.439436
0.0974766
0.0694423
0.156389
0.327498
0.300294
0.433053
0.076338
0.455189
0.229306
0.0233835
0.0323402
0.364896
0.399732
0.00764624
0.180997
0.203109
0.498604
0.419426
0.161321
0.128272
0.171548
0.403073
0.443344
0.18627
0.228144
0.334225
0.233852
0.139122
0.168385
0.272398
0.0981262
0.172029
0.189121
0.424597
0.409108
0.377442
0.394823
0.320083
0.445681
0.00148904
0.111181
0.302713
0.253029
0.295035
0.0173637
0.0285778
0.182912
0.424315
0.291497
0.15637
0.142204
0.327883
0.357273
0.282048
0.395452
0.0491317
0.364631
0.297597
0.0524403
0.396735
0.206064
0.34833
0.494678
0.0866599
0.118154
0.480092
0.185109
0.175123
0.435998
0.165544
0.401791
0.30592
0.0310133
0.389433
0.137294
0.350295
0.279343
0.271423
0.0184818
0.0232183
0.472336
0.179767
0.293451
0.205112
0.0202726
0.0112409
0.479756
0.499332
0.227894
0.306634
0.306705
0.10771
0.182124
0.364343
0.359305
0.332183
0.219673
0.187816
0.4471
0.410807
0.100369
0.33962
0.39134
0.300497
0.450979
0.41258
0.22205
0.333802
0.048021
0.406888
0.385157
0.138315
0.345279
0.314414
0.0209043
0.128343
0.325307
0.353957
0.339691
0.400933
0.251428
0.223315
0.100988
0.211862
0.439309
0.288305
0.315188
0.419713
0.461227
0.120936
0.0166452
0.493581
0.18189
0.237607
0.387635
0.336421
0.127201
0.235363
0.0957469
0.313799
0.0655982
0.444976
0.498899
0.357111
0.479248
0.332025
0.289806
0.269812
0.197348
0.00261773
0.221604
0.17129
0.218319
0.0831988
0.164271
0.210589
0.258548
0.421718
0.382547
0.44397
0.413494
0.430841
0.454745
0.347395
0.317962
0.0967095
0.132043
0.406397
0.145846
0.295894
0.492818
0.248801
0.229969
0.388698
0.408845
0.345665
0.0282101
0.331999
0.401867
0.466113
0.36598
0.225641
0.331416
0.224077
0.0844606
0.172483
0.278608
0.168978
0.390656
0.196012
0.346035
0.246028
0.295165
0.276737
0.11039
0.461027
0.227196
0.0980054
0.480882
0.43336
0.40845
0.0455695
0.431104
0.491657
0.257292
0.297953
0.292445
0.169545
0.375673
0.344847
0.190302
0.082611
0.171522
0.049479
0.0467477
0.228714
0.000978031
0.452713
0.000535
0.346815
0.224768
0.128999
0.352611
0.0174745
0.0920602
0.227898
0.337088
0.191945
0.458894
0.253558
0.357787
0.125612
0.0664562
0.485117
0.39224
0.172509
0.231273
0.263555
0.231064
0.306184
0.103412
0.158273
0.132843
0.381755
0.132871
0.475811
0.484518
0.186203
0.0358824
0.333157
0.17544
0.458506
0.0934769
0.441477
0.239877
0.34597
0.250454
0.138575
0.377347
0.324073
0.15425
0.0786867
0.311538
0.398356
0.404972
0.298286
0.0450159
0.460669
0.0391722
0.291416
0.466057
0.348652
0.284401
0.365904
0.382706
0.395302
0.27706
0.233894
0.424005
0.321373
0.0949367
0.290828
0.244907
0.0618991
0.214702
0.333997
0.0948873
0.202221
0.444625
0.495561
0.415142
0.37947
0.319267
0.0494001
0.17936
0.361645
0.175749
0.0832101
0.0117005
0.205393
0.194526
0.0968907
0.135308
0.400821
0.0999765
0.138691
0.217541
0.300448
0.230534
0.0680689
0.0853849
0.291529
0.0417425
0.338164
0.347027
0.0760176
0.27027
0.423781
0.0434242
0.368349
0.41862
0.238413
0.296339
0.183914
0.109393
0.344975
0.355692
0.374735
0.379379
0.181408
0.17734
0.455567
0.0465913
0.309277
0.490245
0.163947
0.281207
0.218954
0.406344
0.299859
0.0721495
0.0604217
0.263731
0.211501
0.0170459
0.33837
0.20968
0.427694
0.121219
0.341799
0.269742
0.307679
0.402243
0.0523271
0.417095
0.186387
0.125884
0.375699
0.166422
0.166838
0.496706
0.104456
0.0420201
0.358295
0.376502
0.0864645
0.0933155
0.214657
0.374492
0.137085
0.494337
0.00561983
0.447888
0.488604
0.318487
0.495115
0.457261
0.168413
0.336779
0.327117
0.159814
0.490005
0.26678
0.475922
0.101254
0.133672
0.280223
0.0324707
0.223871
0.095767
0.348597
0.0242916
0.169462
0.0583086
0.116102
0.436397
0.380153
0.139752
0.495935
0.474335
0.331373
0.150916
0.00581935
0.327074
0.447293
0.218805
0.0184076
0.01305
0.312213
0.229666
0.487494
0.172277
0.29829
0.458719
0.316847
0.0737734
0.261797
0.428182
0.219525
0.391649
0.332158
0.101336
0.135593
0.044127
0.330118
0.0652764
0.35842
0.244812
0.037797
0.168809
0.396905
0.36992
0.422565
0.40773
0.0649853
0.362583
0.241619
0.133887
0.241964
0.0671193
0.462101
0.306224
0.448432
0.0823236
0.0943096
0.104179
0.202771
0.240908
0.309035
0.341797
0.292099
0.0385126
0.284733
0.0137294
0.447762
0.454046
0.280959
0.183662
0.157456
0.405904
0.370362
0.206802
0.281298
0.186115
0.476211
0.328941
0.434715
0.295185
0.483709
0.0966669
0.0332275
0.180947
0.333677
0.270859
0.0987966
0.0598286
0.0131371
0.286239
0.14952
0.191391
0.0600159
0.424172
0.338607
0.187877
0.164001
0.147809
0.18854
0.498803
0.222366
0.325053
0.355479
0.0236808
0.0824847
0.375675
0.0398109
0.108989
0.440345
0.217418
0.473327
0.292162
0.469579
0.448366
0.0132096
0.207055
0.215645
0.138645
0.268509
0.281953
0.326535
0.266227
0.49629
0.29049
0.0107495
0.0248297
0.211521
0.0837974
0.155731
0.465492
0.146031
0.392999
0.230333
0.169264
0.315649
0.476913
0.0922701
0.0515805
0.0685893
0.460997
0.269588
0.0874795
0.00930951
0.408514
0.061732
0.0422053
0.146682
0.250355
0.273279
0.46823
0.389302
0.0205204
0.14838
0.264959
0.0990602
0.0728893
0.197504
0.421977
0.171327
0.342498
0.415728
0.314429
5.82788e-05
0.340269
0.183188
0.176948
0.0320981
0.0911619
0.44776
0.440478
0.349519
0.127401
0.136049
0.217528
0.134007
0.494334
0.374183
0.312163
0.364457
0.408048
0.262263
0.11077
0.43878
0.191001
0.10699
0.180908
0.463624
0.202323
0.132322
0.423977
0.450709
0.0492011
0.448218
0.451842
0.434676
0.118893
0.137543
0.199849
0.282975
0.189713
0.130129
0.0638759
0.0109842
0.1741
0.46445
0.425356
0.412288
0.106097
0.219207
0.376889
0.0411442
0.325928
0.44174
0.306517
0.177452
0.0303949
0.154184
0.468535
0.10908
0.372601
0.312759
0.443476
0.486691
0.10887
0.495954
0.353512
0.356164
0.233796
0.153456
0.188725
0.326459
0.0234188
0.243591
0.154742
0.369102
0.156861
0.291479
0.0660952
0.0111769
0.421852
0.315806
0.178768
0.328368
0.0710961
0.186592
0.129064
0.178727
0.404028
0.0110453
0.176765
0.161796
0.150048
0.305833
0.0441847
0.320758
0.350851
0.442044
0.307925
0.216477
0.134968
0.0688174
0.498915
0.139744
0.0794402
0.0920341
0.463559
0.449413
0.121965
0.449342
0.252834
0.246451
0.160317
0.259892
0.158151
0.343459
0.321073
0.298929
0.277241
0.151882
0.24125
0.250413
0.147633
0.179845
0.257347
0.4062
0.460321
0.166937
0.387424
0.223492
0.295576
0.442175
0.00228161
0.22295
0.29357
0.200987
0.268904
0.142364
0.474547
0.489057
0.298249
0.0735538
0.299881
0.0472135
0.00388573
0.256187
0.462733
0.213615
0.369327
0.0188047
0.214679
0.0580003
0.100039
0.0160903
0.375071
0.2079
0.298792
0.368544
0.0887037
0.147851
0.22626
0.256459
0.153431
0.468811
0.0967204
0.12943
0.0445385
0.314235
0.493458
0.374576
0.0320296
0.419399
0.480563
0.434934
0.388691
0.338427
0.0255371
0.111852
0.192088
0.475525
0.447202
0.234142
0.157018
0.0188743
0.360519
0.378771
0.0238676
0.0626096
0.42694
0.214187
0.453506
0.198745
0.136787
0.37325
0.0245383
0.380798
0.17801
0.098128
0.130908
0.477308
0.0907389
0.0185349
0.376971
0.329141
0.104627
0.0958271
0.456445
0.341425
0.119651
0.491821
0.177369
0.330469
0.362254
0.389886
0.406778
0.0188812
0.0473696
0.328683
0.10877
0.348434
0.450679
0.111921
0.143663
0.13947
0.270457
0.271007
0.0928008
0.156737
0.488661
0.306468
0.0352008
0.292663
0.158742
0.177486
0.0936572
0.407891
0.0133005
0.390543
0.307287
0.292383
0.436734
0.435864
0.296151
0.254882
0.452994
0.0963703
0.0358844
0.399824
0.281158
0.404956
0.333751
0.203952
0.384694
0.333049
0.222938
0.414449
0.0349227
0.472133
0.102907
0.0202175
0.304409
0.319904
0.137229
0.421215
0.2591
0.338275
0.466539
0.370206
0.41425
0.230012
0.446214
0.078764
0.322044
0.137361
0.322442
0.466387
0.360036
0.436904
0.415851
0.148744
0.358564
0.461699
0.0914273
0.278638
0.440342
0.280659
0.11264
0.000603367
0.222121
0.296427
0.165411
0.396084
0.0510707
0.0616133
0.105604
0.0791379
0.499265
0.26829
0.247231
0.360102
0.0290293
0.23066
0.135632
0.293733
0.25813
0.483807
0.311843
0.245299
0.113651
0.474578
0.0956172
0.478699
0.461524
0.070807
0.122637
0.440108
0.457933
0.0931027
0.447006
0.483248
0.39026
0.344939
0.346978
0.472177
0.487802
0.231417
0.386903
0.077625
0.4936
0.299122
0.331666
0.336034
0.433567
0.167505
0.174554
0.208537
0.31127
0.359016
0.0218669
0.111594
0.0377326
0.458287
0.027041
0.202514
0.495264
0.0614771
0.336171
0.211832
0.280421
0.321704
0.401229
0.299962
0.499714
0.49555
0.0457757
0.366533
0.456761
0.173908
0.292492
0.405625
0.203375
0.496948
0.347403
0.436344
0.0900531
0.251468
0.400464
0.162855
0.0818242
0.207067
0.367414
0.357355
0.470158
0.227974
0.138052
0.399499
0.0552604
0.196451
0.288665
0.441313
0.0684953
0.182678
0.492152
0.152417
0.302827
0.410259
0.152032
0.400067
0.199177
0.195807
0.183003
0.355541
0.15567
0.219627
0.151101
0.325177
0.0702379
0.230908
0.413836
0.373117
0.158483
0.357948
0.411403
0.434674
0.299567
0.319091
0.253458
0.375134
0.0230867
0.484969
0.324641
0.198747
0.0570813
0.383275
0.351613
0.0861857
0.487615
0.0541999
0.49374
0.474707
0.237831
0.332532
0.250471
0.191905
0.0411812
0.0605141
0.236134
0.0188659
0.470136
0.31737
0.0253091
0.158794
0.07643
0.114934
0.390557
0.199032
0.318537
0.266283
0.363407
0.413722
0.29118
0.132452
0.376709
0.406132
0.253247
0.0221411
0.472444
0.238514
0.075385
0.226372
0.0675271
0.0570131
0.325935
0.0639886
0.398125
0.363013
0.190941
0.179002
0.0503774
0.192788
0.0161337
0.435555
0.425513
0.0866525
0.279411
0.103673
0.27635
0.00814873
0.393177
0.106281
0.239505
0.324017
0.116509
0.12689
0.425929
0.196866
0.075515
0.0638931
0.427133
0.254058
0.0722502
0.102089
0.0546746
0.267254
0.462423
0.479578
0.217833
0.255538
0.431936
0.0177735
0.224139
0.468686
0.362509
0.29751
0.0775607
0.0329804
0.085703
0.382998
0.371102
0.176294
0.449109
0.0800241
0.398597
0.277816
0.103147
0.461962
0.122319
0.00579747
0.434584
0.38792
0.0591391
0.368597
0.374559
0.287147
0.122296
0.0739584
0.47365
0.392423
0.0652093
0.4921
0.321633
0.406772
0.208253
0.18246
0.0803481
0.301032
0.332186
0.163781
0.157996
0.317456
0.439242
0.284072
0.273878
0.0339961
0.414194
0.441516
0.313752
0.496864
0.0655298
0.389756
0.25545
0.411398
0.14686
0.160713
0.428226
0.383717
0.00967275
0.0939335
0.161485
0.402819
0.232371
0.271821
0.261417
0.0538987
0.322329
0.13243
0.33788
0.252297
0.265545
0.332936
0.477177
0.211551
0.373712
0.343677
0.135748
0.0207793
0.0755624
0.400649
0.0099572
0.452865
0.245669
0.0785458
0.440943
0.286525
0.0402626
0.471433
0.141972
0.0679421
0.399741
0.497751
0.0178293
0.410893
0.218358
0.253829
0.488929
0.422419
0.213157
0.308062
0.272205
0.412702
0.239672
0.398337
0.320021
0.205713
0.397544
0.31961
0.21892
0.0988298
0.394469
0.377378
0.021661
0.0465741
0.144283
0.256408
0.27666
0.171975
0.270164
0.491851
0.0544661
0.179271
0.0757438
0.0207045
0.00552314
0.0784895
0.0972017
0.483751
0.449312
0.495095
0.223264
0.0991673
0.0524398
0.369929
0.185592
0.455986
0.240793
0.433981
0.300578
0.00487419
0.375143
0.33147
0.459581
0.240965
0.245227
0.25993
0.495499
0.0739533
0.277311
0.0785723
0.130172
0.0187066
0.255379
0.321498
0.363028
0.0792314
0.40567
0.240274
0.483657
0.363158
0.0453653
0.425032
0.169637
0.485571
0.134264
0.233228
0.109083
0.492066
0.0567475
0.443408
0.211348
0.252629
0.191743
0.4851
0.138524
0.311208
0.270591
0.24691
0.207318
0.390566
0.474469
0.28918
0.231283
0.377944
0.0603379
0.475524
0.35601
0.492809
0.231363
0.264052
0.0965861
0.161987
0.266601
0.0732487
0.0325918
0.207246
0.205872
0.152915
0.319106
0.452973
0.337539
0.375177
0.404115
0.0633217
0.376051
0.426628
0.127594
0.454846
0.137271
0.376955
0.443066
0.247272
0.145727
0.352811
0.0291312
0.0162321
0.439795
0.123841
0.430283
0.311315
0.207817
0.360311
0.419998
0.0739334
0.19721
0.432958
0.0548034
0.414916
0.325332
0.164097
0.378885
0.233331
0.398544
0.407449
0.141065
0.0272811
0.456237
0.220122
0.349127
0.474931
0.219288
0.415117
0.363002
0.0700735
0.48526
0.152958
0.323898
0.260453
0.20179
0.386731
0.0398995
0.247859
0.318907
0.340975
0.46175
0.314806
0.402935
0.440577
0.250494
0.301129
0.249356
0.354601
0.279639
0.081962
0.298075
0.459919
0.0496563
0.122784
0.298558
0.422673
0.196525
0.293173
0.238986
0.338919
0.0260836
0.103764
0.215795
0.050141
0.232877
0.245166
0.428634
0.170181
0.299788
0.217081
0.420118
0.327388
0.109896
0.263856
0.196847
0.173446
0.324772
0.211803
0.453468
0.357143
0.336979
0.42583
0.338521
0.160093
0.0351253
0.36959
0.441
0.0794847
0.126937
0.42525
0.409771
0.291944
0.451884
0.0761984
0.141986
0.0986722
0.135696
0.00803265
0.167484
0.325528
0.353346
0.478922
0.417891
0.407504
0.0867022
0.148071
0.284027
0.434275
0.00313384
0.238231
0.343583
0.165691
0.309955
0.111957
0.071371
0.0712846
0.22815
0.337941
0.243337
0.41818
0.101598
0.249088
0.207736
0.17413
0.34267
0.0930406
0.145193
0.337642
0.0921929
0.253216
0.374839
0.320807
0.0251742
0.387858
0.0153863
0.242306
0.000309978
0.269439
0.285159
0.222299
0.271114
0.289563
0.158992
0.27607
0.242763
0.0673009
0.306165
0.182335
0.467669
0.0130372
0.353593
0.242321
0.373823
0.0661096
0.272217
0.368794
0.465637
0.262976
0.119674
0.156123
0.232949
0.282746
0.114927
0.423833
0.258979
0.247608
0.0246436
0.121436
0.494059
0.275184
0.139026
0.0911645
0.0241005
0.145752
0.0667546
0.15077
0.0291054
0.376609
0.123336
0.159041
0.318854
0.0149729
0.490905
0.0241582
0.12466
0.455452
0.435231
0.10637
0.195294
0.0533953
0.350175
0.232593
0.122478
0.0958536
0.0120124
0.396989
0.340619
0.271308
0.245155
0.468052
0.493465
0.470967
0.383911
0.393521
0.127298
0.490976
0.447493
0.00797878
0.199208
0.278235
0.390969
0.357315
0.126243
0.174148
0.0448009
0.196585
0.446191
0.421154
0.379842
0.464867
0.21601
0.376543
0.330934
0.0485744
0.0950752
0.156275
0.456601
0.203742
0.406322
0.147154
0.408842
0.292893
0.0508591
0.177055
0.317906
0.412344
0.385854
0.427516
0.372597
0.434832
0.429496
0.0779275
0.285456
0.0980485
0.102029
0.462146
0.490878
0.144322
0.172502
0.33231
0.427414
0.00704698
0.384717
0.406141
0.0260838
0.476497
0.0633165
0.327523
0.0655539
0.226874
0.236042
0.209514
0.191436
0.0975748
0.287672
0.127463
0.0381308
0.378965
0.425136
0.470117
0.272836
0.324884
0.274924
0.480587
0.316066
0.203711
0.449499
0.278078
0.12289
0.394319
0.0582963
0.156193
0.453786
0.0543165
0.253766
0.124474
0.0714673
0.441775
0.299218
0.47613
0.396105
0.498428
0.331988
0.21551
0.290272
0.227094
0.434389
0.412058
0.358848
0.377834
0.481169
0.0208055
0.298368
0.139796
0.123961
0.339992
0.35342
0.296655
0.0216376
0.0904004
0.101236
0.0053653
0.305176
0.484348
0.434341
0.0973438
0.253942
0.0999465
0.417856
0.159105
0.18805
0.242854
0.413789
0.441385
0.282298
0.227066
0.0684779
0.171559
0.468147
0.461641
0.108495
0.137983
0.101228
0.324186
0.37017
0.495243
0.376234
0.326489
0.161864
0.359142
0.0148832
0.434197
0.317864
0.156934
0.435569
0.351655
0.117992
0.343391
0.0376336
0.495114
0.415574
0.442983
0.454809
0.481862
0.214275
0.123041
0.409875
0.0984275
0.265583
0.317131
0.347999
0.0759903
0.305617
0.211228
0.254585
0.403197
0.422861
0.0710371
0.342828
0.0126619
0.43576
0.0550958
0.198038
0.263934
0.0775732
0.437233
0.0143196
0.348356
0.330065
0.400364
0.482159
0.305171
0.340531
0.0924393
0.363346
0.367872
0.499104
0.0201211
0.206374
0.0691468
0.274523
0.146195
0.34783
0.494875
0.213708
0.0370723
0.353412
0.475345
0.338937
0.345477
0.369241
0.376957
0.339675
0.313562
0.176338
0.161677
0.0957241
0.33048
0.217932
0.0250567
0.404094
0.0975848
0.353248
0.326919
0.36166
0.349991
0.388145
0.171273
0.30533
0.295602
0.0513565
0.462541
0.485052
0.38674
0.486928
0.0120397
0.274955
0.394341
0.183846
0.349398
0.0744161
0.153905
0.180995
0.225289
0.0524784
0.173894
0.190678
0.400788
0.312359
0.403397
0.251473
0.0906905
0.242519
0.44328
0.128685
0.3582
0.44976
0.434816
0.358768
0.201209
0.489077
0.087254
0.216584
0.489616
0.193566
0.110959
0.0582116
0.132155
0.42289
0.239526
0.247201
0.302556
0.47588
0.0714947
0.451902
0.0306043
0.315349
0.392659
0.451993
0.365078
0.0227233
0.190919
0.113124
0.403458
0.00629341
0.218789
0.482098
0.127792
0.227748
0.150144
0.0769502
0.416629
0.462994
0.307906
0.155485
0.158459
0.0793309
0.283075
0.254119
0.27074
0.273953
0.431855
0.011348
0.438083
0.288929
0.120248
0.0949936
0.190425
0.483683
0.312257
0.0107925
0.323437
0.324197
0.281127
0.2064
0.254731
0.433396
0.209487
0.426916
0.455784
0.262312
0.0648682
0.406349
0.205314
0.187615
0.457427
0.0777648
0.2891
0.247112
0.256378
0.390145
0.49705
0.197954
0.345079
0.0722367
0.0234147
0.358046
0.300217
0.276095
0.202352
0.0829103
0.491259
0.16186
0.0599316
0.379628
0.0993978
0.300015
0.445926
0.286249
0.0724348
0.120472
0.144413
0.296979
0.26937
0.334955
0.330865
0.416634
0.446421
0.309181
0.133845
0.336215
0.219484
0.226042
0.319935
0.267443
0.365973
0.225587
0.308728
0.0178563
0.44494
0.150066
0.257539
0.36822
0.0964728
0.384097
0.359369
0.49708
0.391768
0.33541
0.158345
0.428038
0.340742
0.328269
0.0993706
0.426581
0.205572
0.0101575
0.0476654
0.19608
0.431653
0.43647
0.103073
0.195933
0.0918109
0.384672
0.0166668
0.0859924
0.279561
0.448728
0.325987
0.175802
0.4011
0.31969
0.25214
0.388186
0.0567158
0.315532
0.348331
0.0259752
0.407525
0.081932
0.115993
0.0279528
0.0646472
0.0484008
0.181581
0.213128
0.0711996
0.246462
0.383805
0.117394
0.16318
0.237431
0.096507
0.127395
0.368278
0.368516
0.00473599
0.495375
0.0410604
0.292599
0.168449
0.0862229
0.0323986
0.0172291
0.216721
0.052305
0.478314
0.263483
0.191676
0.0696521
0.281009
0.139676
0.0413481
0.395313
0.0893218
0.296127
0.289444
0.243095
0.298268
0.00587065
0.0919809
0.324427
0.343213
0.396166
0.439948
0.191827
0.413217
0.173842
0.256614
0.161659
0.434539
0.183901
0.250646
0.315836
0.0476545
0.00862196
0.163639
0.202439
0.322316
0.249875
0.144512
0.0143271
0.112641
0.289975
0.40412
0.442619
0.46939
0.0486061
0.171548
0.126105
0.105788
0.350915
0.268363
0.274325
0.496688
0.00348037
0.427482
0.0852155
0.203507
0.00252604
0.257488
0.0402012
0.118299
0.137411
0.0488341
0.400632
0.153112
0.220351
0.352397
0.188159
0.34343
0.0917159
0.459637
0.374461
0.24916
0.193556
0.462962
0.277499
0.0201656
0.349785
0.469857
0.435026
0.126684
0.370343
0.139428
0.252336
0.353558
0.34243
0.469157
0.0793761
0.0209302
0.0715315
0.0059608
0.219551
0.0569703
0.378443
0.321907
0.194168
0.0289764
0.0889566
0.472959
0.446005
0.290675
0.016726
0.150444
0.454533
0.263091
0.43634
0.100159
0.423563
0.00561411
0.0754435
0.493355
0.087468
0.108941
0.0774715
0.016763
0.140516
0.242812
0.459033
0.344122
0.0294334
0.0937357
0.0200444
0.0577248
0.14426
0.340332
0.37548
0.312783
0.407272
0.130162
0.133215
0.247039
0.0826394
0.369752
0.314127
0.109306
0.32722
0.131422
0.422913
0.449281
0.170168
0.463025
0.358396
0.222172
0.168693
0.190959
0.28118
0.419837
0.440343
0.498201
0.0181389
0.0592428
0.447702
0.187436
0.414264
0.112198
0.216594
0.388848
0.282946
0.430262
0.339155
0.311265
0.248965
0.447361
0.46192
0.467136
0.0205852
0.081413
0.127984
0.113503
0.117639
0.315809
0.0510844
0.164409
0.173849
0.042167
0.195926
0.251138
0.429574
0.366743
0.0492344
0.375688
0.444444
0.31318
0.143976
0.144811
0.349852
0.142135
0.277157
0.0459168
0.294146
0.411342
0.299924
0.275747
0.226596
0.334877
0.295871
0.135885
0.141311
0.494096
0.166064
0.328165
0.133438
0.390726
0.45207
0.214613
0.0849149
0.209991
0.324074
0.331669
0.426301
0.332908
0.290975
0.48262
0.348672
0.0659418
0.432226
0.375139
0.152033
0.0662008
0.46442
0.0568514
0.404355
0.464018
0.224504
0.349348
0.491191
0.0139702
0.239558
0.343168
0.406314
0.141607
0.351874
0.0300561
0.168219
0.257081
0.347352
0.286149
0.148283
0.0486092
0.492852
0.136556
0.419518
0.377771
0.20005
0.218612
0.238911
0.213898
0.403699
0.292641
0.173359
0.464519
0.453151
0.434567
0.0840696
0.390538
0.47797
0.0777058
0.0653254
0.205609
0.489881
0.47951
0.0618189
0.225369
0.440808
0.0851971
0.288965
0.189513
0.165012
0.490752
0.480045
0.373297
0.0153117
0.103847
0.0635199
0.439427
0.0598807
0.228155
0.0171011
0.37027
0.266427
0.204143
0.189119
0.337187
0.0717572
0.211994
0.36241
0.191134
0.352275
0.148205
0.254523
0.438485
0.38826
0.129763
0.19683
0.249703
0.0934534
0.145756
0.063482
0.246757
0.281284
0.387642
0.481678
0.148104
0.107785
0.0520912
0.253023
0.297251
0.194973
0.364942
0.26068
0.251086
0.251143
0.145965
0.390421
0.405754
0.298532
0.0812067
0.320683
0.148219
0.254399
0.136039
0.0553658
0.15811
0.0272334
0.105782
0.104857
0.273014
0.252205
0.0240404
0.0397953
0.157106
0.143746
0.12852
0.226183
0.372787
0.361221
0.401008
0.330106
0.202473
0.0169645
0.167908
0.289388
0.166608
0.0835975
0.170018
0.474912
0.457679
0.136807
0.419272
0.496095
0.391053
0.0858902
0.0744918
0.286264
0.253887
0.360967
0.240837
0.1808
0.0144539
0.334291
0.265709
0.0732086
0.496852
0.0234323
0.239275
0.00438134
0.200208
0.153943
0.466383
0.263804
0.176739
0.324585
0.348996
0.017228
0.118219
0.0232913
0.0791297
0.335168
0.233748
0.369009
0.200816
0.195631
0.440882
0.31382
0.349437
0.440878
0.00414626
0.319658
0.445728
0.352979
0.316043
0.241202
0.422204
0.00101672
0.161686
0.395844
0.0384059
0.0313641
0.284207
0.00579916
0.329173
0.302361
0.478629
0.357519
0.292638
0.0895791
0.000791417
0.468603
0.111579
0.344731
0.358466
0.189628
0.29731
0.22008
0.23654
0.233143
0.418061
0.264202
0.439154
0.427856
0.0266286
0.0503378
0.460273
0.184529
0.0223959
0.164875
0.131076
0.450866
0.19217
0.313102
0.357943
0.373729
0.278839
0.0981392
0.23815
0.104175
0.0669525
0.305469
0.410513
0.128331
0.0748598
0.241813
0.313411
0.217088
0.163079
0.498222
0.140519
0.420462
0.351798
0.0512945
0.122085
0.426684
0.264645
0.204783
0.343169
0.328201
0.243456
0.280824
0.0256061
0.231592
0.406449
0.173207
0.0426925
0.388731
0.330891
0.305184
0.259196
0.363359
0.446664
0.325001
0.0581909
0.259639
0.428655
0.110644
0.453565
0.384522
0.408016
0.131169
0.425518
0.379203
0.203489
0.168679
0.34797
0.39997
0.257094
0.2887
0.00282125
0.247141
0.280942
0.156974
0.457291
0.402053
0.255326
0.439855
0.387137
0.0342372
0.318656
0.149443
0.489973
0.0598648
0.447743
0.161942
0.288016
0.472406
0.317034
0.460483
0.0666066
0.209459
0.257035
0.346866
0.241446
0.376189
0.198756
0.298386
0.260605
0.404278
0.0204991
0.387606
0.00339376
0.202315
0.418101
0.258839
0.172854
0.14386
0.146392
0.29286
0.137098
0.265897
0.059263
0.471647
0.1614
0.313953
0.37376
0.461457
0.201802
0.0999884
0.0498656
0.402288
0.475178
0.442413
0.396223
0.364743
0.0629056
0.469628
0.251597
0.404663
0.387437
0.102853
0.355308
0.307978
0.17459
0.232194
0.294396
0.122336
0.489976
0.181742
0.422767
0.270907
0.235758
0.072763
0.0938459
0.242836
0.0934756
0.264751
0.373958
0.0630106
0.388692
0.136379
0.0334553
0.423034
0.182117
0.0943781
0.205724
0.170526
0.11714
0.228503
0.304201
0.423334
0.0924081
0.403468
0.472324
0.220219
0.206598
0.0606237
0.373247
0.114431
0.0265145
0.437997
0.101833
0.438945
0.0543388
0.479884
0.00196691
0.05256
0.169608
0.147554
0.0130524
0.348419
0.26033
0.239781
0.150393
0.257693
0.0586581
0.343232
0.379339
0.201206
0.292449
0.143369
0.490976
0.173819
0.446783
0.100179
0.380862
0.336796
0.100493
0.321098
0.108997
0.0414491
0.222687
0.315848
0.250696
0.215724
0.353252
0.49231
0.290258
0.0697139
0.478922
0.125031
0.352738
0.375057
0.491508
0.302586
0.0886288
0.358871
0.0756044
0.319046
0.430838
0.44016
0.0270761
0.228556
0.126804
0.493803
0.0179283
0.0189838
0.0386191
0.125523
0.474121
0.0974362
0.313086
0.105037
0.156228
0.111704
0.498365
0.361506
0.473723
0.48049
0.355279
0.476047
0.126532
0.372337
0.0449238
0.294226
0.0662749
0.087751
0.119757
0.464097
0.0774665
0.268299
0.0869992
0.422432
0.178561
0.315778
0.019508
0.0965753
0.0760764
0.16739
0.263264
0.0580071
0.223444
0.280872
0.219454
0.20578
0.150515
0.0563311
0.18464
0.125913
0.259875
0.00709631
0.0206004
0.372317
0.211779
0.416138
0.436679
0.0546758
0.42952
0.431595
0.326531
0.26077
0.0995705
0.0969979
0.0673647
0.150168
0.373564
0.0391511
0.106541
0.151007
0.219046
0.387886
0.405748
0.393245
0.0393516
0.243545
0.24916
0.0944817
0.175655
0.484923
0.145732
0.0559489
0.211289
0.0952327
0.148098
0.15711
0.474446
0.22753
0.186907
0.39128
0.24402
0.0129915
0.279586
0.148768
0.228135
0.292707
0.250711
0.418208
0.338157
0.0116149
0.415892
0.0841991
0.414936
0.0153229
0.285333
0.496385
0.27995
0.328398
0.474216
0.371093
0.0425508
0.136085
0.136595
0.464167
0.366031
0.438066
0.323469
0.378305
0.10893
0.0688762
0.394726
0.0988724
0.252958
0.188968
0.163386
0.100699
0.00331835
0.225479
0.228242
0.0498351
0.208583
0.192759
0.351214
0.106781
0.462795
0.0381987
0.386337
0.192632
0.198312
0.155484
0.280643
0.3313
0.389931
0.0797174
0.389976
0.0569933
0.414143
0.0498566
0.115968
0.0572055
0.246394
0.0945438
0.239583
0.0912373
0.247914
0.396717
0.351391
0.119826
0.365229
0.327701
0.243503
0.0426801
0.322487
0.44806
0.301166
0.460863
0.371242
0.263849
0.316601
0.156322
0.0256957
0.244678
0.230746
0.16077
0.464345
0.273813
0.312184
0.223214
0.0416106
0.358394
0.412363
0.485322
0.104882
0.205549
0.133072
0.245255
0.142314
0.12201
0.430438
0.295635
0.142913
0.152834
0.0190032
0.124781
0.490616
0.29952
0.0729781
0.390652
0.155077
0.487546
0.0276724
0.335145
0.410242
0.45479
0.124607
0.477052
0.193134
0.250155
0.315582
0.482612
0.00479182
0.238843
0.325104
0.49381
0.307403
0.158109
0.382483
0.0302077
0.15036
0.434018
0.174342
0.457064
0.0863027
0.313069
0.469573
0.2208
0.248979
0.367715
0.150231
0.335717
0.0498446
0.165501
0.29671
0.409525
0.211126
0.239094
0.260795
0.219134
0.050367
0.428918
0.287793
0.0947621
0.435322
0.488994
0.174717
0.195569
0.367983
0.426096
0.366059
0.422234
0.0714231
0.0865367
0.466722
0.423389
0.441141
0.295884
0.302424
0.3284
0.0914902
0.00525145
0.274861
0.346911
0.144372
0.0917785
0.470103
0.287159
0.148189
0.217254
0.396298
0.384651
0.215743
0.0621899
0.197629
0.327981
0.37548
0.245917
0.0464136
0.199993
0.345691
0.317406
0.219984
0.103948
0.179902
0.185621
0.173037
0.352764
0.0668664
0.159514
0.00393818
0.304769
0.183067
0.121618
0.353375
0.224957
0.431278
0.0791089
0.468812
0.132709
0.307034
0.0636641
0.405673
0.114765
0.0264681
0.30638
0.337731
0.38844
0.0440295
0.344027
0.420918
0.300377
0.166626
0.344223
0.0370753
0.449211
0.220556
0.423625
0.461844
0.188421
0.0974747
0.107314
0.213173
0.063311
0.0532086
0.19946
0.18729
0.381679
0.275446
0.143613
0.0554315
0.432653
0.499591
0.212186
0.139412
0.126678
0.222096
0.423549
0.20394
0.0094215
0.332526
0.114552
0.379519
0.133986
0.11388
0.347199
0.0772084
0.293057
0.00930633
0.379644
0.0752784
0.202521
0.145344
0.441046
0.482083
0.180484
0.270032
0.00224561
0.0277925
0.423899
0.30047
0.193432
0.362965
0.0952922
0.480149
0.377302
0.481528
0.493823
0.482341
0.111638
0.0113715
0.200746
0.0320911
0.126409
0.383331
0.314772
0.485464
0.373535
0.489451
0.486781
0.139501
0.386373
0.0487472
0.137666
0.0480303
0.393054
0.422461
0.412799
0.094788
0.473346
0.454612
0.459982
0.193066
0.221261
0.185321
0.0859096
0.0168623
0.391668
0.106363
0.273701
0.257856
0.463609
0.347226
0.158346
0.290659
0.368484
0.126783
0.0387531
0.420207
0.308969
0.045922
0.238174
0.293653
0.463357
0.379846
0.446063
0.158034
0.33736
0.239605
0.12398
0.116836
0.326522
0.0791147
0.129045
0.425453
0.000791992
0.029532
0.0970927
0.318719
0.360075
0.434612
0.48337
0.393983
0.0554805
0.460302
0.333995
0.300691
0.37332
0.465322
0.162048
0.39162
0.263672
0.387362
0.236924
0.160648
0.316661
0.14649
0.126349
0.175529
0.379659
0.152688
0.122264
0.369094
0.327812
0.0716195
0.352816
0.395707
0.287062
0.429686
0.254206
0.317982
0.129814
0.288563
0.422602
0.0474679
0.163285
0.187239
0.165204
0.217355
0.282214
0.417333
0.251563
0.369734
0.212048
0.280432
0.0651675
0.458418
0.404937
0.0742687
0.158068
0.0240711
0.32622
0.201867
0.40788
0.423958
0.268829
0.0129276
0.310155
0.486076
0.020705
0.0225819
0.356023
0.308099
0.0774566
0.246562
0.344685
0.396152
0.108919
0.0154745
0.46526
0.307179
0.35171
0.240283
0.10834
0.150898
0.38644
0.386723
0.3932
0.0620815
0.0719037
0.0530166
0.0338078
0.269261
0.0316967
0.442091
0.330663
0.469679
0.131469
0.070074
0.134224
0.0392687
0.0361162
0.385098
0.150514
0.437077
0.212027
0.19669
0.474891
0.141621
0.234909
0.282919
0.47343
0.327169
0.401516
0.0810812
0.263556
0.355558
0.424746
0.0434876
0.460338
0.237561
0.245227
0.102601
0.388989
0.0803884
0.125842
0.0236437
0.157839
0.36723
0.444013
0.496297
0.33232
0.252713
0.273515
0.133285
0.145787
0.056335
0.0945928
0.0896663
0.37659
0.304834
0.0080771
0.0143522
0.065318
0.134401
0.203807
0.200655
0.447188
0.0939935
0.271939
0.0560897
0.340946
0.480658
0.201813
0.287934
0.229315
0.23504
0.119128
0.159394
0.0519578
0.187616
0.328648
0.455228
0.42836
0.490779
0.49492
0.283176
0.456191
0.425011
0.0742564
0.390963
0.165029
0.314711
0.252116
0.394539
0.123381
0.0260755
0.31395
0.27275
0.0293182
0.300027
0.335491
0.00217459
0.495609
0.461609
0.399496
0.0831945
0.255873
0.166676
0.387276
0.47877
0.458987
0.229674
0.24039
0.169293
0.328026
0.0149763
0.00402766
0.373313
0.183571
0.269753
0.340553
0.232144
0.068765
0.389699
0.00907042
0.378058
0.0675979
0.310043
0.342626
0.256947
0.434113
0.232704
0.394706
0.0475549
0.107471
0.0750989
0.375151
0.185281
0.287896
0.0551725
0.034689
0.268455
0.406558
0.0183323
0.397406
0.392348
0.406563
0.132112
0.369996
0.348992
0.333679
0.199966
0.292257
0.261418
0.338749
0.212298
0.0297236
0.435859
0.0462931
0.105802
0.169363
0.345896
0.0264474
0.145943
0.263959
0.273818
0.203723
0.0957481
0.209193
0.27647
0.283178
0.460342
0.136791
0.0997908
0.212375
0.283337
0.402757
0.206513
0.319232
0.260427
0.15514
0.208235
0.267745
0.47854
0.222592
0.193415
0.00507353
0.396564
0.392891
0.438525
0.287124
0.37596
0.0974743
0.486769
0.471186
0.126143
0.209839
0.0176487
0.0622509
0.439072
0.0564943
0.236305
0.456148
0.498411
0.361275
0.342915
0.10277
0.418453
0.0575325
0.143241
0.0344261
0.413693
0.146526
0.409467
0.189198
0.148034
0.320848
0.0581772
0.481373
0.248572
0.253617
0.17627
0.108216
0.188167
0.450401
0.476933
0.0651274
0.0977791
0.122204
0.221877
0.403437
0.0279009
0.243706
0.302694
0.493597
0.0614766
0.468255
0.0676064
0.241423
0.421127
0.3654
0.128601
0.089434
0.103285
0.091478
0.040922
0.165552
0.0123366
0.490405
0.149373
0.0168795
0.319854
0.220288
0.0156409
0.0894603
0.207515
0.109464
0.133843
0.0415958
0.496947
0.439133
0.298236
0.367122
0.264278
0.432985
0.182235
0.368065
0.0799216
0.189323
0.330849
0.168237
0.312629
0.228558
0.252775
0.0688671
0.158214
0.436986
0.251766
0.18544
0.473797
0.483165
0.171726
0.496136
0.253808
0.360633
0.192946
0.403964
0.419412
0.493017
0.0391528
0.347696
0.112889
0.325795
0.00184581
0.274718
0.106819
0.352123
0.109751
0.248878
0.327809
0.485518
0.351124
0.148363
0.0386491
0.335097
0.36378
0.305738
0.46314
0.0730239
0.444937
0.250809
0.225816
0.350386
0.0876627
0.0863684
0.425063
0.336652
0.244401
0.309659
0.082915
0.477014
0.357039
0.394221
0.0974869
0.107214
0.317414
0.176481
0.253541
0.0910922
0.357053
0.010852
0.271238
0.184194
0.0694097
0.43139
0.350377
0.237763
0.485404
0.305199
0.114343
0.0797741
0.231703
0.00426823
0.300917
0.209925
0.163184
0.232506
0.371832
0.168437
0.0729899
0.301062
0.414542
0.256976
0.226754
0.278217
0.142717
0.454948
0.357152
0.183938
0.430167
0.464985
0.190914
0.340642
0.459672
0.494798
0.0969061
0.420684
0.16604
0.124131
0.0593655
0.390931
0.493666
0.478753
0.147941
0.391597
0.474276
0.329888
0.212949
0.499868
0.0212137
0.126901
0.152052
0.421202
0.00254515
0.151364
0.229389
0.478202
0.326083
0.327669
0.270413
0.0874744
0.283888
0.44337
0.280269
0.440752
0.46023
0.403557
0.0494783
0.252888
0.412915
0.278184
0.0116889
0.0741991
0.260432
0.48785
0.132134
0.359408
0.0227231
0.0286812
0.0445806
0.2645
0.20748
0.255415
0.365582
0.233688
0.451658
0.346365
0.428861
0.0220479
0.124009
0.165656
0.165052
0.25907
0.382607
0.146047
0.0526242
0.331204
0.334958
0.447062
0.268816
0.287577
0.349807
0.233296
0.143297
0.145551
0.261324
0.280267
0.265086
0.0879611
0.339219
0.391477
0.102192
0.251169
0.483319
0.0203546
0.485247
0.454949
0.258307
0.0820762
0.487116
0.127508
0.0932099
0.339182
0.0404939
0.340199
0.319638
0.405213
0.499695
0.24886
0.161057
0.36477
0.430314
0.0070678
0.369998
0.116624
0.344826
0.489182
0.358234
0.247364
0.271357
0.259145
0.402791
0.303079
0.309126
0.419011
0.224057
0.0905467
0.28413
0.246619
0.416296
0.280101
0.353549
0.315413
0.220023
0.350824
0.232534
0.214882
0.423887
0.394034
0.432258
0.144398
0.0940869
0.130405
0.0376692
0.326385
0.284662
0.184905
0.135656
0.119953
0.174083
0.265421
0.282416
0.359601
0.103944
0.297195
0.109922
0.194842
0.0248432
0.245626
0.287185
0.168082
0.252954
0.112547
0.028652
0.495511
0.437714
0.291664
0.369845
0.267895
0.0754891
0.321618
0.184218
0.276949
0.474136
0.362266
0.3042
0.313386
0.0867526
0.0516581
0.0271642
0.443066
0.256609
0.466289
0.361512
0.019019
0.425536
0.222117
0.211488
0.0541209
0.390803
0.413296
0.158416
0.289177
0.495759
0.012436
0.401867
0.0249726
0.311744
0.0514036
0.342212
0.428135
0.126925
0.194401
0.265903
0.406388
0.47496
0.112441
0.420881
0.31904
0.195356
0.105796
0.210192
0.236388
0.160124
0.0119642
0.290266
0.383572
0.479128
0.22281
0.0235096
0.449565
0.220164
0.335499
0.224768
0.46305
0.0694249
0.125514
0.163669
0.239551
0.393017
0.282387
0.280481
0.49714
0.429601
0.143936
0.466571
0.0832838
0.296095
0.0349308
0.211095
0.0178653
0.180515
0.12164
0.0667343
0.355447
0.445237
0.373056
0.116978
0.0245216
0.396795
0.0394015
0.298061
0.0874285
0.0803483
0.363489
0.136745
0.259174
0.123458
0.20347
0.291862
0.457392
0.239088
0.117522
0.0482284
0.262773
0.465896
0.321088
0.406135
0.0364981
0.397927
0.432677
0.172113
0.358517
0.468519
0.0603423
0.00584591
0.161065
0.0965527
0.111167
0.466658
0.381973
0.0784131
0.122082
0.468443
0.0514351
0.277032
0.381814
0.165743
0.0565154
0.290183
0.438563
0.112095
0.455512
0.103336
0.142117
0.245146
0.398047
0.086684
0.356636
0.0361113
0.158449
0.279742
0.183491
0.40328
0.424541
0.0276659
0.0627138
0.123768
0.169667
0.358329
0.165183
0.112771
0.243788
0.294412
0.0624084
0.187242
0.274364
0.216178
0.3612
0.138097
0.29686
0.173242
0.239652
0.432601
0.418916
0.292118
0.119617
0.222149
0.145125
0.354317
0.38828
0.0897841
0.0880258
0.300741
0.0449021
0.420927
0.205273
0.0344916
0.133459
0.188272
0.426226
0.488111
0.141457
0.310702
0.259651
0.143995
0.341016
0.0635995
0.357295
0.0590311
0.0403477
0.00585473
0.398298
0.0665513
0.449636
0.253144
0.362389
0.189883
0.471248
0.108203
0.284458
0.491084
0.154059
0.481589
0.391163
0.04402
0.337895
0.360004
0.276905
0.0204667
0.0168186
0.447223
0.0998849
0.428335
0.107913
0.392943
0.490296
0.368829
0.391737
0.0997066
0.236511
0.17009
0.236631
0.054267
0.328861
0.40374
0.00429536
0.0481966
0.0249316
0.452255
0.00956906
0.348863
0.389095
0.433134
0.152166
0.155714
0.339066
0.223525
0.00956832
0.062425
0.393696
0.499164
0.263613
0.261363
0.302215
0.395889
0.392049
0.125993
0.491887
0.0222049
0.482122
0.326517
0.198052
0.358041
0.2857
0.245992
0.340321
0.438046
0.0325422
0.124332
0.236858
0.367088
0.425931
0.25654
0.364139
0.489869
0.367178
0.383924
0.2841
0.13397
0.0746923
0.0521373
0.48935
0.0738949
0.489698
0.0613085
0.128147
0.389659
0.382844
0.328981
0.435556
0.493665
0.410371
0.138676
0.239929
0.409662
0.109998
0.202024
0.362134
0.152691
0.398079
0.051829
0.259547
0.383487
0.0318356
0.0724815
0.271361
0.108806
0.0626908
0.0125941
0.13333
0.143728
0.436172
0.396906
0.0885463
0.0258114
0.325825
0.128773
0.419547
0.116032
0.33658
0.254009
0.262097
0.389098
0.0186701
0.328671
0.281995
0.416698
0.416174
0.319336
0.0555569
0.401715
0.182459
0.170507
0.0978503
0.308801
0.254211
0.0404679
0.438977
0.245911
0.140354
0.158976
0.419714
0.230691
0.0844221
0.456818
0.12862
0.382481
0.058906
0.202004
0.251456
0.332371
0.18656
0.228206
0.371814
0.266306
0.0229334
0.320197
0.223469
0.395703
0.021411
0.0252497
0.0279042
0.281286
0.109559
0.169769
0.285157
0.173579
0.384582
0.492236
0.356568
0.341395
0.0653203
0.356671
0.470965
0.0610915
0.17564
0.0195083
0.191407
0.466928
0.464685
0.405439
0.140981
0.108457
0.356741
0.0575117
0.349528
0.226039
0.158951
0.100746
0.34812
0.200854
0.308657
0.168511
0.206972
0.231475
0.411447
0.242871
0.141116
0.264505
0.0821568
0.444613
0.355174
0.400981
0.358095
0.150324
0.176053
0.111303
0.488993
0.322099
0.145247
0.427143
0.331818
0.00358582
0.478844
0.0059096
0.0792674
0.192169
0.22474
0.358493
0.144947
0.353411
0.0771
0.229724
0.310759
0.0470949
0.375614
0.368499
0.135675
0.315404
0.00201322
0.325288
0.130814
0.208375
0.072524
0.182646
0.152795
0.139544
0.349377
0.332604
0.262707
0.459862
0.197127
0.246065
0.177355
0.47911
0.183588
0.175559
0.215912
0.153942
0.266949
0.0452871
0.460534
0.28791
0.0694456
0.42204
0.423509
0.0727277
0.366473
0.0474415
0.393954
0.348
0.423802
0.425531
0.449997
0.00882154
0.203442
0.488823
0.321813
0.472032
0.192585
0.358908
0.409064
0.181598
0.355004
0.232025
0.153635
0.435152
0.0784396
0.372803
0.0834256
0.225051
0.316127
0.116901
0.44209
0.17083
0.170223
0.051392
0.247592
0.0721226
0.416869
0.155426
0.0522581
0.213256
0.357796
0.497569
0.359514
0.118067
0.0353943
0.0640784
0.166888
0.285937
0.35405
0.257467
0.108305
0.0717359
0.300264
0.489667
0.146579
0.321861
0.490824
0.390924
0.28279
0.398822
0.14835
0.365584
0.194522
0.0550866
0.206338
0.309926
0.0594409
0.224939
0.183848
0.135273
0.362321
0.146872
0.299014
0.0412647
0.0982485
0.499055
0.269201
0.0982513
0.176582
0.101427
0.086012
0.322545
0.281434
0.119147
0.170348
0.37133
0.0653943
0.487142
0.0745403
0.412374
0.0323804
0.0920615
0.376585
0.413732
0.319455
0.208607
0.129996
0.185993
0.411001
0.138459
0.419381
0.239618
0.0345405
0.273012
0.407184
0.496789
0.0967697
0.461292
0.124899
0.335069
0.350164
0.161475
0.499363
0.412054
0.44194
0.172684
0.251533
0.408905
0.323687
0.0516267
0.354595
0.278039
0.00502791
0.119148
0.386635
0.437737
0.459812
0.242229
0.00982623
0.13478
0.358398
0.0589816
0.30572
0.0154998
0.252295
0.203886
0.100396
0.285357
0.00385362
0.328291
0.232769
0.286228
0.0878979
0.221873
0.416098
0.327161
0.426415
0.283436
0.0818639
0.226156
0.0119753
0.107862
0.494682
0.174453
0.168997
0.427837
0.308236
0.247297
0.160808
0.436815
0.369652
0.0418954
0.319508
0.21994
0.450915
0.0194197
0.12766
0.213542
0.121425
0.0179387
0.466909
0.116747
0.309507
0.0509395
0.147738
0.290453
0.319416
0.23487
0.0040803
0.433699
0.46425
0.431515
0.261611
0.243718
0.287333
0.239004
0.132861
0.0967942
0.0213176
0.220207
0.0473506
0.269594
0.374927
0.479934
0.0604435
0.326729
0.0444826
0.262865
0.0985348
0.485889
0.0766933
0.371938
0.16631
0.227419
0.119564
0.240953
0.168432
0.315541
0.401483
0.133563
0.365223
0.152668
0.38971
0.491336
0.300109
0.39001
0.366711
0.0830873
0.494292
0.0948387
0.197411
0.0926038
0.317843
0.139713
0.36682
0.258007
0.310939
0.178262
0.173233
0.388305
0.267172
0.436926
0.447905
0.13584
0.103633
0.14774
0.221632
0.0110399
0.25903
0.323613
0.208846
0.361516
0.488535
0.0188535
0.370779
0.0836332
0.197882
0.492348
0.144066
0.233243
0.192746
0.30191
0.376219
0.104694
0.0543952
0.293014
0.243963
0.264239
0.00864242
0.425237
0.297253
0.0756562
0.180116
0.1112
0.0763251
0.421827
0.143804
0.16614
0.000293672
0.19495
0.154794
0.00618661
0.385507
0.148383
0.387358
0.0492032
0.185065
0.43227
0.306383
0.00719556
0.465851
0.490254
0.366068
0.291752
0.0773432
0.00194107
0.349443
0.446026
0.191846
0.101237
0.172316
0.465129
0.386043
0.179212
0.0495505
0.152475
0.119721
0.0463614
0.311148
0.0980895
0.482825
0.0468375
0.439525
0.255916
0.0136498
0.209646
0.234839
0.474956
0.0289739
0.121632
0.387649
0.222155
0.494484
0.206214
0.210989
0.376316
0.447161
0.391724
0.248769
0.109175
0.259881
0.0145288
0.403942
0.473895
0.214813
0.0950454
0.416043
0.348628
0.481956
0.0787418
0.339346
0.0238643
0.441154
0.0881516
0.334284
0.15192
0.0520275
0.384039
0.367985
0.404207
0.0815732
0.391761
0.435254
0.400466
0.311776
0.479569
0.347543
0.411883
0.440865
0.455466
0.010935
0.109215
0.286111
0.113962
0.0197345
0.0744016
0.320937
0.358879
0.252705
0.250755
0.215247
0.0576238
0.475299
0.0380236
0.278975
0.0600011
0.0525304
0.394316
0.372002
0.313932
0.170634
0.371194
0.478628
0.413956
0.186676
0.249726
0.245011
0.26812
0.18738
0.366905
0.0396591
0.0162317
0.183118
0.310881
0.169578
0.388082
0.310057
0.141571
0.120557
0.474422
0.0107538
0.366502
0.395067
0.375511
0.0368978
0.0106122
0.204022
0.480984
0.221656
0.187981
0.391242
0.168696
0.33532
0.272302
0.196786
0.0468518
0.327052
0.214829
0.415681
0.420001
0.305989
0.151561
0.00310322
0.46179
0.493351
0.0377513
0.490353
0.0114769
0.428247
0.244244
0.185346
0.47218
0.106481
0.427612
0.467711
0.331216
0.2247
0.360078
0.185498
0.310487
0.370935
0.0755311
0.305078
0.411022
0.00405497
0.188785
0.347918
0.0729565
0.384359
0.0951205
0.0108784
0.122621
0.318828
0.209039
0.156623
0.0231502
0.0591728
0.192338
0.477215
0.445082
0.408349
0.223763
0.179433
0.19873
0.349629
0.23169
0.0705201
0.350285
0.187512
0.33791
0.196655
0.217455
0.485872
0.219513
0.415508
0.106224
0.28801
0.0962121
0.383614
0.415663
0.315987
0.485776
0.277349
0.269579
0.261358
0.368531
0.214172
0.408563
0.412683
0.0753896
0.322989
0.329466
0.311748
0.409274
0.456476
0.336464
0.313172
0.0581924
0.324757
0.373402
0.341873
0.324994
0.242538
0.454626
0.128964
0.133822
0.057871
0.274499
0.166109
0.460624
0.209845
0.33673
0.286728
0.0433931
0.238192
0.245543
0.472988
0.459948
0.136049
0.292995
0.342003
0.404419
0.347541
0.171076
0.00271462
0.469747
0.316895
0.153804
0.144501
0.158625
0.101137
0.412747
0.445459
0.139688
0.172881
0.338239
0.126861
0.364334
0.125162
0.286163
0.262519
0.221415
0.211765
0.114226
0.138161
0.0758061
0.132225
0.129104
0.48492
0.190357
0.0218724
0.163063
0.0491422
0.0314418
0.00843107
0.321457
0.0528541
0.402712
0.425261
0.485885
0.318023
0.32097
0.258022
0.276337
0.424374
0.357618
0.280159
0.333208
0.32394
0.118759
0.190017
0.299849
0.0030591
0.160932
0.188687
0.200952
0.0494568
0.456118
0.0760027
0.313592
0.411902
0.28213
0.0387137
0.0174491
0.124275
0.359942
0.259215
0.249438
0.274462
0.159722
0.387841
0.445705
0.329158
0.00832556
0.352263
0.460323
0.454365
0.143184
0.182799
0.243764
0.402278
0.345713
0.224342
0.243682
0.150506
0.160788
0.199196
0.36332
0.389574
0.360949
0.448486
0.0458628
0.347892
0.372819
0.384383
0.422776
0.336416
0.461051
0.255411
0.106286
0.382788
0.408526
0.490301
0.365744
0.329745
0.0717666
0.322704
0.209271
0.295929
0.092798
0.493541
0.00956812
0.268038
0.263003
0.41661
0.339415
0.218809
0.344904
0.316438
0.300714
0.260872
0.33291
0.498379
0.38306
0.265623
0.176746
0.285873
0.424952
0.240512
0.388944
0.40812
0.08383
0.2872
0.431964
0.0955621
0.470055
0.204857
0.0374229
0.14634
0.244393
0.383339
0.0898322
0.272968
0.107294
0.0042575
0.335141
0.0868048
0.169539
0.266213
0.109258
0.293552
0.245308
0.234128
0.167288
0.174108
0.0673348
0.420075
0.408311
0.0329586
0.315989
0.100928
0.195462
0.285298
0.0655554
0.0112622
0.163584
0.201815
0.27682
0.0910162
0.467777
0.467132
0.159766
0.167566
0.171285
0.268176
0.0576741
0.390044
0.20007
0.199026
0.28736
0.0672846
0.03836
0.13926
0.04236
0.274958
0.122953
0.176474
0.318543
0.255855
0.467022
0.0469542
0.256283
0.131351
0.143949
0.360691
0.0706624
0.241715
0.359971
0.160688
0.231376
0.335825
0.397182
0.197477
0.486503
0.213112
0.406172
0.43661
0.0380204
0.486178
0.0451076
0.471749
0.370045
0.163846
0.208447
0.103617
0.210972
0.361643
0.457485
0.23394
0.0449058
0.318482
0.384239
0.484624
0.25237
0.0510919
0.122301
0.110419
0.491098
0.00636017
0.409801
0.0555789
0.0697098
0.398993
0.341592
0.0923357
0.424905
0.0487489
0.28563
0.25506
0.100211
0.287116
0.432113
0.0857414
0.414632
0.294815
0.377389
0.073919
0.48532
0.294367
0.286518
0.100598
0.471644
0.169581
0.0316444
0.377254
0.490147
0.457799
0.255248
0.457228
0.121554
0.480857
0.279611
0.240131
0.412423
0.194775
0.382524
0.296018
0.244574
0.272164
0.124741
0.3138
0.494144
0.439413
0.0718703
0.489635
0.47702
0.204954
0.0613241
0.380757
0.33635
0.195857
0.267303
0.276771
0.187578
0.305977
0.0914213
0.304871
0.0235589
0.0165728
0.215841
0.0623812
0.482435
0.42442
0.0962875
0.0368777
0.0891616
0.375817
0.325222
0.361618
0.352502
0.40851
0.47608
0.195896
0.0966655
0.0265366
0.04769
0.303154
0.453916
0.332519
0.498002
0.0142395
0.473948
0.203427
0.106489
0.452289
0.109692
0.0827
0.288161
0.105631
0.318762
0.465493
0.236168
0.465223
0.435794
0.244424
0.366273
0.0960327
0.193521
0.0584053
0.431054
0.243115
0.0291168
0.0228615
0.0549723
0.141662
0.445961
0.420095
0.488231
0.318003
0.407759
0.375819
0.496853
0.250363
0.329572
0.352437
0.392127
0.172405
0.36568
0.139899
0.382484
0.120351
0.153749
0.437544
0.317282
0.0703888
0.0942387
0.189918
0.331496
0.414445
0.368412
0.489124
0.22412
0.260122
0.332313
0.0865812
0.17648
0.498279
0.381417
0.197474
0.189539
0.0964032
0.434606
0.238685
0.175776
0.187544
0.0193591
0.151147
0.249886
0.226382
0.0944451
0.333655
0.426379
0.472204
0.373445
0.0989556
0.13835
0.482676
0.0228034
0.174041
0.462013
0.0147066
0.321901
0.152915
0.37208
0.035298
0.169437
0.097587
0.204096
0.454565
0.288951
0.125869
0.186308
0.167296
0.0749909
0.354834
0.08464
0.193302
0.287696
0.346987
0.323493
0.258725
0.16458
0.170705
0.280263
0.381572
0.000275672
0.103943
0.16502
0.189567
0.233793
0.225349
0.085373
0.284413
0.0735201
0.32255
0.141204
0.404407
0.037249
0.454529
0.0101697
0.0609018
0.451816
0.212739
0.272353
0.32019
0.267755
0.391154
0.215508
0.261102
0.431262
0.384227
0.0793898
0.103078
0.310807
0.24707
0.391761
0.0160454
0.200197
0.365856
0.457014
0.091415
0.474594
0.0680444
0.152703
0.475587
0.431037
0.049505
0.425637
0.299044
0.429851
0.0848733
0.448037
0.0343201
0.0068629
0.322651
0.47031
0.496679
0.346838
0.329884
0.399581
0.277355
0.20354
0.0530564
0.435608
0.33877
0.188395
0.190594
0.3362
0.375593
0.104202
0.144734
0.174924
0.379279
0.308454
0.331113
0.141504
0.364253
0.197707
0.096241
0.350884
0.102011
0.414584
0.326887
0.335884
0.348741
0.00627931
0.360543
0.45055
0.279599
0.0810456
0.429705
0.0908568
0.198571
0.199797
0.330067
0.214863
0.070019
0.345536
0.107381
0.118826
0.212876
0.485288
0.451265
0.286243
0.260421
0.488231
0.386366
0.0951798
0.0701709
0.10998
0.309892
0.451514
0.475348
0.375895
0.0655363
0.452313
0.110372
0.0847974
0.0213864
0.399311
0.479859
0.25678
0.0657354
0.0365117
0.138669
0.222526
0.410146
0.421871
0.427799
0.113702
0.0321465
0.23874
0.488722
0.290902
0.267158
0.470606
0.0314509
0.123111
0.315393
0.299266
0.0367248
0.00568819
0.437359
0.423082
0.161027
0.427169
0.122286
0.0436466
0.218259
0.232366
0.106256
0.33605
0.320916
0.303744
0.448435
0.333997
0.366447
0.127372
0.429772
0.344876
0.294352
0.415956
0.382469
0.0145484
0.362762
0.0308459
0.0819131
0.224249
0.499142
0.138294
0.00541386
0.0943951
0.170967
0.222694
0.381811
0.448273
0.254294
0.490536
0.398807
0.342932
0.309997
0.172297
0.404809
0.380019
0.220908
0.463611
0.221413
0.374857
0.213199
0.149509
0.381717
0.481403
0.250367
0.493249
0.416952
0.171735
0.219209
0.0206532
0.246001
0.163695
0.248886
0.0276491
0.374043
0.32597
0.143821
0.228011
0.400591
0.0972568
0.449672
0.0446396
0.274591
0.100675
0.492595
0.344872
0.144165
0.466047
0.172449
0.00166457
0.438143
0.175264
0.390504
0.210499
0.22116
0.288227
0.244805
0.0486673
0.197291
0.191753
0.227809
0.480439
0.14045
0.0286489
0.260818
0.399337
0.222957
0.430561
0.350438
0.477394
0.244527
0.302274
0.259622
0.0403819
0.258466
0.127291
0.358499
0.49643
0.0041976
0.00955512
0.220076
0.461405
0.417585
0.0932763
0.218154
0.205614
0.163198
0.255563
0.487391
0.309666
0.0542451
0.422834
0.439938
0.489214
0.16284
0.384115
0.373589
0.314407
0.220468
0.159016
0.0307106
0.00539203
0.238656
0.406426
0.205856
0.48463
0.39403
0.347273
0.286765
0.37391
0.199229
0.0207806
0.035351
0.462129
0.478712
0.432806
0.262247
0.271628
0.171773
0.305471
0.0637532
0.00825741
0.0575171
0.452516
0.419859
0.294666
0.0296996
0.0217381
0.0957996
0.41835
0.0130067
0.436299
0.0499455
0.24588
0.304341
0.2867
0.483305
0.191895
0.418974
0.365077
0.0294006
0.0248756
0.126133
0.168224
0.0896215
0.0394728
0.0539453
0.434315
0.38344
0.0350757
0.139995
0.0144792
0.273223
0.279177
0.489538
0.24189
0.411131
0.478415
0.395311
0.060353
0.265087
0.365639
0.465507
0.358037
0.339687
0.083049
0.422812
0.0511934
0.0967526
0.203981
0.17833
0.0427322
0.0828506
0.202998
0.0788403
0.291313
0.424438
0.0289283
0.181493
0.152227
0.195348
0.340984
0.261881
0.160436
0.189291
0.476013
0.32316
0.0215651
0.0381834
0.476737
0.286922
0.245763
0.0548686
0.0372195
0.0306998
0.323792
0.498699
0.132873
0.0400975
0.310578
0.470112
0.3776
0.291607
0.0891625
0.344645
0.379013
0.0292566
0.362287
0.0196238
0.492325
0.376598
0.219052
0.433109
0.46207
0.0954947
0.0935646
0.442719
0.405308
0.203252
0.449353
0.0430353
0.456746
0.356362
0.449733
0.328746
0.05098
0.247315
0.307049
0.0541097
0.255041
0.413369
0.0237667
0.0283709
0.139956
0.0738482
0.161231
0.0552005
0.357146
0.47458
0.397299
0.259008
0.187283
0.381688
0.49624
0.232099
0.288405
0.317492
0.431752
0.227304
0.478629
0.432207
0.0296729
0.0571801
0.0480628
0.448067
0.368197
0.342558
0.0651891
0.367182
0.261926
0.382699
0.295354
0.398693
0.417806
0.252183
0.412297
0.210586
0.476505
0.0247838
0.497005
0.35103
0.316738
0.493807
0.0796336
0.295438
0.111746
0.316804
0.497552
0.169078
0.0800461
0.0283089
0.282603
0.459351
0.29467
0.408622
0.429936
0.483509
0.418693
0.294096
0.3749
0.111248
0.166598
0.292354
0.0586015
0.180188
0.481986
0.205124
0.201444
0.186706
0.437732
0.145623
0.0409404
0.0139774
0.254764
0.203666
0.398806
0.0807308
0.384314
0.0998535
0.205173
0.0933604
0.0743746
0.0735361
0.0669231
0.374258
0.24706
0.464068
0.273841
0.162034
0.337009
0.220472
0.301322
0.0544899
0.203445
0.263679
0.0118947
0.440584
0.0361707
0.0335973
0.359272
0.469214
0.269045
0.189179
0.0468814
0.284488
0.318073
0.255359
0.23619
0.451534
0.134487
0.191202
0.0960937
0.0641228
0.249486
0.0070685
0.150328
0.403975
0.0646839
0.00628113
0.0415457
0.4781
0.473054
0.243146
0.374168
0.139744
0.0759117
0.351754
0.218477
0.473196
0.373344
0.4394
0.0101775
0.443919
0.163878
0.38858
0.42663
0.0622662
0.29387
0.25914
0.18646
0.138671
0.382323
0.317473
0.0358546
0.105991
0.231103
0.285661
0.244541
0.414151
0.0667907
0.146583
0.138641
0.0549308
0.285942
0.160607
0.30696
0.320434
0.462096
0.248058
0.00199744
0.235295
0.476377
0.124944
0.146505
0.106006
0.444605
0.306195
0.0896314
0.00500407
0.307067
0.0227529
0.0318703
0.0345126
0.431843
0.151459
0.162715
0.00601575
0.252304
0.297788
0.196188
0.414072
0.442031
0.272518
0.423549
0.294567
0.0382988
0.388711
0.265314
0.332208
0.105045
0.00254559
0.341259
0.342892
0.309012
0.211133
0.391942
0.00453286
0.233896
0.486385
0.192212
0.274144
0.426697
0.103101
0.469521
0.216559
0.342191
0.0517722
0.460136
0.216653
0.29411
0.205353
0.146673
0.065601
0.238174
0.0306714
0.0719891
0.344329
0.189785
0.248673
0.428186
0.0934829
0.0397792
0.405879
0.49543
0.00692467
0.181067
0.127894
0.432886
0.440821
0.137789
0.393393
0.492284
0.347039
0.221548
0.455566
0.381591
0.349941
0.285511
0.212659
0.309725
0.450157
0.0503041
0.00804466
0.110035
0.19603
0.11354
0.344645
0.296921
0.379685
0.489839
0.102724
0.34209
0.234892
0.457029
0.0318168
0.359725
0.410853
0.18786
0.477372
0.117783
0.420756
0.440489
0.134399
0.30952
0.395528
0.265013
0.180989
0.14854
0.468823
0.291546
0.223963
0.0246568
0.46438
0.21646
0.330358
0.468762
0.314829
0.350158
0.468188
0.423955
0.203523
0.269642
0.337411
0.0682843
0.257643
0.203695
0.439759
0.0515605
0.029656
0.223846
0.369768
0.224424
0.360997
0.310877
0.467729
0.0909967
0.230907
0.0891651
0.370302
0.00527563
0.136709
0.378959
0.0412546
0.363555
0.0399706
0.103195
0.43127
0.387581
0.134312
0.128632
0.073483
0.322225
0.161832
0.433294
0.194564
0.122928
0.320779
0.420021
0.0374493
0.22717
0.390243
0.0704832
0.231851
0.395223
0.0490894
0.020742
0.0962205
0.0823066
0.315315
0.0880446
0.0468253
0.4403
0.48566
0.0733643
0.366103
0.024848
0.148986
0.0736366
0.436563
0.145214
0.0941984
0.0647337
0.37459
0.190739
0.375788
0.148215
0.449915
0.210201
0.157345
0.313492
0.103832
0.128696
0.273262
0.0583056
0.0881082
0.240454
0.357484
0.174729
0.245746
0.10414
0.339526
0.370168
0.206209
0.13781
0.134412
0.312083
0.436517
0.121593
0.314909
0.305114
0.293821
0.384105
0.390088
0.00771409
0.286049
0.200193
0.290246
0.234761
0.439372
0.248402
0.119466
0.069449
0.472065
0.361745
0.356322
0.303225
0.314563
0.109466
0.211463
0.452013
0.0288875
0.434331
0.367139
0.0602558
0.45404
0.462781
0.48541
0.23562
0.227537
0.136767
0.164068
0.375063
0.450065
0.278111
0.00584298
0.100328
0.116632
0.490256
0.0386386
0.255066
0.432953
0.189006
0.352324
0.398418
0.372693
0.403415
0.298616
0.0170453
0.365247
0.029855
0.310974
0.359679
0.0937734
0.295383
0.045184
0.0501776
0.2411
0.489008
0.400734
0.36585
0.0619785
0.359026
0.168466
0.171153
0.252054
0.118168
0.249867
0.100584
0.298258
0.0223193
0.124281
0.30109
0.356373
0.128693
0.0970471
0.220166
0.436971
0.340791
0.266953
0.392199
0.471326
0.314615
0.106366
0.497836
0.0580681
0.447447
0.381127
0.199118
0.196286
0.0701209
0.256945
0.170934
0.131344
0.298935
0.0800145
0.125628
0.0692431
0.315921
0.295304
0.465207
0.150062
0.287723
0.418084
0.4819
0.360287
0.214353
0.122503
0.484467
0.360349
0.339906
0.403196
0.0606983
0.312881
0.337254
0.0280373
0.336435
0.228119
0.386783
0.0862883
0.482959
0.0571775
0.453569
0.378829
0.0169464
0.426877
0.0856666
0.0561774
0.273877
0.139391
0.325323
0.224131
0.194825
0.177615
0.371441
0.472668
0.110157
0.237194
0.341045
0.285996
0.128594
0.226107
0.345177
0.233107
0.127312
0.163353
0.474878
0.469982
0.0038179
0.103258
0.149683
0.485659
0.092884
0.198267
0.437573
0.35205
0.00622274
0.0807837
0.344169
0.477014
0.137208
0.136829
0.482208
0.0751622
0.44087
0.407314
0.371244
0.152889
0.0878328
0.185991
0.14294
0.222876
0.171525
0.489156
0.0093024
0.0165951
0.276954
0.00663604
0.219243
0.0272524
0.0869773
0.165264
0.221866
0.494129
0.483197
0.256847
0.0710418
0.214708
0.202429
0.117604
0.0527975
0.453636
0.429853
0.463389
0.261825
0.395964
0.374203
0.255911
0.172326
0.082769
0.491137
0.424188
0.277225
0.165049
0.444872
0.119986
0.353635
0.0393754
0.456292
0.126828
0.455779
0.487319
0.443538
0.452976
0.0533356
0.159123
0.368362
0.356549
0.396468
0.0278045
0.242345
0.115741
0.381423
0.0280646
0.0901885
0.261976
0.454346
0.298668
0.315451
0.43521
0.0773978
0.40883
0.354667
0.147776
0.000973997
0.388392
0.460524
0.408772
0.159019
0.346029
0.12958
0.170642
0.410584
0.0753408
0.0254578
0.422063
0.178716
0.269635
0.169266
0.428542
0.235782
0.324616
0.334371
0.279148
0.0100024
0.0644963
0.13617
0.152814
0.258341
0.019693
0.127069
0.391918
0.292258
0.379837
0.154777
0.338752
0.0409915
0.289086
0.41501
0.429643
0.0870962
0.414476
0.108704
0.18247
0.265375
0.453343
0.214445
0.0899564
0.44305
0.0316773
0.40869
0.130386
0.0191798
0.438967
0.143751
0.419169
0.427621
0.331977
0.344992
0.192331
0.292224
0.483377
0.367116
0.282649
0.26682
0.242951
0.492164
0.420304
0.256626
0.0888359
0.330586
0.165098
0.0320859
0.271844
0.457448
0.112102
0.440425
0.473298
0.169097
0.465932
0.333063
0.310131
0.0560087
0.362543
0.156918
0.21242
0.0645132
0.34654
0.212004
0.27848
0.256964
0.0547118
0.0236632
0.369512
0.204754
0.484086
0.391623
0.456276
0.473673
0.259646
0.0955466
0.169017
0.33303
0.290583
0.203026
0.0517583
0.469981
0.295106
0.0454569
0.184114
0.183757
0.266349
0.413906
0.437004
0.321105
0.382541
0.454078
0.0803582
0.378133
0.173539
0.289493
0.496388
0.0035995
0.436102
0.116964
0.184783
0.0974626
0.138302
0.049794
0.217826
0.293319
0.0185143
0.342495
0.033711
0.0661713
0.119224
0.436488
0.493023
0.223557
0.40586
0.498509
0.0925297
0.0590845
0.41505
0.371361
0.0860971
0.397504
0.0167988
0.0683042
0.0369885
0.29891
0.0263001
0.175498
0.379388
0.459938
0.181473
0.198419
0.338119
0.229971
0.233234
0.0244959
0.310892
0.0125363
0.351317
0.161002
0.401661
0.24312
0.206718
0.239761
0.379716
0.205443
0.383241
0.312771
0.177915
0.484357
0.32891
0.15951
0.214071
0.154723
0.470103
0.0104972
0.47924
0.406069
0.16728
0.195411
0.470764
0.221071
0.134133
0.0396281
0.219947
0.214916
0.218313
0.261832
0.265814
0.0396327
0.450941
0.428072
0.427124
0.334232
0.116374
0.0644986
0.422694
0.0140548
0.328974
0.0513846
0.160979
0.431474
0.488551
0.253884
0.0679251
0.279845
0.232745
0.188491
0.429576
0.462578
0.0278817
0.185992
0.00310533
0.402893
0.207907
0.158783
0.285351
0.055209
0.155252
0.489226
0.33816
0.308475
0.442216
0.36184
0.0496324
0.39178
0.34432
0.310844
0.0824921
0.134321
0.378631
0.450221
0.0263848
0.0606952
0.294201
0.010072
0.258883
0.368307
0.0853095
0.493691
0.137704
0.120678
0.151231
0.177225
0.129411
0.267073
0.181967
0.339929
0.141137
0.36813
0.40399
0.189265
0.303316
0.156385
0.123034
0.442194
0.472666
0.0113532
0.404855
0.0620145
0.333641
0.287262
0.045288
0.208617
0.299266
0.138085
0.206721
0.127804
0.402677
0.463909
0.201125
0.43068
0.0612043
0.0141458
0.0451167
0.0546393
0.345611
0.170242
0.218315
0.0701847
0.13681
0.371134
0.34379
0.429021
0.0674741
0.401261
0.0531211
0.124371
0.271221
0.42997
0.0759647
0.0493613
0.370385
0.353783
0.0358462
0.448086
0.0756539
0.464686
0.173781
0.220499
0.326247
0.0480412
0.346365
0.289798
0.22505
0.237261
0.445079
0.202101
0.104482
0.3374
0.101927
0.394942
0.459452
0.129383
0.1295
0.0448267
0.0950345
0.117911
0.490476
0.345512
0.128296
0.260908
0.304995
0.347894
0.253807
0.372696
0.0399965
0.338998
0.306813
0.317401
0.341193
0.490282
0.340843
0.478132
0.177811
0.362685
0.460047
0.210502
0.487661
0.125075
0.120983
0.459542
0.203553
0.191023
0.232505
0.0649886
0.482958
0.182536
0.152409
0.113609
0.175454
0.324198
0.200275
0.36526
0.274474
0.302278
0.000360372
0.112953
0.49185
0.395226
0.337475
0.401604
0.0494035
0.00847561
0.0815275
0.375308
0.138265
0.2008
0.0201703
0.432955
0.29381
0.0543532
0.368984
0.1155
0.165174
0.357816
0.118463
0.22798
0.0195672
0.193239
0.368231
0.10287
0.462511
0.152946
0.111223
0.360201
0.128096
0.183293
0.111806
0.220096
0.30422
0.436761
0.197985
0.315464
0.11514
0.101551
0.413098
0.461284
0.449624
0.416896
0.0788117
0.121443
0.46244
0.0302526
0.26941
0.0180098
0.308109
0.426375
0.425474
0.328987
0.110017
0.384458
0.109976
0.0814441
0.299605
0.183676
0.076086
0.263979
0.356863
0.0747719
0.0465557
0.436937
0.0755629
0.220297
0.150356
0.0259873
0.398212
0.342555
0.402401
0.344458
0.20361
0.029483
0.103933
0.236378
0.47415
0.467282
0.0697875
0.0839925
0.263787
0.0864854
0.21784
0.0336465
0.277166
0.1268
0.176983
0.399524
0.055254
0.20615
0.152793
0.277621
0.345375
0.490998
0.132426
0.398444
0.269573
0.237787
0.488218
0.35678
0.153474
0.148003
0.357062
0.25524
0.0501532
0.350238
0.112122
0.394322
0.00509496
0.199279
0.415196
0.329053
0.327169
0.131708
0.430429
0.0187182
0.128078
0.316091
0.309885
0.0341797
0.193249
0.419373
0.12327
0.203361
0.0782857
0.224574
0.42079
0.000849972
0.367436
0.182959
0.0906927
0.487531
0.167936
0.48024
0.430617
0.230584
0.483433
0.414401
0.301563
0.167279
0.151015
0.00501175
0.110632
0.0861995
0.0328296
0.322379
0.486989
0.289931
0.321216
0.190967
0.0164433
0.0610057
0.29502
0.195971
0.00336235
0.499784
0.00690891
0.424764
0.482143
0.344987
0.492736
0.0858164
0.230152
0.46521
0.183039
0.155274
0.294054
0.247754
0.225578
0.454131
0.0639012
0.268697
0.0614253
0.114253
0.0747691
0.0487857
0.453691
0.16659
0.422377
0.261539
0.0687947
0.00594357
0.213795
0.324989
0.429668
0.139531
0.181651
0.473694
0.0759812
0.4063
0.14307
0.253831
0.00902022
0.115088
0.133904
0.226988
0.102082
0.256073
0.373757
0.307296
0.208016
0.414832
0.375027
0.126188
0.483952
0.194322
0.485135
0.137663
0.22242
0.119131
0.0086807
0.0976003
0.174281
0.059946
0.187096
0.310597
0.371641
0.434912
0.187191
0.108689
0.410583
0.188654
0.164623
0.364267
0.0900223
0.048664
0.299765
0.134873
0.482806
0.151333
0.155855
0.465235
0.150487
0.0144527
0.064755
0.340979
0.218837
0.317096
0.114689
0.19256
0.275472
0.198401
0.385261
0.314975
0.105061
0.0803143
0.364579
0.211079
0.166073
0.491526
0.0861435
0.0304699
0.163216
0.265788
0.3621
0.293074
0.262537
0.411988
0.0655599
0.0220674
0.315135
0.119718
0.056988
0.314492
0.237708
0.345745
0.465416
0.0340617
0.483587
0.406488
0.359803
0.487672
0.3198
0.021294
0.192687
0.148041
0.100259
0.462274
0.409015
0.196998
0.0417836
0.379589
0.00732006
0.108858
0.0210341
0.106366
0.166234
0.377134
0.421953
0.284425
0.432506
0.251043
0.0840709
0.0795641
0.361462
0.415515
0.393698
0.0215007
0.439354
0.0790817
0.187787
0.166394
0.459656
0.0714811
0.0222179
0.256044
0.210589
0.175123
0.313706
0.363877
0.125578
0.383965
0.171921
0.0593329
0.296634
0.196533
0.373233
0.384435
0.125788
0.487849
0.320447
0.273599
0.14252
0.283334
0.117749
0.424052
0.224825
0.176133
0.153751
0.362754
0.285327
0.221932
0.118067
0.489114
0.407031
0.430783
0.421411
0.493049
0.499411
0.206654
0.49208
0.156408
0.186122
0.499605
0.282275
0.403197
0.300454
0.00449191
0.138595
0.440578
0.351552
0.419782
0.0278239
0.157689
0.00942472
0.261049
0.220646
0.461854
0.243845
0.180628
0.134079
0.12995
0.0238176
0.0870695
0.0332265
0.34423
0.0505174
0.478938
0.0626186
0.033655
0.0460698
0.435041
0.188187
0.230267
0.16986
0.24974
0.107237
0.0109802
0.277866
0.114226
0.253192
0.473532
0.401754
0.353522
0.365024
0.195711
0.00406146
0.100104
0.091946
0.463244
0.0928863
0.468019
0.0990969
0.297085
0.0612462
0.0705552
0.169511
0.14797
0.38812
0.368345
0.354958
0.0969152
0.413523
0.346257
0.00940464
0.156309
0.420447
0.383781
0.193419
0.317966
0.441845
0.126615
0.318242
0.462279
0.108868
0.39276
0.310277
0.10575
0.09331
0.0951706
0.0290599
0.311678
0.226708
0.25958
0.126371
0.368816
0.233094
0.119805
0.15605
0.113021
0.0522766
0.127124
0.151413
0.444314
0.394242
0.393153
0.401286
0.202667
0.219477
0.459353
0.0509328
0.496016
0.129323
0.447541
0.408122
0.318601
0.347838
0.175585
0.377921
0.211175
0.333015
0.0363456
0.416307
0.260846
0.14965
0.135557
0.369227
0.240535
0.225931
0.400063
0.34045
0.078828
0.486278
0.120025
0.0514805
0.422462
0.167589
0.430481
0.466313
0.207029
0.276379
0.306128
0.152318
0.147626
0.100176
0.210223
0.038539
0.270107
0.245698
0.0600043
0.469871
0.254815
0.214818
0.337538
0.498748
0.297187
0.251245
0.161124
0.417003
0.101415
0.378347
0.347597
0.024539
0.322352
0.3121
0.333557
0.426463
0.423758
0.461108
0.411646
0.317808
0.304394
0.0347236
0.188881
0.279131
0.292965
0.465108
0.334266
0.294858
0.473728
0.332607
0.383675
0.199745
0.38111
0.266896
0.176577
0.441172
0.107879
0.208216
0.461539
0.252974
0.380429
0.360795
0.109606
0.110275
0.349298
0.389632
0.485327
0.167429
0.265021
0.215709
0.347168
0.469004
0.0102948
0.294932
0.169764
0.216192
0.149866
0.242445
0.221434
0.120583
0.359682
0.134287
0.297859
0.189651
0.286221
0.408606
0.147032
0.17225
0.154292
0.452899
0.246533
0.309916
0.235327
0.234336
0.370852
0.155804
0.165816
0.0673241
0.457608
0.155821
0.484089
0.25477
0.0248689
0.25727
0.159484
0.153395
0.1698
0.293482
0.206796
0.0438314
0.0881362
0.265995
0.205904
0.205865
0.175596
0.339623
0.0361193
0.0590374
0.421763
0.0138317
0.350915
0.20806
0.283911
0.123342
0.084589
0.38829
0.0670071
0.34168
0.030663
0.124231
0.0551189
0.456727
0.0543925
0.457143
0.491772
0.303491
0.200098
0.257996
0.229593
0.275701
0.0887934
0.388842
0.434636
0.396949
0.442947
0.107124
0.0940972
0.0697194
0.0526387
0.499467
0.428178
0.0954076
0.349749
0.0881193
0.322373
0.0823829
0.182351
0.356799
0.48472
0.347236
0.187845
0.403466
0.0870238
0.234802
0.0174871
0.434059
0.297728
0.00660466
0.343279
0.380043
0.469261
0.0994838
0.216373
0.148488
0.150978
0.363826
0.189355
0.319159
0.391349
0.0347741
0.267497
0.489724
0.0352171
0.0537243
0.430167
0.266791
0.463553
0.278328
0.236287
0.0142866
0.248405
0.137112
0.0797154
0.13706
0.273154
0.392848
0.0335633
0.20995
0.000753287
0.0732958
0.0682772
0.302601
0.247582
0.458264
0.257399
0.117639
0.259633
0.130637
0.0174984
0.102441
0.296949
0.311806
0.444289
0.138461
0.25205
0.0175556
0.494247
0.211117
0.483278
0.450827
0.0684732
0.149836
0.193743
0.157946
0.0405511
0.462228
0.474446
0.433053
0.349921
0.407169
0.434089
0.0828469
0.483011
0.0252375
0.020364
0.234806
0.371926
0.216344
0.294862
0.364292
0.449883
0.296285
0.137149
0.0600807
0.168442
0.0273246
0.438497
0.377631
0.167572
0.481914
0.102046
0.0317396
0.319211
0.42046
0.127907
0.445211
0.470593
0.129042
0.247597
0.0408811
0.187412
0.434619
0.234981
0.0871431
0.0401055
0.285169
0.398031
0.28138
0.250013
0.320067
0.318798
0.184015
0.185926
0.0597267
0.114121
0.153837
0.00515021
0.089046
0.0271652
0.34172
0.00549528
0.100626
0.204721
0.286646
0.193824
0.183292
0.476503
0.140215
0.490558
0.399507
0.22394
0.391624
0.0448571
0.18029
0.135174
0.245835
0.108391
0.39482
0.402428
0.0476063
0.442504
0.21882
0.0742482
0.0709242
0.0592
0.0538011
0.159449
0.287658
0.325267
0.239423
0.257304
0.274871
0.30488
0.482582
0.00944866
0.0540161
0.252423
0.206671
0.317234
0.417257
0.0766158
0.13805
0.312543
0.179605
0.421423
0.207698
0.0131298
0.496658
0.399876
0.395777
0.422847
0.0559461
0.484772
0.205205
0.274216
0.437764
0.225147
0.0652329
0.361822
0.0545085
0.299172
0.263216
0.420383
0.324812
0.0213047
0.43666
0.185789
0.0820281
0.242638
0.260141
0.300274
0.320935
0.175839
0.0934041
0.227515
0.37004
0.456974
0.456239
0.20796
0.260905
0.252191
0.029163
0.371268
0.224853
0.313441
0.29137
0.028136
0.358793
0.0792622
0.0715296
0.468968
0.496424
0.0586092
0.453952
0.117382
0.332497
0.291737
0.231358
0.42207
0.46305
0.475322
0.0833503
0.455373
0.0136172
0.30212
0.371913
0.339546
0.173556
0.490394
0.445434
0.0950781
0.18406
0.266489
0.0224087
0.0368211
0.0395808
0.476073
0.0548561
0.404837
0.459828
0.405743
0.247482
0.463786
0.127854
0.0264848
0.00762864
0.0278055
0.0278232
0.0626776
0.22727
0.441957
0.165775
0.243218
0.233865
0.385667
0.433059
0.112554
0.102228
0.351649
0.243366
0.0358703
0.483097
0.423575
0.411583
0.300833
0.192431
0.139467
0.0706448
0.133817
0.113367
0.132212
0.468449
0.256609
0.413069
0.214711
0.431669
0.414644
0.170329
0.190414
0.0104898
0.323772
0.0759702
0.470244
0.165008
0.282603
0.313879
0.34822
0.36019
0.464295
0.291423
0.299138
0.0950979
0.177152
0.377398
0.415307
0.399857
0.319036
0.36522
0.0828966
0.339943
0.35704
0.228434
0.433622
0.424354
0.0612929
0.422773
0.200293
0.327816
0.38961
0.139741
0.295673
0.0160232
0.446892
0.485301
0.14786
0.16912
0.277894
0.0758407
0.221277
0.397042
0.451881
0.372506
0.37381
0.249282
0.379777
0.152838
0.125703
0.262285
0.0949767
0.111832
0.406649
0.0345303
0.213915
0.0379883
0.0010002
0.0498729
0.466696
0.496299
0.307992
0.114631
0.406293
0.220584
0.489922
0.466954
0.130684
0.0510708
0.3961
0.445147
0.409222
0.406975
0.358234
0.354849
0.425021
0.443345
0.0723564
0.0964947
0.221261
0.270124
0.0662979
0.150546
0.272386
0.300789
0.437446
0.0680518
0.151983
0.417846
0.104693
0.280639
0.407715
0.490695
0.207197
0.382815
0.209671
0.23394
0.191263
0.309152
0.450588
0.155152
0.230067
0.241552
0.442983
0.192721
0.328336
0.0522892
0.486859
0.196992
0.168984
0.485154
0.039267
0.349962
0.0889748
0.171009
0.280099
0.466882
0.139752
0.48983
0.172684
0.472092
0.340007
0.456415
0.408235
0.11389
0.296459
0.402057
0.00443619
0.180495
0.417166
0.133315
0.0143255
0.429994
0.021339
0.308641
0.36535
0.0590707
0.0440821
0.0238918
0.472702
0.0434233
0.0122641
0.0319789
0.497732
0.400739
0.0319328
0.336301
0.102774
0.496382
0.165544
0.241608
0.298856
0.152374
0.0104796
0.172076
0.112596
0.0796275
0.224947
0.480321
0.292608
0.157679
0.123793
0.0816162
0.222854
0.289533
0.209854
0.0166328
0.0587542
0.493816
0.275359
0.138599
0.409218
0.422674
0.146193
0.155099
0.070969
0.0501301
0.127371
0.052031
0.407085
0.128658
0.103305
0.261954
0.335201
0.00610365
0.147871
0.288747
0.0475241
0.203811
0.488118
0.295782
0.379123
0.0307216
0.0570424
0.0395096
0.136792
0.0265141
0.465007
0.0713937
0.0213401
0.346701
0.0502885
0.12848
0.454103
0.30939
0.255474
0.329823
0.445736
0.280596
0.170891
0.138673
0.023382
0.274202
0.426239
0.438314
0.421724
0.0535596
0.168869
0.1051
0.114532
0.442254
0.09761
0.201424
0.0453829
0.357606
0.115312
0.112686
0.448312
0.47622
0.295979
0.327817
0.129385
0.20848
0.442793
0.0276098
0.316216
0.408779
0.435022
0.0670607
0.341275
0.168796
0.452619
0.388601
0.282814
0.149057
0.139697
0.406726
0.380133
0.293901
0.168516
0.188802
0.31279
0.369836
0.325353
0.00229346
0.390782
0.067936
0.22398
0.389188
0.0585032
0.246602
0.111267
0.200867
0.442686
0.168884
0.246884
0.0210911
0.156186
0.0439707
0.283675
0.114408
0.247316
0.128906
0.450047
0.158284
0.209931
0.225655
0.127829
0.199192
0.353218
0.340085
0.350354
0.36813
0.192462
0.101067
0.0218953
0.205404
0.342194
0.395701
0.221604
0.486687
0.260203
0.0148187
0.227453
0.174274
0.0529239
0.45349
0.0376634
0.204246
0.467479
0.234784
0.322141
0.379877
0.0800543
0.159839
0.282591
0.495636
0.070743
5.58382e-05
0.199452
0.2387
0.237192
0.182692
0.0932905
0.383724
0.0385179
0.152053
0.00895349
0.242306
0.331434
0.0659566
0.257841
0.384904
0.0262943
0.390184
0.327173
0.406894
0.474983
0.439501
0.119052
0.251957
0.437946
0.467897
0.235149
0.078296
0.256094
0.0963741
0.427872
0.302523
0.276261
0.0756015
0.333134
0.181909
0.407001
0.0826562
0.15518
0.200518
0.285004
0.243876
0.0461775
0.164301
0.140686
0.235404
0.203084
0.0431993
0.403476
0.343517
0.366318
0.43671
0.0812536
0.0504297
0.358225
0.498163
0.29183
0.158425
0.437829
0.100352
0.184361
0.364195
0.199706
0.0324214
0.141493
0.0629661
0.121502
0.109483
0.234604
0.0929017
0.0131246
0.479809
0.159793
0.047371
0.372136
0.310327
0.415901
0.186881
0.069819
0.303311
0.0114979
0.2029
0.430444
0.482504
0.0788899
0.0296857
0.40678
0.425515
0.112248
0.302908
0.466303
0.1043
0.175985
0.238828
0.487828
0.423241
0.499922
0.296619
0.414768
0.0640916
0.400223
0.208887
0.340496
0.211493
0.0597929
0.369317
0.31952
0.447485
0.348162
0.277753
0.445698
0.0772512
0.147869
0.215844
0.0404121
0.343181
0.0300484
0.0930748
0.308611
0.0651891
0.144133
0.323701
0.192499
0.330324
0.272148
0.108493
0.259321
0.265298
0.173438
0.367694
0.163465
0.436054
0.496562
0.148053
0.120673
0.0064542
0.156633
0.280029
0.00456737
0.384232
0.0230192
0.142218
0.438337
0.32036
0.498031
0.17786
0.407236
0.394743
0.415087
0.4602
0.494508
0.30685
0.0776596
0.104766
0.363184
0.137553
0.489907
0.240854
0.321771
0.204445
0.297756
0.473258
0.460415
0.196651
0.425989
0.258179
0.397502
0.0491069
0.232812
0.182359
0.0907001
0.0562271
0.437793
0.147512
0.131821
0.289514
0.451001
0.127432
0.136153
0.184924
0.238737
0.264773
0.163476
0.118776
0.312122
0.218883
0.463216
0.263737
0.485978
0.0536847
0.348137
0.080362
0.00328631
0.0819969
0.281909
0.479085
0.0906951
0.0546483
0.162467
0.210101
0.248323
0.322102
0.126389
0.0848315
0.186846
0.104021
0.0549441
0.0864916
0.0204825
0.107403
0.379916
0.125488
0.179242
0.343823
0.0507715
0.17814
0.200292
0.346254
0.40301
0.307578
0.138494
0.389429
0.163345
0.299996
0.451486
0.416298
0.428102
0.00710113
0.375815
0.38661
0.378595
0.319177
0.137735
0.239811
0.457228
0.308269
0.314827
0.229306
0.161153
0.486497
0.37145
0.492766
0.441303
0.282168
0.280464
0.405827
0.0826531
0.411441
0.27324
0.384523
0.0302286
0.433713
0.0467304
0.293679
0.292594
0.246162
0.22667
0.250742
0.162635
0.371261
0.425522
0.232057
0.14106
0.0981803
0.337757
0.164012
0.212238
0.285441
0.337877
0.366023
0.320219
0.0518339
0.452196
0.384856
0.324839
0.262275
0.186966
0.0777286
0.417858
0.445102
0.44563
0.250195
0.465688
0.300362
0.448801
0.297551
0.271384
0.221301
0.0832988
0.0270069
0.0514694
0.152878
0.212088
0.121808
0.474523
0.254234
0.0452572
0.345832
0.364376
0.272395
0.432807
0.453757
0.321622
0.0307444
0.231849
0.0719511
0.237748
0.199958
0.422049
0.330879
0.375794
0.466213
0.201475
0.371464
0.263484
0.20962
0.0573173
0.203974
0.217267
0.42639
0.048729
0.285165
0.000944383
0.395601
0.397916
0.192393
0.267178
0.23306
0.205766
0.335031
0.365276
0.171455
0.29425
0.254763
0.389662
0.0413962
0.0433598
0.0562863
0.0401146
0.339116
0.208777
0.285872
0.25145
0.493439
0.260373
0.37245
0.395338
0.48042
0.313023
0.377877
0.163308
0.475012
0.381435
0.411401
0.495049
0.424662
0.490533
0.367844
0.341527
0.132467
0.232432
0.197437
0.354198
0.453
0.159773
0.333609
0.210279
0.0410304
0.0319612
0.147462
0.144268
0.213977
0.333949
0.396292
0.0170241
0.0580785
0.224197
0.44884
0.0591584
0.0441407
0.0563916
0.0402907
0.15327
0.442579
0.384699
0.202124
0.031916
0.0137756
0.290565
0.170399
0.161866
0.275988
0.455461
0.173792
0.441205
0.049912
0.0029623
0.290727
0.469599
0.0802649
0.209089
0.122267
0.363386
0.427319
0.0550607
0.0113695
0.410274
0.295282
0.204269
0.434933
0.311822
0.262873
0.117199
0.0663498
0.0985216
0.450717
0.0757702
0.244498
0.259534
0.399697
0.132668
0.160107
0.178494
0.446671
0.30201
0.280004
0.0645531
0.224662
0.394479
0.249869
0.404197
0.342553
0.111775
0.450906
0.209312
0.0263618
0.0502185
0.317534
0.409585
0.445424
0.42899
0.0620931
0.0261755
0.470347
0.322058
0.287204
0.396652
0.286799
0.210494
0.113363
0.310677
0.144432
0.419433
0.00333404
0.308639
0.281037
0.206565
0.348799
0.422299
0.40907
0.0310773
0.0994745
0.363077
0.468799
0.0675125
0.089631
0.139601
0.476306
0.411032
0.158885
0.0957518
0.265636
0.331949
0.408613
0.172258
0.235512
0.419928
0.295835
0.311815
0.0586406
0.163405
0.38458
0.337054
0.345111
0.448266
0.17019
0.0541037
0.323184
0.251772
0.0127865
0.478131
0.0167101
0.432601
0.487935
0.381371
0.16713
0.0645841
0.33978
0.253771
0.231529
0.178471
0.23656
0.400487
0.351487
0.120492
0.0409748
0.422733
0.348769
0.425586
0.256779
0.116791
0.38435
0.163296
0.464765
0.242676
0.191511
0.0312215
0.260848
0.255629
0.239053
0.0397498
0.128929
0.0414186
0.227974
0.306937
0.0727747
0.265761
0.107825
0.227862
0.273227
0.438786
0.404439
0.421693
0.187011
0.241645
0.368829
0.324766
0.346526
0.0825518
0.0308693
0.381077
0.219753
0.49676
0.117334
0.384249
0.237446
0.116447
0.371238
0.40782
0.460775
0.483977
0.190845
0.293864
0.144415
0.421475
0.247797
0.0829503
0.0237296
0.191614
0.103396
0.400077
0.224226
0.46375
0.0319891
0.35984
0.0391922
0.0451582
0.195795
0.327229
0.0575568
0.342825
0.364461
0.0351184
0.437198
0.2148
0.10646
0.39214
0.0256118
0.363961
0.322567
0.450827
0.12487
0.0677336
0.371599
0.190973
0.403944
0.156043
0.036027
0.111374
0.279738
0.311837
0.0738322
0.328553
0.347679
0.0238198
0.439837
0.0267987
0.050648
0.153706
0.474953
0.372628
0.466783
0.358917
0.448293
0.440491
0.185711
0.039107
0.491374
0.446607
0.370676
0.0385355
0.334935
0.164999
0.490509
0.257826
0.199926
0.424138
0.39841
0.314002
0.0104671
0.0336828
0.0598337
0.377457
0.296994
0.457419
0.243791
0.233343
0.204173
0.478939
0.422509
0.122088
0.075615
0.0584508
0.334238
0.152764
0.274079
0.469382
0.0914005
0.431922
0.0329773
0.158496
0.127842
0.371447
0.497091
0.478805
0.0194917
0.028764
0.174897
0.495811
0.454998
0.372288
0.222559
0.318921
0.127949
0.369908
0.444169
0.325276
0.149147
0.0682063
0.211195
0.0458127
0.393394
0.399326
0.466309
0.305837
0.485572
0.339399
0.326013
0.246708
0.459136
0.000188595
0.479056
0.00276397
0.377881
0.00139768
0.492905
0.329111
0.368897
0.016598
0.391088
0.241482
0.368686
0.167033
0.00573012
0.46851
0.311619
0.145048
0.400776
0.0683438
0.194185
0.257408
0.314247
0.123824
0.212221
0.39748
0.497397
0.310969
0.101753
0.177708
0.402945
0.00140201
0.105711
0.207925
0.465069
0.186861
0.155308
0.403193
0.244828
0.0388326
0.490846
0.0935941
0.21378
0.0837996
0.475146
0.418931
0.0963985
0.389019
0.274599
0.0888903
0.372236
0.0290753
0.22708
0.123848
0.0886071
0.0128719
0.489922
0.447184
0.0938578
0.476922
0.200175
0.445397
0.163212
0.335668
0.196907
0.350313
0.450092
0.374573
0.49297
0.0156411
0.405015
0.487564
0.361173
0.0796298
0.11432
0.0171602
0.165061
0.33281
0.227628
0.432909
0.0433803
0.28505
0.274991
0.470234
0.204036
0.374337
0.183937
0.295954
0.430061
0.139901
0.358221
0.32599
0.307178
0.13818
0.392122
0.412209
0.0884716
0.289507
0.187915
0.265341
0.283036
0.0686731
0.194098
0.0751647
0.336994
0.0903087
0.165631
0.322765
0.339846
0.271434
0.195444
0.107237
0.28762
0.193916
0.412684
0.394443
0.145977
0.338821
0.274385
0.261746
0.438365
0.0568941
0.0836592
0.392476
0.321967
0.493188
0.492099
0.0594202
0.170991
0.452165
0.233303
0.029041
0.454398
0.109677
0.0876202
0.478326
0.143193
0.0217922
0.197886
0.0141471
0.308767
0.0035199
0.397807
0.450338
0.354469
0.343537
0.437489
0.469209
0.161652
0.158831
0.106346
0.370149
0.111158
0.384924
0.177239
0.0959534
0.071941
0.336593
0.19548
0.294552
0.218679
0.0886903
0.483402
0.0962389
0.466478
0.229054
0.35012
0.200099
0.487805
0.172352
0.114332
0.0131639
0.127476
0.0259689
0.346234
0.0764717
0.056816
0.0322282
0.0966076
0.0574008
0.037143
0.425145
0.143878
0.260799
0.102699
0.418653
0.49332
0.0949934
0.0594289
0.255453
0.499973
0.26484
0.24207
0.294203
0.254315
0.303912
0.119433
0.484992
0.41688
0.412389
0.306312
0.000639613
0.367273
0.0564637
0.37795
0.460323
0.150087
0.38844
0.215426
0.042896
0.26391
0.353213
0.391777
0.264674
0.311776
0.304556
0.371428
0.449782
0.0771236
0.121366
0.399828
0.0937752
0.326768
0.106609
0.344614
0.29122
0.39282
0.396638
0.180778
0.0274627
0.123325
0.0914333
0.134841
0.0206759
0.0942092
0.332416
0.389834
0.0234381
0.473512
0.458167
0.454997
0.369082
0.256741
0.123584
0.400448
0.376562
0.336297
0.19795
0.305124
0.0428921
0.318441
0.294703
0.451155
0.272797
0.401302
0.222337
0.0831809
0.474059
0.423256
0.383256
0.328407
0.421426
0.282081
0.446226
0.112269
0.333559
0.414132
0.348514
0.403189
0.0723725
0.465033
0.0752597
0.254114
0.452724
0.43788
0.0550967
0.0823459
0.0175065
0.183549
0.100606
0.224954
0.198016
0.0155132
0.417638
0.134993
0.43549
0.356687
0.475698
0.332474
0.214963
0.229558
0.248991
0.410024
0.169266
0.107685
0.139931
0.111237
0.295889
0.383975
0.0292422
0.172651
0.2235
0.159806
0.463522
0.249112
0.43364
0.102654
0.206333
0.156085
0.436303
0.095529
0.315633
0.268449
0.399921
0.349058
0.251407
0.448858
0.415275
0.0597864
0.304565
0.153342
0.431937
0.272451
0.0230537
0.0189771
0.432438
0.488956
0.304253
0.498068
0.324916
0.115224
0.044419
0.0129931
0.0458371
0.354526
0.165453
0.291849
0.410726
0.15121
0.0657082
0.461247
0.257597
0.223824
0.012978
0.151366
0.054119
0.266455
0.271921
0.169961
0.0289621
0.159955
0.251988
0.165007
0.418309
0.341799
0.201703
0.386505
0.452338
0.109024
0.346779
0.0215892
0.340403
0.0506783
0.368
0.286094
0.328591
0.454991
0.0947005
0.261379
0.214874
0.0459442
0.214772
0.446326
0.314867
0.360962
0.495759
0.308473
0.309582
0.27609
0.406314
0.250381
0.193911
0.360431
0.415136
0.421189
0.434008
0.344114
0.0267827
0.0903824
0.170387
0.413006
0.0512915
0.330864
0.343208
0.40137
0.0673564
0.329316
0.422927
0.296329
0.256495
0.129536
0.193613
0.0540862
0.0969747
0.223078
0.432618
0.269422
0.00955552
0.413228
0.26819
0.151851
0.249943
0.403642
0.3694
0.412383
0.312209
0.290145
0.0585632
0.125215
0.119721
0.079975
0.0473387
0.423347
0.471048
0.121831
0.130585
0.243645
0.323019
0.32528
0.157952
0.435865
0.136044
0.280422
0.00746069
0.275438
0.391903
0.187282
0.157794
0.108303
0.0946768
0.276371
0.0808911
0.0477848
0.263878
0.382701
0.322227
0.331618
0.167326
0.338608
0.305815
0.328048
0.471003
0.0177022
0.0818018
0.402816
0.115028
0.412844
0.148207
0.276391
0.178893
0.11306
0.330918
0.418663
0.254896
0.0838009
0.438002
0.45527
0.49499
0.205903
0.440417
0.457643
0.481392
0.12342
0.430579
0.0229057
0.452842
0.449335
0.216519
0.337941
0.113365
0.219636
0.00035126
0.285662
0.285114
0.436904
0.0279843
0.365155
0.427155
0.449121
0.478902
0.238427
0.0229374
0.440776
0.271646
0.0157132
0.395281
0.222401
0.207682
0.0823795
0.102686
0.37066
0.263434
0.4404
0.0281348
0.251072
0.401693
0.476164
0.0236326
0.0349396
0.0277644
0.0171733
0.312792
0.0643669
0.415663
0.449338
0.180944
0.216114
0.312655
0.433384
0.0584759
0.236106
0.468112
0.486053
0.298321
0.159589
0.481169
0.434775
0.492407
0.273121
0.311316
0.272292
0.403103
0.318009
0.221792
0.442087
0.202671
0.0625164
0.236536
0.491568
0.0240046
0.0927345
0.281065
0.205829
0.496442
0.377677
0.174013
0.351876
0.247668
0.36974
0.151322
0.0457669
0.432324
0.201723
0.486071
0.230746
0.445037
0.359114
0.344588
0.0038843
0.19474
0.0421454
0.359322
0.435631
0.372126
0.115519
0.0507256
0.428061
0.10624
0.481645
0.478308
0.0934661
0.462026
0.14137
0.113606
0.0984407
0.420279
0.437749
0.408027
0.106044
0.456089
0.155149
0.363635
0.00943062
0.102435
0.48755
0.326697
0.437019
0.0719963
0.444229
0.418154
0.327507
0.0922359
0.153961
0.432675
0.231643
0.174997
0.214668
0.103265
0.358474
0.040663
0.246176
0.00086082
0.411979
0.405901
0.499943
0.16134
0.0775502
0.24012
0.199546
0.184003
0.438169
0.425461
0.496164
0.388001
0.40164
0.404047
0.368891
0.243208
0.380437
0.359581
0.153295
0.290565
0.415357
0.112559
0.394288
0.449567
0.306866
0.17336
0.470032
0.276966
0.200874
0.11842
0.0796814
0.425175
0.258595
0.0642598
0.214424
0.269901
0.266349
0.304332
0.202187
0.186941
0.256902
0.0457626
0.222956
0.495423
0.318728
0.397955
0.303755
0.120456
0.365786
0.192673
0.0177814
0.0184796
0.283867
0.0852536
0.306905
0.0438038
0.318975
0.0377829
0.224892
0.389853
0.0404653
0.415693
0.24252
0.422549
0.111916
0.346921
0.175476
0.0297217
0.303978
0.364488
0.480236
0.167288
0.257123
0.455458
0.128352
0.202551
0.472688
0.107545
0.110747
0.283976
0.105398
0.0241474
0.263298
0.136258
0.0303135
0.473896
0.0443946
0.454903
0.245764
0.465743
0.46324
0.00558596
0.288027
0.168383
0.461678
0.40451
0.013564
0.406121
0.427701
0.135386
0.343484
0.204007
0.478892
0.149403
0.0590144
0.374714
0.34055
0.383963
0.135416
0.0487927
0.275861
0.445757
0.257635
0.468838
0.15203
0.239909
0.379601
0.276208
0.472785
0.429925
0.479296
0.00508173
0.0281914
0.207843
0.485484
0.0110948
0.239515
0.0994434
0.374239
0.158211
0.170269
0.0691886
0.272429
0.184748
0.473087
0.401746
0.382284
0.294093
0.0122285
0.0836511
0.430608
0.0532286
0.388173
0.286733
0.12553
0.127967
0.266587
0.14527
0.203705
0.0921426
0.0301017
0.137013
0.205207
0.482932
0.40681
0.323923
0.209133
0.259083
0.0414172
0.015944
0.18994
0.285823
0.448975
0.108915
0.156159
0.211583
0.49049
0.168773
0.255547
0.0187076
0.326078
0.0257376
0.473322
0.383877
0.204456
0.175987
0.0155782
0.144049
0.235248
0.120389
0.0137618
0.359936
0.338823
0.0906573
0.067162
0.0401102
0.0813309
0.097567
0.0705339
0.233178
0.362357
0.29288
0.168334
0.220507
0.0396868
0.159845
0.40373
0.114931
0.238419
0.164565
0.260862
0.0678539
0.316725
0.324404
0.35719
0.144158
0.342685
0.0266804
0.256689
0.486259
0.39862
0.192145
0.424827
0.260131
0.0722452
0.088677
0.116474
0.270976
0.446796
0.310996
0.315044
0.127673
0.172355
0.436179
0.26529
0.105835
0.0232049
0.410972
0.156484
0.451269
0.0346549
0.328165
0.313425
0.430104
0.00907359
0.393039
0.489285
0.479765
0.104458
0.288698
0.379298
0.46627
0.417703
0.0270686
0.0932784
0.287568
0.0747533
0.160918
0.0468732
0.468768
0.295091
0.356172
0.0180206
0.421183
0.240855
0.442337
0.13156
0.240974
0.0515307
0.315442
0.399291
0.221605
0.242166
0.34064
0.476421
0.173872
0.373042
0.0526105
0.272649
0.0735058
0.426319
0.0780121
0.454624
0.484565
0.323356
0.386395
0.126886
0.491346
0.235995
0.0296715
0.214437
0.476397
0.365393
0.255275
0.378673
0.330473
0.339999
0.308634
0.469626
0.00472594
0.305537
0.395207
0.294437
0.00792174
0.207738
0.403855
0.311027
0.413448
0.0947148
0.339246
0.136472
0.433111
0.459993
0.442763
0.0940965
0.00720651
0.00717194
0.155326
0.467529
0.382749
0.118963
0.0818152
0.442672
0.142722
0.461022
0.130397
0.111572
0.307248
0.326812
0.430085
0.300695
0.26004
0.144047
0.369903
0.238175
0.0275894
0.204507
0.280974
0.261577
0.130504
0.163899
0.0110434
0.413936
0.472017
0.281516
0.266062
0.108926
0.273088
0.153762
0.446519
0.246573
0.0111411
0.341986
0.352665
0.112756
0.38428
0.132698
0.122459
0.435817
0.0779267
0.104293
0.383092
0.141853
0.238992
0.444318
0.109947
0.139932
0.105749
0.378403
0.0986729
0.0758801
0.351058
0.278082
0.254093
0.0677006
0.383116
0.229284
0.305515
0.329842
0.231642
0.114441
0.27779
0.112908
0.207839
0.214622
0.0215532
0.0389343
0.352495
0.428205
0.259343
0.161858
0.226365
0.46141
0.0958319
0.0933785
0.408232
0.133933
0.413846
0.424168
0.0656613
0.198499
0.411074
0.260694
0.177921
0.0628009
0.0877193
0.263063
0.30547
0.371
0.369455
0.0869754
0.211026
0.222323
0.324033
0.0336315
0.497941
0.127456
0.419119
0.129074
0.206354
0.208465
0.273246
0.375976
0.319565
0.292001
0.405349
0.336208
0.3149
0.4141
0.10973
0.254895
0.0370262
0.411261
0.0254013
0.0723584
0.178603
0.108416
0.468946
0.288757
0.283999
0.099531
0.129904
0.34991
0.316773
0.048819
0.243366
0.0673998
0.180132
0.195814
0.0463253
0.330369
0.490548
0.0300091
0.367249
0.222413
0.0763429
0.192588
0.00137597
0.0395595
0.413013
0.174349
0.481106
0.48285
0.18227
0.498712
0.0893497
0.0425788
0.128692
0.32329
0.096173
0.325422
0.0221373
0.357667
0.0722504
0.0278819
0.0609101
0.101547
0.0774864
0.110428
0.0744583
0.157371
0.105185
0.360213
0.119085
0.0938654
0.43111
0.28317
0.0789668
0.439087
0.256866
0.178712
0.370318
0.0986488
0.0168228
0.315327
0.340805
0.140497
0.440177
0.0393739
0.110699
0.103375
0.412077
0.0617192
0.427454
0.491793
0.0816405
0.430134
0.221548
0.463642
0.226255
0.115147
0.438064
0.0236732
0.0412152
0.222212
0.46437
0.260846
0.206266
0.0554508
0.027768
0.342431
0.44525
0.262941
0.355616
0.462919
0.485262
0.208663
0.0912483
0.179858
0.215513
0.363173
0.468374
0.318206
0.305731
0.158107
0.450247
0.234461
0.166096
0.386435
0.432937
0.374477
0.49649
0.281522
0.0489032
0.485564
0.0976029
0.00736873
0.0517555
0.133244
0.40007
0.0267656
0.0387162
0.4831
0.344411
0.473611
0.306553
0.123954
0.332744
0.48338
0.231624
0.0935093
0.225887
0.378075
0.116488
0.113295
0.0139364
0.0582756
0.215107
0.315873
0.316344
0.0277449
0.00599753
0.251784
0.224983
0.22102
0.45742
0.0725143
0.381094
0.480416
0.35956
0.202933
0.249227
0.347692
0.483966
0.324551
0.227372
0.212424
0.177882
0.199747
0.406156
0.161984
0.177519
0.465427
0.0889764
0.178255
0.20609
0.0289432
0.221784
0.148232
0.445443
0.204263
0.00237218
0.227046
0.479309
0.155193
0.475737
0.0932395
