0   1.63342   0
5000   1.57905   0.0543736
10000   1.52958   0.0585914
15000   1.53228   0.0415186
20000   1.54599   0.0349583
25000   1.54937   0.0287436
30000   1.53795   0.0268438
35000   1.52441   0.0269026
40000   1.53561   0.0262352
45000   1.5356   0.0234655
50000   1.52999   0.021954
55000   1.53633   0.0210199
60000   1.52718   0.0213916
65000   1.52374   0.0201017
70000   1.52625   0.0188807
75000   1.52973   0.0180017
80000   1.52557   0.0174139
85000   1.52024   0.0172608
90000   1.51673   0.0166997
95000   1.51321   0.0162292
100000   1.51753   0.0160292
105000   1.51623   0.0153383
110000   1.51539   0.0146803
115000   1.51825   0.0143422
120000   1.51982   0.0138459
125000   1.51638   0.0137395
130000   1.51327   0.013581
135000   1.5101   0.0134653
140000   1.50925   0.0130209
145000   1.5074   0.012714
150000   1.50437   0.0126643
155000   1.5057   0.0123337
160000   1.50489   0.0119814
165000   1.50274   0.0118213
170000   1.5024   0.0114838
175000   1.50046   0.0113274
180000   1.50074   0.0110207
185000   1.5004   0.0107322
190000   1.50011   0.0104576
195000   1.50039   0.0101968
200000   1.50076   0.00995192
205000   1.49991   0.00974942
210000   1.50321   0.010076
215000   1.50391   0.00986908
220000   1.50232   0.00977764
225000   1.50046   0.00974137
230000   1.50068   0.00953429
235000   1.50323   0.00967767
240000   1.5032   0.00947816
245000   1.50356   0.00929358
250000   1.50505   0.00923079
255000   1.50377   0.00914207
260000   1.50287   0.00901262
265000   1.50441   0.0089764
270000   1.50367   0.00884234
275000   1.5042   0.00869917
280000   1.50474   0.00856185
285000   1.50679   0.00865938
290000   1.50646   0.00851763
295000   1.50621   0.00837816
300000   1.50586   0.00824699
305000   1.50615   0.00811788
310000   1.50684   0.00801758
315000   1.50727   0.00790289
320000   1.50743   0.00778216
325000   1.50811   0.0076935
330000   1.50778   0.00758495
335000   1.50759   0.00747522
340000   1.50605   0.00752401
345000   1.50791   0.00764529
350000   1.50806   0.00753824
355000   1.50889   0.00747919
360000   1.50908   0.00737842
365000   1.50883   0.00728235
370000   1.50776   0.00726264
375000   1.50562   0.00747883
380000   1.50627   0.00740912
385000   1.50831   0.00759373
390000   1.50709   0.00759667
395000   1.5063   0.00754213
400000   1.50557   0.0074841
405000   1.50685   0.00750208
410000   1.50703   0.00741335
415000   1.50687   0.00732634
420000   1.50716   0.00724534
425000   1.50649   0.00719195
430000   1.50658   0.00710946
435000   1.50592   0.00705911
440000   1.50564   0.00698497
445000   1.50533   0.00691401
450000   1.50446   0.00689282
455000   1.50499   0.00683817
460000   1.5048   0.00676696
465000   1.50482   0.0066946
470000   1.50475   0.00662411
475000   1.50507   0.00656257
480000   1.50464   0.00650868
485000   1.50456   0.00644235
490000   1.50428   0.00638338
495000   1.50439   0.00632031
500000   1.50433   0.00625777
505000   1.5037   0.00622826
510000   1.50351   0.00617027
515000   1.50427   0.00615776
520000   1.50453   0.00610417
525000   1.50471   0.00604909
530000   1.50449   0.00599634
535000   1.5034   0.00603878
540000   1.50321   0.00598625
545000   1.50299   0.00593579
550000   1.50458   0.00609444
555000   1.50489   0.00604754
560000   1.50525   0.00600493
565000   1.50532   0.0059524
570000   1.50604   0.00594376
575000   1.50528   0.00594117
580000   1.50534   0.00589048
585000   1.50557   0.00584513
590000   1.50628   0.00583812
595000   1.50681   0.00581412
600000   1.50652   0.00577344
605000   1.50592   0.0057571
610000   1.50614   0.00571451
615000   1.50643   0.00567568
620000   1.50593   0.00565254
625000   1.50622   0.00561482
630000   1.50616   0.00557079
635000   1.50611   0.00552725
640000   1.50648   0.00549668
645000   1.50577   0.00550065
650000   1.50619   0.00547487
655000   1.5055   0.00547782
660000   1.50513   0.00544874
665000   1.50565   0.00543238
670000   1.50571   0.00539238
675000   1.5052   0.00537689
680000   1.505   0.00534139
685000   1.50519   0.00530591
690000   1.50546   0.0052749
695000   1.50546   0.00523709
700000   1.50529   0.00520251
705000   1.50506   0.00517057
710000   1.50477   0.00514298
715000   1.50412   0.00514769
720000   1.50406   0.00511237
725000   1.50389   0.00508023
730000   1.50362   0.005053
735000   1.50312   0.00504278
740000   1.50338   0.00501529
745000   1.50271   0.005026
750000   1.5024   0.00500236
755000   1.5022   0.00497323
760000   1.50299   0.00500224
765000   1.50264   0.00498183
770000   1.50313   0.00497355
775000   1.50304   0.00494224
780000   1.50289   0.00491311
785000   1.50305   0.00488449
790000   1.50322   0.00485685
795000   1.503   0.00483169
800000   1.5028   0.00480545
805000   1.50237   0.00479507
810000   1.50357   0.0049134
815000   1.50367   0.00488431
820000   1.50368   0.00485463
825000   1.50367   0.00482531
830000   1.50285   0.00486559
835000   1.50307   0.00484132
840000   1.50376   0.00486196
845000   1.50328   0.00485662
850000   1.50336   0.00482878
855000   1.50274   0.00484081
860000   1.50252   0.00481776
865000   1.50294   0.00480797
870000   1.50272   0.00478512
875000   1.50248   0.00476403
880000   1.50259   0.00473838
885000   1.50281   0.00471666
890000   1.50296   0.00469263
895000   1.50312   0.00466927
900000   1.50369   0.00467825
905000   1.5034   0.0046617
910000   1.50331   0.00463691
915000   1.50292   0.00462867
920000   1.50309   0.00460666
925000   1.50386   0.00464587
930000   1.50295   0.00470808
935000   1.50317   0.00468778
940000   1.50316   0.00466291
945000   1.50289   0.00464655
950000   1.50306   0.00462553
955000   1.50288   0.00460503
960000   1.50361   0.00463825
965000   1.50286   0.00467496
970000   1.5029   0.00465115
975000   1.50311   0.00463226
980000   1.50315   0.00460884
985000   1.50316   0.00458551
990000   1.5031   0.00456271
995000   1.50326   0.00454249
