0   5.16   0
5000   5.05197   0.108031
10000   5.19721   0.158064
15000   5.2334   0.11748
20000   5.154   0.12077
25000   5.17243   0.100315
30000   5.15028   0.0876272
35000   5.13812   0.0768554
40000   5.10459   0.0756196
45000   5.04701   0.088828
50000   5.05944   0.0813037
55000   5.05252   0.0745413
60000   5.03268   0.0713812
65000   5.0721   0.076951
70000   5.04883   0.075321
75000   5.04635   0.0705003
80000   5.04875   0.0662669
85000   5.0168   0.0701691
90000   5.0177   0.0663795
95000   5.02992   0.0641475
100000   5.02963   0.0610171
105000   5.04913   0.0613591
110000   5.04665   0.0586832
115000   5.03142   0.0582129
120000   5.03217   0.055841
125000   5.03331   0.0536623
130000   5.03984   0.0520482
135000   5.02433   0.0525006
140000   5.02362   0.0506629
145000   4.99722   0.0556108
150000   5.01506   0.0566707
155000   4.99161   0.0596732
160000   4.98522   0.0581888
165000   4.97903   0.0567899
170000   4.96221   0.0576517
175000   4.9662   0.0561693
180000   4.966   0.0546305
185000   4.95534   0.0542316
190000   4.95   0.0530926
195000   4.95472   0.0519638
200000   4.95868   0.0508347
205000   4.9604   0.0496395
210000   4.95218   0.0491646
215000   4.95183   0.0480355
220000   4.95812   0.0473753
225000   4.96787   0.0473481
230000   4.97043   0.0464004
235000   4.97165   0.0454399
240000   4.97294   0.0445214
245000   4.97363   0.0436275
250000   4.98064   0.0433341
255000   4.98249   0.0425329
260000   4.97679   0.0421103
265000   4.97295   0.0415014
270000   4.98133   0.041594
275000   4.99042   0.0418418
280000   4.99023   0.0411016
285000   4.98681   0.0405311
290000   4.98152   0.0401885
295000   4.98172   0.0395135
300000   4.98114   0.0388647
305000   4.97302   0.0390856
310000   4.96592   0.039109
315000   4.96389   0.0385468
320000   4.9558   0.0388014
325000   4.95547   0.0382104
330000   4.96239   0.0382656
335000   4.96283   0.0377013
340000   4.95647   0.0376923
345000   4.9521   0.0374057
350000   4.95359   0.0369052
355000   4.96003   0.0369539
360000   4.9562   0.0366443
365000   4.95251   0.0363335
370000   4.95518   0.0359449
375000   4.95215   0.0355976
380000   4.9476   0.0354256
385000   4.9494   0.0350145
390000   4.94597   0.0347378
395000   4.94228   0.034499
400000   4.93841   0.0342895
405000   4.94424   0.0343676
410000   4.95056   0.0345337
415000   4.94714   0.0342906
420000   4.9534   0.0344572
425000   4.9532   0.0340548
430000   4.95766   0.033956
435000   4.95697   0.0335751
440000   4.9589   0.0332519
445000   4.9576   0.0329061
450000   4.95635   0.0325667
455000   4.95408   0.0322903
460000   4.94998   0.0322042
465000   4.94904   0.0318736
470000   4.94813   0.0315492
475000   4.95107   0.0313561
480000   4.95048   0.0310367
485000   4.95965   0.0320571
490000   4.96296   0.0319039
495000   4.96353   0.0315884
500000   4.96246   0.0312923
505000   4.96168   0.0309939
510000   4.9591   0.0308
515000   4.96251   0.0306927
520000   4.96195   0.0304041
525000   4.9615   0.0301193
530000   4.96619   0.0302027
535000   4.97322   0.0307378
540000   4.97138   0.0305102
545000   4.97294   0.0302719
550000   4.97463   0.0300451
555000   4.96821   0.0304589
560000   4.97038   0.0302662
565000   4.97288   0.0301036
570000   4.97099   0.0299005
575000   4.9759   0.0300443
580000   4.97536   0.0297912
585000   4.97581   0.0295411
590000   4.97892   0.0294567
595000   4.97942   0.0292145
600000   4.97941   0.028972
605000   4.97666   0.0288655
610000   4.9753   0.028662
615000   4.97726   0.0284976
620000   4.98235   0.0287232
625000   4.98389   0.0285358
630000   4.98614   0.0283994
635000   4.99034   0.0284874
640000   4.98851   0.0283248
645000   4.99289   0.0284459
650000   4.99453   0.0282754
655000   4.99418   0.0280625
660000   4.99621   0.0279245
665000   4.99667   0.0277192
670000   4.99609   0.0275193
675000   4.99509   0.0273344
680000   4.99496   0.0271344
685000   4.99533   0.0269396
690000   4.99735   0.0268209
695000   4.99662   0.0266387
700000   4.99628   0.0264512
705000   4.99402   0.0263617
710000   4.99615   0.026263
715000   4.99445   0.0261352
720000   4.99432   0.0259546
725000   4.99582   0.0258204
730000   4.99239   0.0258737
735000   4.99338   0.0257176
740000   4.99449   0.0255684
745000   4.99235   0.0254874
750000   4.99154   0.0253312
755000   4.99181   0.0251654
760000   4.99019   0.0250528
765000   4.99066   0.0248942
770000   4.98936   0.0247672
775000   4.99059   0.0246386
780000   4.99079   0.0244819
785000   4.99326   0.0244514
790000   4.99508   0.0243652
795000   4.996   0.02423
800000   4.99672   0.0240899
805000   4.99776   0.0239631
810000   5.00011   0.023932
815000   4.99886   0.0238184
820000   5.00175   0.0238485
825000   4.99963   0.0237988
830000   5.00292   0.0238831
835000   4.99965   0.0239651
840000   4.99707   0.0239621
845000   4.99807   0.0238419
850000   4.99684   0.0237342
855000   4.99533   0.023644
860000   4.99518   0.0235074
865000   4.99421   0.023392
870000   4.99438   0.0232586
875000   4.99191   0.0232576
880000   4.99033   0.0231797
885000   4.9868   0.0233178
890000   4.98383   0.0233767
895000   4.98522   0.0232883
900000   4.9846   0.0231677
905000   4.98687   0.0231515
910000   4.98758   0.0230357
915000   4.98539   0.0230148
920000   4.98512   0.0228917
925000   4.98236   0.0229353
930000   4.98428   0.0228933
935000   4.98728   0.0229675
940000   4.98978   0.0229821
945000   4.99018   0.0228643
950000   4.9899   0.0227459
955000   4.98875   0.0226564
960000   4.9894   0.0225482
965000   4.99238   0.0226274
970000   4.99325   0.0225283
975000   4.9923   0.0224334
980000   4.99128   0.0223423
985000   4.98988   0.0222734
990000   4.98996   0.0221614
995000   4.98927   0.0220611
