0   14.715   0
130   13.8747   0.840297
260   14.2438   0.609578
390   14.0521   0.471736
520   14.0441   0.365493
650   14.9324   0.937032
780   14.5147   0.895342
910   14.6623   0.789314
1040   15.0414   0.792644
1170   15.0539   0.709073
1300   15.1524   0.648912
1430   15.3033   0.611273
1560   15.0059   0.636091
1690   15.1311   0.602068
1820   14.8596   0.622761
1950   14.8402   0.582865
2080   14.8003   0.548955
2210   14.8953   0.526202
2340   14.9139   0.498084
2470   14.9157   0.472528
2600   14.7559   0.477034
2730   14.85   0.464469
2860   14.9406   0.452965
2990   14.9531   0.433863
3120   14.9693   0.41646
3250   14.9281   0.402234
3380   14.9751   0.389885
3510   14.8618   0.392403
3640   14.8824   0.379192
3770   14.823   0.371116
3900   14.7195   0.373594
4030   14.7001   0.36225
4160   14.6803   0.351656
4290   14.7332   0.345233
4420   14.8134   0.344678
4550   14.7635   0.338666
4680   14.788   0.330298
4810   14.8005   0.321732
4940   14.741   0.318979
5070   14.7629   0.311674
5200   14.7395   0.304875
5330   14.7725   0.299346
5460   14.7488   0.293258
5590   14.7821   0.28844
5720   14.7874   0.282007
5850   14.8787   0.290547
5980   14.9062   0.285618
6110   14.9007   0.279659
6240   14.9357   0.27612
6370   14.9247   0.270764
6500   14.8981   0.266728
6630   14.911   0.261864
6760   14.9133   0.256886
6890   14.9815   0.261158
7020   14.9948   0.256706
7150   15.0579   0.259872
7280   15.0327   0.256514
7410   15.0272   0.252112
7540   14.9975   0.249577
7670   15.0124   0.245833
7800   15.0079   0.241811
7930   15.0166   0.23804
8060   15.0245   0.234363
8190   15.0509   0.232183
8320   15.0438   0.228695
8450   14.9981   0.229795
8580   15.017   0.227131
8710   15.024   0.223875
8840   15.0094   0.221092
8970   15.0404   0.220107
9100   15.0741   0.219595
9230   15.0459   0.218358
9360   15.026   0.216264
9490   14.9981   0.215141
9620   14.9962   0.212261
9750   14.9958   0.20945
9880   14.9474   0.212302
10010   14.928   0.210458
10140   14.9317   0.20781
10270   14.924   0.205339
10400   14.9164   0.202934
10530   14.9129   0.200473
10660   14.9276   0.198586
10790   14.914   0.196683
10920   14.9067   0.19449
11050   14.9057   0.192218
11180   14.8886   0.190765
11310   14.8806   0.188755
11440   14.8461   0.189779
11570   14.8514   0.187733
11700   14.8793   0.187743
11830   14.8611   0.186585
11960   14.8661   0.184636
12090   14.8557   0.182961
12220   14.8553   0.181025
12350   14.8507   0.179189
12480   14.8516   0.177334
12610   14.86   0.175714
12740   14.8543   0.174024
12870   14.8372   0.17312
