0   18.2916   0
200   16.3894   1.9022
400   16.1867   1.11679
600   16.0165   0.807822
800   15.7375   0.685131
1000   15.25   0.741968
1200   15.2666   0.627297
1400   15.3959   0.558422
1600   15.4383   0.494303
1800   15.4157   0.442695
2000   15.0638   0.533052
2200   15.1796   0.500198
2400   15.2955   0.474488
2600   15.2926   0.4393
2800   15.2814   0.409119
3000   15.1837   0.394964
3200   15.3284   0.398209
3400   15.424   0.387413
3600   15.3236   0.379951
3800   15.2701   0.364405
4000   15.227   0.349288
4200   15.1422   0.343663
4400   15.1045   0.330531
4600   15.0105   0.330142
4800   15.0083   0.316669
5000   15.0057   0.304257
5200   14.9978   0.292877
5400   14.9109   0.295306
5600   14.9129   0.284948
5800   14.9337   0.276078
6000   14.9132   0.267815
6200   14.94   0.260692
6400   15.0621   0.280642
6600   15.0306   0.274076
6800   15.0223   0.266261
7000   15.047   0.259941
7200   15.0299   0.2534
7400   15.133   0.26733
7600   15.1477   0.260799
7800   15.1611   0.254548
8000   15.1824   0.249173
8200   15.1521   0.245039
8400   15.129   0.240392
8600   15.1006   0.236571
8800   15.1115   0.231509
9000   15.0787   0.228771
9200   15.1211   0.227831
9400   15.0806   0.226694
9600   15.0932   0.22238
9800   15.0817   0.218191
10000   15.1012   0.214755
10200   15.0832   0.211353
10400   15.1069   0.208674
10600   15.0458   0.213677
10800   15.0003   0.214634
11000   15.0502   0.216587
11200   15.0469   0.212779
11400   15.0594   0.209455
11600   15.0129   0.211057
11800   15.0214   0.207683
12000   15.0102   0.204555
12200   15.0459   0.204373
12400   15.0553   0.201318
12600   15.0429   0.198533
12800   15.045   0.195466
13000   15.0158   0.194673
13200   15.0202   0.191796
13400   15.0201   0.188954
13600   15.0143   0.186285
13800   15.0392   0.18528
14000   15.0515   0.183069
14200   15.0282   0.182009
14400   15.0167   0.179867
14600   14.9687   0.183804
14800   14.9702   0.181343
15000   14.9858   0.179622
15200   14.9923   0.177393
15400   14.9877   0.175163
15600   14.9764   0.173303
15800   14.9757   0.171124
