0   4.89614   0
130   5.45332   0.557188
260   4.99644   0.558774
390   5.03852   0.397347
520   5.14029   0.324174
650   5.0378   0.283837
780   5.11056   0.250677
910   5.12644   0.217673
1040   5.21645   0.212025
1170   5.3464   0.229894
1300   5.20201   0.253162
1430   5.16321   0.234338
1560   5.22612   0.224551
1690   5.15234   0.220598
1820   5.21153   0.213725
1950   5.29712   0.21747
2080   5.32688   0.206434
2210   5.34925   0.195909
2340   5.32198   0.187307
2470   5.31724   0.177758
2600   5.33621   0.170142
2730   5.34854   0.162692
2860   5.33904   0.155748
2990   5.33867   0.149117
3120   5.32107   0.144108
3250   5.32315   0.13847
3380   5.30138   0.135008
3510   5.33233   0.133728
3640   5.33066   0.129045
3770   5.33309   0.124693
3900   5.39304   0.134681
4030   5.38991   0.130442
4160   5.36808   0.128299
4290   5.36464   0.124516
4420   5.34347   0.122747
4550   5.37678   0.123853
4680   5.33019   0.129155
4810   5.31803   0.126297
4940   5.31371   0.123092
5070   5.30328   0.120427
5200   5.30386   0.117455
5330   5.29622   0.114878
5460   5.31345   0.11349
5590   5.31501   0.110892
5720   5.33471   0.110175
5850   5.31826   0.109001
5980   5.34276   0.109434
6110   5.33139   0.107731
6240   5.31742   0.10643
6370   5.32982   0.105013
6500   5.32368   0.103116
6630   5.32363   0.101114
6760   5.31716   0.0993979
6890   5.30155   0.0987822
7020   5.32094   0.0988894
7150   5.31596   0.0972354
7280   5.31557   0.095515
7410   5.34315   0.0978202
7540   5.33508   0.0964858
7670   5.32675   0.0952291
7800   5.34922   0.096312
7930   5.35284   0.094815
8060   5.34135   0.094002
8190   5.32856   0.0934013
8320   5.33574   0.0922326
8450   5.34246   0.091073
8580   5.34407   0.0897178
8710   5.33472   0.0888821
8840   5.3448   0.0881636
8970   5.34349   0.0869049
9100   5.32488   0.0876707
9230   5.33038   0.0866195
9360   5.33466   0.0855321
9490   5.33919   0.0844896
9620   5.33524   0.083449
9750   5.33038   0.0824871
9880   5.34429   0.0825891
10010   5.35961   0.0829508
10140   5.34617   0.0829897
10270   5.33591   0.0825853
10400   5.33797   0.0815853
10530   5.34635   0.0810191
10660   5.34537   0.080043
10790   5.35893   0.0802389
10920   5.35945   0.079291
11050   5.35893   0.0783653
11180   5.36411   0.0776325
11310   5.36338   0.0767488
11440   5.37197   0.0763669
11570   5.3803   0.0759716
11700   5.38455   0.0752524
11830   5.38015   0.0745601
11960   5.3805   0.0737548
12090   5.37925   0.0729767
12220   5.38   0.0722083
12350   5.38331   0.0715287
12480   5.39043   0.0711452
12610   5.38195   0.0709249
12740   5.3883   0.0704915
12870   5.39206   0.0698846
