0   4.9805   0
200   5.07343   0.0929364
400   5.31974   0.252079
600   5.40151   0.19611
800   5.50927   0.186243
1000   5.63154   0.195131
1200   5.60468   0.167088
1400   5.56204   0.150855
1600   5.51749   0.140303
1800   5.48222   0.130353
2000   5.53608   0.129629
2200   5.4719   0.13462
2400   5.48094   0.124162
2600   5.43401   0.124163
2800   5.4596   0.118388
3000   5.54863   0.142091
3200   5.5103   0.138866
3400   5.53134   0.132605
3600   5.5378   0.125598
3800   5.5771   0.125469
4000   5.59783   0.12113
4200   5.6061   0.115789
4400   5.58118   0.113411
4600   5.59214   0.109134
4800   5.56701   0.10765
5000   5.55497   0.104126
5200   5.53193   0.102812
5400   5.54243   0.0996272
5600   5.53696   0.0962858
5800   5.54237   0.0931778
6000   5.54521   0.0901667
6200   5.53922   0.0875088
6400   5.50241   0.0924565
6600   5.52854   0.0934245
6800   5.52919   0.0907183
7000   5.52084   0.0885572
7200   5.51576   0.0862803
7400   5.49376   0.0868131
7600   5.51832   0.0880527
7800   5.53265   0.0870118
8000   5.53523   0.0849023
8200   5.51627   0.0849984
8400   5.54303   0.0872055
8600   5.52331   0.0874523
8800   5.51015   0.0864945
9000   5.51823   0.0849785
9200   5.51619   0.0831757
9400   5.54653   0.0868901
9600   5.54508   0.0851107
9800   5.54663   0.0834057
10000   5.55721   0.0824345
10200   5.56475   0.0811848
10400   5.56486   0.0796384
10600   5.57798   0.0792431
10800   5.58604   0.0782059
11000   5.55417   0.0831471
11200   5.53481   0.0839385
11400   5.52266   0.0833695
11600   5.53296   0.0825891
11800   5.50538   0.0857555
12000   5.49846   0.0846212
12200   5.49519   0.0833094
12400   5.47543   0.084325
12600   5.46884   0.0832579
12800   5.45621   0.0829353
13000   5.46428   0.0820676
13200   5.44274   0.0836554
13400   5.44293   0.0824162
13600   5.44399   0.0812199
13800   5.43069   0.0811473
14000   5.42765   0.0800542
14200   5.43065   0.0789917
14400   5.44282   0.0788472
14600   5.45257   0.0783829
14800   5.46113   0.0778031
15000   5.45448   0.0770599
15200   5.45468   0.0760528
15400   5.46556   0.0758554
15600   5.46352   0.0749169
15800   5.46301   0.0739762
