1   10.3411
2   10.2143
3   10.1391
4   10.0942
5   10.0842
6   10.0056
7   9.95499
8   9.92803
9   9.99461
10   9.94817
11   9.92407
12   9.81415
13   9.79905
14   9.79249
15   9.78664
16   9.79743
17   9.84803
18   9.7854
19   9.80781
20   9.85629
21   9.94728
22   9.87629
23   9.81412
24   9.79059
25   9.85885
26   9.81641
27   9.81451
28   9.83574
29   9.76908
30   9.77119
31   9.92178
32   9.9474
33   9.91236
34   9.9187
35   9.86925
36   9.97953
37   9.8479
38   9.82174
39   9.80123
40   9.82033
41   9.78353
42   9.80943
43   9.79343
44   9.80803
45   9.82481
46   9.83367
47   9.77493
48   9.74151
49   9.79927
50   9.71546
51   9.76804
52   9.72854
53   9.79065
54   9.75379
55   9.77531
56   9.69808
57   9.66517
58   9.72744
59   9.77835
60   9.8046
61   9.79336
62   9.77309
63   9.7514
64   9.77337
65   9.78584
66   9.8523
67   9.80405
68   9.89217
69   9.90553
70   9.82886
71   9.81592
72   9.86322
73   9.80359
74   9.71905
75   9.73681
76   9.66786
77   9.62091
78   9.58813
79   9.62138
80   9.68947
81   9.67442
82   9.78067
83   9.68346
84   9.65275
85   9.71064
86   9.73849
87   9.75347
88   9.71725
89   9.78176
90   9.70169
91   9.65535
92   9.71931
93   9.7971
94   9.7169
95   9.76327
96   9.76502
97   9.7383
98   9.78994
99   9.73036
100   9.67845
101   9.73883
102   9.7643
103   9.79939
104   9.84706
105   9.88122
106   9.92554
107   9.82678
108   9.77242
109   9.74128
110   9.71974
111   9.67897
112   9.83909
113   9.85005
114   9.83113
115   9.82318
116   9.82896
117   9.83303
118   9.82659
119   9.88482
120   9.82046
121   9.75765
122   9.71218
123   9.76548
124   9.81362
125   9.82291
126   9.76839
127   9.80082
128   9.76081
129   9.77077
130   9.84717
131   9.78543
132   9.86959
133   9.90915
134   9.89389
135   9.89617
136   9.83424
137   9.85148
138   9.91876
139   9.81204
140   9.77377
141   9.85851
142   9.90617
143   9.9667
144   9.94816
145   9.96315
146   9.96224
147   9.95327
148   9.96764
149   9.92612
150   9.84552
151   9.85218
152   9.79349
153   9.73727
154   9.74596
155   9.72855
156   9.7791
157   9.68471
158   9.69011
159   9.66311
160   9.74258
161   9.72824
162   9.72974
163   9.77539
164   9.62015
165   9.63536
166   9.66584
167   9.81855
168   9.84044
169   9.76828
170   9.83895
171   9.78154
172   9.81784
173   9.85683
174   9.86365
175   9.84348
176   9.80354
177   9.87112
178   9.87794
179   9.8668
180   9.93357
181   9.97003
182   10.0159
183   9.99519
184   10.0301
185   9.97497
186   9.92273
187   9.92503
188   9.85078
189   9.91005
190   9.88966
191   9.80997
192   9.81446
193   9.8815
194   9.80301
195   9.82121
196   9.7022
197   9.76626
198   9.79646
199   9.78622
200   9.81129
201   9.76849
202   9.7752
203   9.75205
204   9.76501
205   9.79971
206   9.89035
207   9.92385
208   9.87136
209   9.76844
210   9.69776
211   9.6726
212   9.66465
213   9.71905
214   9.68202
215   9.70275
216   9.70691
217   9.80782
218   9.73855
219   9.71366
220   9.72099
221   9.71296
222   9.72242
223   9.74598
224   9.65594
225   9.68116
226   9.64779
227   9.70482
228   9.65797
229   9.71733
230   9.70682
231   9.71469
232   9.72614
233   9.70459
234   9.72054
235   9.84764
236   9.80101
237   9.76601
238   9.77491
239   9.71023
240   9.62954
241   9.68703
242   9.79733
243   9.74912
244   9.79809
245   9.76136
246   9.75638
247   9.7826
248   9.75929
249   9.70684
250   9.62583
