1   10.3376
2   10.3243
3   10.3011
4   10.2789
5   10.2042
6   9.98509
7   9.99742
8   9.97331
9   9.931
10   9.91566
11   9.6847
12   9.67778
13   9.74283
14   9.76101
15   9.75691
16   9.67381
17   9.67181
18   9.70655
19   9.8128
20   9.7309
21   9.52971
22   9.60208
23   9.60565
24   9.63812
25   9.68549
26   9.48823
27   9.59541
28   9.62694
29   9.65833
30   9.69782
31   9.58766
32   9.61929
33   9.68728
34   9.73623
35   9.73825
36   9.60377
37   9.66131
38   9.65822
39   9.71908
40   9.69395
41   9.45288
42   9.53279
43   9.58889
44   9.57433
45   9.63799
46   9.65202
47   9.70746
48   9.73652
49   9.80372
50   9.78121
51   9.52625
52   9.61383
53   9.49267
54   9.5713
55   9.55383
56   9.45971
57   9.61667
58   9.70656
59   9.71769
60   9.74737
61   9.57485
62   9.52344
63   9.58065
64   9.59086
65   9.58662
66   9.50628
67   9.53826
68   9.52963
69   9.61491
70   9.56323
71   9.4612
72   9.464
73   9.39476
74   9.41233
75   9.52224
76   9.49876
77   9.62173
78   9.61111
79   9.72644
80   9.7889
81   9.56301
82   9.47021
83   9.46356
84   9.55853
85   9.6144
86   9.44599
87   9.4703
88   9.5983
89   9.6362
90   9.57151
91   9.43153
92   9.54016
93   9.59952
94   9.61433
95   9.65451
96   9.46465
97   9.40617
98   9.54181
99   9.49147
100   9.48183
101   9.25815
102   9.38374
103   9.43497
104   9.51138
105   9.50182
106   9.49825
107   9.53358
108   9.51038
109   9.49761
110   9.45863
111   9.24135
112   9.20219
113   9.34737
114   9.41527
115   9.44008
116   9.21243
117   9.20137
118   9.13848
119   9.1344
120   9.152
121   8.9399
122   8.9213
123   8.98778
124   9.12141
125   9.27379
126   9.14956
127   9.17358
128   9.24992
129   9.35965
130   9.37548
131   9.14917
132   9.30417
133   9.38908
134   9.4444
135   9.41195
136   9.34947
137   9.28712
138   9.25865
139   9.22117
140   9.35529
141   9.11304
142   9.18885
143   9.18319
144   9.40041
145   9.44133
146   9.33416
147   9.42737
148   9.36915
149   9.34514
150   9.45465
151   9.39891
152   9.54786
153   9.59143
154   9.72882
155   9.69053
156   9.5892
157   9.63186
158   9.58491
159   9.62536
160   9.60024
161   9.39436
162   9.42256
163   9.5781
164   9.60997
165   9.55942
166   9.50293
167   9.53596
168   9.57149
169   9.5785
170   9.58072
171   9.38548
172   9.51823
173   9.55443
174   9.59519
175   9.62934
176   9.54172
177   9.59416
178   9.58273
179   9.5515
180   9.57861
181   9.45818
182   9.53081
183   9.6716
184   9.56306
185   9.53158
186   9.23128
187   9.27273
188   9.34749
189   9.33039
190   9.37807
191   9.20665
192   9.26689
193   9.3619
194   9.40883
195   9.49807
196   9.41046
197   9.42712
198   9.52154
199   9.58461
200   9.59271
201   9.36665
202   9.55766
203   9.47195
204   9.49166
205   9.44153
206   9.3673
207   9.4497
208   9.4716
209   9.54029
210   9.55124
211   9.4252
212   9.45973
213   9.51986
214   9.56165
215   9.51255
216   9.30277
217   9.36447
218   9.34691
219   9.37819
220   9.44483
221   9.30541
222   9.35529
223   9.30649
224   9.33788
225   9.35494
226   9.43315
227   9.51328
228   9.44707
229   9.45899
230   9.59817
231   9.44875
232   9.46085
233   9.54889
234   9.58807
235   9.5351
236   9.33387
237   9.31374
238   9.3989
239   9.33257
240   9.23177
241   9.04051
242   9.10343
243   9.00439
244   9.07907
245   9.00256
246   8.83142
247   8.77716
248   8.9207
249   9.00937
250   9.1894
