1   10.2023
2   9.99243
3   9.99841
4   10.0052
5   10.0359
6   9.9141
7   9.91611
8   9.93695
9   9.90495
10   9.94303
11   9.68939
12   9.71371
13   9.64906
14   9.67891
15   9.63359
16   9.52317
17   9.57311
18   9.58797
19   9.55746
20   9.60444
21   9.49471
22   9.48233
23   9.46469
24   9.42929
25   9.4862
26   9.43456
27   9.61409
28   9.51042
29   9.55422
30   9.62272
31   9.49164
32   9.55029
33   9.59226
34   9.61707
35   9.58904
36   9.34002
37   9.34506
38   9.49722
39   9.5805
40   9.60193
41   9.28319
42   9.45296
43   9.50953
44   9.68677
45   9.60889
46   9.63022
47   9.61569
48   9.59914
49   9.56779
50   9.63699
51   9.37615
52   9.38748
53   9.37389
54   9.41857
55   9.50611
56   9.36989
57   9.44303
58   9.43499
59   9.39599
60   9.47809
61   9.48701
62   9.61098
63   9.64242
64   9.62725
65   9.69181
66   9.56052
67   9.51204
68   9.49593
69   9.54536
70   9.58078
71   9.38259
72   9.4951
73   9.52205
74   9.64256
75   9.62685
76   9.54511
77   9.6477
78   9.68674
79   9.57469
80   9.53095
81   9.30111
82   9.40922
83   9.37972
84   9.46769
85   9.48668
86   9.49166
87   9.52084
88   9.63597
89   9.64523
90   9.66422
91   9.54156
92   9.52974
93   9.61819
94   9.66315
95   9.66714
96   9.53147
97   9.53012
98   9.54374
99   9.61012
100   9.66939
101   9.46632
102   9.5382
103   9.57401
104   9.67646
105   9.66834
106   9.49926
107   9.60297
108   9.61818
109   9.58494
110   9.54283
111   9.23567
112   9.32566
113   9.32837
114   9.38679
115   9.45027
116   9.31822
117   9.42257
118   9.42153
119   9.33631
120   9.27698
121   9.18935
122   9.27238
123   9.40099
124   9.45166
125   9.46173
126   9.30965
127   9.41411
128   9.42642
129   9.57319
130   9.56297
131   9.30489
132   9.42559
133   9.47648
134   9.43629
135   9.44922
136   9.4116
137   9.45525
138   9.48398
139   9.47004
140   9.52746
141   9.37602
142   9.48507
143   9.61507
144   9.63678
145   9.6302
146   9.5102
147   9.53445
148   9.60695
149   9.63661
150   9.7085
151   9.45291
152   9.5083
153   9.50165
154   9.61151
155   9.65828
156   9.49385
157   9.53714
158   9.69573
159   9.71385
160   9.77876
161   9.51362
162   9.47999
163   9.51855
164   9.58861
165   9.69266
166   9.59576
167   9.58592
168   9.54279
169   9.5882
170   9.62945
171   9.46335
172   9.53852
173   9.57342
174   9.61781
175   9.68557
176   9.43943
177   9.52976
178   9.63813
179   9.68665
180   9.7164
181   9.50052
182   9.48805
183   9.49144
184   9.43624
185   9.47357
186   9.39355
187   9.41953
188   9.55358
189   9.62247
190   9.64599
191   9.38319
192   9.40256
193   9.45986
194   9.51871
195   9.46093
196   9.34842
197   9.49943
198   9.49403
199   9.49244
200   9.60352
201   9.43141
202   9.46188
203   9.48661
204   9.44764
205   9.52123
206   9.44533
207   9.32968
208   9.40537
209   9.49646
210   9.52044
211   9.32183
212   9.41057
213   9.50884
214   9.59268
215   9.6508
216   9.45831
217   9.46624
218   9.47756
219   9.53653
220   9.49811
221   9.40769
222   9.36159
223   9.44797
224   9.52133
225   9.54462
226   9.668
227   9.65301
228   9.71671
229   9.74542
230   9.80775
231   9.42712
232   9.50217
233   9.53788
234   9.48359
235   9.49674
236   9.23087
237   9.32227
238   9.31494
239   9.37402
240   9.39738
241   9.32578
242   9.41053
243   9.47344
244   9.48868
245   9.46958
246   9.24984
247   9.34333
248   9.31682
249   9.37801
250   9.3987
