1   10.4067
2   10.317
3   10.2271
4   10.163
5   10.1374
6   9.98224
7   9.98018
8   9.88604
9   9.86091
10   9.85654
11   9.66524
12   9.71213
13   9.63317
14   9.57272
15   9.63751
16   9.67705
17   9.69761
18   9.66247
19   9.76395
20   9.81086
21   9.52432
22   9.66154
23   9.6792
24   9.70183
25   9.79083
26   9.59292
27   9.62892
28   9.68983
29   9.65562
30   9.74442
31   9.58559
32   9.64479
33   9.63641
34   9.5596
35   9.60034
36   9.5155
37   9.45685
38   9.52668
39   9.5352
40   9.52034
41   9.3165
42   9.32724
43   9.35473
44   9.36373
45   9.53689
46   9.48632
47   9.59432
48   9.56354
49   9.59521
50   9.65479
51   9.44913
52   9.54453
53   9.57611
54   9.5997
55   9.59912
56   9.46592
57   9.55899
58   9.64232
59   9.64589
60   9.78866
61   9.65954
62   9.66983
63   9.77423
64   9.70217
65   9.70421
66   9.42514
67   9.45802
68   9.58978
69   9.55728
70   9.61292
71   9.31263
72   9.2663
73   9.39777
74   9.50497
75   9.54381
76   9.4777
77   9.54502
78   9.61429
79   9.65429
80   9.73067
81   9.58159
82   9.55838
83   9.63557
84   9.64678
85   9.63833
86   9.518
87   9.5285
88   9.58116
89   9.62773
90   9.66249
91   9.49691
92   9.48311
93   9.49903
94   9.59635
95   9.6031
96   9.47558
97   9.47713
98   9.50579
99   9.5593
100   9.44504
101   9.30103
102   9.42447
103   9.48056
104   9.48287
105   9.49344
106   9.61164
107   9.65896
108   9.66847
109   9.67236
110   9.71463
111   9.43317
112   9.43393
113   9.48074
114   9.39974
115   9.39835
116   9.18414
117   9.29292
118   9.46592
119   9.4979
120   9.5048
121   9.37587
122   9.36543
123   9.5205
124   9.59501
125   9.56188
126   9.42573
127   9.50286
128   9.45581
129   9.43281
130   9.5446
131   9.38193
132   9.35754
133   9.38115
134   9.39088
135   9.45601
136   9.34663
137   9.40275
138   9.40861
139   9.45768
140   9.5988
141   9.37567
142   9.52833
143   9.53886
144   9.50607
145   9.5338
146   9.27359
147   9.33558
148   9.34384
149   9.44947
150   9.54274
151   9.48575
152   9.5544
153   9.55088
154   9.58692
155   9.57109
156   9.40185
157   9.48998
158   9.50369
159   9.56049
160   9.59986
161   9.43068
162   9.47017
163   9.45861
164   9.5936
165   9.5379
166   9.43516
167   9.58089
168   9.52822
169   9.57628
170   9.58629
171   9.36103
172   9.47042
173   9.5408
174   9.56575
175   9.56645
176   9.33782
177   9.38816
178   9.42571
179   9.56047
180   9.65178
181   9.51061
182   9.48646
183   9.53128
184   9.53978
185   9.42919
186   9.33601
187   9.3637
188   9.46567
189   9.49535
190   9.50487
191   9.37556
192   9.49025
193   9.47831
194   9.54272
195   9.60147
196   9.47844
197   9.55647
198   9.59616
199   9.52933
200   9.56076
201   9.31274
202   9.41045
203   9.39722
204   9.49938
205   9.52873
206   9.44092
207   9.56038
208   9.61261
209   9.6639
210   9.63253
211   9.55068
212   9.58192
213   9.67084
214   9.68579
215   9.69023
216   9.48979
217   9.54201
218   9.63212
219   9.65466
220   9.64138
221   9.4151
222   9.49108
223   9.52387
224   9.51737
225   9.61088
226   9.4785
227   9.51829
228   9.50512
229   9.44828
230   9.44797
231   9.29108
232   9.39706
233   9.40345
234   9.43047
235   9.45561
236   9.25403
237   9.29254
238   9.28311
239   9.32823
240   9.32445
241   9.26013
242   9.16363
243   9.21497
244   9.27414
245   9.34506
246   9.2063
247   9.21781
248   9.26684
249   9.34923
250   9.46443
