1   10.2785
2   10.1639
3   10.0743
4   10.0904
5   9.92159
6   9.83672
7   9.83618
8   9.76093
9   9.77331
10   9.77482
11   9.54997
12   9.60253
13   9.55504
14   9.50284
15   9.50816
16   9.54811
17   9.57082
18   9.62196
19   9.59045
20   9.64363
21   9.42023
22   9.5027
23   9.45624
24   9.54483
25   9.67374
26   9.5369
27   9.53877
28   9.56518
29   9.63007
30   9.65607
31   9.56115
32   9.64997
33   9.61049
34   9.56728
35   9.59302
36   9.36485
37   9.50064
38   9.60563
39   9.53113
40   9.56644
41   9.46729
42   9.49992
43   9.52765
44   9.5021
45   9.5429
46   9.44135
47   9.45721
48   9.41858
49   9.46664
50   9.46846
51   9.33325
52   9.43658
53   9.47142
54   9.38399
55   9.43308
56   9.31676
57   9.37924
58   9.45177
59   9.56115
60   9.59898
61   9.41399
62   9.45973
63   9.46208
64   9.49141
65   9.56903
66   9.49315
67   9.49189
68   9.51043
69   9.5408
70   9.49496
71   9.27982
72   9.27169
73   9.35214
74   9.49106
75   9.51868
76   9.55386
77   9.57175
78   9.55782
79   9.5707
80   9.64002
81   9.33607
82   9.26588
83   9.35612
84   9.35694
85   9.4386
86   9.29134
87   9.37442
88   9.35702
89   9.38372
90   9.51849
91   9.35702
92   9.32447
93   9.38814
94   9.41683
95   9.50551
96   9.36035
97   9.32391
98   9.32439
99   9.4007
100   9.48375
101   9.25074
102   9.16038
103   9.21812
104   9.30817
105   9.25674
106   9.21334
107   9.42686
108   9.43339
109   9.42813
110   9.43206
111   9.3226
112   9.28945
113   9.33654
114   9.27672
115   9.36759
116   9.17261
117   9.22822
118   9.34815
119   9.36126
120   9.39219
121   9.22119
122   9.3176
123   9.29226
124   9.28117
125   9.31265
126   9.25127
127   9.28967
128   9.39698
129   9.47619
130   9.45654
131   9.2723
132   9.37546
133   9.50284
134   9.53502
135   9.54827
136   9.48554
137   9.48656
138   9.38769
139   9.40826
140   9.46991
141   9.20404
142   9.24143
143   9.2612
144   9.3292
145   9.45845
146   9.34457
147   9.43827
148   9.37215
149   9.48366
150   9.53662
151   9.4956
152   9.47383
153   9.39567
154   9.46148
155   9.50675
156   9.33403
157   9.37988
158   9.40409
159   9.4761
160   9.58217
161   9.37178
162   9.35973
163   9.39609
164   9.48815
165   9.45983
166   9.38897
167   9.37127
168   9.49996
169   9.39579
170   9.45521
171   9.23581
172   9.37495
173   9.47208
174   9.55909
175   9.55831
176   9.41971
177   9.53785
178   9.47612
179   9.50496
180   9.59084
181   9.57221
182   9.65171
183   9.76409
184   9.8022
185   9.82084
186   9.53901
187   9.55442
188   9.5068
189   9.43659
190   9.50615
191   9.2214
192   9.31341
193   9.36888
194   9.42055
195   9.53913
196   9.52241
197   9.69938
198   9.64387
199   9.66036
200   9.66758
201   9.41243
202   9.53777
203   9.50193
204   9.50763
205   9.45733
206   9.2528
207   9.32915
208   9.33132
209   9.34495
210   9.36684
211   9.26271
212   9.33124
213   9.31066
214   9.43147
215   9.41574
216   9.4024
217   9.41981
218   9.51769
219   9.51414
220   9.50831
221   9.29477
222   9.34197
223   9.28968
224   9.31938
225   9.33564
226   9.2709
227   9.26957
228   9.23876
229   9.20436
230   9.20586
231   8.97019
232   9.08608
233   9.26869
234   9.39618
235   9.3479
236   9.11264
237   9.05853
238   9.18912
239   9.17968
240   9.32842
241   9.23425
242   9.24957
243   9.19974
244   9.15964
245   9.23281
246   9.16858
247   9.09421
248   9.14234
249   9.17319
250   9.33968
