1   6.5113
2   7.07779
3   7.71101
4   7.0338
5   6.7778
6   6.77019
7   6.99063
8   6.90942
9   7.40126
10   7.39353
11   5.19054
12   6.17287
13   6.54497
14   6.09107
15   6.54681
16   6.65885
17   7.04093
18   6.25263
19   6.09317
20   5.3144
21   5.25114
22   5.6335
23   6.02319
24   5.29686
25   6.25584
26   6.31537
27   6.31511
28   6.22566
29   6.08184
30   6.14658
31   6.30762
32   6.71702
33   7.04166
34   5.82293
35   5.86522
36   5.7755
37   6.30378
38   6.2273
39   6.20495
40   6.61607
41   6.08671
42   5.26945
43   6.23898
44   6.23898
45   6.82371
46   5.64668
47   5.83108
48   6.29387
49   6.27136
50   6.66326
51   6.03858
52   6.2323
53   6.2323
54   6.4564
55   6.80128
56   6.17717
57   6.35978
58   6.52687
59   6.91075
60   6.93128
61   5.55308
62   5.19314
63   6.65995
64   6.01271
65   5.28644
66   6.00886
67   6.10488
68   6.10572
69   6.1023
70   5.57533
71   4.21167
72   4.21167
73   5.78269
74   6.42396
75   6.48651
76   6.07766
77   6.36304
78   5.91497
79   6.36203
80   7.08312
81   5.41157
82   5.41157
83   6.2356
84   6.61724
85   6.0206
86   6.14033
87   5.98442
88   7.01143
89   6.66036
90   5.93066
91   6.65311
92   6.54893
93   6.42521
94   6.38264
95   6.84899
96   5.53663
97   6.22333
98   6.06121
99   6.08522
100   6.91811
101   5.72727
102   5.72727
103   5.2694
104   6.10109
105   6.49452
106   6.27821
107   6.36625
108   5.76803
109   6.1899
110   6.07722
111   5.97952
112   6.00904
113   6.37083
114   6.24084
115   6.39562
116   5.58036
117   5.65583
118   4.60833
119   4.55487
120   4.88715
121   4.70993
122   5.64761
123   5.64761
124   6.01074
125   5.89874
126   5.23623
127   5.42194
128   5.27104
129   6.19546
130   6.09427
131   5.61189
132   5.79879
133   5.79879
134   5.79879
135   5.8105
136   5.28493
137   5.2735
138   5.28225
139   4.45545
140   5.81211
141   5.62892
142   6.25949
143   5.98948
144   5.98948
145   5.94189
146   5.94189
147   5.89094
148   6.07479
149   6.07479
150   6.34625
151   6.03798
152   5.96304
153   5.94909
154   6.65508
155   6.57794
156   6.01577
157   5.98229
158   5.77074
159   4.75882
160   4.99125
161   5.7669
162   5.44729
163   6.20288
164   6.85995
165   6.58023
166   4.78308
167   4.96811
168   4.82572
169   6.00011
170   6.50944
171   5.48518
172   5.33226
173   6.80179
174   6.8792
175   5.49772
176   5.95218
177   5.51164
178   6.213
179   6.25063
180   6.35617
181   5.32477
182   6.03805
183   6.0727
184   5.86966
185   5.55521
186   5.40641
187   5.40641
188   5.69754
189   6.13862
190   6.57782
191   5.26592
192   5.64524
193   5.78925
194   6.06692
195   5.61698
196   5.66274
197   6.35901
198   6.65616
199   6.51994
200   5.78333
201   6.20768
202   6.20044
203   6.65167
204   5.8028
205   6.50127
206   5.62135
207   6.44901
208   6.59383
209   6.62278
210   6.53273
211   4.78095
212   5.19039
213   5.21824
214   5.21824
215   5.10119
216   5.74182
217   6.50578
218   5.41215
219   6.1724
220   6.61479
221   4.99349
222   5.32658
223   5.31946
224   5.53238
225   6.11536
226   5.74288
227   6.31052
228   6.01691
229   6.27635
230   6.27635
231   5.97758
232   5.97758
233   5.74489
234   5.74489
235   6.39108
236   5.59597
237   4.80403
238   5.20159
239   5.35337
240   5.3239
241   4.57563
242   4.93538
243   5.21361
244   5.22372
245   5.34333
246   5.08694
247   5.45075
248   5.50046
249   5.67981
250   6.28828
