1   7.72914
2   6.90771
3   7.73659
4   7.21757
5   7.04467
6   6.65485
7   6.71832
8   7.04804
9   7.07574
10   7.06403
11   5.72137
12   5.80071
13   6.55592
14   6.29222
15   6.30571
16   6.12091
17   5.54457
18   5.97574
19   5.38524
20   5.33569
21   5.74006
22   6.20411
23   5.73017
24   5.65074
25   7.18986
26   6.0282
27   6.73724
28   6.10271
29   6.59315
30   7.00564
31   6.03972
32   5.664
33   5.664
34   6.1194
35   5.83441
36   5.41291
37   5.11978
38   5.38979
39   5.38979
40   5.22654
41   5.30249
42   5.68
43   5.14006
44   5.61495
45   5.48959
46   5.807
47   6.01522
48   6.35374
49   6.75308
50   6.79739
51   6.34577
52   6.52652
53   6.13297
54   6.13297
55   6.38722
56   6.03474
57   6.281
58   6.281
59   6.78213
60   7.17614
61   5.83529
62   6.65626
63   6.04668
64   6.33
65   6.00886
66   4.80778
67   4.80778
68   5.87105
69   6.20642
70   4.67504
71   5.39157
72   6.11113
73   6.23801
74   6.41969
75   6.0773
76   5.44026
77   6.09206
78   6.09206
79   6.79289
80   6.79289
81   5.59967
82   6.26054
83   6.26054
84   6.1631
85   6.61997
86   5.7174
87   5.78241
88   5.78241
89   6.01856
90   6.10591
91   5.41975
92   6.32023
93   5.5845
94   5.5845
95   5.77572
96   6.23064
97   5.93565
98   6.58808
99   5.85289
100   4.98619
101   5.27825
102   5.80514
103   5.97514
104   5.97514
105   5.95446
106   6.11819
107   6.19395
108   6.60234
109   6.50993
110   6.50993
111   5.88069
112   5.63024
113   5.60989
114   5.63307
115   5.83952
116   5.63175
117   6.07058
118   5.92745
119   6.39754
120   6.50704
121   5.68067
122   5.37552
123   5.37552
124   5.09211
125   5.23623
126   4.9799
127   5.23623
128   4.9541
129   5.87868
130   6.07347
131   5.60683
132   6.24378
133   6.26476
134   6.33336
135   5.80081
136   6.05937
137   5.73295
138   5.73295
139   6.72188
140   6.72188
141   5.69433
142   5.69433
143   5.36901
144   5.94155
145   5.94155
146   5.94189
147   5.95957
148   5.78837
149   5.68698
150   5.97243
151   5.84279
152   6.3258
153   6.65875
154   5.99339
155   6.66534
156   5.89468
157   6.62264
158   6.49987
159   6.5933
160   6.38161
161   5.28923
162   4.91952
163   5.16579
164   6.11561
165   5.56704
166   5.44618
167   5.44618
168   5.50997
169   5.56693
170   5.48518
171   4.77187
172   5.38197
173   6.72265
174   6.62232
175   5.95218
176   6.76615
177   6.25179
178   6.25179
179   5.94763
180   6.11698
181   6.06168
182   6.29169
183   6.13944
184   5.47781
185   5.93042
186   5.55521
187   4.88837
188   5.57526
189   5.30619
190   5.30619
191   5.79094
192   5.53507
193   5.53507
194   5.81004
195   5.52612
196   5.52612
197   5.30486
198   4.63305
199   4.98182
200   6.10616
201   6.12707
202   6.06696
203   5.98678
204   6.04294
205   6.48469
206   6.13488
207   6.23733
208   6.1722
209   4.98802
210   6.58554
211   5.67538
212   6.56503
213   6.53719
214   6.65101
215   6.32082
216   5.10119
217   5.10119
218   5.15344
219   5.1999
220   5.57324
221   5.13694
222   6.19134
223   6.47985
224   6.38855
225   6.36377
226   6.06529
227   5.70639
228   6.46715
229   5.84858
230   6.26938
231   6.06093
232   6.21635
233   6.58668
234   6.23876
235   5.62172
236   4.59153
237   4.55759
238   4.46835
239   5.71053
240   5.81986
241   5.73432
242   5.45405
243   5.50998
244   5.12222
245   5.12222
246   5.27113
247   5.169
248   5.34407
249   6.07347
250   6.07347
