1   6.77865
2   7.49498
3   7.58203
4   6.57609
5   6.3879
6   7.1458
7   6.69712
8   6.27931
9   6.19873
10   6.11925
11   6.56093
12   6.28569
13   6.21888
14   5.99026
15   5.99026
16   5.99026
17   6.6382
18   6.71749
19   6.17775
20   6.531
21   5.3144
22   5.59992
23   5.67807
24   5.9096
25   6.73724
26   5.45595
27   6.37641
28   6.02606
29   6.42181
30   6.42181
31   6.07109
32   5.98644
33   5.46819
34   6.7485
35   6.71803
36   5.7592
37   5.69797
38   6.35723
39   6.08671
40   6.08671
41   4.7991
42   4.56262
43   4.61451
44   5.33463
45   5.81316
46   5.30647
47   6.43617
48   6.27013
49   4.4661
50   6.34577
51   5.89718
52   5.86433
53   5.95862
54   5.83368
55   6.03474
56   6.35569
57   6.3103
58   5.62708
59   5.62708
60   5.83529
61   6.03562
62   6.039
63   5.48306
64   6.15819
65   5.41409
66   5.93932
67   5.92273
68   6.63111
69   6.57345
70   6.57839
71   5.45241
72   5.89737
73   6.40814
74   6.07068
75   5.44026
76   5.70155
77   5.78087
78   6.13128
79   6.13128
80   6.73485
81   6.08291
82   6.53906
83   6.00431
84   5.96229
85   6.61089
86   5.94603
87   6.69237
88   5.72844
89   6.02619
90   6.04859
91   5.91656
92   5.27519
93   5.2585
94   5.92857
95   6.58286
96   5.75784
97   6.08472
98   5.32057
99   6.64532
100   6.04164
101   5.51715
102   5.29388
103   5.72532
104   5.74887
105   5.97289
106   5.94505
107   5.51759
108   5.18306
109   5.36978
110   5.92037
111   5.01145
112   4.92812
113   4.7864
114   5.77258
115   6.15161
116   5.83952
117   6.24809
118   5.45142
119   5.3528
120   4.72465
121   5.60668
122   5.41669
123   5.41669
124   5.7354
125   5.16533
126   5.92079
127   5.84389
128   5.88061
129   6.37557
130   6.67758
131   5.25518
132   5.3544
133   5.54454
134   6.26357
135   5.81779
136   5.50451
137   6.4289
138   6.58923
139   6.0104
140   5.11335
141   5.25831
142   5.72679
143   5.90376
144   6.27258
145   6.50372
146   5.7574
147   5.63005
148   5.98492
149   5.98492
150   6.38952
151   6.15451
152   6.66418
153   6.25178
154   5.52969
155   5.52969
156   6.11516
157   6.24478
158   6.10789
159   6.63067
160   6.5823
161   4.76185
162   4.95263
163   4.64096
164   5.95788
165   5.95617
166   5.64184
167   5.34787
168   5.80693
169   5.80652
170   6.49871
171   5.32236
172   5.44031
173   5.75206
174   6.65481
175   6.59865
176   5.95218
177   5.69332
178   5.20737
179   5.93766
180   5.93766
181   6.01625
182   6.01625
183   6.7923
184   7.17519
185   7.05658
186   6.02727
187   6.31201
188   6.48774
189   6.02963
190   6.54495
191   6.26749
192   6.26749
193   6.26749
194   6.3617
195   6.86957
196   6.90935
197   6.72654
198   6.69804
199   6.6027
200   6.20768
201   5.84641
202   6.42175
203   6.17305
204   6.55211
205   6.40354
206   5.11041
207   5.20809
208   6.23881
209   5.6238
210   5.12507
211   5.49315
212   4.96521
213   6.35949
214   6.6998
215   6.2511
216   6.2511
217   5.80995
218   5.80995
219   6.26403
220   5.5984
221   5.57324
222   5.01497
223   5.42318
224   6.72594
225   6.21023
226   5.16778
227   5.37766
228   5.12475
229   5.13736
230   5.55856
231   5.64982
232   5.77316
233   5.83644
234   6.38076
235   5.06712
236   5.06712
237   4.65605
238   5.21156
239   4.87756
240   4.93538
241   4.98663
242   4.93856
243   4.91928
244   5.06987
245   4.91341
246   5.28634
247   6.02512
248   5.68266
249   6.2323
250   6.58968
