1   7.41112
2   6.54709
3   6.87979
4   6.86425
5   6.48542
6   6.83935
7   6.975
8   5.75568
9   6.74502
10   6.64638
11   5.94177
12   5.94351
13   5.44266
14   6.50339
15   6.41008
16   6.00358
17   6.18514
18   6.06432
19   6.8306
20   5.82016
21   5.06029
22   5.16803
23   5.81949
24   5.45595
25   5.16049
26   6.21526
27   6.0821
28   6.83685
29   6.44525
30   6.44
31   6.32399
32   6.70864
33   5.35237
34   5.4182
35   5.49151
36   6.18865
37   5.80277
38   5.83798
39   5.98508
40   6.60565
41   4.82639
42   4.95346
43   4.95346
44   5.19194
45   5.28202
46   5.01022
47   5.76477
48   6.12752
49   6.37923
50   6.44559
51   5.7659
52   5.94302
53   5.94302
54   5.95963
55   6.46694
56   6.13306
57   6.15066
58   6.1684
59   5.81254
60   6.10219
61   6.44253
62   3.6262
63   4.08645
64   4.74816
65   6.10488
66   5.29162
67   5.02598
68   4.86377
69   4.82536
70   6.51633
71   4.67504
72   6.77565
73   6.43357
74   6.43426
75   6.44422
76   5.92047
77   6.64254
78   6.19643
79   5.95838
80   6.02062
81   6.52037
82   6.56832
83   5.96709
84   6.33083
85   6.33626
86   5.74976
87   6.21508
88   6.72279
89   6.59488
90   6.48648
91   5.81243
92   6.10479
93   5.93354
94   6.9359
95   6.2256
96   6.25075
97   6.61155
98   6.23146
99   6.73505
100   6.64056
101   4.98619
102   5.71638
103   5.78938
104   5.60748
105   5.95186
106   5.88294
107   5.75113
108   6.01193
109   5.3664
110   5.22769
111   5.44535
112   5.36631
113   5.28573
114   5.28573
115   5.95262
116   5.04558
117   5.84036
118   5.93091
119   5.72042
120   5.71071
121   5.31868
122   5.66156
123   5.61997
124   5.99702
125   6.2701
126   5.75818
127   6.55072
128   6.24954
129   5.48802
130   5.39348
131   5.58605
132   6.0483
133   6.40848
134   6.06704
135   5.3101
136   5.82773
137   6.56224
138   6.05486
139   6.39004
140   6.10083
141   5.61019
142   5.71648
143   6.63258
144   6.36201
145   5.91599
146   5.94189
147   6.87573
148   6.12358
149   6.00187
150   5.92113
151   5.90809
152   5.97243
153   5.26442
154   5.98578
155   6.11516
156   5.42226
157   5.84186
158   6.41467
159   6.65647
160   6.06342
161   4.85194
162   4.85194
163   4.85194
164   4.96811
165   4.78308
166   6.37052
167   6.51594
168   6.58378
169   6.62387
170   6.62387
171   4.61664
172   4.95957
173   4.95957
174   6.69905
175   6.31329
176   6.41517
177   6.71154
178   6.67584
179   6.46175
180   6.22291
181   5.92923
182   6.21163
183   6.78311
184   6.78311
185   6.34484
186   6.1256
187   6.53833
188   6.52027
189   6.39249
190   6.44575
191   5.98177
192   6.22126
193   6.56857
194   6.38371
195   6.36503
196   5.61698
197   5.65758
198   5.61816
199   5.74871
200   6.44753
201   5.81752
202   5.09081
203   5.59975
204   5.37739
205   5.2008
206   5.96884
207   6.54616
208   6.22696
209   5.96364
210   5.67538
211   5.6749
212   6.1507
213   6.25682
214   6.50309
215   6.45393
216   5.52724
217   6.02367
218   6.71812
219   6.69112
220   6.62983
221   5.71179
222   5.69526
223   5.84957
224   5.20577
225   6.4945
226   6.23919
227   7.27999
228   6.86028
229   6.85668
230   6.64034
231   4.93887
232   4.93887
233   5.44675
234   4.82863
235   5.59597
236   4.92088
237   5.84755
238   5.53571
239   4.70234
240   4.53207
241   5.3239
242   5.37006
243   5.7607
244   6.31595
245   6.32894
246   4.80129
247   4.91675
248   5.17455
249   5.17455
250   5.58278
