1   7.83901
2   7.53368
3   6.86221
4   6.74578
5   7.29457
6   7.29757
7   7.0127
8   6.82246
9   6.87636
10   6.45055
11   6.72775
12   6.34801
13   6.28028
14   6.82186
15   6.16167
16   6.11921
17   7.05871
18   7.05871
19   7.16269
20   7.16963
21   6.87618
22   6.87618
23   7.33326
24   6.95653
25   6.95328
26   7.01096
27   7.19368
28   7.10758
29   6.61691
30   6.53863
31   7.47752
32   6.24419
33   6.3673
34   6.65667
35   7.22343
36   7.00841
37   6.80949
38   6.97786
39   7.31634
40   6.49564
41   6.9561
42   6.90197
43   6.58969
44   7.15953
45   6.8508
46   6.9722
47   5.41335
48   5.90443
49   6.88156
50   7.02704
51   7.00608
52   6.66868
53   6.65134
54   6.56111
55   5.92912
56   6.49167
57   6.96748
58   5.74569
59   5.74569
60   6.27115
61   6.5228
62   6.35226
63   6.35226
64   6.99962
65   6.75065
66   7.02296
67   7.03654
68   6.92584
69   6.15243
70   6.13188
71   6.21998
72   6.49802
73   6.62686
74   6.62177
75   6.57421
76   6.7228
77   7.06438
78   6.55198
79   6.82699
80   7.008
81   7.033
82   5.97487
83   6.13798
84   6.00013
85   6.00013
86   6.75165
87   6.88613
88   6.80377
89   5.81275
90   6.89651
91   6.15549
92   5.96151
93   6.58051
94   6.84555
95   6.2266
96   6.05051
97   6.3979
98   6.97773
99   7.27095
100   6.85956
101   6.78196
102   6.12573
103   7.02904
104   6.87043
105   6.48686
106   6.48686
107   6.81531
108   7.18234
109   6.80273
110   6.77431
111   6.66303
112   6.45569
113   6.88997
114   6.77148
115   7.18633
116   6.89579
117   7.38938
118   7.05651
119   7.36657
120   6.44733
121   6.14197
122   5.89423
123   6.25159
124   7.01811
125   7.02442
126   6.72938
127   6.60862
128   6.44482
129   6.63083
130   6.94421
131   6.54676
132   6.80665
133   7.1632
134   6.16282
135   6.4925
136   6.79639
137   7.06077
138   6.86668
139   6.49316
140   6.6556
141   6.70975
142   6.49988
143   6.97137
144   7.5976
145   6.3039
146   5.43481
147   6.38735
148   6.82709
149   6.34159
150   6.12347
151   6.12347
152   6.1845
153   5.9812
154   6.66773
155   6.87737
156   6.67818
157   6.31788
158   6.31788
159   5.52061
160   6.72074
161   6.43684
162   6.2829
163   6.72074
164   6.21107
165   6.21107
166   6.08176
167   5.42191
168   6.6518
169   6.35442
170   6.75959
171   6.43551
172   7.25229
173   7.01109
174   6.7553
175   6.77316
176   6.42141
177   6.7384
178   6.65166
179   7.01473
180   7.01473
181   7.37887
182   6.7504
183   6.80239
184   6.76945
185   7.33737
186   6.21178
187   7.2318
188   7.0185
189   7.14481
190   6.34151
191   6.52126
192   6.73203
193   6.95737
194   6.15406
195   7.1861
196   6.78363
197   6.8251
198   6.47594
199   6.15883
200   6.49243
201   6.78844
202   6.50125
203   6.60775
204   5.76813
205   6.35177
206   6.21899
207   5.46356
208   6.20568
209   6.1616
210   5.78497
211   6.17679
212   6.7025
213   6.55677
214   5.85
215   6.10418
216   5.76942
217   6.07131
218   6.28187
219   6.67467
220   6.4825
221   7.07635
222   7.2044
223   7.2044
224   5.71066
225   6.2051
226   6.60479
227   6.24927
228   6.24927
229   6.29489
230   6.53792
231   6.53792
232   6.42291
233   6.06368
234   6.61036
235   6.80673
236   6.30544
237   6.5041
238   6.3238
239   5.53836
240   6.26979
241   6.7746
242   6.8639
243   6.68939
244   6.85893
245   6.19788
246   6.19788
247   5.26983
248   6.49894
249   5.35354
250   5.35354
