0   1.00027   0
200   1.00056   0.000292608
400   1.00072   0.000234598
600   1.00098   0.000306455
800   1.00072   0.000354893
1000   1.00039   0.000440834
1200   1.00031   0.000380455
1400   1.00024   0.000337472
1600   1.00009   0.00033274
1800   1.00011   0.000298918
2000   1.00009   0.000271574
2200   1.00019   0.000268586
2400   1.00023   0.000249327
2600   1.00009   0.000268693
2800   1.00012   0.000252295
3000   1.00014   0.000236796
3200   1.00013   0.000222592
3400   1.00018   0.000214854
3600   1.00016   0.000204147
3800   1.00014   0.000194358
4000   1.00011   0.000188073
4200   1.00019   0.000196449
4400   1.00021   0.00018939
4600   1.00023   0.000182127
4800   1.00021   0.000175475
5000   1.00019   0.000170752
5200   1.00021   0.000166705
5400   1.00017   0.000167856
5600   1.00013   0.000165058
5800   1.00016   0.000161978
6000   1.00015   0.000157013
6200   1.00016   0.000152211
6400   1.00016   0.00014753
6600   1.00014   0.000143792
6800   1.00007   0.00015692
7000   1.00009   0.000153581
7200   1.00008   0.000149657
7400   1.00011   0.000148818
7600   1.00008   0.000147816
7800   1.00007   0.000144857
8000   1.00006   0.000141424
8200   1.00004   0.000139695
8400   1.00004   0.000136414
8600   1.00005   0.000133621
8800   1.00003   0.000132497
9000   0.999994   0.000134349
9200   0.999994   0.00013146
9400   0.999978   0.000129675
9600   0.99995   0.000130061
9800   0.999967   0.000128601
10000   0.999986   0.000127439
10200   1.00001   0.000127308
10400   1.00001   0.000124889
10600   0.999972   0.000128054
10800   0.999968   0.000125769
11000   0.999975   0.000123699
11200   0.999989   0.000122313
11400   0.999977   0.000120791
11600   0.99999   0.000119418
11800   0.999991   0.000117417
