0   0   0
1   1   0
2   1.41906   0.00598685
3   1.727   0.00986232
4   1.99928   0.0134724
5   2.2437   0.0115841
6   2.43335   0.0171189
7   2.6509   0.012276
8   2.83904   0.0128412
9   2.98853   0.0145964
10   3.15953   0.0214995
11   3.32623   0.018519
12   3.45074   0.0284301
13   3.59628   0.0179338
14   3.73317   0.0300456
15   3.87148   0.0253423
16   4.01632   0.0174628
17   4.14288   0.0244599
18   4.23326   0.0236088
19   4.33951   0.0276766
20   4.47238   0.0197021
21   4.62096   0.0270673
22   4.69802   0.0228662
23   4.78398   0.0296841
24   4.91864   0.0384314
25   5.03969   0.0292252
26   5.14029   0.0438842
27   5.18686   0.031604
28   5.28357   0.0312671
29   5.38898   0.0279432
30   5.47177   0.0359482
31   5.57189   0.0306023
32   5.61838   0.0324587
33   5.77504   0.026384
34   5.83171   0.0370553
35   5.92027   0.0329788
36   5.96595   0.0401708
37   6.05437   0.0290817
38   6.15034   0.0483574
39   6.21682   0.0373805
40   6.28898   0.044029
41   6.34509   0.0354238
42   6.48774   0.0433269
43   6.56522   0.0472104
44   6.65204   0.0464366
45   6.70917   0.0327783
46   6.82775   0.0371921
47   6.83807   0.0405195
48   6.96042   0.0462543
49   7.02746   0.060904
50   7.07535   0.0432967
51   7.1806   0.0402763
52   7.21229   0.0399719
53   7.23955   0.0453611
54   7.32512   0.0484426
55   7.443   0.0491392
56   7.48138   0.0536166
57   7.54768   0.0389682
58   7.60293   0.0375216
59   7.73259   0.0495505
60   7.77774   0.0448721
61   7.85483   0.0457914
62   7.90499   0.0508254
63   7.91048   0.0371474
64   7.95751   0.0413065
65   8.04889   0.052867
66   8.11725   0.0372185
67   8.2157   0.0480791
68   8.22257   0.0579409
69   8.25562   0.0383282
70   8.38868   0.0578511
71   8.42224   0.0663013
72   8.46317   0.0388442
73   8.58072   0.0563662
74   8.55748   0.0388407
75   8.63031   0.0482908
76   8.73824   0.061636
77   8.73074   0.0535669
78   8.8665   0.0478368
79   8.84673   0.0598906
80   8.93247   0.0480329
81   8.97117   0.0296432
82   9.09588   0.0681896
83   9.11693   0.0534407
84   9.18118   0.0460834
85   9.20072   0.0589181
86   9.31751   0.0430607
87   9.36608   0.0551475
88   9.34949   0.0692874
89   9.4862   0.057159
90   9.56094   0.0574881
91   9.52971   0.0467749
92   9.61255   0.0426701
93   9.66639   0.0658662
94   9.67246   0.0587051
95   9.72943   0.0481884
96   9.79375   0.0490356
97   9.85503   0.0451856
98   9.87271   0.0620237
99   9.83891   0.0463672
100   10.0629   0.0720856
