0   0.995551   0
200   0.998845   0.00329394
400   0.996302   0.0031756
600   0.996393   0.00224736
800   0.99732   0.00197206
1000   0.998193   0.00183156
1200   0.997973   0.00156346
1400   0.998726   0.00154905
1600   0.998803   0.00136831
1800   0.998404   0.00128704
2000   0.998362   0.00116494
2200   0.998641   0.00109941
2400   0.998493   0.00102205
2600   0.997745   0.00120619
2800   0.997742   0.00112291
3000   0.998017   0.00108589
3200   0.998418   0.00109593
3400   0.998491   0.00103582
3600   0.998454   0.000980464
3800   0.998411   0.00093114
4000   0.998333   0.000889167
4200   0.998608   0.000891342
4400   0.998493   0.000859426
4600   0.998939   0.000935911
4800   0.998944   0.000897708
5000   0.999057   0.000869936
5200   0.99927   0.000863617
5400   0.999151   0.000840659
5600   0.999174   0.000811478
5800   0.999187   0.000784075
6000   0.999346   0.000774912
6200   0.999465   0.000759603
6400   0.999557   0.000742012
6600   0.999519   0.000720865
6800   0.999467   0.000701913
7000   0.99943   0.000683126
7200   0.999406   0.000664862
7400   0.999389   0.000647351
7600   0.999453   0.000633828
7800   0.999515   0.000620842
8000   0.999582   0.000609224
8200   0.999696   0.000605434
8400   0.99982   0.000604032
8600   0.999754   0.000593911
8800   0.999798   0.00058228
9000   0.999681   0.000581396
9200   0.999736   0.000571525
9400   0.999614   0.000572615
9600   0.999654   0.000562243
9800   0.99971   0.000553713
10000   0.999784   0.0005477
10200   0.99977   0.000537239
10400   0.999844   0.000532192
10600   0.999834   0.000522348
10800   0.999924   0.000520594
11000   0.999949   0.000511867
11200   0.999953   0.00050282
11400   1.00003   0.000499352
11600   0.999949   0.000496667
11800   0.999912   0.000489782
