0   0   0
1   1   0
2   1.42408   0.00551658
3   1.72731   0.00836201
4   2.01201   0.00914853
5   2.24767   0.0115506
6   2.44213   0.0130524
7   2.63629   0.0151314
8   2.81229   0.0113306
9   2.99028   0.0176112
10   3.15503   0.0171766
11   3.32935   0.0159904
12   3.46791   0.025585
13   3.60924   0.0224951
14   3.73708   0.0185382
15   3.86334   0.018949
16   4.0031   0.0231112
17   4.135   0.0167047
18   4.26891   0.0253796
19   4.35047   0.0235858
20   4.46865   0.0242145
21   4.59582   0.0263975
22   4.68788   0.0317468
23   4.80448   0.0321068
24   4.88608   0.0261283
25   5.00562   0.0240073
26   5.10562   0.0275104
27   5.22649   0.0259437
28   5.2676   0.0220288
29   5.38045   0.0330481
30   5.46395   0.0375631
31   5.58956   0.0395732
32   5.63686   0.0224031
33   5.7258   0.0370267
34   5.82857   0.0349867
35   5.91468   0.0376654
36   6.03599   0.0338031
37   6.0989   0.0306117
38   6.16503   0.0412835
39   6.23622   0.0380026
40   6.33072   0.0375659
41   6.42755   0.031472
42   6.47521   0.036369
43   6.5413   0.0477068
44   6.61548   0.0295884
45   6.67972   0.0340548
46   6.77472   0.0511264
47   6.8485   0.0405934
48   6.88943   0.0454343
49   7.0157   0.0375199
50   7.08335   0.0349694
51   7.13662   0.0335268
52   7.19775   0.0402814
53   7.25724   0.0444951
54   7.37589   0.0365821
55   7.38461   0.0413077
56   7.47798   0.0310628
57   7.53013   0.0463607
58   7.57854   0.0432682
59   7.70323   0.0333491
60   7.77077   0.0458456
61   7.8241   0.0332199
62   7.90996   0.0331331
63   7.93917   0.044025
64   8.01449   0.0485745
65   8.11173   0.0539682
66   8.08428   0.0561194
67   8.1869   0.04891
68   8.26537   0.0428319
69   8.28427   0.034061
70   8.34651   0.0492853
71   8.47024   0.0571898
72   8.48345   0.0310459
73   8.58288   0.0501976
74   8.59623   0.0563933
75   8.67202   0.0540937
76   8.67305   0.0432242
77   8.74391   0.0510562
78   8.88039   0.0703612
79   8.91843   0.0499052
80   8.91457   0.0367841
81   8.96088   0.0494334
82   9.06792   0.0383477
83   9.01945   0.0653615
84   9.15627   0.0568156
85   9.19938   0.0503117
86   9.28184   0.0537654
87   9.32921   0.0501931
88   9.3899   0.0495137
89   9.42133   0.0609718
90   9.52799   0.056589
91   9.53177   0.0423201
92   9.51284   0.0456044
93   9.68889   0.0447899
94   9.67679   0.0507223
95   9.76156   0.0547282
96   9.79395   0.0428039
97   9.82496   0.0482534
98   9.8724   0.0595535
99   9.95462   0.0590396
100   10.0149   0.041434
