0   1.00253   0
100   0.998326   0.00420059
200   1.00005   0.00297652
300   0.99921   0.00226675
400   0.999317   0.00175907
500   0.999476   0.00144504
600   0.999765   0.00125492
700   0.999658   0.00109198
800   0.999409   0.000994866
900   0.999645   0.000920774
1000   1.00016   0.000976497
1100   0.999993   0.000906039
1200   1.0001   0.000840115
1300   1.00024   0.000790441
1400   1.00072   0.000876767
1500   1.00058   0.000831366
1600   1.00048   0.000786721
1700   1.00057   0.00074653
1800   1.00053   0.000707415
1900   1.00032   0.000702164
2000   1.00019   0.000680165
2100   1.0002   0.000648563
2200   0.999996   0.000652323
2300   0.999966   0.000625297
2400   0.999856   0.000609796
2500   0.999724   0.000600544
2600   0.99973   0.000577911
2700   0.99989   0.000579291
2800   0.999882   0.000559017
2900   0.999864   0.000540358
3000   0.999752   0.000534434
3100   0.99967   0.000524041
3200   0.99965   0.000508271
3300   0.999402   0.000551997
3400   0.999405   0.000535999
3500   0.999473   0.000525349
3600   0.999382   0.000519052
3700   0.999186   0.000541789
3800   0.999199   0.000527866
3900   0.999169   0.000515384
4000   0.999266   0.000511922
4100   0.999304   0.00050106
4200   0.999197   0.000500766
4300   0.999164   0.000490403
4400   0.999212   0.000481834
4500   0.99921   0.000471248
4600   0.999273   0.000465438
4700   0.999273   0.000455639
4800   0.999324   0.00044916
4900   0.999379   0.000443546
5000   0.999453   0.000441064
5100   0.999414   0.000434236
5200   0.999368   0.000428545
5300   0.999353   0.000420798
5400   0.999367   0.000413334
5500   0.999394   0.000406742
5600   0.999346   0.000402413
5700   0.999439   0.000406384
5800   0.999498   0.000403751
5900   0.999482   0.0003973
6000   0.999508   0.000391616
6100   0.99955   0.000387532
6200   0.999648   0.000393656
6300   0.999643   0.000387493
6400   0.999637   0.000381531
6500   0.999696   0.000380406
6600   0.999697   0.000374685
6700   0.999676   0.000369715
6800   0.999682   0.000364359
6900   0.999719   0.000361028
7000   0.999723   0.000355937
7100   0.999767   0.000353619
7200   0.999836   0.000355589
7300   0.999788   0.000354094
7400   0.999828   0.000351658
7500   0.999772   0.000351548
7600   0.999769   0.000346966
7700   0.999778   0.000342608
7800   0.999767   0.000338397
7900   0.999784   0.000334574
8000   0.999793   0.000330536
8100   0.999785   0.000326575
8200   0.999762   0.000323472
8300   0.999766   0.000319622
8400   0.999674   0.000328916
8500   0.99965   0.000325966
8600   0.999674   0.000323103
8700   0.999693   0.000319947
8800   0.999642   0.000320314
8900   0.999661   0.000317318
9000   0.999602   0.000319464
9100   0.999552   0.000319851
9200   0.999531   0.0003171
9300   0.999566   0.000315658
9400   0.999575   0.000312456
9500   0.999535   0.000311834
9600   0.999539   0.000308631
9700   0.999523   0.000305858
9800   0.999579   0.000307845
9900   0.999605   0.000305845
