0   0   0
1   0.69909   0.0049378
2   0.998577   0.00635759
3   1.20155   0.00755005
4   1.38925   0.0112078
5   1.55417   0.0106522
6   1.70129   0.0127555
7   1.83782   0.013624
8   1.98711   0.0137236
9   2.09389   0.0142902
10   2.20701   0.0163071
11   2.28912   0.0169349
12   2.40692   0.0183142
13   2.48547   0.0185325
14   2.59234   0.0221796
15   2.64337   0.0219041
16   2.787   0.0216249
17   2.86034   0.0211051
18   2.94619   0.0216732
19   3.01586   0.0240261
20   3.05172   0.0224019
21   3.18931   0.0239984
22   3.25207   0.0251554
23   3.29474   0.0244303
24   3.37191   0.0241612
25   3.42021   0.0277779
26   3.57006   0.0252145
27   3.58716   0.0258423
28   3.65733   0.0265241
29   3.76923   0.0278079
30   3.81884   0.0291448
31   3.85248   0.027992
32   3.93837   0.0277278
33   3.98442   0.0303779
34   4.05666   0.0290578
35   4.09483   0.033007
36   4.18601   0.0308514
37   4.18549   0.0303009
38   4.26191   0.0323463
39   4.27426   0.0304667
40   4.41862   0.0312377
41   4.44717   0.0323723
42   4.44031   0.0349075
43   4.52416   0.0349672
44   4.54179   0.0332979
45   4.59611   0.0367364
46   4.73435   0.0338931
47   4.76304   0.0338777
48   4.73114   0.0314884
49   4.89566   0.0353795
50   4.89305   0.0396185
51   4.97145   0.0328316
52   5.02147   0.0434849
53   5.02483   0.0360636
54   4.94611   0.0364707
55   5.16098   0.0366997
56   5.219   0.0413437
57   5.24624   0.0345106
58   5.29332   0.0369656
59   5.43335   0.0408667
60   5.30806   0.0436696
61   5.39918   0.041549
62   5.4762   0.0418084
63   5.38691   0.0448875
64   5.48127   0.0402225
65   5.54673   0.04666
66   5.61199   0.0425709
67   5.65348   0.0394345
68   5.72908   0.040044
69   5.78883   0.0453535
70   5.85408   0.043218
71   5.78906   0.0497399
72   5.91574   0.0439411
73   5.93972   0.0485292
74   5.89456   0.0484705
75   6.06663   0.048167
76   6.06688   0.0453697
77   6.06434   0.0447078
78   6.08833   0.0426593
79   6.1166   0.0531823
80   6.12012   0.0450759
81   6.22196   0.044925
82   6.3244   0.0492403
83   6.24083   0.0542886
84   6.35387   0.0452592
85   6.31292   0.0444947
86   6.41834   0.0474217
87   6.39714   0.0478057
88   6.47279   0.0455638
89   6.56069   0.0493394
90   6.49053   0.047406
91   6.62404   0.0504129
92   6.60989   0.0475616
93   6.63668   0.0518227
94   6.7318   0.0495778
95   6.70221   0.0507677
96   6.72535   0.0468178
97   6.83406   0.0406089
98   6.82902   0.0477521
99   6.90054   0.0471841
100   6.89573   0.0517959
