0   0.988592   0
100   0.992105   0.0035135
200   0.996606   0.00493664
300   0.992013   0.00576859
400   0.997939   0.00742121
500   0.999217   0.00619272
600   0.998945   0.00524086
700   0.995652   0.00560718
800   0.995913   0.00495196
900   0.995551   0.00444398
1000   0.995569   0.00401977
1100   0.997448   0.00412277
1200   0.998698   0.00399319
1300   0.999183   0.00372867
1400   0.999441   0.00348075
1500   1.0001   0.00332183
1600   1.00013   0.00312045
1700   0.999103   0.00311566
1800   0.998747   0.00296847
1900   0.998845   0.00281783
2000   0.997892   0.00284464
2100   0.997683   0.00272031
2200   0.997934   0.00261149
2300   0.997587   0.00252428
2400   0.997112   0.00246747
2500   0.997251   0.00237477
2600   0.997269   0.00228519
2700   0.997455   0.00220987
2800   0.996372   0.00239158
2900   0.996302   0.00231155
3000   0.995692   0.00231737
3100   0.995659   0.00224402
3200   0.995473   0.00218287
3300   0.995777   0.00213938
3400   0.996009   0.00209026
3500   0.996725   0.00215387
3600   0.996819   0.00209696
3700   0.997007   0.00204972
3800   0.996703   0.00201962
3900   0.996393   0.00199262
4000   0.99702   0.00204206
4100   0.997353   0.0020204
4200   0.997623   0.00199128
4300   0.997299   0.0019723
4400   0.997339   0.00192837
4500   0.997419   0.00188772
4600   0.997388   0.00184739
4700   0.997555   0.00181627
4800   0.997588   0.00177911
4900   0.99732   0.00176368
5000   0.997531   0.00174158
5100   0.997531   0.00170776
5200   0.997789   0.00169509
5300   0.998031   0.00168081
5400   0.997836   0.00166137
5500   0.997866   0.0016317
5600   0.997677   0.00161399
5700   0.998189   0.00166659
5800   0.998257   0.0016395
5900   0.998193   0.00161321
6000   0.998089   0.00158992
6100   0.998277   0.00157526
6200   0.998108   0.00155924
6300   0.997855   0.00155537
6400   0.9978   0.00153223
6500   0.997689   0.00151294
6600   0.997502   0.00150189
6700   0.997706   0.00149368
6800   0.997859   0.00147983
6900   0.997973   0.00146298
7000   0.997738   0.00146134
7100   0.997872   0.00144715
7200   0.997914   0.0014278
7300   0.998101   0.00142073
7400   0.99813   0.00140197
7500   0.998429   0.00141529
7600   0.998519   0.00139966
7700   0.99875   0.00140083
7800   0.998731   0.00138311
7900   0.998726   0.00136572
8000   0.998472   0.00137242
8100   0.998696   0.00137391
8200   0.998837   0.00136459
8300   0.998873   0.00134872
8400   0.998576   0.00136531
8500   0.998705   0.00135549
8600   0.998886   0.00135194
8700   0.998924   0.00133703
8800   0.998881   0.00132263
8900   0.998803   0.0013102
9000   0.998679   0.00130166
9100   0.998679   0.00128743
9200   0.99882   0.00128136
9300   0.998601   0.0012864
9400   0.998685   0.00127552
9500   0.998585   0.00126612
9600   0.998491   0.00125646
9700   0.998493   0.00124358
9800   0.998378   0.00123628
9900   0.998404   0.00122414
