0   0   0
1   1.73205   5.99049e-09
2   2.24732   0.0097338
3   2.84483   0.00960102
4   3.20199   0.0104965
5   3.59969   0.0138262
6   3.92315   0.0156825
7   4.24017   0.0159166
8   4.55575   0.0174081
9   4.82039   0.0200989
10   5.06397   0.0223807
11   5.34258   0.0200791
12   5.55269   0.0226023
13   5.78717   0.021839
14   5.98217   0.0243317
15   6.21174   0.0233692
16   6.38346   0.0246728
17   6.6181   0.0261165
18   6.74993   0.0271237
19   6.97382   0.0274535
20   7.15775   0.0270165
21   7.33291   0.0301186
22   7.46083   0.030947
23   7.67665   0.0282956
24   7.85566   0.0305714
25   7.92644   0.0302202
26   8.06227   0.0315641
27   8.29062   0.0396279
28   8.41632   0.0322754
29   8.61924   0.0369644
30   8.79315   0.0311799
31   8.915   0.0387145
32   8.97695   0.0379039
33   9.14428   0.0347896
34   9.34375   0.0399561
35   9.49474   0.0396583
36   9.60156   0.0406793
37   9.72088   0.0405593
38   9.89859   0.0389428
39   9.99093   0.0453089
40   10.0949   0.0397228
41   10.1913   0.0480792
42   10.3781   0.0418626
43   10.4356   0.0454811
44   10.6031   0.047075
45   10.6882   0.0428723
46   10.8137   0.0396465
47   10.956   0.0466313
48   11.0676   0.0508253
49   11.2299   0.05053
50   11.2901   0.0468711
51   11.4974   0.0433315
52   11.5082   0.0499286
53   11.5923   0.0486914
54   11.746   0.0475783
55   11.8247   0.0490288
56   11.9546   0.0535053
57   12.0528   0.0432175
58   12.0957   0.0486764
59   12.2823   0.0548908
60   12.3329   0.0576152
61   12.4447   0.0544086
62   12.5741   0.059302
63   12.6127   0.0528127
64   12.785   0.0525533
65   12.9101   0.0573964
66   12.9515   0.0627617
67   13.0721   0.0542716
68   13.1079   0.0553122
69   13.1862   0.0538042
70   13.3285   0.0607662
71   13.4403   0.0562692
72   13.5844   0.0628097
73   13.5856   0.0572018
74   13.7697   0.0621226
75   13.9808   0.0633293
76   13.9085   0.0596413
77   14.0108   0.0624393
78   14.0417   0.0615129
79   14.1874   0.0565825
80   14.236   0.0568936
81   14.3239   0.0589398
82   14.539   0.0614505
83   14.4757   0.0539231
84   14.5393   0.0604536
85   14.705   0.0600649
86   14.8153   0.0615297
87   14.8882   0.0728595
88   14.9819   0.0603638
89   15.1098   0.065468
90   15.1615   0.0680054
91   15.219   0.0640407
92   15.2574   0.0731464
93   15.3214   0.0669628
94   15.3325   0.0709092
95   15.5387   0.0630162
96   15.6298   0.0638947
97   15.7399   0.0740163
98   15.7147   0.0709326
99   15.9501   0.0649297
100   15.9536   0.0655459
