0   13.9586   0
100   14.6899   0.731385
200   14.6853   0.422291
300   14.1406   0.621142
400   13.7809   0.600727
500   14.0157   0.543763
600   14.3167   0.549386
700   14.9158   0.765004
800   14.6108   0.740378
900   14.6087   0.662217
1000   14.8059   0.630609
1100   15.0311   0.618154
1200   15.0539   0.569073
1300   15.1577   0.536993
1400   15.4046   0.557586
1500   15.2565   0.542201
1600   14.9963   0.571941
1700   15.1204   0.553339
1800   15.0159   0.533752
1900   14.8077   0.54746
2000   14.8432   0.521945
2100   14.8105   0.498732
2200   14.8816   0.481836
2300   14.7638   0.476126
2400   14.9594   0.496801
2500   14.9157   0.479303
2600   14.7926   0.477364
2700   14.7967   0.460018
2800   14.8655   0.449172
2900   14.928   0.438411
3000   15.0066   0.43126
3100   14.9604   0.42011
3200   14.9799   0.407644
3300   14.9196   0.400044
3400   14.9694   0.391621
3500   14.8739   0.392381
3600   14.803   0.388158
3700   14.8673   0.383239
3800   14.823   0.375896
3900   14.762   0.371425
4000   14.6674   0.374411
4100   14.7019   0.367018
4200   14.679   0.359118
4300   14.7323   0.354889
4400   14.8263   0.359442
4500   14.8013   0.352432
4600   14.7544   0.348031
4700   14.7955   0.343178
4800   14.8249   0.337383
4900   14.7869   0.332738
5000   14.7555   0.327664
5100   14.7629   0.321387
5200   14.792   0.316603
5300   14.7405   0.31492
5400   14.754   0.309436
5500   14.7653   0.304073
5600   14.7707   0.298739
5700   14.7801   0.293693
5800   14.7864   0.28874
5900   14.8794   0.298738
6000   14.8972   0.294341
6100   14.8981   0.289556
6200   14.9099   0.285166
6300   14.9159   0.280738
6400   14.9247   0.276526
6500   14.9075   0.272843
6600   14.9131   0.268797
6700   14.9218   0.264957
6800   14.9114   0.261297
6900   14.9882   0.268753
7000   14.9992   0.265166
7100   15.0193   0.262234
7200   15.0386   0.259334
7300   15.0425   0.255835
7400   15.0352   0.252505
7500   15.0116   0.250274
7600   14.9887   0.248069
7700   15.0124   0.246014
7800   15.0268   0.243307
7900   15.034   0.240356
8000   14.9947   0.240614
8100   15.0361   0.241248
8200   15.0471   0.238577
8300   15.0358   0.235993
8400   15.029   0.233299
8500   15.0154   0.230969
8600   15.0202   0.22835
8700   15.0245   0.225782
8800   15.0174   0.223346
8900   14.9919   0.22231
9000   15.0404   0.225124
9100   15.0763   0.225543
9200   15.0883   0.223429
9300   15.0444   0.225363
9400   15.0354   0.223159
9500   15.0008   0.223518
9600   14.9824   0.221964
9700   15.0007   0.220444
9800   14.989   0.218517
9900   14.9591   0.218386
