0   19.9457   0
100   18.2916   1.65405
200   16.6039   1.93917
300   16.3894   1.38787
400   16.0364   1.13152
500   16.1867   0.936022
600   15.9984   0.813184
700   16.0165   0.704471
800   15.7273   0.685283
900   15.7375   0.613019
1000   15.5947   0.572592
1100   15.25   0.626079
1200   15.2871   0.577099
1300   15.2666   0.534682
1400   15.2622   0.497782
1500   15.3959   0.484456
1600   15.5058   0.468147
1700   15.4383   0.446503
1800   15.4571   0.422769
1900   15.4157   0.403207
2000   15.2691   0.410601
2100   15.0638   0.442019
2200   15.06   0.422382
2300   15.1796   0.421737
2400   15.3568   0.44159
2500   15.2955   0.428659
2600   15.3369   0.414545
2700   15.2926   0.401917
2800   15.3273   0.389359
2900   15.2814   0.37894
3000   15.2421   0.368615
3100   15.1837   0.361651
3200   15.2408   0.35514
3300   15.3284   0.355489
3400   15.3997   0.352478
3500   15.424   0.343404
3600   15.4054   0.334511
3700   15.3236   0.3357
3800   15.2342   0.338981
3900   15.2701   0.33234
4000   15.2375   0.325765
4100   15.227   0.318088
4200   15.1962   0.312127
4300   15.1422   0.309695
4400   15.0861   0.307892
4500   15.1045   0.301691
4600   15.1189   0.295551
4700   15.0105   0.308973
4800   14.9786   0.304281
4900   15.0083   0.299613
5000   14.9654   0.296793
5100   15.0057   0.293799
5200   14.9669   0.290797
5300   14.9978   0.28703
5400   14.9588   0.284445
5500   14.9109   0.283405
5600   14.9053   0.278444
5700   14.9129   0.273705
5800   14.907   0.269091
5900   14.9337   0.265921
6000   14.909   0.262698
6100   14.9132   0.258461
6200   14.9413   0.25588
6300   14.94   0.251854
6400   15.0429   0.268457
6500   15.0621   0.265056
6600   15.0363   0.26234
6700   15.0306   0.258516
6800   15.024   0.254828
6900   15.0223   0.251167
7000   15.0133   0.247768
7100   15.047   0.246625
7200   15.0395   0.243339
7300   15.0299   0.240222
7400   15.0812   0.242492
7500   15.133   0.244821
7600   15.1443   0.241885
7700   15.1477   0.238787
7800   15.1713   0.236923
7900   15.1611   0.234166
8000   15.1563   0.231306
8100   15.1824   0.229949
8200   15.1543   0.228889
8300   15.1521   0.226158
8400   15.157   0.223534
8500   15.129   0.222692
8600   15.1648   0.223022
8700   15.1006   0.22964
8800   15.1227   0.228121
8900   15.1115   0.225854
9000   15.115   0.223387
9100   15.0787   0.223906
9200   15.118   0.224931
9300   15.1211   0.222548
9400   15.0891   0.22251
9500   15.0806   0.220346
9600   15.0699   0.218325
9700   15.0932   0.217346
9800   15.079   0.215613
9900   15.0817   0.213464
