0   3.95067   0
100   4.9805   1.02983
200   5.51169   0.797295
300   5.07343   0.714077
400   5.26841   0.586479
500   5.31974   0.481602
600   5.3698   0.410095
700   5.40151   0.356566
800   5.46549   0.320904
900   5.50927   0.290344
1000   5.4767   0.264637
1100   5.63154   0.286943
1200   5.59226   0.266855
1300   5.60468   0.247372
1400   5.61221   0.230414
1500   5.56204   0.221294
1600   5.56466   0.207886
1700   5.51749   0.201593
1800   5.54131   0.19217
1900   5.48222   0.191646
2000   5.51419   0.185074
2100   5.53608   0.177814
2200   5.48607   0.177114
2300   5.4719   0.170165
2400   5.47345   0.163224
2500   5.48094   0.157
2600   5.44163   0.156106
2700   5.43401   0.15062
2800   5.42408   0.145673
2900   5.4596   0.145147
3000   5.49487   0.144749
3100   5.54863   0.15011
3200   5.51857   0.148564
3300   5.5103   0.144365
3400   5.49811   0.140709
3500   5.53134   0.140726
3600   5.51774   0.137544
3700   5.5378   0.135369
3800   5.54717   0.132185
3900   5.5771   0.13227
4000   5.60667   0.132347
4100   5.59783   0.12946
4200   5.61057   0.127054
4300   5.6061   0.124213
4400   5.60081   0.121537
4500   5.58118   0.120475
4600   5.58154   0.117884
4700   5.59214   0.115888
4800   5.60142   0.113877
4900   5.56701   0.11676
5000   5.5658   0.114454
5100   5.55497   0.112752
5200   5.54602   0.110965
5300   5.53193   0.1098
5400   5.52999   0.107803
5500   5.54243   0.106588
5600   5.52697   0.105837
5700   5.53696   0.104475
5800   5.54785   0.103264
5900   5.54237   0.101677
6000   5.54835   0.100175
6100   5.54521   0.0985957
6200   5.54163   0.097084
6300   5.53922   0.0955855
6400   5.5213   0.0957933
6500   5.50241   0.0962036
6600   5.52569   0.0975742
6700   5.52854   0.0961709
6800   5.53849   0.0952875
6900   5.52919   0.0943755
7000   5.5354   0.0932436
7100   5.52084   0.0930852
7200   5.52058   0.0918016
7300   5.51576   0.0906811
7400   5.50812   0.0897891
7500   5.49376   0.0897567
7600   5.50787   0.0897004
7700   5.51832   0.0891573
7800   5.52736   0.0884846
7900   5.53265   0.0875317
8000   5.5331   0.0864454
8100   5.53523   0.0854115
8200   5.53667   0.0843885
8300   5.51627   0.0858383
8400   5.52991   0.0859117
8500   5.54303   0.085915
8600   5.52309   0.087231
8700   5.52331   0.0862343
8800   5.51525   0.0856401
8900   5.51015   0.0848369
9000   5.50292   0.08421
9100   5.51823   0.0846848
9200   5.49917   0.0859104
9300   5.51619   0.0866801
9400   5.54488   0.0904342
9500   5.54653   0.0895023
9600   5.55031   0.0886556
9700   5.54508   0.0879023
9800   5.54463   0.087011
9900   5.54663   0.0861599
