0   4.88588   0
100   5.86396   0.978079
200   5.30145   0.79706
300   5.01359   0.632863
400   5.12462   0.502631
500   5.25507   0.430629
600   5.12935   0.385051
700   4.99837   0.358264
800   5.12461   0.340248
900   5.03609   0.316942
1000   5.19682   0.328671
1100   5.17788   0.300631
1200   5.3464   0.323844
1300   5.22517   0.323403
1400   5.11401   0.32094
1500   5.17993   0.307365
1600   5.2122   0.290517
1700   5.15939   0.278946
1800   5.20793   0.268282
1900   5.24935   0.257865
2000   5.28358   0.247654
2100   5.2816   0.236137
2200   5.34525   0.234443
2300   5.38049   0.227212
2400   5.27847   0.240631
2500   5.31724   0.234419
2600   5.3521   0.228247
2700   5.34218   0.220168
2800   5.37466   0.214908
2900   5.33787   0.210855
3000   5.33218   0.204019
3100   5.33731   0.197607
3200   5.34026   0.191548
3300   5.33339   0.185956
3400   5.30503   0.182779
3500   5.3259   0.178852
3600   5.34792   0.175338
3700   5.31828   0.173216
3800   5.33309   0.169365
3900   5.37176   0.169546
4000   5.41452   0.170798
4100   5.3684   0.172943
4200   5.36196   0.168996
4300   5.36155   0.165111
4400   5.3341   0.163717
4500   5.36141   0.162431
4600   5.37465   0.159488
4700   5.33455   0.161196
4800   5.31511   0.159065
4900   5.3064   0.156094
5000   5.31543   0.153269
5100   5.30328   0.150782
5200   5.2864   0.148871
5300   5.29631   0.146424
5400   5.3078   0.144196
5500   5.311   0.141633
5600   5.32801   0.140163
5700   5.31902   0.138019
5800   5.31889   0.135659
5900   5.31985   0.133383
6000   5.34508   0.133582
6100   5.33093   0.13217
6200   5.32588   0.130153
6300   5.33587   0.128492
6400   5.32982   0.126645
6500   5.32928   0.124712
6600   5.32652   0.122868
6700   5.30951   0.122236
6800   5.31926   0.120845
6900   5.29569   0.121416
7000   5.3075   0.120276
7100   5.32343   0.119658
7200   5.31527   0.118289
7300   5.31496   0.11668
7400   5.33038   0.116142
7500   5.34268   0.115261
7600   5.33009   0.114448
7700   5.32675   0.113021
7800   5.33333   0.111775
7900   5.34629   0.111128
8000   5.34462   0.10976
8100   5.34007   0.108508
8200   5.33164   0.107524
8300   5.33076   0.10624
8400   5.33554   0.105091
8500   5.34147   0.104032
8600   5.3413   0.102829
8700   5.34287   0.101666
8800   5.34336   0.100519
8900   5.3496   0.0995907
9000   5.34349   0.0986795
9100   5.32924   0.0986356
9200   5.32324   0.0977536
9300   5.33234   0.0971356
9400   5.33495   0.0961431
9500   5.33905   0.0952247
9600   5.3375   0.0942507
9700   5.336   0.093296
9800   5.32585   0.0929052
9900   5.33791   0.0927588
