1   18.1936   18.1936   0
2   17.4492   17.8214   0.26317
3   17.2007   17.6145   0.243566
4   17.5462   17.5974   0.183272
5   17.732   17.6243   0.148581
6   16.7944   17.486   0.176844
7   16.8391   17.3936   0.174065
8   18.1569   17.489   0.176529
9   19.1497   17.6735   0.23428
10   17.3294   17.6391   0.213364
11   17.991   17.6711   0.196351
12   16.3033   17.5571   0.210488
13   17.8181   17.5772   0.195252
14   17.5851   17.5778   0.181306
15   17.1608   17.55   0.171337
16   15.9734   17.4514   0.186826
17   17.8213   17.4732   0.177099
18   15.456   17.3611   0.199593
19   17.0788   17.3462   0.18964
20   18.229   17.3904   0.185223
1   19.3608   19.3608   0
2   18.526   18.9434   0.295134
3   17.6603   18.5157   0.40084
4   17.6843   18.3079   0.350395
5   18.494   18.3451   0.282287
6   18.6322   18.3929   0.23926
7   18.5867   18.4206   0.206674
8   18.759   18.4629   0.185117
9   19.2125   18.5462   0.182323
10   19.3634   18.6279   0.181483
11   17.1332   18.492   0.209773
12   18.9421   18.5295   0.195615
13   18.5202   18.5288   0.180569
14   18.7094   18.5417   0.168132
15   19.3796   18.5976   0.165943
16   19.9866   18.6844   0.176828
17   19.3212   18.7218   0.170348
18   18.7643   18.7242   0.1609
19   17.695   18.67   0.161293
20   19.4177   18.7074   0.1575
1   18.9414   18.9414   0
2   17.7967   18.369   0.404735
3   19.9528   18.897   0.508539
4   19.6234   19.0786   0.412559
5   17.4387   18.7506   0.441573
6   16.3872   18.3567   0.514491
7   19.6211   18.5373   0.471634
8   19.2643   18.6282   0.421343
9   19.7542   18.7533   0.392662
10   19.5882   18.8368   0.362162
11   17.8835   18.7501   0.339449
12   18.5253   18.7314   0.311678
13   16.0813   18.5275   0.348042
14   18.9031   18.5544   0.324214
15   20.4673   18.6819   0.32672
16   19.944   18.7608   0.315678
17   21.0949   18.8981   0.325601
18   18.8032   18.8928   0.307555
19   19.2558   18.9119   0.291961
20   20.0442   18.9685   0.282799
1   21.2002   21.2002   0
2   21.7844   21.4923   0.206548
3   20.4661   21.1502   0.311398
4   21.6203   21.2677   0.254757
5   21.5545   21.3251   0.210161
6   19.0552   20.9468   0.387218
7   19.2686   20.707   0.399279
8   20.5367   20.6857   0.349936
9   18.5448   20.4479   0.383479
10   20.1311   20.4162   0.346437
11   20.493   20.4232   0.315013
12   20.8426   20.4581   0.290695
13   20.2728   20.4439   0.268684
14   17.9851   20.2682   0.301477
15   20.3447   20.2733   0.281421
16   21.3486   20.3405   0.271739
17   20.0289   20.3222   0.256372
18   19.2945   20.2651   0.248405
19   20.0651   20.2546   0.235555
20   19.0934   20.1965   0.230821
1   19.3296   19.3296   0
2   18.1407   18.7352   0.420322
3   21.5664   19.6789   0.819921
4   22.3043   20.3353   0.837411
5   20.2254   20.3133   0.670217
6   21.5668   20.5222   0.590179
7   23.0074   20.8772   0.603271
8   22.5418   21.0853   0.562602
9   23.6025   21.365   0.565352
10   22.4932   21.4778   0.519952
11   20.5515   21.3936   0.479454
12   20.2182   21.2957   0.449393
13   22.1659   21.3626   0.41978
14   22.7054   21.4585   0.400604
15   22.8832   21.5535   0.384991
16   18.652   21.3721   0.401372
17   22.2976   21.4266   0.381436
18   21.5405   21.4329   0.360298
19   20.2609   21.3712   0.346575
20   21.137   21.3595   0.329444
1   23.8653   23.8653   0
2   18.5549   21.2101   1.87753
3   23.6412   22.0205   1.41581
4   22.7568   22.2046   1.07375
5   23.876   22.5388   0.909554
6   22.8617   22.5927   0.759552
7   26.7367   23.1847   0.85104
8   24.3962   23.3361   0.758014
9   21.3597   23.1165   0.704884
10   22.0606   23.0109   0.642255
11   21.6201   22.8845   0.596184
12   22.0673   22.8164   0.550377
13   23.5945   22.8762   0.511285
14   22.2987   22.835   0.476426
15   26.7432   23.0955   0.510966
16   22.9124   23.0841   0.479159
17   22.0753   23.0248   0.454632
18   22.663   23.0047   0.429819
19   21.5451   22.9278   0.414005
20   23.111   22.937   0.393406
1   23.3488   23.3488   0
2   25.9484   24.6486   0.919075
3   22.5376   23.945   0.839947
4   25.413   24.312   0.705603
5   22.5311   23.9558   0.648176
6   23.8868   23.9443   0.540249
7   25.0148   24.0972   0.484234
8   23.2796   23.995   0.434356
9   23.4299   23.9322   0.390606
10   22.9011   23.8291   0.364902
11   23.64   23.8119   0.332134
12   24.2203   23.846   0.306194
13   22.6753   23.7559   0.295586
14   26.113   23.9243   0.318836
15   23.4682   23.8939   0.299027
16   24.1724   23.9113   0.280844
17   25.6515   24.0136   0.282364
18   23.1734   23.967   0.270508
19   24.6136   24.001   0.258404
20   23.9511   23.9985   0.245495
1   27.2517   27.2517   0
2   18.4285   22.8401   3.11948
3   25.3312   23.6705   2.18737
4   24.7983   23.9524   1.65861
5   25.6854   24.299   1.36262
6   27.5653   24.8434   1.23949
7   21.6587   24.3884   1.14287
8   24.0734   24.3491   1.00069
9   24.706   24.3887   0.890289
10   20.723   24.0222   0.873471
11   24.204   24.0387   0.794221
12   27.2873   24.3094   0.772798
13   24.0115   24.2865   0.713692
14   25.513   24.3741   0.668069
15   24.6977   24.3957   0.623879
16   25.9514   24.4929   0.592415
17   22.1797   24.3568   0.572981
18   27.4828   24.5305   0.566856
19   23.757   24.4898   0.538481
20   24.7593   24.5033   0.511726
1   28.9996   28.9996   0
2   25.5117   27.2556   1.23316
3   28.9292   27.8135   0.939851
4   22.9286   26.5923   1.27099
5   26.5998   26.5938   1.01679
6   26.6937   26.6104   0.847463
7   23.0716   26.1049   0.864128
8   26.8245   26.1948   0.760779
9   27.5784   26.3486   0.691606
10   25.8865   26.3023   0.623987
11   23.7052   26.0662   0.610295
12   24.4245   25.9294   0.574568
13   21.3109   25.5742   0.630716
14   28.3189   25.7702   0.615382
15   26.8323   25.841   0.578416
16   27.945   25.9725   0.557013
17   24.1061   25.8627   0.534958
18   23.5757   25.7357   0.520108
19   23.3959   25.6125   0.507103
20   26.7267   25.6682   0.484799
1   30.4669   30.4669   0
2   14.1047   22.2858   5.7849
3   28.7717   24.4478   4.24139
4   28.2993   25.4106   3.28852
5   28.5667   26.0418   2.69071
6   27.8225   26.3386   2.25857
7   18.8672   25.2713   2.17353
8   26.0067   25.3632   1.90378
9   26.3129   25.4687   1.69517
10   30.5241   25.9743   1.59926
11   26.8036   26.0497   1.45565
12   27.0028   26.1291   1.33651
13   28.1487   26.2844   1.2427
14   21.1487   25.9176   1.20687
15   26.0754   25.9281   1.12645
16   25.9322   25.9284   1.05605
17   30.7473   26.2118   1.03127
18   21.8831   25.9714   1.00163
19   24.4361   25.8905   0.952164
20   28.3633   26.0142   0.912548
1   27.6478   27.6478   0
2   29.8896   28.7687   0.792593
3   31.3384   29.6253   0.876551
4   33.6798   30.6389   1.09671
5   30.0275   30.5166   0.884161
6   30.1612   30.4574   0.738782
7   28.517   30.1802   0.683267
8   27.7595   29.8776   0.661477
9   29.8408   29.8735   0.587992
10   33.9659   30.2827   0.656335
11   30.1181   30.2678   0.596839
12   33.9113   30.5714   0.619537
13   27.3453   30.3232   0.619592
14   23.2172   29.8157   0.755141
15   29.9462   29.8244   0.704848
16   27.9274   29.7058   0.670693
17   30.7462   29.767   0.634026
18   33.158   29.9554   0.626166
19   25.6768   29.7302   0.632407
20   34.6027   29.9738   0.646011
1   37.5842   37.5842   0
2   27.1751   32.3797   3.68019
3   28.1107   30.9567   2.71467
4   30.7512   30.9053   2.03648
5   21.6786   29.06   2.31915
6   26.7637   28.6773   1.96395
7   34.83   29.5562   1.86976
8   41.4407   31.0418   2.14654
9   31.0849   31.0466   1.90804
10   24.062   30.3481   1.84064
11   38.2024   31.0621   1.8065
12   33.7221   31.2838   1.66951
13   32.0975   31.3464   1.54225
14   37.4418   31.7818   1.49229
15   32.4226   31.8245   1.39341
16   35.8276   32.0747   1.32859
17   35.3395   32.2667   1.26425
18   29.4356   32.1095   1.20375
19   31.049   32.0537   1.14169
20   31.7766   32.0398   1.08469
1   47.8113   47.8113   0
2   31.2805   39.5459   5.8445
3   46.9756   42.0225   4.3898
4   36.7974   40.7162   3.48128
5   32.8108   39.1351   3.12349
6   42.5582   39.7056   2.6545
7   47.6322   40.838   2.5052
8   14.2271   37.5116   3.80613
9   13.5313   34.8472   4.21389
10   22.7615   33.6386   3.96202
11   14.6259   31.9102   3.96095
12   32.1788   31.9326   3.63094
13   25.6685   31.4507   3.38345
14   45.1625   32.4301   3.28047
15   18.688   31.514   3.18713
16   39.396   32.0066   3.02577
17   46.9984   32.8885   2.97352
18   34.423   32.9737   2.80955
19   32.516   32.9496   2.66178
20   30.2584   32.8151   2.53209
1   32.1344   32.1344   0
2   44.7927   38.4635   4.47538
3   35.9508   37.626   3.06096
4   66.296   44.7935   6.61817
5   26.3012   41.095   6.24299
6   31.0775   39.4254   5.42115
7   36.946   39.0712   4.65825
8   34.9683   38.5584   4.10411
9   65.2022   41.5188   4.59336
10   54.47   42.8139   4.31274
11   45.9629   43.1002   3.93016
12   8.73919   40.2368   4.52714
13   8.00773   37.7576   4.81005
14   9.02205   35.7051   4.88481
15   28.2458   35.2078   4.5844
16   20.2962   34.2758   4.39159
17   32.0265   34.1435   4.13525
18   56.6016   35.3912   4.08941
19   19.0797   34.5327   3.96326
20   39.4587   34.779   3.77274
1   71.1817   71.1817   0
2   46.25   58.7158   8.81468
3   77.7692   65.0669   7.83735
4   72.8942   67.0238   6.11742
5   22.6832   58.1557   9.32016
6   32.6772   53.9092   8.68043
7   29.1467   50.3717   8.12928
8   57.2627   51.2331   7.15861
9   80.94   54.5339   7.08343
10   65.4158   55.6221   6.45813
11   41.9185   54.3763   5.98998
12   42.8344   53.4145   5.5675
13   48.3108   53.0219   5.15305
14   54.0805   53.0975   4.78553
15   12.5243   50.3926   5.17477
16   14.4597   48.1468   5.31639
17   17.5186   46.3451   5.30015
18   34.1834   45.6695   5.04858
19   9.84472   43.784   5.12288
20   25.2378   42.8567   4.94995
1   8.2307   8.2307   0
2   26.3233   17.277   6.39669
3   12.4963   15.6834   4.45854
4   4.32509   12.8438   4.1508
5   88.4111   27.9573   13.9198
6   88.7981   38.0974   14.8405
7   12.4265   34.4302   13.1658
8   47.9635   36.1218   11.6282
9   25.4258   34.9334   10.3967
10   26.1765   34.0577   9.39387
11   18.9463   32.6839   8.63975
12   84.4682   36.9993   8.9327
13   99.5464   41.8106   9.45291
14   91.383   45.3515   9.41756
15   99.9366   48.9905   9.46672
16   77.9566   50.8009   9.0465
17   99.7972   53.683   8.96171
18   99.4704   56.2268   8.81747
19   100   58.5306   8.64913
20   99.9176   60.6   8.46061
