1   1.23192   1.23192   0
2   1.33612   1.28402   0.0368374
3   1.31116   1.29307   0.0256448
4   1.6026   1.37045   0.0697225
5   0.894732   1.27531   0.10175
6   1.40271   1.29654   0.0869789
7   1.07846   1.26539   0.0799381
8   1.08704   1.24309   0.0729884
9   1.33628   1.25345   0.0656089
10   1.32392   1.26049   0.0594253
11   1.21847   1.25667   0.0541457
12   1.29354   1.25975   0.0497206
13   1.21652   1.25642   0.046007
14   1.15464   1.24915   0.0432914
15   1.33254   1.25471   0.0407607
16   1.35742   1.26113   0.0387153
17   1.29235   1.26297   0.0364815
18   1.57195   1.28013   0.0382808
19   0.90526   1.2604   0.0410367
20   1.28349   1.26156   0.0390011
1   1.63609   1.63609   0
2   1.73527   1.68568   0.0350636
3   1.49337   1.62158   0.0573223
4   1.35639   1.55528   0.0717266
5   1.50831   1.54589   0.0579932
6   1.26511   1.49909   0.0645019
7   1.12152   1.44515   0.0745017
8   1.52341   1.45493   0.065828
9   1.96748   1.51188   0.079415
10   1.51329   1.51202   0.0714736
11   1.30617   1.49331   0.0673814
12   1.35896   1.48211   0.0626895
13   1.14337   1.45606   0.0630506
14   1.79276   1.48011   0.062967
15   1.97734   1.51326   0.0669284
16   1.60669   1.51909   0.0629996
17   1.22205   1.50162   0.0616693
18   1.69459   1.51234   0.0591676
19   1.91309   1.53343   0.0596948
20   1.24431   1.51898   0.0584343
1   1.60633   1.60633   0
2   1.74091   1.67362   0.0475804
3   1.72527   1.69083   0.0346955
4   2.14845   1.80524   0.102437
5   1.82872   1.80993   0.0820569
6   1.87167   1.82022   0.0690229
7   1.9969   1.84546   0.0636101
8   1.53268   1.80636   0.0665993
9   1.5989   1.78331   0.0630626
10   1.75424   1.78041   0.0568234
11   1.69483   1.77263   0.0521874
12   1.59487   1.75781   0.0498966
13   2.10686   1.78466   0.0527903
14   1.8841   1.79177   0.0494951
15   1.98029   1.80433   0.0477646
16   2.04435   1.81933   0.047076
17   1.50524   1.80086   0.0477951
18   1.39849   1.7785   0.0500953
19   1.48726   1.76318   0.0497487
20   2.09929   1.77998   0.0500193
1   2.34534   2.34534   0
2   2.17298   2.25916   0.0609393
3   2.3357   2.28467   0.0456555
4   1.62256   2.11915   0.147384
5   1.85255   2.06583   0.127186
6   2.59317   2.15372   0.132932
7   1.98579   2.12973   0.116086
8   2.09875   2.12586   0.10164
9   1.63931   2.0718   0.103732
10   1.9409   2.05871   0.094181
11   1.61806   2.01865   0.093752
12   1.76644   1.99763   0.0882637
13   1.96652   1.99524   0.0815066
14   1.98911   1.9948   0.0756859
15   1.81093   1.98254   0.0716259
16   1.83657   1.97342   0.0677278
17   2.39797   1.99839   0.0681928
18   1.87909   1.99176   0.0647256
19   2.10889   1.99793   0.0616119
20   1.90123   1.99309   0.0587207
1   1.72318   1.72318   0
2   1.90939   1.81628   0.0658369
3   2.45113   2.0279   0.178271
4   3.06086   2.28614   0.260561
5   2.23757   2.27642   0.20863
6   3.19964   2.43029   0.223509
7   2.12802   2.38711   0.195706
8   2.83531   2.44313   0.179083
9   2.9397   2.49831   0.167468
10   2.25531   2.47401   0.152474
11   2.20182   2.44926   0.140607
12   1.91823   2.40501   0.135675
13   2.16353   2.38643   0.126503
14   2.71437   2.40986   0.119616
15   3.35856   2.4731   0.127269
16   1.92681   2.43896   0.12381
17   2.1844   2.42399   0.117429
18   3.02758   2.45752   0.115594
19   2.32522   2.45056   0.10972
20   2.303   2.44318   0.104481
1   2.72379   2.72379   0
2   2.10775   2.41577   0.217802
3   3.28781   2.70645   0.278231
4   2.58341   2.67569   0.210367
5   2.71792   2.68414   0.168463
6   3.18604   2.76779   0.15981
7   2.33441   2.70588   0.148489
8   3.10555   2.75583   0.138077
9   2.08139   2.6809   0.141618
10   2.49312   2.66212   0.128695
11   2.47914   2.64548   0.118066
12   3.67799   2.73153   0.136013
13   3.24924   2.77135   0.131251
14   1.99301   2.71576   0.133131
15   3.00813   2.73525   0.125674
16   2.10154   2.69564   0.123904
17   2.47437   2.68262   0.117297
18   2.14259   2.65262   0.114553
19   2.35442   2.63693   0.109594
20   1.92669   2.60142   0.109717
1   2.24579   2.24579   0
2   2.41705   2.33142   0.0605485
3   2.66767   2.4435   0.100021
4   2.9553   2.57145   0.133811
5   2.93187   2.64354   0.124965
6   2.98055   2.6997   0.116076
7   2.47245   2.66724   0.103935
8   2.86526   2.69199   0.0938445
9   2.84913   2.70945   0.085026
10   2.41375   2.67988   0.0815031
11   2.35831   2.65065   0.079163
12   2.80666   2.66365   0.073626
13   4.08831   2.77324   0.125319
14   4.14421   2.87117   0.14982
15   3.70166   2.92653   0.149713
16   2.38629   2.89277   0.144114
17   2.63768   2.87776   0.136415
18   2.50239   2.85691   0.130421
19   3.23355   2.87673   0.125054
20   3.07748   2.88677   0.119203
1   3.21865   3.21865   0
2   2.90446   3.06155   0.111081
3   2.40055   2.84122   0.194549
4   4.64705   3.29268   0.417314
5   3.85834   3.40581   0.348849
6   3.0802   3.35154   0.294899
7   2.94412   3.29334   0.25845
8   3.26561   3.28987   0.226167
9   4.34952   3.40761   0.229648
10   3.80964   3.44781   0.210173
11   3.16186   3.42182   0.192667
12   2.32862   3.33072   0.196975
13   5.17694   3.47274   0.227326
14   3.60348   3.48207   0.21128
15   4.04964   3.51991   0.200554
16   3.78975   3.53678   0.188727
17   4.54069   3.59583   0.186636
18   2.9606   3.56054   0.179573
19   2.74824   3.51779   0.175137
20   4.71751   3.57777   0.176354
1   3.47568   3.47568   0
2   3.05889   3.26728   0.147359
3   3.70007   3.41154   0.153379
4   2.96636   3.30025   0.150077
5   5.29601   3.6994   0.376661
6   4.33397   3.80516   0.328397
7   7.17324   4.28632   0.526943
8   3.84029   4.23056   0.464015
9   4.52525   4.26331   0.413612
10   7.52591   4.58957   0.484119
11   7.05171   4.8134   0.489123
12   4.62464   4.79767   0.448616
13   4.73249   4.79265   0.414135
14   4.32659   4.75936   0.385889
15   5.75377   4.82566   0.365814
16   4.70757   4.81828   0.343025
17   4.23136   4.78375   0.32458
18   3.63897   4.72015   0.312716
19   3.24354   4.64244   0.305762
20   3.85441   4.60304   0.293002
1   8.12012   8.12012   0
2   8.54227   8.3312   0.149251
3   6.56287   7.74176   0.491455
4   5.14804   7.09333   0.671718
5   9.20986   7.51663   0.65736
6   3.10036   6.78059   0.866922
7   4.55479   6.46262   0.799265
8   5.64311   6.36018   0.705891
9   4.00741   6.09876   0.674129
10   5.45835   6.03472   0.609751
11   5.94192   6.02628   0.554377
12   6.71224   6.08345   0.511118
13   6.01602   6.07826   0.471827
14   6.0567   6.07672   0.438128
15   4.86212   5.99575   0.416335
16   8.07352   6.12561   0.410067
17   7.22281   6.19015   0.390991
18   5.67865   6.16173   0.370301
19   8.1812   6.26802   0.365747
20   5.76603   6.24292   0.34832
1   6.73438   6.73438   0
2   7.15454   6.94446   0.148549
3   18.5864   10.8251   3.17008
4   13.7777   11.5633   2.462
5   12.3141   11.7134   1.97418
6   5.45342   10.6701   1.90096
7   6.54533   10.0808   1.71829
8   6.45014   9.62701   1.56229
9   13.2801   10.0329   1.44047
10   6.39797   9.66942   1.3415
11   10.594   9.75347   1.22218
12   7.28318   9.54761   1.13753
13   9.74564   9.56285   1.05013
14   9.61845   9.56682   0.975131
15   12.447   9.75883   0.928834
16   11.7818   9.88526   0.879345
17   5.66027   9.63673   0.862024
18   9.8889   9.65074   0.814248
19   10.0251   9.67045   0.771631
20   7.73311   9.57358   0.739105
1   11.4017   11.4017   0
2   12.2865   11.8441   0.312846
3   14.2446   12.6443   0.68581
4   12.6297   12.6406   0.514367
5   10.156   12.1437   0.605704
6   11.9642   12.1138   0.505491
7   11.3853   12.0097   0.443862
8   18.6493   12.8397   0.868076
9   14.1446   12.9846   0.783638
10   15.1445   13.2006   0.734437
11   18.5884   13.6904   0.814785
12   15.5167   13.8426   0.760968
13   8.36426   13.4212   0.810764
14   27.7411   14.4441   1.24027
15   13.5661   14.3855   1.15897
16   12.8903   14.2921   1.09029
17   9.08879   13.986   1.06826
18   6.81396   13.5876   1.08067
19   16.3103   13.7309   1.03325
20   17.0753   13.8981   0.995024
1   14.5096   14.5096   0
2   12.936   13.7228   0.55638
3   20.0539   15.8332   1.76257
4   11.0062   14.6264   1.68513
5   11.6199   14.0251   1.45143
6   16.9324   14.5097   1.28787
7   22.5406   15.6569   1.53192
8   17.8969   15.9369   1.36578
9   12.7232   15.5798   1.25984
10   14.551   15.477   1.13805
11   12.5312   15.2092   1.06563
12   15.755   15.2546   0.977798
13   28.9295   16.3066   1.35501
14   19.822   16.5577   1.28128
15   14.6568   16.4309   1.20211
16   18.0005   16.529   1.13098
17   11.8452   16.2535   1.0975
18   10.1184   15.9127   1.08816
19   16.5323   15.9453   1.03138
20   9.465   15.6213   1.02945
1   39.998   39.998   0
2   15.7506   27.8743   8.57274
3   11.4853   22.4113   7.24977
4   16.8125   21.0116   5.57081
5   25.3928   21.8879   4.52503
6   34.1034   23.9238   4.20399
7   29.0731   24.6594   3.66722
8   9.08306   22.7124   3.68966
9   17.8884   22.1764   3.3184
10   29.5343   22.9122   3.06705
11   17.8534   22.4523   2.8225
12   24.9819   22.6631   2.59515
13   15.5477   22.1157   2.45256
14   56.1115   24.544   3.26524
15   9.18581   23.5201   3.20406
16   32.3641   24.0729   3.05112
17   41.0457   25.0713   3.03059
18   47.878   26.3383   3.11585
19   49.8063   27.5735   3.18729
20   37.3211   28.0609   3.06496
1   27.6949   27.6949   0
2   82.6866   55.1908   19.4425
3   80.055   63.4788   14.6219
4   75.2509   66.4219   11.2587
5   66.2542   66.3883   9.00701
6   43.3255   62.5445   8.28553
7   73.1398   64.0581   7.23882
8   36.3761   60.5979   7.11307
9   4.6444   54.3808   8.62172
10   26.5248   51.5952   8.19721
11   36.0741   50.1842   7.57247
12   66.6273   51.5545   7.06432
13   69.3829   52.9259   6.6527
14   63.0185   53.6468   6.21644
15   75.4962   55.1034   5.97023
16   60.1674   55.4199   5.60548
17   81.8345   56.9737   5.48687
18   67.1018   57.5364   5.21081
19   59.7151   57.6511   4.93782
20   80.0692   58.772   4.81648
1   81.1888   81.1888   0
2   86.9004   84.0446   2.01934
3   99.3734   89.1542   4.38381
4   99.9867   91.8623   4.03861
5   99.8017   93.4502   3.52927
6   98.8776   94.3548   3.05478
7   99.9945   95.1604   2.72256
8   99.6442   95.7209   2.43924
9   52.9542   90.9691   4.97719
10   16.3161   83.5038   8.37993
11   73.7595   82.6179   7.6648
12   99.4947   84.0243   7.15393
13   95.9233   84.9396   6.66192
14   99.6189   85.9881   6.26804
15   99.6139   86.8965   5.91563
16   96.4248   87.492   5.5758
17   99.7028   88.2103   5.29387
18   91.972   88.4193   5.00389
19   56.4108   86.7346   5.0161
20   99.9625   87.396   4.80871
