1   -0.45464   -0.45464   0
2   -0.476928   -0.465784   0.00788
3   -0.468176   -0.466581   0.00529352
4   -0.478656   -0.4696   0.00475355
5   -0.455848   -0.46685   0.00452917
6   -0.465448   -0.466616   0.00378033
7   -0.47788   -0.468225   0.00356635
8   -0.450032   -0.465951   0.00377666
9   -0.4918   -0.468823   0.00431301
10   -0.472632   -0.469204   0.0038985
11   -0.448104   -0.467286   0.00398817
12   -0.461632   -0.466815   0.00368355
13   -0.467728   -0.466885   0.00340087
14   -0.487744   -0.468375   0.003469
15   -0.46948   -0.468449   0.00323852
16   -0.465736   -0.468279   0.00304054
17   -0.463984   -0.468026   0.00287217
18   -0.480656   -0.468728   0.00279699
19   -0.455216   -0.468017   0.0027387
20   -0.442544   -0.466743   0.00288275
1   -0.465872   -0.465872   0
2   -0.479464   -0.472668   0.0048055
3   -0.498536   -0.481291   0.00773501
4   -0.471696   -0.478892   0.00616196
5   -0.476176   -0.478349   0.00495346
6   -0.479768   -0.478585   0.00413352
7   -0.49844   -0.481422   0.00441007
8   -0.46996   -0.479989   0.00408492
9   -0.489248   -0.481018   0.00375835
10   -0.49424   -0.48234   0.00360761
11   -0.471688   -0.481372   0.00340713
12   -0.486376   -0.481789   0.00314863
13   -0.46928   -0.480826   0.0030499
14   -0.490992   -0.481553   0.00291721
15   -0.503056   -0.482986   0.00305472
16   -0.477248   -0.482628   0.00288478
17   -0.473432   -0.482087   0.00276533
18   -0.481808   -0.482071   0.00261175
19   -0.489   -0.482436   0.00249962
20   -0.47852   -0.48224   0.00238229
1   -0.492664   -0.492664   0
2   -0.502032   -0.497348   0.00331209
3   -0.511248   -0.501981   0.00438034
4   -0.500944   -0.501722   0.00329292
5   -0.512072   -0.503792   0.00321988
6   -0.509496   -0.504743   0.00282009
7   -0.497256   -0.503673   0.00261217
8   -0.51672   -0.505304   0.00274798
9   -0.47548   -0.50199   0.0039658
10   -0.523744   -0.504166   0.00412291
11   -0.506472   -0.504375   0.00375342
12   -0.50644   -0.504547   0.00344458
13   -0.520696   -0.50579   0.00339622
14   -0.504696   -0.505711   0.00315453
15   -0.517528   -0.506499   0.003041
16   -0.516392   -0.507117   0.00291312
17   -0.493384   -0.50631   0.00285157
18   -0.498272   -0.505863   0.00272789
19   -0.510736   -0.50612   0.00259635
20   -0.494256   -0.505526   0.00253338
1   -0.534104   -0.534104   0
2   -0.535   -0.534552   0.000316784
3   -0.527112   -0.532072   0.00203589
4   -0.527376   -0.530898   0.00183445
5   -0.498976   -0.524514   0.00589595
6   -0.54932   -0.528648   0.00619555
7   -0.5426   -0.530641   0.00562194
8   -0.524256   -0.529843   0.00497553
9   -0.540312   -0.531006   0.00455664
10   -0.51972   -0.529878   0.00423844
11   -0.544936   -0.531247   0.0040682
12   -0.523592   -0.530609   0.00377886
13   -0.537216   -0.531117   0.00352219
14   -0.508744   -0.529519   0.00361501
15   -0.5194   -0.528844   0.00343637
16   -0.53784   -0.529407   0.00326727
17   -0.527712   -0.529307   0.0030766
18   -0.496936   -0.527508   0.00339079
19   -0.537832   -0.528052   0.00325557
20   -0.50532   -0.526915   0.00328521
1   -0.555664   -0.555664   0
2   -0.552992   -0.554328   0.000944695
3   -0.557376   -0.555344   0.00104154
4   -0.573392   -0.559856   0.00398482
5   -0.547552   -0.557395   0.00387387
6   -0.577648   -0.560771   0.00446276
7   -0.55528   -0.559986   0.00389355
8   -0.550864   -0.558846   0.00356993
9   -0.5642   -0.559441   0.00322245
10   -0.549256   -0.558422   0.00305692
11   -0.54012   -0.556759   0.00319995
12   -0.539936   -0.555357   0.00322578
13   -0.5474   -0.554745   0.00303516
14   -0.558656   -0.555024   0.00283119
15   -0.563152   -0.555566   0.0026938
16   -0.55208   -0.555348   0.00253423
17   -0.562592   -0.555774   0.00242072
18   -0.55272   -0.555604   0.00229217
19   -0.542408   -0.55491   0.00227433
20   -0.565328   -0.555431   0.00221946
1   -0.580288   -0.580288   0
2   -0.56288   -0.571584   0.00615466
3   -0.591968   -0.578379   0.00690028
4   -0.583136   -0.579568   0.00527671
5   -0.591672   -0.581989   0.00474428
6   -0.60936   -0.586551   0.0057422
7   -0.557752   -0.582437   0.00622357
8   -0.569448   -0.580813   0.00565343
9   -0.569544   -0.579561   0.00516207
10   -0.5804   -0.579645   0.00464654
11   -0.597912   -0.581305   0.00451113
12   -0.572144   -0.580542   0.00419931
13   -0.564064   -0.579274   0.00406309
14   -0.57656   -0.579081   0.00377749
15   -0.586504   -0.579575   0.00355793
16   -0.586008   -0.579978   0.00335819
17   -0.572264   -0.579524   0.00319116
18   -0.605744   -0.58098   0.00332978
19   -0.592184   -0.58157   0.00320632
20   -0.583016   -0.581642   0.00304682
1   -0.602088   -0.602088   0
2   -0.6178   -0.609944   0.00555503
3   -0.616496   -0.612128   0.00411032
4   -0.63572   -0.618026   0.00596599
5   -0.609504   -0.616322   0.00501035
6   -0.615224   -0.616139   0.00417863
7   -0.612712   -0.615649   0.00361024
8   -0.61188   -0.615178   0.00318955
9   -0.629144   -0.61673   0.00319039
10   -0.617928   -0.61685   0.0028736
11   -0.604736   -0.615748   0.00281548
12   -0.626968   -0.616683   0.00273169
13   -0.614464   -0.616513   0.00252689
14   -0.622336   -0.616929   0.00238039
15   -0.621   -0.6172   0.00223712
16   -0.602192   -0.616262   0.0022855
17   -0.607512   -0.615747   0.00220825
18   -0.632208   -0.616662   0.00226703
19   -0.638144   -0.617792   0.00241325
20   -0.616464   -0.617726   0.0022935
1   -0.6616   -0.6616   0
2   -0.642064   -0.651832   0.00690702
3   -0.6272   -0.643621   0.00813305
4   -0.635232   -0.641524   0.00636447
5   -0.638448   -0.640909   0.00512122
6   -0.6208   -0.637557   0.00525104
7   -0.596312   -0.631665   0.00707222
8   -0.649744   -0.633925   0.00653929
9   -0.643072   -0.634941   0.00589115
10   -0.650624   -0.63651   0.00550682
11   -0.641472   -0.636961   0.00502464
12   -0.631328   -0.636491   0.0046278
13   -0.661656   -0.638427   0.0046591
14   -0.639552   -0.638507   0.004327
15   -0.644512   -0.638908   0.00405701
16   -0.641224   -0.639053   0.00380603
17   -0.65588   -0.640042   0.00370863
18   -0.641144   -0.640104   0.0035031
19   -0.6608   -0.641193   0.00348397
20   -0.65312   -0.641789   0.00336042
1   -0.708112   -0.708112   0
2   -0.670936   -0.689524   0.0131437
3   -0.64852   -0.675856   0.0141889
4   -0.658856   -0.671606   0.0112602
5   -0.69264   -0.675813   0.00976239
6   -0.695384   -0.679075   0.00866314
7   -0.71268   -0.683875   0.00865411
8   -0.673856   -0.682623   0.00766244
9   -0.697824   -0.684312   0.00699473
10   -0.673912   -0.683272   0.0063721
11   -0.688784   -0.683773   0.00581249
12   -0.684312   -0.683818   0.00532829
13   -0.666   -0.682447   0.00509165
14   -0.711352   -0.684512   0.0051295
15   -0.70816   -0.686089   0.00502397
16   -0.673504   -0.685302   0.00477114
17   -0.648216   -0.68312   0.00496423
18   -0.672912   -0.682553   0.00472073
19   -0.670776   -0.681933   0.00451278
20   -0.67056   -0.681365   0.00432282
1   -0.724232   -0.724232   0
2   -0.728992   -0.726612   0.00168291
3   -0.738008   -0.730411   0.00329828
4   -0.740888   -0.73303   0.00335633
5   -0.753872   -0.737198   0.00459456
6   -0.689568   -0.72926   0.00819603
7   -0.735544   -0.730158   0.00707416
8   -0.715976   -0.728385   0.00640815
9   -0.717712   -0.727199   0.00580483
10   -0.728408   -0.72732   0.00522561
11   -0.704736   -0.725267   0.00513807
12   -0.730792   -0.725727   0.00473048
13   -0.696928   -0.723512   0.00485771
14   -0.7326   -0.724161   0.0045539
15   -0.713464   -0.723448   0.00430578
16   -0.733432   -0.724072   0.00408163
17   -0.73492   -0.72471   0.0038911
18   -0.718656   -0.724374   0.00368943
19   -0.729088   -0.724622   0.00350359
20   -0.733816   -0.725082   0.00335843
1   -0.749936   -0.749936   0
2   -0.766704   -0.75832   0.00592838
3   -0.809272   -0.775304   0.0144196
4   -0.76784   -0.773438   0.0109348
5   -0.760968   -0.770944   0.00902775
6   -0.74564   -0.766727   0.00845097
7   -0.74124   -0.763086   0.00798961
8   -0.785224   -0.765853   0.00745476
9   -0.767824   -0.766072   0.00662967
10   -0.749   -0.764365   0.0061826
11   -0.77584   -0.765408   0.00570788
12   -0.763048   -0.765211   0.00523561
13   -0.764336   -0.765144   0.0048333
14   -0.778936   -0.766129   0.00458737
15   -0.758272   -0.765605   0.00431134
16   -0.80552   -0.7681   0.00470863
17   -0.747416   -0.766883   0.00458616
18   -0.774272   -0.767294   0.00434971
19   -0.781312   -0.768032   0.00418288
20   -0.757784   -0.767519   0.00400499
1   -0.793584   -0.793584   0
2   -0.801576   -0.79758   0.0028256
3   -0.813288   -0.802816   0.00467179
4   -0.829496   -0.809486   0.006756
5   -0.804584   -0.808506   0.00547548
6   -0.82068   -0.810535   0.00492452
7   -0.782312   -0.806503   0.00563474
8   -0.811568   -0.807136   0.00496584
9   -0.79384   -0.805659   0.00462862
10   -0.798416   -0.804934   0.00422204
11   -0.83404   -0.80758   0.0045931
12   -0.798536   -0.806827   0.00427174
13   -0.814408   -0.80741   0.00398275
14   -0.856272   -0.8109   0.00499883
15   -0.81096   -0.810904   0.00466557
16   -0.810752   -0.810895   0.00437398
17   -0.803304   -0.810448   0.00413942
18   -0.797928   -0.809752   0.00396746
19   -0.826848   -0.810652   0.00385932
20   -0.81736   -0.810988   0.0036809
1   -0.823664   -0.823664   0
2   -0.8352   -0.829432   0.00407859
3   -0.847984   -0.835616   0.00573479
4   -0.806112   -0.82824   0.00770087
5   -0.836168   -0.829826   0.00632183
6   -0.838   -0.831188   0.005413
7   -0.872592   -0.837103   0.00717737
8   -0.85016   -0.838735   0.00646311
9   -0.822632   -0.836946   0.00598753
10   -0.84652   -0.837903   0.00546478
11   -0.826984   -0.836911   0.00505734
12   -0.844296   -0.837526   0.00467319
13   -0.889936   -0.841558   0.00579752
14   -0.8412   -0.841532   0.00538346
15   -0.825576   -0.840468   0.00512858
16   -0.843184   -0.840638   0.00481085
17   -0.835688   -0.840347   0.00453667
18   -0.836368   -0.840126   0.00429001
19   -0.860816   -0.841215   0.00420016
20   -0.839024   -0.841105   0.00399158
1   -0.900568   -0.900568   0
2   -0.893424   -0.896996   0.00252579
3   -0.857224   -0.883739   0.0109548
4   -0.865144   -0.87909   0.00914939
5   -0.875024   -0.878277   0.00735556
6   -0.912472   -0.883976   0.00803989
7   -0.920952   -0.889258   0.00845026
8   -0.867192   -0.8865   0.00783122
9   -0.890032   -0.886892   0.00697091
10   -0.906168   -0.88882   0.00653489
11   -0.900112   -0.889847   0.0060209
12   -0.9008   -0.890759   0.00558792
13   -0.881296   -0.890031   0.00520528
14   -0.949576   -0.894285   0.00633719
15   -0.886384   -0.893758   0.00593656
16   -0.908512   -0.89468   0.00563668
17   -0.924968   -0.896462   0.00557959
18   -0.934168   -0.898556   0.00564917
19   -0.947152   -0.901114   0.00590251
20   -0.905976   -0.901357   0.00561239
1   -0.920536   -0.920536   0
2   -0.995456   -0.957996   0.0264882
3   -0.985992   -0.967328   0.0192326
4   -0.976616   -0.96965   0.0145639
5   -0.972576   -0.970235   0.0116629
6   -0.9348   -0.964329   0.0111142
7   -0.973216   -0.965599   0.00959872
8   -0.924728   -0.96049   0.00966329
9   -0.916552   -0.955608   0.00974509
10   -0.895112   -0.949558   0.0104815
11   -0.914328   -0.946356   0.010006
12   -0.956496   -0.947201   0.00920775
13   -0.963128   -0.948426   0.00858058
14   -0.950696   -0.948588   0.00796922
15   -0.972488   -0.950181   0.00759555
16   -0.9582   -0.950682   0.00713734
17   -0.99064   -0.953033   0.00709397
18   -0.966232   -0.953766   0.00673765
19   -0.945904   -0.953352   0.00639573
20   -0.984704   -0.95492   0.00626511
1   -0.975536   -0.975536   0
2   -0.979448   -0.977492   0.0013831
3   -0.9968   -0.983928   0.00533525
4   -0.999864   -0.987912   0.00528353
5   -0.998864   -0.990102   0.00465879
6   -0.994704   -0.990869   0.00394495
7   -0.999944   -0.992166   0.00358807
8   -0.997872   -0.992879   0.00320968
9   -0.958952   -0.989109   0.00455756
10   -0.9094   -0.981138   0.00860273
11   -0.974576   -0.980542   0.00784132
12   -0.997336   -0.981941   0.00731171
13   -0.988952   -0.982481   0.00676913
14   -0.9982   -0.983603   0.00637806
15   -0.998168   -0.984574   0.00602631
16   -0.993176   -0.985112   0.00567359
17   -0.99788   -0.985863   0.00538934
18   -0.985744   -0.985856   0.00508993
19   -0.942176   -0.983557   0.00531594
20   -0.999656   -0.984362   0.00511072
