1   -0.886032   -0.886032   0
2   -0.876696   -0.881364   0.00330077
3   -0.86728   -0.876669   0.0044199
4   -0.887296   -0.879326   0.00403511
5   -0.88232   -0.879925   0.00327222
6   -0.861568   -0.876865   0.00390333
7   -0.870192   -0.875912   0.00346017
8   -0.898256   -0.878705   0.00399905
9   -0.897672   -0.880812   0.00407232
10   -0.884296   -0.881161   0.00367996
11   -0.88724   -0.881713   0.00338666
12   -0.877808   -0.881388   0.00312004
13   -0.878888   -0.881196   0.00288596
14   -0.884976   -0.881466   0.00269242
15   -0.873344   -0.880924   0.00256679
16   -0.868088   -0.880122   0.00252864
17   -0.884992   -0.880408   0.00239607
18   -0.843904   -0.87838   0.00300089
19   -0.863936   -0.87762   0.00293767
20   -0.876408   -0.87756   0.00279141
1   -0.895552   -0.895552   0
2   -0.872208   -0.88388   0.00825335
3   -0.863696   -0.877152   0.00777508
4   -0.869216   -0.875168   0.00607918
5   -0.88204   -0.876542   0.0050163
6   -0.876568   -0.876547   0.00418025
7   -0.872544   -0.875975   0.00362197
8   -0.882528   -0.876794   0.00326054
9   -0.881216   -0.877285   0.00293504
10   -0.894784   -0.879035   0.00311986
11   -0.861584   -0.877449   0.0032144
12   -0.8816   -0.877795   0.00296509
13   -0.884328   -0.878297   0.00277927
14   -0.88116   -0.878502   0.00258826
15   -0.892904   -0.879462   0.00258768
16   -0.898112   -0.880628   0.00267563
17   -0.893944   -0.881411   0.00263041
18   -0.889824   -0.881878   0.00252546
19   -0.873976   -0.881462   0.00242655
20   -0.880424   -0.88141   0.00230577
1   -0.863368   -0.863368   0
2   -0.855024   -0.859196   0.00295005
3   -0.896728   -0.871707   0.0104025
4   -0.89248   -0.8769   0.00900542
5   -0.861128   -0.873746   0.00773709
6   -0.830616   -0.866557   0.00919949
7   -0.8904   -0.869963   0.00849245
8   -0.888856   -0.872325   0.00775229
9   -0.8848   -0.873711   0.00701375
10   -0.884064   -0.874746   0.00638833
11   -0.870096   -0.874324   0.00582154
12   -0.881296   -0.874905   0.00536533
13   -0.83472   -0.871814   0.00577481
14   -0.890512   -0.873149   0.00551461
15   -0.894064   -0.874543   0.00532032
16   -0.889944   -0.875506   0.00507413
17   -0.895848   -0.876703   0.00491471
18   -0.874488   -0.87658   0.00464321
19   -0.884576   -0.877   0.00441787
20   -0.885096   -0.877405   0.00421548
1   -0.885376   -0.885376   0
2   -0.897032   -0.891204   0.00412102
3   -0.89436   -0.892256   0.00287849
4   -0.90016   -0.894232   0.00275484
5   -0.888104   -0.893006   0.00246145
6   -0.873288   -0.88972   0.00363425
7   -0.88356   -0.88884   0.00321985
8   -0.8816   -0.887935   0.00294181
9   -0.871016   -0.886055   0.00315899
10   -0.901312   -0.887581   0.00319032
11   -0.886088   -0.887445   0.00290317
12   -0.892416   -0.887859   0.00269063
13   -0.892488   -0.888215   0.00250711
14   -0.862448   -0.886375   0.00292665
15   -0.882328   -0.886105   0.00274395
16   -0.889904   -0.886343   0.00258271
17   -0.89228   -0.886692   0.00245428
18   -0.88088   -0.886369   0.00233908
19   -0.876624   -0.885856   0.0022715
20   -0.859616   -0.884544   0.00250837
1   -0.863304   -0.863304   0
2   -0.850984   -0.857144   0.00435578
3   -0.881472   -0.865253   0.00723002
4   -0.894392   -0.872538   0.00831886
5   -0.86936   -0.871902   0.00667933
6   -0.894304   -0.875636   0.00652671
7   -0.908944   -0.880394   0.00712063
8   -0.89592   -0.882335   0.00648963
9   -0.901224   -0.884434   0.0060985
10   -0.885016   -0.884492   0.00548893
11   -0.883384   -0.884391   0.00499086
12   -0.860592   -0.882408   0.00495336
13   -0.89164   -0.883118   0.00462296
14   -0.893872   -0.883886   0.0043561
15   -0.901416   -0.885055   0.00421954
16   -0.84464   -0.882529   0.00465081
17   -0.895712   -0.883304   0.00444142
18   -0.893328   -0.883861   0.00422944
19   -0.864544   -0.882845   0.00412723
20   -0.88364   -0.882884   0.00392106
1   -0.885664   -0.885664   0
2   -0.84088   -0.863272   0.0158335
3   -0.885864   -0.870803   0.012216
4   -0.902848   -0.878814   0.0114925
5   -0.895032   -0.882058   0.00964088
6   -0.88984   -0.883355   0.00812085
7   -0.91752   -0.888235   0.00829882
8   -0.904608   -0.890282   0.00750958
9   -0.874456   -0.888524   0.00687798
10   -0.8898   -0.888651   0.00619137
11   -0.872776   -0.887208   0.00579428
12   -0.88008   -0.886614   0.00534179
13   -0.892128   -0.887038   0.00494769
14   -0.890056   -0.887254   0.00459898
15   -0.910376   -0.888795   0.00454338
16   -0.892256   -0.889011   0.00426456
17   -0.885128   -0.888783   0.00401982
18   -0.88008   -0.8883   0.00382546
19   -0.869152   -0.887292   0.00375452
20   -0.898096   -0.887832   0.00360545
1   -0.871712   -0.871712   0
2   -0.899504   -0.885608   0.00982596
3   -0.883048   -0.884755   0.00658759
4   -0.89272   -0.886746   0.00523302
5   -0.87548   -0.884493   0.00464624
6   -0.8758   -0.883044   0.00409152
7   -0.89844   -0.885243   0.00405532
8   -0.88512   -0.885228   0.00354843
9   -0.8798   -0.884625   0.00320501
10   -0.881088   -0.884271   0.00290396
11   -0.887168   -0.884535   0.00265187
12   -0.893648   -0.885294   0.0025373
13   -0.878464   -0.884769   0.0023959
14   -0.899128   -0.885794   0.00243443
15   -0.887376   -0.8859   0.00227442
16   -0.881872   -0.885648   0.00214615
17   -0.905928   -0.886841   0.00232796
18   -0.885184   -0.886749   0.00220045
19   -0.893856   -0.887123   0.00211619
20   -0.89064   -0.887299   0.00201768
1   -0.901496   -0.901496   0
2   -0.819624   -0.86056   0.0289461
3   -0.893272   -0.871464   0.0212522
4   -0.896424   -0.877704   0.0168303
5   -0.889744   -0.880112   0.0136354
6   -0.908368   -0.884821   0.0121489
7   -0.866296   -0.882175   0.0106977
8   -0.890704   -0.883241   0.00941347
9   -0.887544   -0.883719   0.00837967
10   -0.862176   -0.881565   0.00781372
11   -0.885632   -0.881935   0.00711212
12   -0.89444   -0.882977   0.00659535
13   -0.883952   -0.883052   0.00608845
14   -0.898144   -0.88413   0.0057482
15   -0.886424   -0.884283   0.00536702
16   -0.902672   -0.885432   0.00515318
17   -0.880528   -0.885144   0.00485812
18   -0.894792   -0.88568   0.0046177
19   -0.872064   -0.884963   0.00442992
20   -0.884984   -0.884964   0.00420842
1   -0.904904   -0.904904   0
2   -0.883904   -0.894404   0.00742462
3   -0.902528   -0.897112   0.00542115
4   -0.863672   -0.888752   0.00830352
5   -0.881048   -0.887211   0.00678426
6   -0.895704   -0.888627   0.00579934
7   -0.869576   -0.885905   0.00557297
8   -0.8892   -0.886317   0.00489155
9   -0.886896   -0.886381   0.00434846
10   -0.891672   -0.88691   0.00394567
11   -0.861832   -0.884631   0.00419423
12   -0.865216   -0.883013   0.00414503
13   -0.834504   -0.879281   0.0052433
14   -0.902328   -0.880927   0.00512068
15   -0.902264   -0.88235   0.00497295
16   -0.906376   -0.883852   0.00488359
17   -0.891728   -0.884315   0.00461825
18   -0.888704   -0.884559   0.00436811
19   -0.868872   -0.883733   0.00421552
20   -0.901248   -0.884609   0.0040947
1   -0.89976   -0.89976   0
2   -0.817784   -0.858772   0.0289829
3   -0.87924   -0.865595   0.0201089
4   -0.888592   -0.871344   0.0158823
5   -0.892152   -0.875506   0.0132399
6   -0.892936   -0.878411   0.0113475
7   -0.8148   -0.869323   0.0128602
8   -0.881128   -0.870799   0.011337
9   -0.883624   -0.872224   0.0101665
10   -0.903568   -0.875358   0.00962089
11   -0.904616   -0.878018   0.0091065
12   -0.883264   -0.878455   0.00835812
13   -0.889   -0.879266   0.00775444
14   -0.826936   -0.875529   0.0080512
15   -0.892016   -0.876628   0.00758911
16   -0.863816   -0.875827   0.00715691
17   -0.889656   -0.87664   0.00678199
18   -0.868184   -0.876171   0.00642146
19   -0.870168   -0.875855   0.00609126
20   -0.868568   -0.87549   0.00579758
1   -0.88324   -0.88324   0
2   -0.890432   -0.886836   0.00254276
3   -0.901024   -0.891565   0.00421719
4   -0.919784   -0.89862   0.00687969
5   -0.88384   -0.895664   0.00610587
6   -0.886904   -0.894204   0.00525988
7   -0.89396   -0.894169   0.00450859
8   -0.894984   -0.894271   0.00394616
9   -0.894696   -0.894318   0.00350798
10   -0.911352   -0.896022   0.00354671
11   -0.893232   -0.895768   0.00323334
12   -0.904992   -0.896537   0.00305389
13   -0.888912   -0.89595   0.00287475
14   -0.89168   -0.895645   0.00268554
15   -0.877464   -0.894433   0.00276654
16   -0.880384   -0.893555   0.00272942
17   -0.890592   -0.893381   0.00257443
18   -0.912344   -0.894434   0.00263817
19   -0.870728   -0.893187   0.00277874
20   -0.905992   -0.893827   0.00271257
1   -0.904664   -0.904664   0
2   -0.909168   -0.906916   0.0015924
3   -0.859296   -0.891043   0.0130039
4   -0.885072   -0.88955   0.00983824
5   -0.884328   -0.888506   0.00792583
6   -0.865624   -0.884692   0.00746618
7   -0.901648   -0.887114   0.00678114
8   -0.92936   -0.892395   0.00772053
9   -0.887008   -0.891796   0.00688586
10   -0.865776   -0.889194   0.00667081
11   -0.924096   -0.892367   0.00677706
12   -0.89964   -0.892973   0.00623935
13   -0.891984   -0.892897   0.00575986
14   -0.925168   -0.895202   0.00579134
15   -0.910248   -0.896205   0.00549143
16   -0.895032   -0.896132   0.0051487
17   -0.926024   -0.89789   0.00513732
18   -0.879976   -0.896895   0.00494738
19   -0.915696   -0.897885   0.00478492
20   -0.919168   -0.898949   0.00466251
1   -0.93584   -0.93584   0
2   -0.908904   -0.922372   0.00952331
3   -0.934208   -0.926317   0.00711936
4   -0.92132   -0.925068   0.00544804
5   -0.893824   -0.918819   0.00708759
6   -0.928176   -0.920379   0.00607547
7   -0.92912   -0.921627   0.00533433
8   -0.831944   -0.910417   0.0114783
9   -0.806176   -0.898835   0.0149447
10   -0.869208   -0.895872   0.0137408
11   -0.830136   -0.889896   0.0137297
12   -0.901696   -0.890879   0.0126208
13   -0.880536   -0.890084   0.011675
14   -0.93516   -0.893303   0.0112763
15   -0.864016   -0.891351   0.0106922
16   -0.92644   -0.893544   0.0102464
17   -0.9256   -0.89543   0.00981566
18   -0.921232   -0.896863   0.00937443
19   -0.882464   -0.896105   0.00891162
20   -0.867952   -0.894698   0.0085765
1   -0.901016   -0.901016   0
2   -0.942472   -0.921744   0.0146569
3   -0.905824   -0.916437   0.0106889
4   -0.972656   -0.930492   0.0145745
5   -0.867312   -0.917856   0.0162383
6   -0.881816   -0.911849   0.0146006
7   -0.872496   -0.906227   0.013554
8   -0.899656   -0.905406   0.0118846
9   -0.966912   -0.91224   0.012374
10   -0.944888   -0.915505   0.0115593
11   -0.938608   -0.917605   0.0106975
12   -0.814248   -0.908992   0.0128126
13   -0.844016   -0.903994   0.0127647
14   -0.840304   -0.899445   0.0126376
15   -0.9114   -0.900242   0.0118202
16   -0.879704   -0.898958   0.0111509
17   -0.894456   -0.898693   0.0104981
18   -0.944928   -0.901262   0.0102243
19   -0.856208   -0.898891   0.00995738
20   -0.921352   -0.900014   0.00952263
1   -0.968272   -0.968272   0
2   -0.918896   -0.943584   0.0174571
3   -0.985424   -0.957531   0.0162824
4   -0.96788   -0.960118   0.0124157
5   -0.839752   -0.936045   0.0237122
6   -0.898512   -0.929789   0.0205688
7   -0.888448   -0.923883   0.0184588
8   -0.940672   -0.925982   0.0162703
9   -0.98844   -0.932922   0.0158737
10   -0.95268   -0.934898   0.0144087
11   -0.920944   -0.933629   0.0131546
12   -0.939392   -0.934109   0.0120671
13   -0.938304   -0.934432   0.0111432
14   -0.965504   -0.936651   0.010566
15   -0.817032   -0.928677   0.0125142
16   -0.881224   -0.925711   0.0120784
17   -0.903696   -0.924416   0.0114371
18   -0.943984   -0.925503   0.0108533
19   -0.919544   -0.925189   0.0102866
20   -0.886536   -0.923257   0.00995215
1   -0.919304   -0.919304   0
2   -0.873944   -0.896624   0.0160372
3   -0.84504   -0.879429   0.0176469
4   -0.865456   -0.875936   0.0135765
5   -0.98656   -0.898061   0.0225737
6   -0.982264   -0.912095   0.0227595
7   -0.92   -0.913224   0.0195361
8   -0.901928   -0.911812   0.0171451
9   -0.871096   -0.907288   0.0158257
10   -0.814304   -0.89799   0.0167535
11   -0.879304   -0.896291   0.0153163
12   -0.962216   -0.901785   0.0149929
13   -0.997584   -0.909154   0.0155455
14   -0.979016   -0.914144   0.015215
15   -0.999376   -0.919826   0.0152247
16   -0.955672   -0.922066   0.0144371
17   -0.998192   -0.926544   0.0142654
18   -0.99708   -0.930463   0.0140008
19   -1   -0.934123   0.0137339
20   -0.999328   -0.937383   0.0134286
