1   0.172553   0.172553   0
2   0.179658   0.176105   0.00251205
3   0.19646   0.18289   0.00578751
4   0.185017   0.183422   0.00436499
5   0.190965   0.184931   0.00374358
6   0.183945   0.184766   0.00312325
7   0.189224   0.185403   0.00274122
8   0.196358   0.186773   0.00271917
9   0.163124   0.184145   0.00346114
10   0.186569   0.184387   0.00312351
11   0.193539   0.185219   0.00294828
12   0.182679   0.185008   0.00271018
13   0.201413   0.18627   0.00278004
14   0.189234   0.186481   0.00258952
15   0.182585   0.186222   0.00242988
16   0.198417   0.186984   0.00239457
17   0.19833   0.187651   0.00234488
18   0.195659   0.188096   0.00225641
19   0.200754   0.188762   0.00223384
20   0.184159   0.188532   0.00213397
1   0.236322   0.236322   0
2   0.220947   0.228635   0.00543614
3   0.212203   0.223157   0.0057562
4   0.225066   0.223635   0.00433688
5   0.190184   0.216944   0.00691687
6   0.198382   0.213851   0.00641879
7   0.226506   0.215659   0.00575079
8   0.234145   0.217969   0.00547657
9   0.201204   0.216107   0.00517517
10   0.196868   0.214183   0.00500249
11   0.203843   0.213243   0.00463519
12   0.199273   0.212079   0.00439268
13   0.197003   0.210919   0.00420506
14   0.209863   0.210844   0.00390538
15   0.237557   0.212624   0.00403067
16   0.17945   0.210551   0.00427895
17   0.193796   0.209565   0.0041392
18   0.202574   0.209177   0.00392743
19   0.225041   0.210012   0.00380844
20   0.220193   0.210521   0.00365188
1   0.229545   0.229545   0
2   0.201121   0.215333   0.0100492
3   0.206996   0.212554   0.0070733
4   0.255571   0.223308   0.0107184
5   0.236116   0.22587   0.00887558
6   0.213537   0.223814   0.00763063
7   0.272936   0.230832   0.00921882
8   0.246471   0.232787   0.00827115
9   0.237709   0.233334   0.00737019
10   0.221216   0.232122   0.00673206
11   0.221186   0.231128   0.00619303
12   0.224432   0.23057   0.00570203
13   0.195894   0.227902   0.00585415
14   0.223121   0.227561   0.00544595
15   0.19399   0.225323   0.00552365
16   0.207848   0.224231   0.00528529
17   0.199626   0.222783   0.00516877
18   0.248793   0.224228   0.00507959
19   0.241105   0.225117   0.00488929
20   0.228172   0.225269   0.00464721
1   0.231443   0.231443   0
2   0.246759   0.239101   0.00541513
3   0.268556   0.248919   0.008792
4   0.24423   0.247747   0.00667172
5   0.259182   0.250034   0.00571592
6   0.281265   0.255239   0.00672811
7   0.246532   0.253995   0.00588081
8   0.25108   0.253631   0.00515698
9   0.223893   0.250327   0.00554234
10   0.233001   0.248594   0.00525195
11   0.271828   0.250706   0.00518183
12   0.221795   0.248297   0.00528049
13   0.248348   0.248301   0.0048743
14   0.249456   0.248383   0.00452684
15   0.239396   0.247784   0.00426452
16   0.197168   0.244621   0.0050365
17   0.209772   0.242571   0.0051405
18   0.211154   0.240825   0.0051427
19   0.252392   0.241434   0.00490793
20   0.233968   0.241061   0.00467671
1   0.300533   0.300533   0
2   0.285591   0.293062   0.0052828
3   0.263691   0.283271   0.00873528
4   0.261097   0.277728   0.00812218
5   0.288324   0.279847   0.00676856
6   0.267667   0.277817   0.00593708
7   0.29834   0.280749   0.00576758
8   0.29422   0.282433   0.00528672
9   0.27273   0.281355   0.00480797
10   0.31087   0.284306   0.00515413
11   0.232431   0.27959   0.00649406
12   0.271612   0.278925   0.00598682
13   0.296199   0.280254   0.00567183
14   0.26814   0.279389   0.0053323
15   0.250056   0.277433   0.00532333
16   0.28445   0.277872   0.00500865
17   0.258294   0.27672   0.00484462
18   0.252515   0.275376   0.00475845
19   0.311155   0.277259   0.00486639
20   0.247771   0.275784   0.00484127
1   0.291625   0.291625   0
2   0.26506   0.278342   0.00939204
3   0.306563   0.287749   0.00990941
4   0.276503   0.284938   0.00782073
5   0.253819   0.278714   0.00837457
6   0.289097   0.280444   0.00715536
7   0.262686   0.277907   0.00656752
8   0.259819   0.275646   0.00612344
9   0.263106   0.274253   0.00559933
10   0.257476   0.272575   0.00528478
11   0.295825   0.274689   0.00520988
12   0.250191   0.272647   0.00516022
13   0.298413   0.274629   0.00512982
14   0.253774   0.27314   0.00497499
15   0.279529   0.273566   0.00466152
16   0.292481   0.274748   0.00451761
17   0.317084   0.277238   0.00489035
18   0.325781   0.279935   0.00531043
19   0.288989   0.280412   0.00505227
20   0.259105   0.279346   0.0049107
1   0.301326   0.301326   0
2   0.288521   0.294923   0.00452693
3   0.365042   0.318296   0.019321
4   0.302455   0.314336   0.0148911
5   0.318055   0.31508   0.0119314
6   0.339214   0.319102   0.0105992
7   0.271649   0.312323   0.0110421
8   0.353673   0.317492   0.010804
9   0.299198   0.315459   0.00979295
10   0.264209   0.310334   0.0100658
11   0.274628   0.307088   0.00965993
12   0.291798   0.305814   0.00893857
13   0.391463   0.312402   0.0103994
14   0.330751   0.313713   0.00973879
15   0.329403   0.314759   0.00914554
16   0.394228   0.319726   0.00983057
17   0.292128   0.318102   0.00938539
18   0.313292   0.317835   0.00886778
19   0.312728   0.317566   0.00840513
20   0.273052   0.315341   0.00827431
1   0.316649   0.316649   0
2   0.394023   0.355336   0.027356
3   0.365633   0.358768   0.0184514
4   0.392075   0.367095   0.0156047
5   0.350717   0.363819   0.012823
6   0.324582   0.35728   0.0122403
7   0.316663   0.351477   0.011787
8   0.374677   0.354377   0.0106644
9   0.323281   0.350922   0.0100236
10   0.383993   0.354229   0.00955123
11   0.356026   0.354393   0.00868433
12   0.349245   0.353964   0.00797123
13   0.390082   0.356742   0.00782729
14   0.300756   0.352743   0.00822656
15   0.358176   0.353105   0.00768609
16   0.334308   0.35193   0.00729494
17   0.32231   0.350188   0.00707085
18   0.279971   0.346287   0.00767907
19   0.294741   0.343574   0.00773932
20   0.378983   0.345345   0.00755214
1   0.34616   0.34616   0
2   0.286814   0.316487   0.0209818
3   0.343524   0.325499   0.0158054
4   0.412588   0.347271   0.0222719
5   0.375964   0.35301   0.0185421
6   0.35376   0.353135   0.0154521
7   0.345695   0.352072   0.0132812
8   0.410734   0.359405   0.0134943
9   0.287902   0.35146   0.0141416
10   0.463224   0.362636   0.0165653
11   0.377276   0.363967   0.0151127
12   0.417643   0.36844   0.0145002
13   0.320972   0.364789   0.0138369
14   0.355759   0.364144   0.0128635
15   0.409666   0.367179   0.0123588
16   0.37449   0.367636   0.0115948
17   0.350278   0.366615   0.0109576
18   0.335989   0.364913   0.0104801
19   0.35449   0.364365   0.00994288
20   0.373972   0.364845   0.00945734
1   0.453977   0.453977   0
2   0.398854   0.426416   0.0194891
3   0.514891   0.455907   0.0273615
4   0.362057   0.432445   0.0288788
5   0.444703   0.434896   0.0232069
6   0.502928   0.446235   0.0219348
7   0.440184   0.44537   0.0188183
8   0.458861   0.447057   0.0165414
9   0.405205   0.442407   0.0153432
10   0.407155   0.438881   0.0142081
11   0.459318   0.440739   0.0130373
12   0.372311   0.435037   0.0131389
13   0.409236   0.433052   0.0122772
14   0.369559   0.428517   0.0122092
15   0.300674   0.419994   0.0140588
16   0.366442   0.416647   0.0135726
17   0.222682   0.405238   0.0169028
18   0.387998   0.40428   0.0159909
19   0.346419   0.401234   0.0154365
20   0.387326   0.400539   0.0146803
1   0.450104   0.450104   0
2   0.531385   0.490744   0.0287372
3   0.431158   0.470882   0.0251006
4   0.525759   0.484601   0.0222612
5   0.397297   0.46714   0.0236867
6   0.411098   0.4578   0.0215019
7   0.355235   0.443148   0.0228842
8   0.309595   0.426454   0.025393
9   0.654731   0.451818   0.0328836
10   0.385662   0.445202   0.0302534
11   0.380159   0.439289   0.028075
12   0.443023   0.4396   0.0257371
13   0.239444   0.424204   0.0279863
14   0.388567   0.421658   0.0261028
15   0.440747   0.422931   0.0243936
16   0.362764   0.419171   0.023157
17   0.453938   0.421216   0.021885
18   0.375608   0.418682   0.0208153
19   0.393866   0.417376   0.0197607
20   0.377834   0.415399   0.0188713
1   0.416698   0.416698   0
2   0.281447   0.349073   0.0478187
3   0.428567   0.375571   0.0385277
4   0.426216   0.388232   0.0309063
5   0.379937   0.386573   0.0247695
6   0.387073   0.386656   0.0206414
7   0.521843   0.405969   0.0251538
8   0.418485   0.407533   0.0220582
9   0.353055   0.40148   0.0204209
10   0.399885   0.401321   0.0183795
11   0.481402   0.408601   0.0180931
12   0.43886   0.411122   0.0167601
13   0.363364   0.407449   0.0158684
14   0.567004   0.418845   0.0183774
15   0.506481   0.424688   0.018057
16   0.423797   0.424632   0.0169286
17   0.524284   0.430494   0.0169173
18   0.376703   0.427506   0.0162392
19   0.39671   0.425885   0.0154652
20   0.479807   0.428581   0.0149251
1   0.524251   0.524251   0
2   0.3289   0.426576   0.0690671
3   0.47042   0.44119   0.0475659
4   0.415382   0.434738   0.0361094
5   0.303003   0.408391   0.0372803
6   0.319688   0.393607   0.0338717
7   0.463213   0.403551   0.0304575
8   0.375935   0.400099   0.0268452
9   0.421584   0.402486   0.0239683
10   0.326029   0.39484   0.0227583
11   0.582614   0.411911   0.0263241
12   0.341808   0.406069   0.0247701
13   0.330987   0.400293   0.0235284
14   0.623987   0.416271   0.0267281
15   0.390596   0.41456   0.025001
16   0.229408   0.402988   0.0259789
17   0.403397   0.403012   0.0244507
18   0.520869   0.40956   0.023953
19   0.411148   0.409643   0.0226925
20   0.324326   0.405377   0.0219551
1   0.717387   0.717387   0
2   0.176616   0.447002   0.191192
3   0.333548   0.409184   0.131148
4   0.276712   0.376066   0.102457
5   0.437637   0.38838   0.0827024
6   0.285156   0.371176   0.0706855
7   0.256234   0.354756   0.0624657
8   0.295685   0.347372   0.0550921
9   0.267673   0.338517   0.0496774
10   0.528853   0.35755   0.0482183
11   0.313729   0.353566   0.0439991
12   0.313469   0.350225   0.0404592
13   0.335502   0.349093   0.0373628
14   0.257973   0.342584   0.0352563
15   0.195939   0.332808   0.0342345
16   0.221113   0.325827   0.0327989
17   0.47389   0.334536   0.0320051
18   0.44208   0.340511   0.0307796
19   0.323401   0.33961   0.0291728
20   0.634103   0.354335   0.0312098
1   0.419782   0.419782   0
2   0.0559767   0.237879   0.128625
3   0.128391   0.201383   0.09078
4   0.199521   0.200918   0.0680862
5   0.239189   0.208572   0.0548975
6   0.322467   0.227554   0.0489198
7   0.283475   0.235543   0.0425786
8   0.304362   0.244145   0.0381153
9   0.0366599   0.221091   0.040253
10   0.396015   0.238584   0.0398476
11   0.24131   0.238832   0.0362259
12   0.343006   0.247513   0.0342314
13   0.249841   0.247692   0.0315987
14   0.267977   0.249141   0.0293749
15   0.336918   0.254993   0.0279933
16   0.262306   0.25545   0.0262475
17   0.104988   0.246599   0.0261532
18   0.342517   0.251928   0.0252373
19   0.302359   0.254582   0.0240482
20   0.137638   0.248735   0.0235459
1   0.293999   0.293999   0
2   0.244355   0.269177   0.0175516
3   0.049152   0.195835   0.0610156
4   0.0021723   0.147419   0.0620661
5   0.0179179   0.121519   0.0547911
6   0.0791265   0.114454   0.0461126
7   0.000895373   0.0982311   0.0422825
8   0.0331423   0.090095   0.0377718
9   0.321572   0.115815   0.041416
10   0.147128   0.118946   0.0373925
11   0.277508   0.133361   0.0366665
12   0.0412046   0.125681   0.0344058
13   0.152356   0.127733   0.0318204
14   0.028152   0.12062   0.030332
15   0.0286408   0.114488   0.0289231
16   0.0998706   0.113575   0.0271298
17   0.0330211   0.108836   0.0259445
18   0.219961   0.11501   0.0252269
19   0.278221   0.1236   0.0253195
20   0.00548033   0.117694   0.0247327
