1   0.0329052   0.0329052   0
2   0.0616555   0.0472804   0.0101648
3   0.0721535   0.0555714   0.00957857
4   0.0349186   0.0504082   0.00846184
5   0.0347647   0.0472795   0.00732508
6   0.0746493   0.0518411   0.00738932
7   0.0366055   0.0496646   0.00664652
8   0.031466   0.0473898   0.00619277
9   0.0280003   0.0452354   0.00586748
10   0.0333853   0.0440504   0.00539907
11   0.0317928   0.0429361   0.00502192
12   0.0416199   0.0428264   0.00460462
13   0.0370405   0.0423813   0.00427188
14   0.0410825   0.0422885   0.00396775
15   0.0411742   0.0422143   0.00370393
16   0.0483383   0.042597   0.00349215
17   0.0418645   0.0425539   0.003287
18   0.0849935   0.0449117   0.00385842
19   0.0665023   0.046048   0.00381901
20   0.0372627   0.0456088   0.00365324
1   0.0308661   0.0308661   0
2   0.0975701   0.0642181   0.0235834
3   0.0528191   0.0604185   0.0160255
4   0.0760048   0.064315   0.0124838
5   0.0382892   0.0591099   0.0110189
6   0.0616031   0.0595254   0.00919026
7   0.0396688   0.0566887   0.00830362
8   0.0370528   0.0542342   0.0076198
9   0.0480416   0.0535462   0.00680415
10   0.0287068   0.0510622   0.00656149
11   0.0670855   0.0525189   0.00612454
12   0.046236   0.0519953   0.0056365
13   0.0406757   0.0511246   0.00526975
14   0.0552944   0.0514224   0.00490175
15   0.0272117   0.0498084   0.0048334
16   0.0306121   0.0486086   0.00467785
17   0.0408305   0.0481511   0.004425
18   0.0400771   0.0477025   0.00420184
19   0.0780348   0.049299   0.00427322
20   0.0459499   0.0491315   0.00406283
1   0.0954645   0.0954645   0
2   0.0847537   0.0901091   0.00378682
3   0.0323632   0.0708604   0.0159179
4   0.0385643   0.0627864   0.0138354
5   0.0632446   0.062878   0.0110686
6   0.197821   0.0853686   0.0225078
7   0.0450074   0.0796027   0.0200173
8   0.0423057   0.0749406   0.0180499
9   0.0470123   0.0718374   0.0163089
10   0.0447229   0.069126   0.0149017
11   0.0638887   0.0686499   0.0135546
12   0.0672136   0.0685302   0.0124256
13   0.107817   0.0715522   0.0118316
14   0.0476774   0.0698469   0.0111087
15   0.0354661   0.0675548   0.0106019
16   0.0408839   0.0658879   0.0100695
17   0.0525982   0.0651062   0.00950746
18   0.0654867   0.0651273   0.0089793
19   0.0419485   0.0639074   0.00858917
20   0.0443202   0.062928   0.00821536
1   0.0563027   0.0563027   0
2   0.0404234   0.0483631   0.00561421
3   0.0387521   0.0451594   0.00456627
4   0.0406695   0.0440369   0.00356
5   0.109236   0.0570767   0.0120059
6   0.0737839   0.0598613   0.0103227
7   0.0521987   0.0587666   0.00890592
8   0.0512221   0.0578236   0.00784245
9   0.0625593   0.0583498   0.0069887
10   0.0362332   0.0561381   0.00663055
11   0.0475691   0.0553591   0.00607336
12   0.0359322   0.0537402   0.00577899
13   0.0425005   0.0528756   0.00539874
14   0.0878797   0.0553759   0.00556204
15   0.074536   0.0566532   0.00533589
16   0.0479749   0.0561108   0.00502989
17   0.0400429   0.0551657   0.004822
18   0.0524046   0.0550123   0.00455655
19   0.0512686   0.0548152   0.00432099
20   0.0923988   0.0566944   0.00449503
1   0.0836055   0.0836055   0
2   0.103631   0.0936183   0.0070801
3   0.0575577   0.0815981   0.0108905
4   0.0515045   0.0740747   0.0104482
5   0.0816889   0.0755975   0.00846882
6   0.0444288   0.0704028   0.00850261
7   0.0234376   0.0636934   0.00957593
8   0.0309999   0.0596067   0.00920978
9   0.037727   0.0571757   0.00850128
10   0.0820336   0.0596615   0.00800633
11   0.0528513   0.0590424   0.00730238
12   0.106118   0.0629653   0.00767561
13   0.0786537   0.0641721   0.00717942
14   0.0551416   0.0635271   0.00669552
15   0.0306921   0.0613381   0.00659728
16   0.133155   0.0658266   0.00755919
17   0.0436784   0.0645238   0.00722593
18   0.0452306   0.0634519   0.00690353
19   0.101134   0.0654352   0.00681912
20   0.0522662   0.0647768   0.00650988
1   0.0718773   0.0718773   0
2   0.215449   0.143663   0.0507604
3   0.0734759   0.120268   0.0388597
4   0.0421593   0.10074   0.0336956
5   0.0967529   0.099943   0.026966
6   0.0563585   0.0926789   0.0234296
7   0.0226189   0.0826703   0.0221172
8   0.0352117   0.076738   0.0201324
9   0.112981   0.080765   0.0182938
10   0.0496347   0.077652   0.0167272
11   0.0875016   0.0785474   0.0152305
12   0.0878647   0.0793238   0.013981
13   0.0781963   0.0792371   0.0129058
14   0.0695466   0.0785449   0.0120025
15   0.0330849   0.0755142   0.0115787
16   0.0626531   0.0747104   0.0108829
17   0.0564752   0.0736378   0.0102954
18   0.0736141   0.0736364   0.00972347
19   0.175276   0.0789859   0.0105814
20   0.0419603   0.0771346   0.010213
1   0.0809579   0.0809579   0
2   0.0552754   0.0681166   0.00908014
3   0.0769222   0.0710518   0.00651057
4   0.103791   0.0792366   0.00860731
5   0.113699   0.0861291   0.00924232
6   0.0920561   0.0871169   0.00775454
7   0.05624   0.0827059   0.00780107
8   0.0659109   0.0806066   0.00710281
9   0.0946602   0.0821681   0.00648298
10   0.0788269   0.081834   0.00584329
11   0.0779709   0.0814828   0.00532262
12   0.087787   0.0820081   0.00490493
13   0.0876459   0.0824418   0.00454676
14   0.0895398   0.0829488   0.00425016
15   0.0855672   0.0831234   0.0039704
16   0.100123   0.0841858   0.00386179
17   0.0393076   0.0815459   0.0044463
18   0.0993634   0.0825358   0.00430806
19   0.0574044   0.0812131   0.00427956
20   0.0820753   0.0812562   0.0040658
1   0.0549492   0.0549492   0
2   0.158983   0.106966   0.0367814
3   0.0690134   0.0943151   0.0266078
4   0.0721897   0.0887838   0.0205227
5   0.0663034   0.0842877   0.0169035
6   0.0413271   0.0771276   0.0155288
7   0.137251   0.0857166   0.0155049
8   0.0723877   0.0840505   0.013656
9   0.0959825   0.0853763   0.0122028
10   0.152343   0.0920729   0.0126877
11   0.107748   0.0934979   0.011614
12   0.0505221   0.0899166   0.0111847
13   0.128863   0.0929125   0.0107181
14   0.0550176   0.0902057   0.0102886
15   0.0861069   0.0899325   0.00960633
16   0.0528444   0.0876145   0.00928139
17   0.10455   0.0886107   0.00878873
18   0.085891   0.0884596   0.00830177
19   0.126743   0.0904745   0.00810566
20   0.101741   0.0910378   0.00771993
1   0.0710872   0.0710872   0
2   0.181337   0.126212   0.0389794
3   0.0700225   0.107482   0.0301522
4   0.182343   0.126198   0.0278225
5   0.182362   0.13743   0.0244205
6   0.0993036   0.131076   0.021161
7   0.144849   0.133044   0.0182293
8   0.119239   0.131318   0.0160321
9   0.114971   0.129502   0.0143533
10   0.0764696   0.124198   0.0138631
11   0.263606   0.136872   0.0174598
12   0.137566   0.13693   0.0160049
13   0.27644   0.147661   0.0180159
14   0.0711785   0.142198   0.0175378
15   0.0942554   0.139002   0.0166573
16   0.0703773   0.134713   0.016159
17   0.109091   0.133206   0.0152786
18   0.106169   0.131704   0.0145034
19   0.140989   0.132192   0.0137483
20   0.0987681   0.130521   0.0131621
1   0.117155   0.117155   0
2   0.211407   0.164281   0.0333232
3   0.371599   0.233387   0.0606408
4   0.136216   0.209094   0.0501108
5   0.133587   0.193993   0.0423029
6   0.130236   0.183367   0.0365627
7   0.32761   0.203973   0.0366895
8   0.138103   0.195739   0.0330143
9   0.146393   0.190256   0.0297978
10   0.105947   0.181825   0.0279854
11   0.0710666   0.171756   0.0271923
12   0.148294   0.169801   0.0249965
13   0.151364   0.168383   0.0231139
14   0.292029   0.177215   0.0230887
15   0.159693   0.176046   0.0215789
16   0.216879   0.178599   0.0203806
17   0.140332   0.176348   0.0193057
18   0.166713   0.175812   0.0182405
19   0.263642   0.180435   0.0178566
20   0.486289   0.195728   0.0225819
1   0.122355   0.122355   0
2   0.127487   0.124921   0.00181428
3   0.16094   0.136927   0.00987738
4   0.0862377   0.124255   0.0132409
5   0.204063   0.140216   0.017777
6   0.271281   0.16206   0.0248414
7   0.129584   0.157421   0.0217216
8   0.115494   0.15218   0.0196284
9   0.121489   0.14877   0.0177413
10   0.109253   0.144818   0.0164013
11   0.130062   0.143477   0.0149651
12   0.174274   0.146043   0.0139363
13   0.119805   0.144025   0.0130096
14   0.129947   0.143019   0.0121192
15   0.173886   0.145077   0.0114846
16   0.241785   0.151121   0.0122545
17   0.138006   0.15035   0.0115579
18   0.112749   0.148261   0.011103
19   0.183478   0.150114   0.0106722
20   0.140877   0.149653   0.0101486
1   0.179813   0.179813   0
2   0.0942881   0.13705   0.0302375
3   0.249846   0.174649   0.0367259
4   0.202501   0.181612   0.0281968
5   0.174172   0.180124   0.0225966
6   0.200339   0.183493   0.01908
7   0.27203   0.196141   0.0201143
8   0.104103   0.184636   0.0206295
9   0.13927   0.179596   0.0189431
10   0.439225   0.205559   0.0299554
11   0.10334   0.196266   0.0286373
12   0.269404   0.202361   0.0268916
13   0.207945   0.20279   0.0248265
14   0.133304   0.197827   0.0235441
15   0.0544555   0.188269   0.0238358
16   0.255089   0.192445   0.0227089
17   0.0757847   0.185583   0.022386
18   0.323793   0.193261   0.0224205
19   0.0626195   0.186385   0.0222699
20   0.0837894   0.181255   0.0217392
1   0.178698   0.178698   0
2   0.115531   0.147115   0.0223329
3   0.231929   0.175386   0.0274686
4   0.128814   0.163743   0.0229366
5   0.29867   0.190728   0.0303194
6   0.208878   0.193753   0.0254166
7   0.282402   0.206417   0.0247403
8   0.15468   0.19995   0.0224772
9   0.20762   0.200802   0.0199959
10   0.429201   0.223642   0.0281666
11   0.735349   0.270161   0.0512146
12   0.112325   0.257008   0.0486064
13   0.305478   0.260736   0.0450102
14   0.135595   0.251798   0.0426735
15   0.32494   0.256674   0.0401062
16   0.14581   0.249745   0.0381935
17   0.18835   0.246133   0.0361171
18   0.127381   0.239536   0.0347079
19   0.377626   0.246804   0.0336336
20   0.37436   0.253182   0.032551
1   0.118719   0.118719   0
2   0.242936   0.180827   0.0439172
3   0.428408   0.263354   0.0734689
4   0.156456   0.23663   0.0597649
5   0.991638   0.387631   0.143273
6   0.418537   0.392782   0.119487
7   0.920948   0.468235   0.123972
8   0.374094   0.456467   0.109033
9   0.187256   0.426555   0.100938
10   0.187244   0.402624   0.0936378
11   0.177566   0.382164   0.0873319
12   0.340428   0.378686   0.0801234
13   0.409913   0.381088   0.0739961
14   0.169003   0.365939   0.0702442
15   0.393106   0.36775   0.0655846
16   0.31973   0.364749   0.0615542
17   0.234415   0.357082   0.0584089
18   0.207873   0.348793   0.0557491
19   0.540965   0.358907   0.0537246
20   0.265936   0.354258   0.0512391
1   0.408274   0.408274   0
2   0.472897   0.440586   0.0228478
3   0.132803   0.337991   0.0851415
4   0.299287   0.328315   0.0644036
5   0.935191   0.449691   0.120167
6   0.417115   0.444261   0.100262
7   0.634177   0.471392   0.0895344
8   0.497626   0.474671   0.0784026
9   0.109884   0.434139   0.0794806
10   0.336914   0.424417   0.0721247
11   0.0756096   0.392707   0.0722029
12   0.538526   0.404859   0.0672007
13   0.341023   0.399948   0.0622106
14   0.218015   0.386953   0.0591087
15   1.49215   0.460633   0.0900575
16   0.663614   0.473319   0.0853178
17   0.199525   0.457214   0.0818051
18   0.186596   0.442179   0.0786298
19   0.00503779   0.419172   0.0777846
20   0.687045   0.432566   0.0750396
1   0.0110391   0.0110391   0
2   0.312665   0.161852   0.106641
3   0.0822157   0.135307   0.0743244
4   0.278974   0.171224   0.0638344
5   0.179937   0.172966   0.0510913
6   0.220863   0.180949   0.0431952
7   0   0.155099   0.0440859
8   0.223833   0.163691   0.0394035
9   0.304144   0.179297   0.0379902
10   0.542503   0.215617   0.0485418
11   0.319903   0.225098   0.0450452
12   0.908842   0.282077   0.0684179
13   0.0374886   0.263262   0.065691
14   0.297854   0.265733   0.0610452
15   0.00990612   0.248678   0.0593102
16   0.749662   0.279989   0.0633313
17   0.0282742   0.265183   0.0613124
18   0.0450147   0.252951   0.0591137
19   0   0.239638   0.057482
20   0.0106617   0.228189   0.0557364
