1   0.010404   0.010404   0
2   0.097852   0.054128   0.0309175
3   0.013988   0.040748   0.0233279
4   0.033492   0.038934   0.0175663
5   0.020804   0.035308   0.0144224
6   -0.01954   0.0261667   0.0146317
7   0.052112   0.0298731   0.0130024
8   0.055868   0.0331225   0.0117761
9   0.021468   0.0318276   0.0105386
10   -0.009272   0.0277176   0.0102549
11   0.026208   0.0275804   0.00932357
12   0.091408   0.0328993   0.00994879
13   0.00598   0.0308286   0.00939652
14   0.01754   0.0298794   0.00877315
15   0.0218   0.0293408   0.00820479
16   0.062508   0.0314137   0.00794955
17   0.033388   0.0315299   0.00748278
18   0.09518   0.035066   0.0078583
19   0.01518   0.0340194   0.00751408
20   0.100028   0.0373198   0.00782973
1   -0.037112   -0.037112   0
2   -0.006392   -0.021752   0.0108612
3   0.000144   -0.0144533   0.00937777
4   -0.028596   -0.017989   0.00767094
5   0.059488   -0.0024936   0.0151574
6   0.014508   0.00034   0.0128933
7   0.004608   0.000949714   0.0110658
8   0.100636   0.0134105   0.015153
9   0.078576   0.0206511   0.0151005
10   -0.005504   0.0180356   0.0138151
11   -0.002876   0.0161345   0.0126893
12   0.041676   0.018263   0.011809
13   -0.033464   0.014284   0.0115516
14   -0.020952   0.0117671   0.0109972
15   -0.036368   0.00855813   0.010722
16   0.00674   0.0084445   0.0100525
17   -0.028108   0.00629435   0.00968842
18   -0.03812   0.00382689   0.00945917
19   0.082352   0.00795979   0.00982278
20   0.038336   0.0094786   0.00944833
1   -0.004912   -0.004912   0
2   0.044168   0.019628   0.0173524
3   0.014356   0.0178707   0.0116569
4   0.08422   0.034458   0.0168163
5   -0.038372   0.019892   0.0187275
6   0.109384   0.0348073   0.020711
7   0.093852   0.0432423   0.019394
8   0.084676   0.0484215   0.0176478
9   0.064268   0.0501822   0.0157745
10   0.013724   0.0465364   0.0146123
11   0.071852   0.0488378   0.0134639
12   0.029156   0.0471977   0.0124414
13   0.12794   0.0534086   0.0129422
14   0.023616   0.0512806   0.0121914
15   0.093096   0.0540683   0.011693
16   0.077148   0.0555107   0.0110508
17   -0.025592   0.05074   0.0113841
18   0.01848   0.0489478   0.0108918
19   0.059784   0.0495181   0.0103335
20   0.068704   0.0504774   0.00986123
1   0.03966   0.03966   0
2   0.035768   0.037714   0.00137603
3   0.092424   0.0559507   0.0149184
4   0.0035   0.042838   0.015942
5   -0.028436   0.0285832   0.0180337
6   0.013676   0.0260987   0.0151982
7   0.117624   0.0391737   0.0177831
8   0.01542   0.0362045   0.0158062
9   0.057408   0.0385604   0.0142244
10   0.096796   0.044384   0.0139432
11   -0.005576   0.0398422   0.0133949
12   0.019396   0.0381383   0.0123866
13   0.008544   0.0358618   0.0116411
14   -0.002992   0.0330866   0.0111355
15   -0.004808   0.0305603   0.0106758
16   0.071968   0.0331483   0.0103175
17   0.122968   0.0384318   0.0109804
18   0.004508   0.0365471   0.0105309
19   0.118816   0.0408771   0.0108303
20   0.03036   0.0403512   0.0103015
1   -0.022028   -0.022028   0
2   0.09776   0.037866   0.0423515
3   0.116584   0.0641053   0.0354426
4   0.05046   0.060694   0.0267456
5   -0.01166   0.0462232   0.0250067
6   0.030188   0.0435507   0.0209812
7   0.101836   0.0518771   0.0195665
8   -0.009184   0.0442445   0.0185497
9   0.08536   0.0488129   0.0170419
10   0.080484   0.05198   0.0156292
11   0.041116   0.0509924   0.0142396
12   0.050108   0.0509187   0.0130531
13   0.068456   0.0522677   0.0121185
14   0.05322   0.0523357   0.0112531
15   0.079384   0.0541389   0.0106464
16   0.059216   0.0544563   0.00998574
17   0.053788   0.0544169   0.00939842
18   0.047268   0.0540198   0.00888467
19   0.017456   0.0520954   0.00862295
20   0.121904   0.0555858   0.00887015
1   0.111164   0.111164   0
2   0.064304   0.087734   0.0165675
3   -0.093768   0.0272333   0.0506183
4   0.057556   0.034814   0.0385272
5   0.146096   0.0570704   0.0366914
6   0.194608   0.0799933   0.0370511
7   0.051452   0.075916   0.0319817
8   0.037552   0.0711205   0.0283412
9   0.056052   0.0694462   0.0252416
10   0.06792   0.0692936   0.0227179
11   -0.010004   0.0620847   0.0217664
12   0.180296   0.0719357   0.0220694
13   0.009648   0.0671443   0.0208854
14   0.042312   0.0653706   0.0194687
15   0.156892   0.071472   0.019103
16   -0.044944   0.064196   0.0192449
17   0.053616   0.0635736   0.0181229
18   0.018072   0.0610458   0.0172915
19   -0.041504   0.0556484   0.0172031
20   0.016036   0.0536678   0.0164566
1   0.063192   0.063192   0
2   -0.001992   0.0306   0.023046
3   0.042656   0.0346187   0.0157105
4   -0.038156   0.016425   0.0196747
5   -0.018236   0.0094928   0.016917
6   0.07564   0.0205173   0.0173212
7   0.0996   0.0318149   0.0181611
8   -0.01374   0.0261205   0.0167599
9   -0.025516   0.0203831   0.0158493
10   0.110732   0.029418   0.0166415
11   0.099372   0.0357775   0.0162985
12   0.092304   0.040488   0.0156062
13   0.096056   0.0447625   0.0149797
14   -0.0697   0.0365866   0.0159859
15   0.067536   0.0386499   0.0150528
16   0.064816   0.0402853   0.0142005
17   0.03492   0.0399696   0.0133687
18   0.069484   0.0416093   0.0127262
19   0.168356   0.0482802   0.0136936
20   -0.046084   0.043562   0.0137978
1   0.169144   0.169144   0
2   -0.033276   0.067934   0.0715663
3   0.09082   0.0755627   0.0481157
4   -0.071656   0.038758   0.0481476
5   -0.019328   0.0271408   0.039895
6   0.10178   0.0395807   0.0351318
7   0.053736   0.0416029   0.0301711
8   0.0903   0.04769   0.0270068
9   0.167652   0.0610191   0.0270964
10   0.085644   0.0634816   0.0244984
11   0.076588   0.0646731   0.0223002
12   0.015608   0.0605843   0.0208133
13   -0.028408   0.0537388   0.0203069
14   0.017316   0.0511371   0.0190223
15   0.032616   0.0499024   0.0177942
16   -0.040276   0.0442663   0.017552
17   0.152392   0.0506266   0.0176343
18   0.129088   0.0549856   0.0171849
19   0.070036   0.0557777   0.0162987
20   0.062908   0.0561342   0.0154877
1   0.018792   0.018792   0
2   0.047844   0.033318   0.0102714
3   0.0896   0.0520787   0.0167789
4   0.1058   0.065509   0.017136
5   0.157656   0.0839384   0.0214393
6   -0.065288   0.0590673   0.0288907
7   -0.004672   0.0499617   0.0261591
8   0.104084   0.056727   0.0237479
9   0.113384   0.0630222   0.0219278
10   0.202256   0.0769456   0.0237475
11   0.070388   0.0763495   0.0215961
12   -0.076752   0.063591   0.0232618
13   0.08716   0.065404   0.021543
14   0.135952   0.0704431   0.0205851
15   0.21806   0.0802843   0.0214365
16   0.127776   0.0832525   0.0203012
17   -0.025392   0.0768616   0.0200877
18   0.164356   0.0817224   0.019551
19   0.101188   0.0827469   0.0185488
20   0.106004   0.0839098   0.0176578
1   -0.00678   -0.00678   0
2   0.217464   0.105342   0.0792822
3   0.146292   0.118992   0.0540171
4   0.005916   0.090723   0.0473354
5   0.271624   0.126903   0.0498118
6   0.0096   0.107353   0.0451839
7   -0.026412   0.0882434   0.0425786
8   0.081736   0.08743   0.037264
9   0.106068   0.0895009   0.0331811
10   0.17974   0.0985248   0.0310658
11   -0.028608   0.0869673   0.0303154
12   0.061844   0.0848737   0.0278613
13   0.133924   0.0886468   0.0259724
14   0.111784   0.0902994   0.0241697
15   0.1832   0.0964928   0.0233384
16   0.184228   0.101976   0.0225148
17   0.306248   0.113992   0.0241852
18   -0.030468   0.105967   0.0241364
19   0.262724   0.114217   0.0242352
20   -0.003468   0.108333   0.023727
1   0.233428   0.233428   0
2   0.265748   0.249588   0.0114268
3   0.535308   0.344828   0.0781354
4   0.283388   0.329468   0.0600923
5   0.43204   0.349982   0.0514565
6   0.184196   0.322351   0.0497489
7   0.176688   0.301542   0.046792
8   0.019108   0.266238   0.0526016
9   0.383004   0.279212   0.0483305
10   0.171944   0.268485   0.044672
11   0.265696   0.268232   0.0406116
12   -0.071656   0.239908   0.0460572
13   0.024076   0.223305   0.0454082
14   0.148304   0.217948   0.0424796
15   0.066532   0.207854   0.0408294
16   0.350888   0.216793   0.039244
17   -0.0608   0.200464   0.0401894
18   0.209632   0.200974   0.0379599
19   0.124268   0.196936   0.036176
20   0.221812   0.19818   0.0343886
1   -0.18382   -0.18382   0
2   0.323256   0.069718   0.179278
3   0.159664   0.0997   0.122
4   0.264372   0.140868   0.0982008
5   0.284496   0.169594   0.0826553
6   0.08886   0.156138   0.0699661
7   0.0027   0.134218   0.0633115
8   0.4778   0.177166   0.0684312
9   0.361736   0.197674   0.0638268
10   0.371244   0.215031   0.0597575
11   0.50426   0.241324   0.0598307
12   0.45166   0.258852   0.0573548
13   0.160204   0.251264   0.0534426
14   0.62394   0.277884   0.0558628
15   0.250788   0.276077   0.0521679
16   0.348536   0.280606   0.0491035
17   0.142524   0.272484   0.0468821
18   0.187176   0.267744   0.0445164
19   0.472916   0.278543   0.0434634
20   0.458624   0.287547   0.0422126
1   0.137352   0.137352   0
2   -0.120864   0.008244   0.0912931
3   0.509028   0.175172   0.149268
4   0.06424   0.147439   0.114498
5   0.236468   0.165245   0.0929727
6   0.338896   0.194187   0.0818581
7   0.276076   0.205885   0.0709951
8   0.031964   0.184145   0.0653646
9   0.201796   0.186106   0.0581313
10   -0.016888   0.165807   0.0557499
11   -0.18218   0.134172   0.0589783
12   0.336788   0.151056   0.0564286
13   0.594036   0.185132   0.0615221
14   -0.292116   0.151043   0.0658987
15   0.261196   0.158386   0.0619132
16   0.366416   0.171388   0.0593932
17   0.232372   0.174975   0.0560077
18   0.129652   0.172457   0.0529527
19   0.226736   0.175314   0.0502427
20   0.153328   0.174215   0.0477426
1   0.604436   0.604436   0
2   0.36406   0.484248   0.0849857
3   0.090828   0.353108   0.121141
4   -0.107696   0.237907   0.134938
5   0.544332   0.299192   0.12107
6   0.609764   0.350954   0.111409
7   0.567168   0.381842   0.099683
8   -0.019488   0.331676   0.0990447
9   0.351684   0.333899   0.0880647
10   0.49684   0.350193   0.0807515
11   0.374252   0.35238   0.0734401
12   0.38176   0.354828   0.0673609
13   0.366664   0.355739   0.0621854
14   0.872572   0.392655   0.067822
15   0.142736   0.375994   0.065315
16   0.631992   0.391994   0.0631621
17   0.238248   0.38295   0.0600907
18   0.765504   0.404203   0.0603939
19   0.777124   0.423831   0.0603203
20   -0.485424   0.378368   0.0724383
1   0.2148   0.2148   0
2   0.995912   0.605356   0.276165
3   0.97862   0.729777   0.210278
4   0.944124   0.783364   0.164395
5   0.856996   0.79809   0.132174
6   0.655716   0.774361   0.112255
7   0.922928   0.795585   0.0982041
8   0.394732   0.745479   0.0978804
9   0.017192   0.664558   0.115717
10   -0.45812   0.55229   0.148963
11   0.420416   0.540301   0.135902
12   0.87792   0.568436   0.127456
13   0.900592   0.593987   0.120185
14   0.854908   0.612624   0.113037
15   0.944952   0.634779   0.10765
16   0.809132   0.645676   0.101472
17   0.99042   0.665955   0.0975084
18   0.874208   0.677525   0.0927751
19   0.818392   0.684939   0.0881879
20   0.97866   0.699625   0.0849926
1   0.876004   0.876004   0
2   0.918168   0.897086   0.0149072
3   0.996712   0.930295   0.0288787
4   0.999932   0.947704   0.0263899
5   0.998964   0.957956   0.0230173
6   0.994052   0.963972   0.0199518
7   0.999972   0.969115   0.017752
8   0.998148   0.972744   0.0158996
9   0.577464   0.928824   0.0437536
10   0.303952   0.866337   0.0711676
11   0.797132   0.860045   0.0649753
12   0.99734   0.871487   0.0605597
13   0.976988   0.879602   0.0564424
14   0.997984   0.888058   0.0530404
15   0.997956   0.895385   0.0500078
16   0.978788   0.900597   0.0471532
17   0.99846   0.906354   0.0447295
18   0.948564   0.908699   0.042306
19   0.71676   0.898597   0.0412678
20   0.999808   0.903657   0.0395135
