1   -0.849716   -0.849716   0
2   -0.827408   -0.838562   0.00788707
3   -0.822212   -0.833112   0.0068883
4   -0.832   -0.832834   0.00517183
5   -0.836968   -0.833661   0.00420304
6   -0.8123   -0.830101   0.00477806
7   -0.816404   -0.828144   0.00447823
8   -0.8469   -0.830488   0.00449042
9   -0.87192   -0.835092   0.00589656
10   -0.82798   -0.834381   0.00534963
11   -0.843956   -0.835251   0.00493361
12   -0.80186   -0.832469   0.00524885
13   -0.840088   -0.833055   0.00487771
14   -0.833788   -0.833107   0.00452958
15   -0.82266   -0.832411   0.00428082
16   -0.793444   -0.829975   0.00465477
17   -0.838364   -0.830469   0.00440704
18   -0.775784   -0.827431   0.00510302
19   -0.81904   -0.826989   0.00485351
20   -0.850616   -0.82817   0.00475243
1   -0.854264   -0.854264   0
2   -0.8321   -0.843182   0.00783616
3   -0.8139   -0.833421   0.00952917
4   -0.813824   -0.828522   0.00831146
5   -0.834048   -0.829627   0.00672225
6   -0.836112   -0.830708   0.0056881
7   -0.834888   -0.831305   0.00490676
8   -0.840072   -0.832401   0.00441409
9   -0.851104   -0.834479   0.00438561
10   -0.853896   -0.836421   0.00435573
11   -0.798964   -0.833016   0.00512061
12   -0.84154   -0.833726   0.00474291
13   -0.83372   -0.833726   0.00437807
14   -0.838292   -0.834052   0.00407749
15   -0.854096   -0.835388   0.00401866
16   -0.868508   -0.837458   0.00426745
17   -0.852016   -0.838314   0.00410144
18   -0.839024   -0.838354   0.00387377
19   -0.810896   -0.836909   0.00393022
20   -0.85478   -0.837802   0.00383394
1   -0.819716   -0.819716   0
2   -0.793324   -0.80652   0.00933098
3   -0.843432   -0.818824   0.0118162
4   -0.836344   -0.823204   0.0096398
5   -0.785072   -0.815578   0.0102957
6   -0.743544   -0.803572   0.0139185
7   -0.833492   -0.807846   0.0125693
8   -0.825472   -0.810049   0.0111896
9   -0.838152   -0.813172   0.0103728
10   -0.833324   -0.815187   0.00952929
11   -0.793968   -0.813258   0.00885608
12   -0.808352   -0.812849   0.00812751
13   -0.746092   -0.807714   0.00897922
14   -0.816452   -0.808338   0.00835951
15   -0.854504   -0.811416   0.00834957
16   -0.843304   -0.813409   0.00806207
17   -0.867856   -0.816612   0.00819936
18   -0.815704   -0.816561   0.00774399
19   -0.826864   -0.817104   0.00735537
20   -0.844572   -0.818477   0.00711468
1   -0.84424   -0.84424   0
2   -0.8544   -0.84932   0.0035921
3   -0.828708   -0.842449   0.00609963
4   -0.852136   -0.844871   0.00503254
5   -0.8483   -0.845557   0.00407249
6   -0.796536   -0.837387   0.00819411
7   -0.802488   -0.832401   0.00840443
8   -0.82942   -0.832028   0.00736214
9   -0.785564   -0.826866   0.00815584
10   -0.821092   -0.826288   0.00736066
11   -0.829676   -0.826596   0.00669795
12   -0.835016   -0.827298   0.00617643
13   -0.823468   -0.827003   0.00570834
14   -0.77506   -0.823293   0.00639367
15   -0.82286   -0.823264   0.00596749
16   -0.8478   -0.824798   0.0057882
17   -0.8195   -0.824486   0.0054561
18   -0.80386   -0.82334   0.00527194
19   -0.82022   -0.823176   0.00499703
20   -0.796144   -0.821824   0.00492658
1   -0.77932   -0.77932   0
2   -0.7486   -0.76396   0.0108612
3   -0.825292   -0.784404   0.0181952
4   -0.839932   -0.798286   0.0181867
5   -0.794344   -0.797498   0.0145665
6   -0.823596   -0.801847   0.0127717
7   -0.855168   -0.809465   0.013022
8   -0.84604   -0.814037   0.0121704
9   -0.86546   -0.81975   0.0120852
10   -0.842932   -0.822068   0.0110968
11   -0.8065   -0.820653   0.0101778
12   -0.795944   -0.818594   0.0095357
13   -0.833728   -0.819758   0.00887296
14   -0.84762   -0.821748   0.00845942
15   -0.852128   -0.823774   0.00813429
16   -0.759992   -0.819787   0.00854705
17   -0.839696   -0.820958   0.00812412
18   -0.823772   -0.821115   0.00767428
19   -0.7932   -0.819645   0.00740967
20   -0.815708   -0.819449   0.0070418
1   -0.840848   -0.840848   0
2   -0.722256   -0.781552   0.0419286
3   -0.836604   -0.799903   0.0317149
4   -0.819624   -0.804833   0.0241664
5   -0.838768   -0.81162   0.0202637
6   -0.820484   -0.813097   0.0169402
7   -0.89244   -0.824432   0.0179153
8   -0.850912   -0.827742   0.0159787
9   -0.78388   -0.822868   0.014928
10   -0.803876   -0.820969   0.0135555
11   -0.797744   -0.818858   0.0124865
12   -0.8073   -0.817895   0.0114831
13   -0.833736   -0.819113   0.0106642
14   -0.812204   -0.81862   0.00991391
15   -0.89316   -0.823589   0.0104243
16   -0.823832   -0.823604   0.00977278
17   -0.808132   -0.822694   0.0092402
18   -0.818532   -0.822463   0.00872975
19   -0.788284   -0.820664   0.0084536
20   -0.827456   -0.821004   0.00803774
1   -0.800604   -0.800604   0
2   -0.847464   -0.824034   0.0165675
3   -0.7872   -0.811756   0.0149162
4   -0.835168   -0.817609   0.0122819
5   -0.788536   -0.811794   0.011117
6   -0.811168   -0.81169   0.00926468
7   -0.831144   -0.814469   0.00834759
8   -0.799268   -0.812569   0.00751729
9   -0.803428   -0.811553   0.0067503
10   -0.790696   -0.809468   0.00638938
11   -0.802612   -0.808844   0.00583884
12   -0.813212   -0.809208   0.00536361
13   -0.7917   -0.807862   0.00511732
14   -0.847188   -0.810671   0.00546869
15   -0.802888   -0.810152   0.00512867
16   -0.815568   -0.81049   0.00481928
17   -0.842236   -0.812358   0.00488421
18   -0.794732   -0.811378   0.00471
19   -0.826004   -0.812148   0.00452457
20   -0.811604   -0.812121   0.00429842
1   -0.835028   -0.835028   0
2   -0.678816   -0.756922   0.0552293
3   -0.804568   -0.772804   0.0390363
4   -0.794732   -0.778286   0.0296597
5   -0.811664   -0.784962   0.0244675
6   -0.840812   -0.79427   0.0220893
7   -0.734652   -0.785753   0.02051
8   -0.783956   -0.785528   0.0179475
9   -0.793556   -0.78642   0.0159755
10   -0.713568   -0.779135   0.0159528
11   -0.77582   -0.778834   0.0145054
12   -0.839516   -0.783891   0.0141506
13   -0.775636   -0.783256   0.0130764
14   -0.808204   -0.785038   0.0122632
15   -0.792536   -0.785538   0.0114558
16   -0.816056   -0.787445   0.0108975
17   -0.7461   -0.785013   0.0105243
18   -0.838812   -0.788002   0.0103553
19   -0.773532   -0.78724   0.00983829
20   -0.7912   -0.787438   0.00934837
1   -0.828228   -0.828228   0
2   -0.769736   -0.798982   0.02068
3   -0.82702   -0.808328   0.0157577
4   -0.72538   -0.787591   0.0214986
5   -0.791384   -0.78835   0.0172122
6   -0.785176   -0.787821   0.0143517
7   -0.723036   -0.778566   0.0149914
8   -0.7869   -0.779608   0.0131536
9   -0.80512   -0.782442   0.0119937
10   -0.781728   -0.782371   0.0107945
11   -0.733764   -0.777952   0.0106794
12   -0.758188   -0.776305   0.00991565
13   -0.688188   -0.769527   0.0112333
14   -0.813316   -0.772655   0.0108576
15   -0.791304   -0.773898   0.0102047
16   -0.809864   -0.776146   0.00981136
17   -0.742256   -0.774152   0.00943458
18   -0.738208   -0.772155   0.00911932
19   -0.726084   -0.769731   0.00895593
20   -0.791648   -0.770826   0.00857492
1   -0.80878   -0.80878   0
2   -0.530644   -0.669712   0.0983359
3   -0.776764   -0.705396   0.0717402
4   -0.778856   -0.723761   0.0561066
5   -0.780328   -0.735074   0.0460118
6   -0.767468   -0.740473   0.0386586
7   -0.609136   -0.721711   0.037413
8   -0.743612   -0.724449   0.0328364
9   -0.742124   -0.726412   0.0292465
10   -0.812832   -0.735054   0.0275691
11   -0.758572   -0.737192   0.0251456
12   -0.7542   -0.73861   0.02309
13   -0.77594   -0.741481   0.0214917
14   -0.654568   -0.735273   0.0208339
15   -0.738236   -0.735471   0.0194459
16   -0.72268   -0.734671   0.018247
17   -0.816228   -0.739469   0.0177931
18   -0.680076   -0.736169   0.0171078
19   -0.70624   -0.734594   0.0162798
20   -0.747208   -0.735225   0.015478
1   -0.732508   -0.732508   0
2   -0.760036   -0.746272   0.00973262
3   -0.772976   -0.755173   0.00974279
4   -0.79866   -0.766045   0.011918
5   -0.753476   -0.763531   0.00979592
6   -0.754636   -0.762049   0.00827469
7   -0.741004   -0.759042   0.00761918
8   -0.734   -0.755912   0.00728148
9   -0.76204   -0.756593   0.00650418
10   -0.816124   -0.762546   0.00813401
11   -0.76506   -0.762775   0.00739776
12   -0.808288   -0.766567   0.00769235
13   -0.72234   -0.763165   0.00781684
14   -0.658732   -0.755706   0.0102155
15   -0.759288   -0.755945   0.00953721
16   -0.721244   -0.753776   0.00918442
17   -0.769312   -0.75469   0.00868951
18   -0.803112   -0.75738   0.00861311
19   -0.695728   -0.754135   0.00874968
20   -0.82244   -0.75755   0.00895396
1   -0.81024   -0.81024   0
2   -0.681456   -0.745848   0.045532
3   -0.697952   -0.729883   0.0330354
4   -0.72082   -0.727617   0.0248541
5   -0.596224   -0.701338   0.0307863
6   -0.672652   -0.696557   0.0260238
7   -0.76862   -0.706852   0.0242571
8   -0.855848   -0.725476   0.0274592
9   -0.73948   -0.727032   0.0244523
10   -0.613564   -0.715686   0.0244987
11   -0.813284   -0.724558   0.0238241
12   -0.747136   -0.72644   0.0219129
13   -0.737888   -0.72732   0.020245
14   -0.807324   -0.733035   0.0195888
15   -0.74974   -0.734149   0.0183146
16   -0.788876   -0.737569   0.0174864
17   -0.777644   -0.739926   0.0166159
18   -0.696652   -0.737522   0.0158658
19   -0.731104   -0.737184   0.0150343
20   -0.737764   -0.737213   0.0142826
1   -0.864124   -0.864124   0
2   -0.668912   -0.766518   0.0690179
3   -0.848168   -0.793735   0.0510972
4   -0.738152   -0.779839   0.0401679
5   -0.682804   -0.760432   0.0365229
6   -0.80492   -0.767847   0.0311793
7   -0.862508   -0.78137   0.0295124
8   -0.428904   -0.737312   0.0486347
9   -0.3932   -0.699077   0.0562882
10   -0.563732   -0.685542   0.0522612
11   -0.380292   -0.657792   0.0543808
12   -0.707592   -0.661942   0.0500072
13   -0.597444   -0.656981   0.046406
14   -0.834416   -0.669655   0.0447885
15   -0.512192   -0.659157   0.0430152
16   -0.777376   -0.666546   0.0409564
17   -0.859492   -0.677896   0.040089
18   -0.714792   -0.679946   0.0379142
19   -0.686388   -0.680285   0.0359202
20   -0.661732   -0.679357   0.0341362
1   -0.65796   -0.65796   0
2   -0.70902   -0.68349   0.0180524
3   -0.639084   -0.668688   0.017056
4   -0.961088   -0.741788   0.0645859
5   -0.498648   -0.69316   0.0675382
6   -0.547092   -0.668815   0.0605106
7   -0.516392   -0.647041   0.0556463
8   -0.662664   -0.648994   0.0487247
9   -0.952524   -0.682719   0.0537296
10   -0.860956   -0.700543   0.0512277
11   -0.781016   -0.707859   0.0470901
12   -0.248612   -0.669588   0.0566205
13   -0.22836   -0.635647   0.0616035
14   -0.305668   -0.612077   0.0615473
15   -0.512452   -0.605436   0.0578014
16   -0.458636   -0.596261   0.0549122
17   -0.654704   -0.599699   0.0517896
18   -0.881872   -0.615375   0.05123
19   -0.467292   -0.607581   0.049123
20   -0.715048   -0.612954   0.0469598
1   -0.902184   -0.902184   0
2   -0.714956   -0.80857   0.0661951
3   -0.960364   -0.859168   0.0604503
4   -0.927912   -0.876354   0.0477182
5   -0.374712   -0.776026   0.0975189
6   -0.532072   -0.735367   0.0893406
7   -0.383328   -0.685075   0.0896216
8   -0.800116   -0.699456   0.0795642
9   -0.984472   -0.731124   0.0767679
10   -0.872772   -0.745289   0.0703858
11   -0.69336   -0.740568   0.0641452
12   -0.601308   -0.728963   0.0598403
13   -0.705276   -0.727141   0.0552649
14   -0.717808   -0.726474   0.0513215
15   -0.135776   -0.687094   0.0611703
16   -0.39618   -0.668912   0.0599885
17   -0.361712   -0.650842   0.0591189
18   -0.48038   -0.641372   0.0565879
19   -0.295544   -0.62317   0.056461
20   -0.383164   -0.61117   0.0548985
1   -0.178036   -0.178036   0
2   0.422344   0.122154   0.212266
3   0.165552   0.13662   0.142003
4   -0.03016   0.094925   0.112457
5   -0.918988   -0.107858   0.202461
6   -0.930424   -0.244952   0.210067
7   0.112476   -0.193891   0.186159
8   0.56312   -0.0992645   0.185386
9   0.407816   -0.0429222   0.173138
10   0.3009   -0.00854   0.159201
11   -0.364824   -0.0409295   0.147986
12   -0.884356   -0.111215   0.151428
13   -0.997628   -0.179401   0.15437
14   -0.951644   -0.234561   0.152881
15   -0.999676   -0.285569   0.150959
16   -0.853376   -0.321056   0.145635
17   -0.99896   -0.360933   0.142423
18   -0.997228   -0.396283   0.138828
19   -1   -0.428057   0.135109
20   -0.999576   -0.456633   0.131341
