1   -0.3842   0
2   -0.413615   0.029415
3   -0.410569   0.0172537
4   -0.395129   0.0196788
5   -0.386755   0.0173918
6   -0.384629   0.0143586
7   -0.38453   0.0121356
8   -0.393398   0.0137516
9   -0.397656   0.0128535
10   -0.401355   0.0120769
11   -0.406687   0.0121559
12   -0.406551   0.0110976
13   -0.402276   0.0110675
14   -0.403256   0.0102933
15   -0.403888   0.00960338
16   -0.403597   0.00898785
17   -0.405702   0.00870108
18   -0.405533   0.0082052
19   -0.406612   0.00783604
20   -0.405859   0.00747203
21   -0.403777   0.0074058
22   -0.401727   0.00735279
23   -0.401335   0.00703675
24   -0.401136   0.00674013
25   -0.402647   0.0066391
