1   1.21053   0
2   1.23017   0.0196326
3   1.22813   0.0115157
4   1.21786   0.0131055
5   1.21229   0.0115809
6   1.21088   0.00956026
7   1.21081   0.00808019
8   1.21671   0.00915208
9   1.21955   0.00855656
10   1.22202   0.00804082
11   1.22557   0.00809594
12   1.22549   0.00739102
13   1.22264   0.00737096
14   1.2233   0.00685554
15   1.22372   0.00639601
16   1.22353   0.00598601
17   1.22492   0.00579356
18   1.22481   0.00546344
19   1.22552   0.00521762
20   1.22502   0.00497534
21   1.22364   0.00493104
22   1.22227   0.00489581
23   1.22201   0.00468556
24   1.22187   0.00448808
25   1.22288   0.00442089
