1   1.4316   0
2   1.43163   3.38303e-05
3   1.43163   1.9762e-05
4   1.43167   3.98578e-05
5   1.43168   3.35803e-05
6   1.43169   2.99229e-05
7   1.43169   2.56444e-05
8   1.43167   3.03144e-05
9   1.43167   2.68562e-05
10   1.43167   2.40282e-05
11   1.43167   2.18023e-05
12   1.43168   2.22475e-05
13   1.43169   2.09215e-05
14   1.43169   1.95394e-05
15   1.43169   1.82672e-05
16   1.43169   1.72199e-05
17   1.43168   1.96325e-05
18   1.43168   1.89464e-05
19   1.43167   1.79827e-05
20   1.43167   1.70673e-05
21   1.43168   1.6623e-05
22   1.43168   1.60013e-05
23   1.43168   1.59176e-05
24   1.43167   1.52891e-05
25   1.43167   1.47187e-05
