1   1.8158   0
2   1.84525   0.0294488
3   1.8422   0.0172735
4   1.8268   0.0196582
5   1.81844   0.0173714
6   1.81632   0.0143404
7   1.81622   0.0121203
8   1.82507   0.0137281
9   1.82933   0.0128348
10   1.83303   0.0120612
11   1.83836   0.0121439
12   1.83823   0.0110865
13   1.83396   0.0110564
14   1.83495   0.0102833
15   1.83558   0.00959401
16   1.83529   0.00897901
17   1.83738   0.00869034
18   1.83721   0.00819516
19   1.83829   0.00782643
20   1.83753   0.00746302
21   1.83545   0.00739656
22   1.83341   0.00734372
23   1.83301   0.00702835
24   1.83281   0.00673212
25   1.83432   0.00663133
