1   1.13166   0
2   1.12022   0.0114386
3   1.12057   0.00661351
4   1.11711   0.00581702
5   1.11806   0.00460452
6   1.11832   0.00376811
7   1.11751   0.00328425
8   1.11866   0.00306536
9   1.11902   0.00272801
10   1.11862   0.00247208
11   1.11968   0.00247116
12   1.12026   0.00233122
13   1.1197   0.00221619
14   1.12028   0.00213095
15   1.12109   0.00214461
16   1.12148   0.00204262
17   1.12139   0.0019207
18   1.12168   0.00183336
19   1.12185   0.00174256
20   1.12178   0.00165443
21   1.12218   0.0016218
22   1.12197   0.00156037
23   1.12198   0.00149109
24   1.12248   0.00151239
25   1.12232   0.00145953
