1   1.69749   0
2   1.68033   0.0171579
3   1.68086   0.00992026
4   1.67567   0.00872553
5   1.67709   0.00690679
6   1.67747   0.00565216
7   1.67627   0.00492637
8   1.67798   0.00459804
9   1.67853   0.00409202
10   1.67794   0.00370812
11   1.67951   0.00370674
12   1.6804   0.00349683
13   1.67956   0.00332429
14   1.68042   0.00319642
15   1.68164   0.00321691
16   1.68222   0.00306392
17   1.68209   0.00288105
18   1.68252   0.00275004
19   1.68277   0.00261384
20   1.68268   0.00248165
21   1.68326   0.0024327
22   1.68295   0.00234056
23   1.68298   0.00223664
24   1.68372   0.00226859
25   1.68348   0.00218929
