1   -3.32161   0
2   -3.32129   0.000317706
3   -3.32105   0.000303267
4   -3.32101   0.00021707
5   -3.32123   0.00027689
6   -3.32139   0.00027676
7   -3.32146   0.000243116
8   -3.32148   0.000211332
9   -3.32139   0.000204974
10   -3.32134   0.000189858
11   -3.32141   0.000183542
12   -3.32142   0.000167774
13   -3.32141   0.000154588
14   -3.32137   0.000148748
15   -3.32143   0.000151936
16   -3.32142   0.000142309
17   -3.32143   0.000133684
18   -3.32145   0.000128831
19   -3.32147   0.000123807
20   -3.32149   0.000118021
21   -3.32151   0.000114489
22   -3.32151   0.000109236
23   -3.32154   0.000107128
24   -3.32157   0.000107315
25   -3.32158   0.000103213
