1   -5.0191   0
2   -5.00162   0.0174756
3   -5.00191   0.0100936
4   -4.99669   0.00884424
5   -4.99833   0.00704481
6   -4.99887   0.00577732
7   -4.99773   0.00501356
8   -4.99946   0.0046749
9   -4.99993   0.00414881
10   -4.99928   0.00376641
11   -5.00092   0.00378219
12   -5.00181   0.00356567
13   -5.00097   0.00338783
14   -5.00179   0.00324259
15   -5.00307   0.00328068
16   -5.00364   0.0031212
17   -5.00351   0.00293472
18   -5.00397   0.00280425
19   -5.00425   0.00266707
20   -5.00416   0.00253168
21   -5.00477   0.00248434
22   -5.00446   0.00238883
23   -5.00451   0.00228316
24   -5.00529   0.0023211
25   -5.00506   0.00223856
