1   1.21333   0
2   1.21415   0.000823472
3   1.21515   0.00110638
4   1.2146   0.000956053
5   1.21449   0.000748998
6   1.21496   0.000771228
7   1.21475   0.000685848
8   1.2146   0.000613121
9   1.21486   0.000602522
10   1.21486   0.00053892
11   1.21468   0.000520346
12   1.21486   0.000507376
13   1.21488   0.000467017
14   1.21477   0.000444875
15   1.21493   0.0004419
16   1.21485   0.000420645
17   1.21482   0.000395913
18   1.21485   0.000374158
19   1.21494   0.000365862
20   1.21496   0.000347781
21   1.21505   0.000342147
22   1.21502   0.000327527
23   1.21502   0.000312965
24   1.21511   0.00031202
25   1.21513   0.000299665
