1   -6.64673   0
2   -6.64744   0.000709622
3   -6.64839   0.00103758
4   -6.64769   0.00101552
5   -6.64752   0.000805343
6   -6.648   0.00081463
7   -6.64773   0.00073948
8   -6.64756   0.00066257
9   -6.64782   0.000638411
10   -6.64779   0.000571569
11   -6.64758   0.000558011
12   -6.64777   0.000542434
13   -6.64777   0.000498967
14   -6.64769   0.000467944
15   -6.64784   0.00046091
16   -6.64776   0.000438655
17   -6.64774   0.000412669
18   -6.64776   0.000389805
19   -6.64786   0.000381673
20   -6.64787   0.000362119
21   -6.64796   0.000356238
22   -6.64793   0.000340984
23   -6.64794   0.000326264
24   -6.64804   0.000326146
25   -6.64806   0.000313295
