1   0.808887   0
2   0.809436   0.000548982
3   0.810102   0.000737587
4   0.809735   0.000637369
5   0.80966   0.000499332
6   0.809974   0.000514152
7   0.809831   0.000457232
8   0.80973   0.000408747
9   0.809907   0.000401681
10   0.809909   0.00035928
11   0.809788   0.000346897
12   0.809907   0.000338251
13   0.809918   0.000311345
14   0.809848   0.000296583
15   0.809951   0.0002946
16   0.809899   0.00028043
17   0.809882   0.000263942
18   0.8099   0.000249439
19   0.809961   0.000243908
20   0.809976   0.000231854
21   0.810034   0.000228098
22   0.810015   0.000218352
23   0.810015   0.000208644
24   0.810073   0.000208013
25   0.810084   0.000199777
