1   -5.4334   0
2   -5.43329   0.000113851
3   -5.43324   8.00903e-05
4   -5.43309   0.000162762
5   -5.43303   0.000139848
6   -5.43304   0.000114713
7   -5.43298   0.000112187
8   -5.43296   9.87837e-05
9   -5.43295   8.75482e-05
10   -5.43293   8.32431e-05
11   -5.4329   8.03139e-05
12   -5.43291   7.37632e-05
13   -5.43289   6.98244e-05
14   -5.43292   7.13037e-05
15   -5.43292   6.64761e-05
16   -5.43291   6.22497e-05
17   -5.43292   5.85166e-05
18   -5.43291   5.51993e-05
19   -5.43292   5.25429e-05
20   -5.4329   5.27055e-05
21   -5.43291   5.02578e-05
22   -5.43291   4.79264e-05
23   -5.43292   4.84675e-05
24   -5.43293   4.68942e-05
25   -5.43293   4.50189e-05
